#
# There is insufficient memory for the Java Runtime Environment to continue.
# Native memory allocation (malloc) failed to allocate 1962576 bytes for Chunk::new
# Possible reasons:
#   The system is out of physical RAM or swap space
#   The process is running with CompressedOops enabled, and the Java Heap may be blocking the growth of the native heap
# Possible solutions:
#   Reduce memory load on the system
#   Increase physical memory or swap space
#   Check if swap backing store is full
#   Decrease Java heap size (-Xmx/-Xms)
#   Decrease number of Java threads
#   Decrease Java thread stack sizes (-Xss)
#   Set larger code cache with -XX:ReservedCodeCacheSize=
#   JVM is running with Unscaled Compressed Oops mode in which the Java heap is
#     placed in the first 4GB address space. The Java Heap base address is the
#     maximum limit for the native heap growth. Please use -XX:HeapBaseMinAddress
#     to set the Java Heap base and to place the Java Heap above 4GB virtual address.
# This output file may be truncated or incomplete.
#
#  Out of Memory Error (allocation.cpp:389), pid=19092, tid=0x00000000000015ac
#
# JRE version: Java(TM) SE Runtime Environment (8.0_231-b11) (build 1.8.0_231-b11)
# Java VM: Java HotSpot(TM) 64-Bit Server VM (25.231-b11 mixed mode windows-amd64 compressed oops)
# Failed to write core dump. Minidumps are not enabled by default on client versions of Windows
#

---------------  T H R E A D  ---------------

Current thread (0x0000000015709000):  JavaThread "C2 CompilerThread0" daemon [_thread_in_native, id=5548, stack(0x0000000015e60000,0x0000000015f60000)]

Stack: [0x0000000015e60000,0x0000000015f60000]
[error occurred during error reporting (printing stack bounds), id 0xc0000005]

Native frames: (J=compiled Java code, j=interpreted, Vv=VM code, C=native code)


Current CompileTask:
C2:  25345 3755   !   4       java.net.URLClassLoader$1::run (63 bytes)


---------------  P R O C E S S  ---------------

Java Threads: ( => current thread )
  0x000000001a660800 JavaThread "Darkroom Processing Line" daemon [_thread_blocked, id=16100, stack(0x0000000019e70000,0x0000000019f70000)]
  0x000000001a661800 JavaThread "Okio Watchdog" daemon [_thread_blocked, id=2540, stack(0x000000001e2d0000,0x000000001e3d0000)]
  0x000000001571b000 JavaThread "OkHttp ConnectionPool" daemon [_thread_blocked, id=10880, stack(0x000000001e0d0000,0x000000001e1d0000)]
  0x000000001571e000 JavaThread "Exec Stream Pumper" daemon [_thread_in_native, id=8904, stack(0x000000001cb10000,0x000000001cc10000)]
  0x000000001571d800 JavaThread "Exec Stream Pumper" daemon [_thread_in_native, id=12060, stack(0x000000001ca10000,0x000000001cb10000)]
  0x000000001571f800 JavaThread "UrlChecker-2" daemon [_thread_blocked, id=12316, stack(0x000000001c910000,0x000000001ca10000)]
  0x000000001571c800 JavaThread "Exec Default Executor" daemon [_thread_in_native, id=16456, stack(0x0000000018470000,0x0000000018570000)]
  0x0000000016e4d000 JavaThread "/127.0.0.1:9105 to /127.0.0.1:9104 workers Thread 3" [_thread_in_native, id=15048, stack(0x0000000018170000,0x0000000018270000)]
  0x0000000016e4b800 JavaThread "/127.0.0.1:9105 to /127.0.0.1:9104 workers Thread 2" [_thread_blocked, id=8140, stack(0x0000000018070000,0x0000000018170000)]
  0x0000000016d25000 JavaThread "Forwarding sendKeysToElement on session 1a2d9959da733892dc6c4d5bab6bfe48 to remote" [_thread_in_native, id=11236, stack(0x0000000017c30000,0x0000000017d30000)]
  0x00000000157a3800 JavaThread "Service Thread" daemon [_thread_blocked, id=15256, stack(0x0000000016160000,0x0000000016260000)]
  0x000000001571f000 JavaThread "C1 CompilerThread2" daemon [_thread_blocked, id=1380, stack(0x0000000016060000,0x0000000016160000)]
  0x000000001570c800 JavaThread "C2 CompilerThread1" daemon [_thread_in_native, id=13144, stack(0x0000000015f60000,0x0000000016060000)]
=>0x0000000015709000 JavaThread "C2 CompilerThread0" daemon [_thread_in_native, id=5548, stack(0x0000000015e60000,0x0000000015f60000)]
  0x00000000142cd000 JavaThread "Attach Listener" daemon [_thread_blocked, id=1140, stack(0x0000000015d60000,0x0000000015e60000)]
  0x00000000142cc800 JavaThread "Signal Dispatcher" daemon [_thread_blocked, id=16584, stack(0x0000000015c60000,0x0000000015d60000)]
  0x0000000002e4b800 JavaThread "Finalizer" daemon [_thread_blocked, id=4620, stack(0x00000000154d0000,0x00000000155d0000)]
  0x000000001425a000 JavaThread "Reference Handler" daemon [_thread_blocked, id=7760, stack(0x00000000153d0000,0x00000000154d0000)]
  0x0000000002d52800 JavaThread "main" [_thread_blocked, id=11048, stack(0x0000000002c20000,0x0000000002d20000)]

Other Threads:
  0x0000000014238000 VMThread [stack: 0x00000000152d0000,0x00000000153d0000] [id=13624]
  0x00000000157e6800 WatcherThread [stack: 0x0000000016260000,0x0000000016360000] [id=6896]

VM state:not at safepoint (normal execution)

VM Mutex/Monitor currently owned by a thread: None

heap address: 0x00000000e0000000, size: 512 MB, Compressed Oops mode: 32-bit
Narrow klass base: 0x0000000000000000, Narrow klass shift: 3
Compressed class space size: 1073741824 Address: 0x0000000100000000

Heap:
 PSYoungGen      total 146944K, used 17848K [0x00000000f5580000, 0x0000000100000000, 0x0000000100000000)
  eden space 137728K, 11% used [0x00000000f5580000,0x00000000f65689c0,0x00000000fdc00000)
  from space 9216K, 16% used [0x00000000fdc00000,0x00000000fdd856d8,0x00000000fe500000)
  to   space 9216K, 0% used [0x00000000ff700000,0x00000000ff700000,0x0000000100000000)
 ParOldGen       total 79360K, used 10716K [0x00000000e0000000, 0x00000000e4d80000, 0x00000000f5580000)
  object space 79360K, 13% used [0x00000000e0000000,0x00000000e0a77000,0x00000000e4d80000)
 Metaspace       used 36081K, capacity 37330K, committed 37504K, reserved 1081344K
  class space    used 5083K, capacity 5381K, committed 5504K, reserved 1048576K

Card table byte_map: [0x0000000012210000,0x0000000012320000] byte_map_base: 0x0000000011b10000

Marking Bits: (ParMarkBitMap*) 0x00000000742a6d90
 Begin Bits: [0x00000000127d0000, 0x0000000012fd0000)
 End Bits:   [0x0000000012fd0000, 0x00000000137d0000)

Polling page: 0x0000000002b70000

CodeCache: size=245760Kb used=10157Kb max_used=10831Kb free=235602Kb
 bounds [0x0000000002e50000, 0x0000000003900000, 0x0000000011e50000]
 total_blobs=3786 nmethods=3307 adapters=391
 compilation: enabled

Compilation events (10 events):
Event: 25.329 Thread 0x000000001571f000 3791       3       com.google.common.collect.CollectSpliterators$1::lambda$forEachRemaining$1 (14 bytes)
Event: 25.330 Thread 0x000000001571f000 nmethod 3791 0x0000000002f85690 code [0x0000000002f85800, 0x0000000002f85ad8]
Event: 25.330 Thread 0x000000001571f000 3792       3       com.google.common.collect.AbstractMapBasedMultimap$$Lambda$354/2008151158::apply (9 bytes)
Event: 25.330 Thread 0x000000001571f000 nmethod 3792 0x0000000003138a90 code [0x0000000003138c20, 0x0000000003138fd0]
Event: 25.330 Thread 0x000000001571f000 3793       3       com.google.common.collect.AbstractMapBasedMultimap::lambda$null$0 (6 bytes)
Event: 25.330 Thread 0x000000001571f000 nmethod 3793 0x00000000034b6c50 code [0x00000000034b6dc0, 0x00000000034b70f0]
Event: 25.330 Thread 0x000000001571f000 3794       3       org.openqa.selenium.remote.http.HttpMessage$$Lambda$350/1341474077::test (8 bytes)
Event: 25.330 Thread 0x000000001571f000 nmethod 3794 0x000000000370db10 code [0x000000000370dca0, 0x000000000370e0c8]
Event: 25.330 Thread 0x000000001571f000 3795       3       org.openqa.selenium.remote.http.HttpMessage::lambda$getHeaders$0 (10 bytes)
Event: 25.330 Thread 0x000000001571f000 nmethod 3795 0x00000000032e4ad0 code [0x00000000032e4c40, 0x00000000032e4ee8]

GC Heap History (10 events):
Event: 16.935 GC heap before
{Heap before GC invocations=11 (full 2):
 PSYoungGen      total 95744K, used 4694K [0x00000000f5580000, 0x00000000fd400000, 0x0000000100000000)
  eden space 87552K, 0% used [0x00000000f5580000,0x00000000f5580000,0x00000000fab00000)
  from space 8192K, 57% used [0x00000000fab00000,0x00000000faf959a0,0x00000000fb300000)
  to   space 8192K, 0% used [0x00000000fcc00000,0x00000000fcc00000,0x00000000fd400000)
 ParOldGen       total 53248K, used 6780K [0x00000000e0000000, 0x00000000e3400000, 0x00000000f5580000)
  object space 53248K, 12% used [0x00000000e0000000,0x00000000e069f2d0,0x00000000e3400000)
 Metaspace       used 34331K, capacity 35486K, committed 35496K, reserved 1079296K
  class space    used 4868K, capacity 5119K, committed 5120K, reserved 1048576K
Event: 17.036 GC heap after
Heap after GC invocations=11 (full 2):
 PSYoungGen      total 95744K, used 0K [0x00000000f5580000, 0x00000000fd400000, 0x0000000100000000)
  eden space 87552K, 0% used [0x00000000f5580000,0x00000000f5580000,0x00000000fab00000)
  from space 8192K, 0% used [0x00000000fab00000,0x00000000fab00000,0x00000000fb300000)
  to   space 8192K, 0% used [0x00000000fcc00000,0x00000000fcc00000,0x00000000fd400000)
 ParOldGen       total 79360K, used 10692K [0x00000000e0000000, 0x00000000e4d80000, 0x00000000f5580000)
  object space 79360K, 13% used [0x00000000e0000000,0x00000000e0a71000,0x00000000e4d80000)
 Metaspace       used 34331K, capacity 35486K, committed 35496K, reserved 1079296K
  class space    used 4868K, capacity 5119K, committed 5120K, reserved 1048576K
}
Event: 18.431 GC heap before
{Heap before GC invocations=12 (full 2):
 PSYoungGen      total 95744K, used 87552K [0x00000000f5580000, 0x00000000fd400000, 0x0000000100000000)
  eden space 87552K, 100% used [0x00000000f5580000,0x00000000fab00000,0x00000000fab00000)
  from space 8192K, 0% used [0x00000000fab00000,0x00000000fab00000,0x00000000fb300000)
  to   space 8192K, 0% used [0x00000000fcc00000,0x00000000fcc00000,0x00000000fd400000)
 ParOldGen       total 79360K, used 10692K [0x00000000e0000000, 0x00000000e4d80000, 0x00000000f5580000)
  object space 79360K, 13% used [0x00000000e0000000,0x00000000e0a71000,0x00000000e4d80000)
 Metaspace       used 35364K, capacity 36532K, committed 36864K, reserved 1081344K
  class space    used 5005K, capacity 5268K, committed 5376K, reserved 1048576K
Event: 18.435 GC heap after
Heap after GC invocations=12 (full 2):
 PSYoungGen      total 120320K, used 1605K [0x00000000f5580000, 0x00000000fd400000, 0x0000000100000000)
  eden space 112128K, 0% used [0x00000000f5580000,0x00000000f5580000,0x00000000fc300000)
  from space 8192K, 19% used [0x00000000fcc00000,0x00000000fcd91448,0x00000000fd400000)
  to   space 8704K, 0% used [0x00000000fc300000,0x00000000fc300000,0x00000000fcb80000)
 ParOldGen       total 79360K, used 10700K [0x00000000e0000000, 0x00000000e4d80000, 0x00000000f5580000)
  object space 79360K, 13% used [0x00000000e0000000,0x00000000e0a73000,0x00000000e4d80000)
 Metaspace       used 35364K, capacity 36532K, committed 36864K, reserved 1081344K
  class space    used 5005K, capacity 5268K, committed 5376K, reserved 1048576K
}
Event: 20.808 GC heap before
{Heap before GC invocations=13 (full 2):
 PSYoungGen      total 120320K, used 113733K [0x00000000f5580000, 0x00000000fd400000, 0x0000000100000000)
  eden space 112128K, 100% used [0x00000000f5580000,0x00000000fc300000,0x00000000fc300000)
  from space 8192K, 19% used [0x00000000fcc00000,0x00000000fcd91448,0x00000000fd400000)
  to   space 8704K, 0% used [0x00000000fc300000,0x00000000fc300000,0x00000000fcb80000)
 ParOldGen       total 79360K, used 10700K [0x00000000e0000000, 0x00000000e4d80000, 0x00000000f5580000)
  object space 79360K, 13% used [0x00000000e0000000,0x00000000e0a73000,0x00000000e4d80000)
 Metaspace       used 36009K, capacity 37190K, committed 37504K, reserved 1081344K
  class space    used 5083K, capacity 5381K, committed 5504K, reserved 1048576K
Event: 20.819 GC heap after
Heap after GC invocations=13 (full 2):
 PSYoungGen      total 120832K, used 1365K [0x00000000f5580000, 0x00000000ff100000, 0x0000000100000000)
  eden space 112128K, 0% used [0x00000000f5580000,0x00000000f5580000,0x00000000fc300000)
  from space 8704K, 15% used [0x00000000fc300000,0x00000000fc4556d8,0x00000000fcb80000)
  to   space 8704K, 0% used [0x00000000fe880000,0x00000000fe880000,0x00000000ff100000)
 ParOldGen       total 79360K, used 10700K [0x00000000e0000000, 0x00000000e4d80000, 0x00000000f5580000)
  object space 79360K, 13% used [0x00000000e0000000,0x00000000e0a73000,0x00000000e4d80000)
 Metaspace       used 36009K, capacity 37190K, committed 37504K, reserved 1081344K
  class space    used 5083K, capacity 5381K, committed 5504K, reserved 1048576K
}
Event: 23.710 GC heap before
{Heap before GC invocations=14 (full 2):
 PSYoungGen      total 120832K, used 113493K [0x00000000f5580000, 0x00000000ff100000, 0x0000000100000000)
  eden space 112128K, 100% used [0x00000000f5580000,0x00000000fc300000,0x00000000fc300000)
  from space 8704K, 15% used [0x00000000fc300000,0x00000000fc4556d8,0x00000000fcb80000)
  to   space 8704K, 0% used [0x00000000fe880000,0x00000000fe880000,0x00000000ff100000)
 ParOldGen       total 79360K, used 10700K [0x00000000e0000000, 0x00000000e4d80000, 0x00000000f5580000)
  object space 79360K, 13% used [0x00000000e0000000,0x00000000e0a73000,0x00000000e4d80000)
 Metaspace       used 36033K, capacity 37254K, committed 37504K, reserved 1081344K
  class space    used 5083K, capacity 5381K, committed 5504K, reserved 1048576K
Event: 23.712 GC heap after
Heap after GC invocations=14 (full 2):
 PSYoungGen      total 143360K, used 1621K [0x00000000f5580000, 0x00000000fee00000, 0x0000000100000000)
  eden space 137728K, 0% used [0x00000000f5580000,0x00000000f5580000,0x00000000fdc00000)
  from space 5632K, 28% used [0x00000000fe880000,0x00000000fea156d8,0x00000000fee00000)
  to   space 9216K, 0% used [0x00000000fdc00000,0x00000000fdc00000,0x00000000fe500000)
 ParOldGen       total 79360K, used 10708K [0x00000000e0000000, 0x00000000e4d80000, 0x00000000f5580000)
  object space 79360K, 13% used [0x00000000e0000000,0x00000000e0a75000,0x00000000e4d80000)
 Metaspace       used 36033K, capacity 37254K, committed 37504K, reserved 1081344K
  class space    used 5083K, capacity 5381K, committed 5504K, reserved 1048576K
}
Event: 25.168 GC heap before
{Heap before GC invocations=15 (full 2):
 PSYoungGen      total 143360K, used 139349K [0x00000000f5580000, 0x00000000fee00000, 0x0000000100000000)
  eden space 137728K, 100% used [0x00000000f5580000,0x00000000fdc00000,0x00000000fdc00000)
  from space 5632K, 28% used [0x00000000fe880000,0x00000000fea156d8,0x00000000fee00000)
  to   space 9216K, 0% used [0x00000000fdc00000,0x00000000fdc00000,0x00000000fe500000)
 ParOldGen       total 79360K, used 10708K [0x00000000e0000000, 0x00000000e4d80000, 0x00000000f5580000)
  object space 79360K, 13% used [0x00000000e0000000,0x00000000e0a75000,0x00000000e4d80000)
 Metaspace       used 36075K, capacity 37326K, committed 37504K, reserved 1081344K
  class space    used 5083K, capacity 5381K, committed 5504K, reserved 1048576K
Event: 25.174 GC heap after
Heap after GC invocations=15 (full 2):
 PSYoungGen      total 146944K, used 1557K [0x00000000f5580000, 0x0000000100000000, 0x0000000100000000)
  eden space 137728K, 0% used [0x00000000f5580000,0x00000000f5580000,0x00000000fdc00000)
  from space 9216K, 16% used [0x00000000fdc00000,0x00000000fdd856d8,0x00000000fe500000)
  to   space 9216K, 0% used [0x00000000ff700000,0x00000000ff700000,0x0000000100000000)
 ParOldGen       total 79360K, used 10716K [0x00000000e0000000, 0x00000000e4d80000, 0x00000000f5580000)
  object space 79360K, 13% used [0x00000000e0000000,0x00000000e0a77000,0x00000000e4d80000)
 Metaspace       used 36075K, capacity 37326K, committed 37504K, reserved 1081344K
  class space    used 5083K, capacity 5381K, committed 5504K, reserved 1048576K
}

Deoptimization events (10 events):
Event: 20.050 Thread 0x0000000016d25000 Uncommon trap: reason=unstable_if action=reinterpret pc=0x0000000003302070 method=java.lang.Character.isHighSurrogate(C)Z @ 3
Event: 20.051 Thread 0x0000000016d25000 Uncommon trap: reason=class_check action=maybe_recompile pc=0x0000000003863d80 method=java.lang.AbstractStringBuilder.append(Ljava/lang/CharSequence;)Ljava/lang/AbstractStringBuilder; @ 26
Event: 20.051 Thread 0x0000000016d25000 Uncommon trap: reason=class_check action=maybe_recompile pc=0x00000000036b4858 method=java.lang.AbstractStringBuilder.append(Ljava/lang/CharSequence;II)Ljava/lang/AbstractStringBuilder; @ 18
Event: 20.051 Thread 0x0000000016d25000 Uncommon trap: reason=class_check action=maybe_recompile pc=0x0000000003863d80 method=java.lang.AbstractStringBuilder.append(Ljava/lang/CharSequence;)Ljava/lang/AbstractStringBuilder; @ 26
Event: 20.051 Thread 0x0000000016d25000 Uncommon trap: reason=class_check action=maybe_recompile pc=0x00000000036b4858 method=java.lang.AbstractStringBuilder.append(Ljava/lang/CharSequence;II)Ljava/lang/AbstractStringBuilder; @ 18
Event: 20.053 Thread 0x0000000016d25000 Uncommon trap: reason=class_check action=maybe_recompile pc=0x0000000003863d80 method=java.lang.AbstractStringBuilder.append(Ljava/lang/CharSequence;)Ljava/lang/AbstractStringBuilder; @ 26
Event: 20.053 Thread 0x0000000016d25000 Uncommon trap: reason=class_check action=maybe_recompile pc=0x00000000036b4858 method=java.lang.AbstractStringBuilder.append(Ljava/lang/CharSequence;II)Ljava/lang/AbstractStringBuilder; @ 18
Event: 20.056 Thread 0x0000000016d25000 Uncommon trap: reason=unstable_if action=reinterpret pc=0x0000000002fe4498 method=sun.nio.cs.UTF_8$Encoder.encode([CII[B)I @ 33
Event: 23.817 Thread 0x0000000016d25000 Uncommon trap: reason=class_check action=maybe_recompile pc=0x0000000003863d80 method=java.lang.AbstractStringBuilder.append(Ljava/lang/CharSequence;)Ljava/lang/AbstractStringBuilder; @ 26
Event: 23.817 Thread 0x0000000016d25000 Uncommon trap: reason=class_check action=maybe_recompile pc=0x00000000036b4858 method=java.lang.AbstractStringBuilder.append(Ljava/lang/CharSequence;II)Ljava/lang/AbstractStringBuilder; @ 18

Classes redefined (0 events):
No events

Internal exceptions (10 events):
Event: 20.356 Thread 0x0000000016d25000 Exception <a 'java/net/SocketTimeoutException': Read timed out> (0x00000000fb958990) thrown at [C:\re\workspace\8-2-build-windows-amd64-cygwin\jdk8u231\13620\hotspot\src\share\vm\prims\jni.cpp, line 736]
Event: 20.496 Thread 0x0000000016d25000 Exception <a 'java/net/SocketTimeoutException': Read timed out> (0x00000000fbd55f80) thrown at [C:\re\workspace\8-2-build-windows-amd64-cygwin\jdk8u231\13620\hotspot\src\share\vm\prims\jni.cpp, line 736]
Event: 23.512 Thread 0x0000000016d25000 Exception <a 'java/net/SocketTimeoutException': Read timed out> (0x00000000faedbde0) thrown at [C:\re\workspace\8-2-build-windows-amd64-cygwin\jdk8u231\13620\hotspot\src\share\vm\prims\jni.cpp, line 736]
Event: 23.802 Thread 0x0000000016d25000 Exception <a 'java/net/SocketTimeoutException': Read timed out> (0x00000000f6532558) thrown at [C:\re\workspace\8-2-build-windows-amd64-cygwin\jdk8u231\13620\hotspot\src\share\vm\prims\jni.cpp, line 736]
Event: 23.833 Thread 0x0000000016d25000 Exception <a 'java/net/SocketTimeoutException': Read timed out> (0x00000000f6552570) thrown at [C:\re\workspace\8-2-build-windows-amd64-cygwin\jdk8u231\13620\hotspot\src\share\vm\prims\jni.cpp, line 736]
Event: 23.942 Thread 0x0000000016d25000 Exception <a 'java/net/SocketTimeoutException': Read timed out> (0x00000000f694b628) thrown at [C:\re\workspace\8-2-build-windows-amd64-cygwin\jdk8u231\13620\hotspot\src\share\vm\prims\jni.cpp, line 736]
Event: 24.018 Thread 0x0000000016d25000 Exception <a 'java/net/SocketTimeoutException': Read timed out> (0x00000000f6d48c70) thrown at [C:\re\workspace\8-2-build-windows-amd64-cygwin\jdk8u231\13620\hotspot\src\share\vm\prims\jni.cpp, line 736]
Event: 24.919 Thread 0x0000000016d25000 Exception <a 'java/net/SocketTimeoutException': Read timed out> (0x00000000fc787808) thrown at [C:\re\workspace\8-2-build-windows-amd64-cygwin\jdk8u231\13620\hotspot\src\share\vm\prims\jni.cpp, line 736]
Event: 25.304 Thread 0x0000000016d25000 Exception <a 'java/net/SocketTimeoutException': Read timed out> (0x00000000f646af00) thrown at [C:\re\workspace\8-2-build-windows-amd64-cygwin\jdk8u231\13620\hotspot\src\share\vm\prims\jni.cpp, line 736]
Event: 25.335 Thread 0x0000000016d25000 Exception <a 'java/net/SocketTimeoutException': Read timed out> (0x00000000f648aee0) thrown at [C:\re\workspace\8-2-build-windows-amd64-cygwin\jdk8u231\13620\hotspot\src\share\vm\prims\jni.cpp, line 736]

Events (10 events):
Event: 25.288 loading class org/gradle/internal/concurrent/ExecutorPolicy$CatchAndRecordFailures
Event: 25.288 loading class org/gradle/internal/concurrent/ExecutorPolicy$CatchAndRecordFailures done
Event: 25.288 loading class org/gradle/internal/concurrent/ManagedExecutorImpl$1
Event: 25.288 loading class org/gradle/internal/concurrent/ManagedExecutorImpl$1 done
Event: 25.289 loading class org/gradle/internal/concurrent/ManagedExecutorImpl$1
Event: 25.289 loading class org/gradle/internal/concurrent/ManagedExecutorImpl$1 done
Event: 25.290 loading class org/gradle/internal/concurrent/ThreadFactoryImpl$ManagedThreadRunnable
Event: 25.290 loading class org/gradle/internal/concurrent/ThreadFactoryImpl$ManagedThreadRunnable done
Event: 25.291 loading class org/gradle/internal/concurrent/ThreadFactoryImpl$ManagedThreadRunnable
Event: 25.291 loading class org/gradle/internal/concurrent/ThreadFactoryImpl$ManagedThreadRunnable done


Dynamic libraries:
0x00007ff7df710000 - 0x00007ff7df747000 	C:\Program Files\Java\jdk1.8.0_231\bin\java.exe
0x00007ff906cd0000 - 0x00007ff906ec6000 	C:\WINDOWS\SYSTEM32\ntdll.dll
0x00007ff905a00000 - 0x00007ff905abd000 	C:\WINDOWS\System32\KERNEL32.DLL
0x00007ff9048d0000 - 0x00007ff904b99000 	C:\WINDOWS\System32\KERNELBASE.dll
0x00007ff905ac0000 - 0x00007ff905b6c000 	C:\WINDOWS\System32\ADVAPI32.dll
0x00007ff906080000 - 0x00007ff90611e000 	C:\WINDOWS\System32\msvcrt.dll
0x00007ff906180000 - 0x00007ff90621c000 	C:\WINDOWS\System32\sechost.dll
0x00007ff905c10000 - 0x00007ff905d3b000 	C:\WINDOWS\System32\RPCRT4.dll
0x00007ff904db0000 - 0x00007ff904f50000 	C:\WINDOWS\System32\USER32.dll
0x00007ff904cd0000 - 0x00007ff904cf2000 	C:\WINDOWS\System32\win32u.dll
0x00007ff906050000 - 0x00007ff90607a000 	C:\WINDOWS\System32\GDI32.dll
0x00007ff9045c0000 - 0x00007ff9046c9000 	C:\WINDOWS\System32\gdi32full.dll
0x00007ff9046d0000 - 0x00007ff90476d000 	C:\WINDOWS\System32\msvcp_win.dll
0x00007ff9043e0000 - 0x00007ff9044e0000 	C:\WINDOWS\System32\ucrtbase.dll
0x00007ff8fac90000 - 0x00007ff8faf2b000 	C:\WINDOWS\WinSxS\amd64_microsoft.windows.common-controls_6595b64144ccf1df_6.0.19041.488_none_ca04af081b815d21\COMCTL32.dll
0x00007ff9068e0000 - 0x00007ff906910000 	C:\WINDOWS\System32\IMM32.DLL
0x0000000074330000 - 0x0000000074402000 	C:\Program Files\Java\jdk1.8.0_231\jre\bin\msvcr100.dll
0x0000000073a80000 - 0x0000000074326000 	C:\Program Files\Java\jdk1.8.0_231\jre\bin\server\jvm.dll
0x00007ff9063d0000 - 0x00007ff9063d8000 	C:\WINDOWS\System32\PSAPI.DLL
0x00007ff902bb0000 - 0x00007ff902bb9000 	C:\WINDOWS\SYSTEM32\WSOCK32.dll
0x00007ff8f8390000 - 0x00007ff8f839a000 	C:\WINDOWS\SYSTEM32\VERSION.dll
0x00007ff8fc520000 - 0x00007ff8fc547000 	C:\WINDOWS\SYSTEM32\WINMM.dll
0x00007ff906350000 - 0x00007ff9063bb000 	C:\WINDOWS\System32\WS2_32.dll
0x00007ff8fab20000 - 0x00007ff8fab2f000 	C:\Program Files\Java\jdk1.8.0_231\jre\bin\verify.dll
0x00007ff8e39d0000 - 0x00007ff8e39f9000 	C:\Program Files\Java\jdk1.8.0_231\jre\bin\java.dll
0x00007ff8e9600000 - 0x00007ff8e9616000 	C:\Program Files\Java\jdk1.8.0_231\jre\bin\zip.dll
0x00007ff9052b0000 - 0x00007ff9059f2000 	C:\WINDOWS\System32\SHELL32.dll
0x00007ff9021f0000 - 0x00007ff902985000 	C:\WINDOWS\SYSTEM32\windows.storage.dll
0x00007ff904f50000 - 0x00007ff9052a6000 	C:\WINDOWS\System32\combase.dll
0x00007ff903de0000 - 0x00007ff903e0c000 	C:\WINDOWS\SYSTEM32\Wldp.dll
0x00007ff904d00000 - 0x00007ff904dae000 	C:\WINDOWS\System32\SHCORE.dll
0x00007ff906220000 - 0x00007ff906275000 	C:\WINDOWS\System32\shlwapi.dll
0x00007ff904310000 - 0x00007ff904336000 	C:\WINDOWS\SYSTEM32\profapi.dll
0x00007ff8e9520000 - 0x00007ff8e953a000 	C:\Program Files\Java\jdk1.8.0_231\jre\bin\net.dll
0x00007ff903b00000 - 0x00007ff903b6a000 	C:\WINDOWS\system32\mswsock.dll
0x00007ff8e93d0000 - 0x00007ff8e93e2000 	C:\Program Files\Java\jdk1.8.0_231\jre\bin\nio.dll
0x00007ff903cd0000 - 0x00007ff903ce8000 	C:\WINDOWS\SYSTEM32\CRYPTSP.dll
0x00007ff903490000 - 0x00007ff9034c4000 	C:\WINDOWS\system32\rsaenh.dll
0x00007ff904590000 - 0x00007ff9045b7000 	C:\WINDOWS\System32\bcrypt.dll
0x00007ff9042d0000 - 0x00007ff9042fe000 	C:\WINDOWS\SYSTEM32\USERENV.dll
0x00007ff904ba0000 - 0x00007ff904c20000 	C:\WINDOWS\System32\bcryptprimitives.dll
0x00007ff903cf0000 - 0x00007ff903cfc000 	C:\WINDOWS\SYSTEM32\CRYPTBASE.dll
0x00007ff9037f0000 - 0x00007ff90382b000 	C:\WINDOWS\SYSTEM32\IPHLPAPI.DLL
0x00007ff906c50000 - 0x00007ff906c58000 	C:\WINDOWS\System32\NSI.dll
0x00007ff8fef50000 - 0x00007ff8fef67000 	C:\WINDOWS\SYSTEM32\dhcpcsvc6.DLL
0x00007ff8fef30000 - 0x00007ff8fef4d000 	C:\WINDOWS\SYSTEM32\dhcpcsvc.DLL
0x00007ff903830000 - 0x00007ff9038fb000 	C:\WINDOWS\SYSTEM32\DNSAPI.dll
0x00007ff8fc510000 - 0x00007ff8fc51a000 	C:\Windows\System32\rasadhlp.dll
0x00007ff8fc2b0000 - 0x00007ff8fc32f000 	C:\WINDOWS\System32\fwpuclnt.dll
0x00007ff8e36e0000 - 0x00007ff8e3704000 	C:\Program Files\Java\jdk1.8.0_231\jre\bin\sunec.dll
0x00007ff8f9bb0000 - 0x00007ff8f9bbb000 	C:\Program Files\Java\jdk1.8.0_231\jre\bin\sunmscapi.dll
0x00007ff904770000 - 0x00007ff9048cd000 	C:\WINDOWS\System32\CRYPT32.dll

VM Arguments:
jvm_args: -Djava.security.manager=worker.org.gradle.process.internal.worker.child.BootstrapSecurityManager -Dorg.gradle.native=false -Xmx512m -Dfile.encoding=windows-1252 -Duser.country=CO -Duser.language=es -Duser.variant -ea 
java_command: worker.org.gradle.process.internal.worker.GradleWorkerMain 'Gradle Test Executor 41'
java_class_path (initial): C:\Users\Usuario\.gradle\caches\6.7\workerMain\gradle-worker.jar
Launcher Type: SUN_STANDARD

Environment Variables:
JAVA_HOME=C:\Program Files\Java\jdk1.8.0_231
PATH=C:\WINDOWS\system32;C:\WINDOWS;C:\WINDOWS\System32\Wbem;C:\WINDOWS\System32\WindowsPowerShell\v1.0\;C:\Program Files\PuTTY\;C:\WINDOWS\System32\OpenSSH\;C:\Program Files\dotnet\;C:\Program Files\Microsoft SQL Server\130\Tools\Binn\;C:\Program Files\Microsoft SQL Server\Client SDK\ODBC\170\Tools\Binn\;C:\Program Files (x86)\Microsoft SQL Server\150\Tools\Binn\;C:\Program Files\Microsoft SQL Server\150\Tools\Binn\;C:\Program Files\Microsoft SQL Server\150\DTS\Binn\;C:\Program Files (x86)\Microsoft SQL Server\150\DTS\Binn\;C:\Program Files\Azure Data Studio\bin;C:\Program Files\Java\jdk1.8.0_231\bin;C:\GRADLE\gradle-6.7\bin;C:\Program Files\Git\cmd;C:\Program Files\MySQL\MySQL Shell 8.0\bin\;C:\Users\Usuario\AppData\Local\Microsoft\WindowsApps;C:\Users\Usuario\AppData\Local\Programs\Microsoft VS Code\bin;C:\Program Files\Azure Data Studio\bin;
USERNAME=Usuario
OS=Windows_NT
PROCESSOR_IDENTIFIER=Intel64 Family 6 Model 61 Stepping 4, GenuineIntel



---------------  S Y S T E M  ---------------

OS: Windows 10.0 , 64 bit Build 19041 (10.0.19041.662)

CPU:total 4 (initial active 4) (2 cores per cpu, 2 threads per core) family 6 model 61 stepping 4, cmov, cx8, fxsr, mmx, sse, sse2, sse3, ssse3, sse4.1, sse4.2, popcnt, avx, avx2, aes, clmul, erms, 3dnowpref, lzcnt, ht, tsc, tscinvbit, bmi1, bmi2, adx

Memory: 4k page, physical 8301580k(1093924k free), swap 8301580k(5884k free)

vm_info: Java HotSpot(TM) 64-Bit Server VM (25.231-b11) for windows-amd64 JRE (1.8.0_231-b11), built on Oct  5 2019 03:11:30 by "java_re" with MS VC++ 10.0 (VS2010)

time: Wed Jan 06 15:24:44 2021
timezone: Hora est. Pacífico, Sudamérica
elapsed time: 25 seconds (0d 0h 0m 25s)

