#
# There is insufficient memory for the Java Runtime Environment to continue.
# Native memory allocation (malloc) failed to allocate 32744 bytes for ChunkPool::allocate
# Possible reasons:
#   The system is out of physical RAM or swap space
#   The process is running with CompressedOops enabled, and the Java Heap may be blocking the growth of the native heap
# Possible solutions:
#   Reduce memory load on the system
#   Increase physical memory or swap space
#   Check if swap backing store is full
#   Decrease Java heap size (-Xmx/-Xms)
#   Decrease number of Java threads
#   Decrease Java thread stack sizes (-Xss)
#   Set larger code cache with -XX:ReservedCodeCacheSize=
#   JVM is running with Unscaled Compressed Oops mode in which the Java heap is
#     placed in the first 4GB address space. The Java Heap base address is the
#     maximum limit for the native heap growth. Please use -XX:HeapBaseMinAddress
#     to set the Java Heap base and to place the Java Heap above 4GB virtual address.
# This output file may be truncated or incomplete.
#
#  Out of Memory Error (allocation.cpp:272), pid=11780, tid=0x0000000000000af0
#
# JRE version: Java(TM) SE Runtime Environment (8.0_231-b11) (build 1.8.0_231-b11)
# Java VM: Java HotSpot(TM) 64-Bit Server VM (25.231-b11 mixed mode windows-amd64 compressed oops)
# Failed to write core dump. Minidumps are not enabled by default on client versions of Windows
#

---------------  T H R E A D  ---------------

Current thread (0x0000000015c16800):  JavaThread "C2 CompilerThread1" daemon [_thread_in_native, id=2800, stack(0x0000000016460000,0x0000000016560000)]

Stack: [0x0000000016460000,0x0000000016560000]
[error occurred during error reporting (printing stack bounds), id 0xc0000005]

Native frames: (J=compiled Java code, j=interpreted, Vv=VM code, C=native code)


Current CompileTask:
C2:  23938 3785   !   4       java.net.URLClassLoader$1::run (63 bytes)


---------------  P R O C E S S  ---------------

Java Threads: ( => current thread )
  0x0000000016c2c000 JavaThread "Darkroom Processing Line" daemon [_thread_blocked, id=13596, stack(0x0000000018970000,0x0000000018a70000)]
  0x0000000016c2b800 JavaThread "Okio Watchdog" daemon [_thread_blocked, id=6344, stack(0x000000001d800000,0x000000001d900000)]
  0x0000000016c2a800 JavaThread "OkHttp ConnectionPool" daemon [_thread_blocked, id=18920, stack(0x000000001d600000,0x000000001d700000)]
  0x0000000016c2a000 JavaThread "Exec Stream Pumper" daemon [_thread_in_native, id=5140, stack(0x000000001d100000,0x000000001d200000)]
  0x0000000016c28800 JavaThread "Exec Stream Pumper" daemon [_thread_in_native, id=4144, stack(0x000000001bb90000,0x000000001bc90000)]
  0x0000000016c29000 JavaThread "UrlChecker-2" daemon [_thread_blocked, id=12856, stack(0x000000001aa50000,0x000000001ab50000)]
  0x0000000016c2d000 JavaThread "Exec Default Executor" daemon [_thread_in_native, id=4764, stack(0x000000001a350000,0x000000001a450000)]
  0x000000001715b000 JavaThread "/127.0.0.1:3444 to /127.0.0.1:3443 workers Thread 3" [_thread_in_native, id=9400, stack(0x0000000018670000,0x0000000018770000)]
  0x0000000017826000 JavaThread "/127.0.0.1:3444 to /127.0.0.1:3443 workers Thread 2" [_thread_blocked, id=17112, stack(0x0000000018570000,0x0000000018670000)]
  0x0000000017929800 JavaThread "Forwarding sendKeysToElement on session d7a59d894876b542c6df97fbeeb4eacf to remote" [_thread_in_native, id=14852, stack(0x0000000018130000,0x0000000018230000)]
  0x0000000015c9b800 JavaThread "Service Thread" daemon [_thread_blocked, id=16644, stack(0x0000000016660000,0x0000000016760000)]
  0x0000000015c1a000 JavaThread "C1 CompilerThread2" daemon [_thread_blocked, id=19276, stack(0x0000000016560000,0x0000000016660000)]
=>0x0000000015c16800 JavaThread "C2 CompilerThread1" daemon [_thread_in_native, id=2800, stack(0x0000000016460000,0x0000000016560000)]
  0x0000000015c09000 JavaThread "C2 CompilerThread0" daemon [_thread_in_native, id=14708, stack(0x0000000016360000,0x0000000016460000)]
  0x00000000147bd000 JavaThread "Attach Listener" daemon [_thread_blocked, id=17304, stack(0x0000000016260000,0x0000000016360000)]
  0x00000000147bc800 JavaThread "Signal Dispatcher" daemon [_thread_blocked, id=2244, stack(0x0000000016160000,0x0000000016260000)]
  0x000000000333c000 JavaThread "Finalizer" daemon [_thread_blocked, id=16612, stack(0x00000000159d0000,0x0000000015ad0000)]
  0x000000001474a000 JavaThread "Reference Handler" daemon [_thread_blocked, id=13540, stack(0x00000000158d0000,0x00000000159d0000)]
  0x0000000003242800 JavaThread "main" [_thread_blocked, id=17064, stack(0x00000000030e0000,0x00000000031e0000)]

Other Threads:
  0x0000000014728000 VMThread [stack: 0x00000000157d0000,0x00000000158d0000] [id=9580]
  0x0000000015ce6800 WatcherThread [stack: 0x0000000016760000,0x0000000016860000] [id=15808]

VM state:not at safepoint (normal execution)

VM Mutex/Monitor currently owned by a thread: None

heap address: 0x00000000e0000000, size: 512 MB, Compressed Oops mode: 32-bit
Narrow klass base: 0x0000000000000000, Narrow klass shift: 3
Compressed class space size: 1073741824 Address: 0x0000000100000000

Heap:
 PSYoungGen      total 140288K, used 45577K [0x00000000f5580000, 0x00000000ffe80000, 0x0000000100000000)
  eden space 131072K, 33% used [0x00000000f5580000,0x00000000f8079e30,0x00000000fd580000)
  from space 9216K, 17% used [0x00000000fd580000,0x00000000fd7088e8,0x00000000fde80000)
  to   space 9216K, 0% used [0x00000000ff580000,0x00000000ff580000,0x00000000ffe80000)
 ParOldGen       total 80384K, used 10639K [0x00000000e0000000, 0x00000000e4e80000, 0x00000000f5580000)
  object space 80384K, 13% used [0x00000000e0000000,0x00000000e0a63f68,0x00000000e4e80000)
 Metaspace       used 36101K, capacity 37330K, committed 37424K, reserved 1081344K
  class space    used 5085K, capacity 5381K, committed 5424K, reserved 1048576K

Card table byte_map: [0x0000000012700000,0x0000000012810000] byte_map_base: 0x0000000012000000

Marking Bits: (ParMarkBitMap*) 0x00000000742a6d90
 Begin Bits: [0x0000000012cc0000, 0x00000000134c0000)
 End Bits:   [0x00000000134c0000, 0x0000000013cc0000)

Polling page: 0x00000000018c0000

CodeCache: size=245760Kb used=10096Kb max_used=10458Kb free=235663Kb
 bounds [0x0000000003340000, 0x0000000003d80000, 0x0000000012340000]
 total_blobs=3799 nmethods=3319 adapters=391
 compilation: enabled

Compilation events (10 events):
Event: 23.606 Thread 0x0000000015c1a000 3800       1       org.openqa.selenium.json.JsonOutput::access$500 (5 bytes)
Event: 23.607 Thread 0x0000000015c1a000 nmethod 3800 0x00000000034afa90 code [0x00000000034afbe0, 0x00000000034afcd0]
Event: 23.687 Thread 0x0000000015c1a000 3801       3       com.google.common.collect.Hashing::closedTableSize (37 bytes)
Event: 23.688 Thread 0x0000000015c1a000 nmethod 3801 0x00000000034af510 code [0x00000000034af6a0, 0x00000000034af9a8]
Event: 23.713 Thread 0x0000000015c1a000 3803   !   3       java.util.Locale::getDefault (132 bytes)
Event: 23.714 Thread 0x0000000015c1a000 nmethod 3803 0x00000000034ae8d0 code [0x00000000034aeaa0, 0x00000000034af2b8]
Event: 23.714 Thread 0x0000000015c1a000 3804   !   3       java.util.Formatter::format (271 bytes)
Event: 23.715 Thread 0x0000000015c1a000 nmethod 3804 0x00000000036a5890 code [0x00000000036a5b40, 0x00000000036a6c28]
Event: 23.728 Thread 0x0000000015c1a000 3805       1       okhttp3.Request::body (5 bytes)
Event: 23.729 Thread 0x0000000015c1a000 nmethod 3805 0x00000000036a55d0 code [0x00000000036a5720, 0x00000000036a5830]

GC Heap History (10 events):
Event: 16.497 GC heap before
{Heap before GC invocations=11 (full 2):
 PSYoungGen      total 94208K, used 4631K [0x00000000f5580000, 0x00000000fd100000, 0x0000000100000000)
  eden space 86016K, 0% used [0x00000000f5580000,0x00000000f5580000,0x00000000fa980000)
  from space 8192K, 56% used [0x00000000fa980000,0x00000000fae05da0,0x00000000fb180000)
  to   space 8192K, 0% used [0x00000000fc900000,0x00000000fc900000,0x00000000fd100000)
 ParOldGen       total 53248K, used 6831K [0x00000000e0000000, 0x00000000e3400000, 0x00000000f5580000)
  object space 53248K, 12% used [0x00000000e0000000,0x00000000e06abf30,0x00000000e3400000)
 Metaspace       used 34303K, capacity 35416K, committed 35496K, reserved 1079296K
  class space    used 4860K, capacity 5118K, committed 5168K, reserved 1048576K
Event: 16.598 GC heap after
Heap after GC invocations=11 (full 2):
 PSYoungGen      total 94208K, used 0K [0x00000000f5580000, 0x00000000fd100000, 0x0000000100000000)
  eden space 86016K, 0% used [0x00000000f5580000,0x00000000f5580000,0x00000000fa980000)
  from space 8192K, 0% used [0x00000000fa980000,0x00000000fa980000,0x00000000fb180000)
  to   space 8192K, 0% used [0x00000000fc900000,0x00000000fc900000,0x00000000fd100000)
 ParOldGen       total 80384K, used 10615K [0x00000000e0000000, 0x00000000e4e80000, 0x00000000f5580000)
  object space 80384K, 13% used [0x00000000e0000000,0x00000000e0a5df68,0x00000000e4e80000)
 Metaspace       used 34303K, capacity 35416K, committed 35496K, reserved 1079296K
  class space    used 4860K, capacity 5118K, committed 5168K, reserved 1048576K
}
Event: 17.706 GC heap before
{Heap before GC invocations=12 (full 2):
 PSYoungGen      total 94208K, used 86016K [0x00000000f5580000, 0x00000000fd100000, 0x0000000100000000)
  eden space 86016K, 100% used [0x00000000f5580000,0x00000000fa980000,0x00000000fa980000)
  from space 8192K, 0% used [0x00000000fa980000,0x00000000fa980000,0x00000000fb180000)
  to   space 8192K, 0% used [0x00000000fc900000,0x00000000fc900000,0x00000000fd100000)
 ParOldGen       total 80384K, used 10615K [0x00000000e0000000, 0x00000000e4e80000, 0x00000000f5580000)
  object space 80384K, 13% used [0x00000000e0000000,0x00000000e0a5df68,0x00000000e4e80000)
 Metaspace       used 35354K, capacity 36532K, committed 36784K, reserved 1081344K
  class space    used 5003K, capacity 5268K, committed 5296K, reserved 1048576K
Event: 17.708 GC heap after
Heap after GC invocations=12 (full 2):
 PSYoungGen      total 117248K, used 1648K [0x00000000f5580000, 0x00000000fd100000, 0x0000000100000000)
  eden space 109056K, 0% used [0x00000000f5580000,0x00000000f5580000,0x00000000fc000000)
  from space 8192K, 20% used [0x00000000fc900000,0x00000000fca9c398,0x00000000fd100000)
  to   space 8704K, 0% used [0x00000000fc000000,0x00000000fc000000,0x00000000fc880000)
 ParOldGen       total 80384K, used 10623K [0x00000000e0000000, 0x00000000e4e80000, 0x00000000f5580000)
  object space 80384K, 13% used [0x00000000e0000000,0x00000000e0a5ff68,0x00000000e4e80000)
 Metaspace       used 35354K, capacity 36532K, committed 36784K, reserved 1081344K
  class space    used 5003K, capacity 5268K, committed 5296K, reserved 1048576K
}
Event: 19.936 GC heap before
{Heap before GC invocations=13 (full 2):
 PSYoungGen      total 117248K, used 110704K [0x00000000f5580000, 0x00000000fd100000, 0x0000000100000000)
  eden space 109056K, 100% used [0x00000000f5580000,0x00000000fc000000,0x00000000fc000000)
  from space 8192K, 20% used [0x00000000fc900000,0x00000000fca9c398,0x00000000fd100000)
  to   space 8704K, 0% used [0x00000000fc000000,0x00000000fc000000,0x00000000fc880000)
 ParOldGen       total 80384K, used 10623K [0x00000000e0000000, 0x00000000e4e80000, 0x00000000f5580000)
  object space 80384K, 13% used [0x00000000e0000000,0x00000000e0a5ff68,0x00000000e4e80000)
 Metaspace       used 35476K, capacity 36710K, committed 36784K, reserved 1081344K
  class space    used 5017K, capacity 5285K, committed 5296K, reserved 1048576K
Event: 19.938 GC heap after
Heap after GC invocations=13 (full 2):
 PSYoungGen      total 117760K, used 1026K [0x00000000f5580000, 0x00000000fea80000, 0x0000000100000000)
  eden space 109056K, 0% used [0x00000000f5580000,0x00000000f5580000,0x00000000fc000000)
  from space 8704K, 11% used [0x00000000fc000000,0x00000000fc1008e8,0x00000000fc880000)
  to   space 9216K, 0% used [0x00000000fe180000,0x00000000fe180000,0x00000000fea80000)
 ParOldGen       total 80384K, used 10623K [0x00000000e0000000, 0x00000000e4e80000, 0x00000000f5580000)
  object space 80384K, 13% used [0x00000000e0000000,0x00000000e0a5ff68,0x00000000e4e80000)
 Metaspace       used 35476K, capacity 36710K, committed 36784K, reserved 1081344K
  class space    used 5017K, capacity 5285K, committed 5296K, reserved 1048576K
}
Event: 21.700 GC heap before
{Heap before GC invocations=14 (full 2):
 PSYoungGen      total 117760K, used 110082K [0x00000000f5580000, 0x00000000fea80000, 0x0000000100000000)
  eden space 109056K, 100% used [0x00000000f5580000,0x00000000fc000000,0x00000000fc000000)
  from space 8704K, 11% used [0x00000000fc000000,0x00000000fc1008e8,0x00000000fc880000)
  to   space 9216K, 0% used [0x00000000fe180000,0x00000000fe180000,0x00000000fea80000)
 ParOldGen       total 80384K, used 10623K [0x00000000e0000000, 0x00000000e4e80000, 0x00000000f5580000)
  object space 80384K, 13% used [0x00000000e0000000,0x00000000e0a5ff68,0x00000000e4e80000)
 Metaspace       used 36045K, capacity 37318K, committed 37424K, reserved 1081344K
  class space    used 5085K, capacity 5381K, committed 5424K, reserved 1048576K
Event: 21.702 GC heap after
Heap after GC invocations=14 (full 2):
 PSYoungGen      total 137216K, used 1890K [0x00000000f5580000, 0x00000000fe780000, 0x0000000100000000)
  eden space 131072K, 0% used [0x00000000f5580000,0x00000000f5580000,0x00000000fd580000)
  from space 6144K, 30% used [0x00000000fe180000,0x00000000fe3588e8,0x00000000fe780000)
  to   space 9216K, 0% used [0x00000000fd580000,0x00000000fd580000,0x00000000fde80000)
 ParOldGen       total 80384K, used 10631K [0x00000000e0000000, 0x00000000e4e80000, 0x00000000f5580000)
  object space 80384K, 13% used [0x00000000e0000000,0x00000000e0a61f68,0x00000000e4e80000)
 Metaspace       used 36045K, capacity 37318K, committed 37424K, reserved 1081344K
  class space    used 5085K, capacity 5381K, committed 5424K, reserved 1048576K
}
Event: 23.116 GC heap before
{Heap before GC invocations=15 (full 2):
 PSYoungGen      total 137216K, used 132962K [0x00000000f5580000, 0x00000000fe780000, 0x0000000100000000)
  eden space 131072K, 100% used [0x00000000f5580000,0x00000000fd580000,0x00000000fd580000)
  from space 6144K, 30% used [0x00000000fe180000,0x00000000fe3588e8,0x00000000fe780000)
  to   space 9216K, 0% used [0x00000000fd580000,0x00000000fd580000,0x00000000fde80000)
 ParOldGen       total 80384K, used 10631K [0x00000000e0000000, 0x00000000e4e80000, 0x00000000f5580000)
  object space 80384K, 13% used [0x00000000e0000000,0x00000000e0a61f68,0x00000000e4e80000)
 Metaspace       used 36080K, capacity 37326K, committed 37424K, reserved 1081344K
  class space    used 5085K, capacity 5381K, committed 5424K, reserved 1048576K
Event: 23.119 GC heap after
Heap after GC invocations=15 (full 2):
 PSYoungGen      total 140288K, used 1570K [0x00000000f5580000, 0x00000000ffe80000, 0x0000000100000000)
  eden space 131072K, 0% used [0x00000000f5580000,0x00000000f5580000,0x00000000fd580000)
  from space 9216K, 17% used [0x00000000fd580000,0x00000000fd7088e8,0x00000000fde80000)
  to   space 9216K, 0% used [0x00000000ff580000,0x00000000ff580000,0x00000000ffe80000)
 ParOldGen       total 80384K, used 10639K [0x00000000e0000000, 0x00000000e4e80000, 0x00000000f5580000)
  object space 80384K, 13% used [0x00000000e0000000,0x00000000e0a63f68,0x00000000e4e80000)
 Metaspace       used 36080K, capacity 37326K, committed 37424K, reserved 1081344K
  class space    used 5085K, capacity 5381K, committed 5424K, reserved 1048576K
}

Deoptimization events (10 events):
Event: 19.726 Thread 0x0000000017929800 Uncommon trap: reason=unstable_if action=reinterpret pc=0x00000000037c6230 method=java.lang.Character.isHighSurrogate(C)Z @ 3
Event: 19.727 Thread 0x0000000017929800 Uncommon trap: reason=class_check action=maybe_recompile pc=0x0000000003d7a5c0 method=java.lang.AbstractStringBuilder.append(Ljava/lang/CharSequence;)Ljava/lang/AbstractStringBuilder; @ 26
Event: 19.727 Thread 0x0000000017929800 Uncommon trap: reason=class_check action=maybe_recompile pc=0x0000000003a2b298 method=java.lang.AbstractStringBuilder.append(Ljava/lang/CharSequence;II)Ljava/lang/AbstractStringBuilder; @ 18
Event: 19.727 Thread 0x0000000017929800 Uncommon trap: reason=class_check action=maybe_recompile pc=0x0000000003d7a5c0 method=java.lang.AbstractStringBuilder.append(Ljava/lang/CharSequence;)Ljava/lang/AbstractStringBuilder; @ 26
Event: 19.727 Thread 0x0000000017929800 Uncommon trap: reason=class_check action=maybe_recompile pc=0x0000000003a2b298 method=java.lang.AbstractStringBuilder.append(Ljava/lang/CharSequence;II)Ljava/lang/AbstractStringBuilder; @ 18
Event: 19.729 Thread 0x0000000017929800 Uncommon trap: reason=class_check action=maybe_recompile pc=0x0000000003d7a5c0 method=java.lang.AbstractStringBuilder.append(Ljava/lang/CharSequence;)Ljava/lang/AbstractStringBuilder; @ 26
Event: 19.729 Thread 0x0000000017929800 Uncommon trap: reason=class_check action=maybe_recompile pc=0x0000000003a2b298 method=java.lang.AbstractStringBuilder.append(Ljava/lang/CharSequence;II)Ljava/lang/AbstractStringBuilder; @ 18
Event: 19.732 Thread 0x0000000017929800 Uncommon trap: reason=unstable_if action=reinterpret pc=0x00000000034daf18 method=sun.nio.cs.UTF_8$Encoder.encode([CII[B)I @ 33
Event: 21.905 Thread 0x0000000017929800 Uncommon trap: reason=class_check action=maybe_recompile pc=0x0000000003d7a5c0 method=java.lang.AbstractStringBuilder.append(Ljava/lang/CharSequence;)Ljava/lang/AbstractStringBuilder; @ 26
Event: 21.905 Thread 0x0000000017929800 Uncommon trap: reason=class_check action=maybe_recompile pc=0x0000000003a2b298 method=java.lang.AbstractStringBuilder.append(Ljava/lang/CharSequence;II)Ljava/lang/AbstractStringBuilder; @ 18

Classes redefined (0 events):
No events

Internal exceptions (10 events):
Event: 21.586 Thread 0x0000000017929800 Exception <a 'java/net/SocketTimeoutException': Read timed out> (0x00000000fb78ad00) thrown at [C:\re\workspace\8-2-build-windows-amd64-cygwin\jdk8u231\13620\hotspot\src\share\vm\prims\jni.cpp, line 736]
Event: 21.889 Thread 0x0000000017929800 Exception <a 'java/net/SocketTimeoutException': Read timed out> (0x00000000f71002f0) thrown at [C:\re\workspace\8-2-build-windows-amd64-cygwin\jdk8u231\13620\hotspot\src\share\vm\prims\jni.cpp, line 736]
Event: 21.919 Thread 0x0000000017929800 Exception <a 'java/net/SocketTimeoutException': Read timed out> (0x00000000f71202d0) thrown at [C:\re\workspace\8-2-build-windows-amd64-cygwin\jdk8u231\13620\hotspot\src\share\vm\prims\jni.cpp, line 736]
Event: 22.027 Thread 0x0000000017929800 Exception <a 'java/net/SocketTimeoutException': Read timed out> (0x00000000f7519308) thrown at [C:\re\workspace\8-2-build-windows-amd64-cygwin\jdk8u231\13620\hotspot\src\share\vm\prims\jni.cpp, line 736]
Event: 22.103 Thread 0x0000000017929800 Exception <a 'java/net/SocketTimeoutException': Read timed out> (0x00000000f79169d0) thrown at [C:\re\workspace\8-2-build-windows-amd64-cygwin\jdk8u231\13620\hotspot\src\share\vm\prims\jni.cpp, line 736]
Event: 23.078 Thread 0x0000000017929800 Exception <a 'java/net/SocketTimeoutException': Read timed out> (0x00000000fd362010) thrown at [C:\re\workspace\8-2-build-windows-amd64-cygwin\jdk8u231\13620\hotspot\src\share\vm\prims\jni.cpp, line 736]
Event: 23.403 Thread 0x0000000017929800 Exception <a 'java/net/SocketTimeoutException': Read timed out> (0x00000000f76c8910) thrown at [C:\re\workspace\8-2-build-windows-amd64-cygwin\jdk8u231\13620\hotspot\src\share\vm\prims\jni.cpp, line 736]
Event: 23.450 Thread 0x0000000017929800 Exception <a 'java/net/SocketTimeoutException': Read timed out> (0x00000000f76e88c0) thrown at [C:\re\workspace\8-2-build-windows-amd64-cygwin\jdk8u231\13620\hotspot\src\share\vm\prims\jni.cpp, line 736]
Event: 23.620 Thread 0x0000000017929800 Exception <a 'java/net/SocketTimeoutException': Read timed out> (0x00000000f7ae0ca0) thrown at [C:\re\workspace\8-2-build-windows-amd64-cygwin\jdk8u231\13620\hotspot\src\share\vm\prims\jni.cpp, line 736]
Event: 23.728 Thread 0x0000000017929800 Exception <a 'java/net/SocketTimeoutException': Read timed out> (0x00000000f7ee0a68) thrown at [C:\re\workspace\8-2-build-windows-amd64-cygwin\jdk8u231\13620\hotspot\src\share\vm\prims\jni.cpp, line 736]

Events (10 events):
Event: 23.709 loading class org/gradle/internal/concurrent/ExecutorPolicy$CatchAndRecordFailures
Event: 23.709 loading class org/gradle/internal/concurrent/ExecutorPolicy$CatchAndRecordFailures done
Event: 23.709 loading class org/gradle/internal/concurrent/ManagedExecutorImpl$1
Event: 23.709 loading class org/gradle/internal/concurrent/ManagedExecutorImpl$1 done
Event: 23.710 loading class org/gradle/internal/concurrent/ManagedExecutorImpl$1
Event: 23.710 loading class org/gradle/internal/concurrent/ManagedExecutorImpl$1 done
Event: 23.710 loading class org/gradle/internal/concurrent/ThreadFactoryImpl$ManagedThreadRunnable
Event: 23.710 loading class org/gradle/internal/concurrent/ThreadFactoryImpl$ManagedThreadRunnable done
Event: 23.711 loading class org/gradle/internal/concurrent/ThreadFactoryImpl$ManagedThreadRunnable
Event: 23.711 loading class org/gradle/internal/concurrent/ThreadFactoryImpl$ManagedThreadRunnable done


Dynamic libraries:
0x00007ff7df710000 - 0x00007ff7df747000 	C:\Program Files\Java\jdk1.8.0_231\bin\java.exe
0x00007ff906cd0000 - 0x00007ff906ec6000 	C:\WINDOWS\SYSTEM32\ntdll.dll
0x00007ff905a00000 - 0x00007ff905abd000 	C:\WINDOWS\System32\KERNEL32.DLL
0x00007ff9048d0000 - 0x00007ff904b99000 	C:\WINDOWS\System32\KERNELBASE.dll
0x00007ff905ac0000 - 0x00007ff905b6c000 	C:\WINDOWS\System32\ADVAPI32.dll
0x00007ff906080000 - 0x00007ff90611e000 	C:\WINDOWS\System32\msvcrt.dll
0x00007ff906180000 - 0x00007ff90621c000 	C:\WINDOWS\System32\sechost.dll
0x00007ff905c10000 - 0x00007ff905d3b000 	C:\WINDOWS\System32\RPCRT4.dll
0x00007ff904db0000 - 0x00007ff904f50000 	C:\WINDOWS\System32\USER32.dll
0x00007ff904cd0000 - 0x00007ff904cf2000 	C:\WINDOWS\System32\win32u.dll
0x00007ff906050000 - 0x00007ff90607a000 	C:\WINDOWS\System32\GDI32.dll
0x00007ff9045c0000 - 0x00007ff9046c9000 	C:\WINDOWS\System32\gdi32full.dll
0x00007ff9046d0000 - 0x00007ff90476d000 	C:\WINDOWS\System32\msvcp_win.dll
0x00007ff9043e0000 - 0x00007ff9044e0000 	C:\WINDOWS\System32\ucrtbase.dll
0x00007ff8fac90000 - 0x00007ff8faf2b000 	C:\WINDOWS\WinSxS\amd64_microsoft.windows.common-controls_6595b64144ccf1df_6.0.19041.488_none_ca04af081b815d21\COMCTL32.dll
0x00007ff9068e0000 - 0x00007ff906910000 	C:\WINDOWS\System32\IMM32.DLL
0x0000000074330000 - 0x0000000074402000 	C:\Program Files\Java\jdk1.8.0_231\jre\bin\msvcr100.dll
0x0000000073a80000 - 0x0000000074326000 	C:\Program Files\Java\jdk1.8.0_231\jre\bin\server\jvm.dll
0x00007ff9063d0000 - 0x00007ff9063d8000 	C:\WINDOWS\System32\PSAPI.DLL
0x00007ff8fc520000 - 0x00007ff8fc547000 	C:\WINDOWS\SYSTEM32\WINMM.dll
0x00007ff902bb0000 - 0x00007ff902bb9000 	C:\WINDOWS\SYSTEM32\WSOCK32.dll
0x00007ff8f8390000 - 0x00007ff8f839a000 	C:\WINDOWS\SYSTEM32\VERSION.dll
0x00007ff906350000 - 0x00007ff9063bb000 	C:\WINDOWS\System32\WS2_32.dll
0x00007ff8fab20000 - 0x00007ff8fab2f000 	C:\Program Files\Java\jdk1.8.0_231\jre\bin\verify.dll
0x00007ff8e39d0000 - 0x00007ff8e39f9000 	C:\Program Files\Java\jdk1.8.0_231\jre\bin\java.dll
0x00007ff8e9600000 - 0x00007ff8e9616000 	C:\Program Files\Java\jdk1.8.0_231\jre\bin\zip.dll
0x00007ff9052b0000 - 0x00007ff9059f2000 	C:\WINDOWS\System32\SHELL32.dll
0x00007ff9021f0000 - 0x00007ff902985000 	C:\WINDOWS\SYSTEM32\windows.storage.dll
0x00007ff904f50000 - 0x00007ff9052a6000 	C:\WINDOWS\System32\combase.dll
0x00007ff903de0000 - 0x00007ff903e0c000 	C:\WINDOWS\SYSTEM32\Wldp.dll
0x00007ff904d00000 - 0x00007ff904dae000 	C:\WINDOWS\System32\SHCORE.dll
0x00007ff906220000 - 0x00007ff906275000 	C:\WINDOWS\System32\shlwapi.dll
0x00007ff904310000 - 0x00007ff904336000 	C:\WINDOWS\SYSTEM32\profapi.dll
0x00007ff8e9520000 - 0x00007ff8e953a000 	C:\Program Files\Java\jdk1.8.0_231\jre\bin\net.dll
0x00007ff903b00000 - 0x00007ff903b6a000 	C:\WINDOWS\system32\mswsock.dll
0x00007ff8e93d0000 - 0x00007ff8e93e2000 	C:\Program Files\Java\jdk1.8.0_231\jre\bin\nio.dll
0x00007ff903cd0000 - 0x00007ff903ce8000 	C:\WINDOWS\SYSTEM32\CRYPTSP.dll
0x00007ff903490000 - 0x00007ff9034c4000 	C:\WINDOWS\system32\rsaenh.dll
0x00007ff904590000 - 0x00007ff9045b7000 	C:\WINDOWS\System32\bcrypt.dll
0x00007ff9042d0000 - 0x00007ff9042fe000 	C:\WINDOWS\SYSTEM32\USERENV.dll
0x00007ff904ba0000 - 0x00007ff904c20000 	C:\WINDOWS\System32\bcryptprimitives.dll
0x00007ff903cf0000 - 0x00007ff903cfc000 	C:\WINDOWS\SYSTEM32\CRYPTBASE.dll
0x00007ff9037f0000 - 0x00007ff90382b000 	C:\WINDOWS\SYSTEM32\IPHLPAPI.DLL
0x00007ff906c50000 - 0x00007ff906c58000 	C:\WINDOWS\System32\NSI.dll
0x00007ff8fef50000 - 0x00007ff8fef67000 	C:\WINDOWS\SYSTEM32\dhcpcsvc6.DLL
0x00007ff8fef30000 - 0x00007ff8fef4d000 	C:\WINDOWS\SYSTEM32\dhcpcsvc.DLL
0x00007ff903830000 - 0x00007ff9038fb000 	C:\WINDOWS\SYSTEM32\DNSAPI.dll
0x00007ff8fc510000 - 0x00007ff8fc51a000 	C:\Windows\System32\rasadhlp.dll
0x00007ff8fc2b0000 - 0x00007ff8fc32f000 	C:\WINDOWS\System32\fwpuclnt.dll
0x00007ff8e38f0000 - 0x00007ff8e3914000 	C:\Program Files\Java\jdk1.8.0_231\jre\bin\sunec.dll
0x00007ff8fd1a0000 - 0x00007ff8fd1ab000 	C:\Program Files\Java\jdk1.8.0_231\jre\bin\sunmscapi.dll
0x00007ff904770000 - 0x00007ff9048cd000 	C:\WINDOWS\System32\CRYPT32.dll

VM Arguments:
jvm_args: -Djava.security.manager=worker.org.gradle.process.internal.worker.child.BootstrapSecurityManager -Dorg.gradle.native=false -Xmx512m -Dfile.encoding=windows-1252 -Duser.country=CO -Duser.language=es -Duser.variant -ea 
java_command: worker.org.gradle.process.internal.worker.GradleWorkerMain 'Gradle Test Executor 4'
java_class_path (initial): C:\Users\Usuario\.gradle\caches\6.7\workerMain\gradle-worker.jar
Launcher Type: SUN_STANDARD

Environment Variables:
JAVA_HOME=C:\Program Files\Java\jdk1.8.0_231
PATH=C:\WINDOWS\system32;C:\WINDOWS;C:\WINDOWS\System32\Wbem;C:\WINDOWS\System32\WindowsPowerShell\v1.0\;C:\Program Files\PuTTY\;C:\WINDOWS\System32\OpenSSH\;C:\Program Files\dotnet\;C:\Program Files\Microsoft SQL Server\130\Tools\Binn\;C:\Program Files\Microsoft SQL Server\Client SDK\ODBC\170\Tools\Binn\;C:\Program Files (x86)\Microsoft SQL Server\150\Tools\Binn\;C:\Program Files\Microsoft SQL Server\150\Tools\Binn\;C:\Program Files\Microsoft SQL Server\150\DTS\Binn\;C:\Program Files (x86)\Microsoft SQL Server\150\DTS\Binn\;C:\Program Files\Azure Data Studio\bin;C:\Program Files\Java\jdk1.8.0_231\bin;C:\GRADLE\gradle-6.7\bin;C:\Program Files\Git\cmd;C:\Program Files\MySQL\MySQL Shell 8.0\bin\;C:\Users\Usuario\AppData\Local\Microsoft\WindowsApps;C:\Users\Usuario\AppData\Local\Programs\Microsoft VS Code\bin;C:\Program Files\Azure Data Studio\bin;
USERNAME=Usuario
OS=Windows_NT
PROCESSOR_IDENTIFIER=Intel64 Family 6 Model 61 Stepping 4, GenuineIntel



---------------  S Y S T E M  ---------------

OS: Windows 10.0 , 64 bit Build 19041 (10.0.19041.662)

CPU:total 4 (initial active 4) (2 cores per cpu, 2 threads per core) family 6 model 61 stepping 4, cmov, cx8, fxsr, mmx, sse, sse2, sse3, ssse3, sse4.1, sse4.2, popcnt, avx, avx2, aes, clmul, erms, 3dnowpref, lzcnt, ht, tsc, tscinvbit, bmi1, bmi2, adx

Memory: 4k page, physical 8301580k(1161660k free), swap 8301580k(8848k free)

vm_info: Java HotSpot(TM) 64-Bit Server VM (25.231-b11) for windows-amd64 JRE (1.8.0_231-b11), built on Oct  5 2019 03:11:30 by "java_re" with MS VC++ 10.0 (VS2010)

time: Wed Jan 06 11:55:26 2021
timezone: Hora est. Pacífico, Sudamérica
elapsed time: 23 seconds (0d 0h 0m 23s)

