#
# There is insufficient memory for the Java Runtime Environment to continue.
# Native memory allocation (malloc) failed to allocate 1962416 bytes for Chunk::new
# Possible reasons:
#   The system is out of physical RAM or swap space
#   The process is running with CompressedOops enabled, and the Java Heap may be blocking the growth of the native heap
# Possible solutions:
#   Reduce memory load on the system
#   Increase physical memory or swap space
#   Check if swap backing store is full
#   Decrease Java heap size (-Xmx/-Xms)
#   Decrease number of Java threads
#   Decrease Java thread stack sizes (-Xss)
#   Set larger code cache with -XX:ReservedCodeCacheSize=
#   JVM is running with Unscaled Compressed Oops mode in which the Java heap is
#     placed in the first 4GB address space. The Java Heap base address is the
#     maximum limit for the native heap growth. Please use -XX:HeapBaseMinAddress
#     to set the Java Heap base and to place the Java Heap above 4GB virtual address.
# This output file may be truncated or incomplete.
#
#  Out of Memory Error (allocation.cpp:389), pid=13392, tid=0x0000000000003668
#
# JRE version: Java(TM) SE Runtime Environment (8.0_231-b11) (build 1.8.0_231-b11)
# Java VM: Java HotSpot(TM) 64-Bit Server VM (25.231-b11 mixed mode windows-amd64 compressed oops)
# Failed to write core dump. Minidumps are not enabled by default on client versions of Windows
#

---------------  T H R E A D  ---------------

Current thread (0x00000000154ff000):  JavaThread "C2 CompilerThread1" daemon [_thread_in_native, id=13928, stack(0x0000000015d50000,0x0000000015e50000)]

Stack: [0x0000000015d50000,0x0000000015e50000]
[error occurred during error reporting (printing stack bounds), id 0xc0000005]

Native frames: (J=compiled Java code, j=interpreted, Vv=VM code, C=native code)


Current CompileTask:
C2:  26709 3781   !   4       java.net.URLClassLoader$1::run (63 bytes)


---------------  P R O C E S S  ---------------

Java Threads: ( => current thread )
  0x00000000174cb800 JavaThread "Darkroom Processing Line" daemon [_thread_blocked, id=13328, stack(0x0000000018260000,0x0000000018360000)]
  0x00000000174cd000 JavaThread "Okio Watchdog" daemon [_thread_blocked, id=2756, stack(0x000000001e040000,0x000000001e140000)]
  0x00000000174cf800 JavaThread "OkHttp ConnectionPool" daemon [_thread_blocked, id=5468, stack(0x000000001de40000,0x000000001df40000)]
  0x00000000174d0000 JavaThread "Exec Stream Pumper" daemon [_thread_in_native, id=6992, stack(0x000000001c8e0000,0x000000001c9e0000)]
  0x00000000174d1000 JavaThread "Exec Stream Pumper" daemon [_thread_in_native, id=4212, stack(0x000000001c7e0000,0x000000001c8e0000)]
  0x00000000174ce800 JavaThread "UrlChecker-2" daemon [_thread_blocked, id=17704, stack(0x000000001c6e0000,0x000000001c7e0000)]
  0x00000000174cb000 JavaThread "Exec Default Executor" daemon [_thread_in_native, id=132, stack(0x0000000019b40000,0x0000000019c40000)]
  0x0000000017298000 JavaThread "/127.0.0.1:11565 to /127.0.0.1:11563 workers Thread 3" [_thread_in_native, id=19244, stack(0x0000000017f60000,0x0000000018060000)]
  0x0000000017297000 JavaThread "/127.0.0.1:11565 to /127.0.0.1:11563 workers Thread 2" [_thread_blocked, id=2136, stack(0x0000000017e60000,0x0000000017f60000)]
  0x0000000016cb7000 JavaThread "Test worker" [_thread_in_native, id=14868, stack(0x0000000017a20000,0x0000000017b20000)]
  0x000000001557f800 JavaThread "Service Thread" daemon [_thread_blocked, id=16604, stack(0x0000000015f50000,0x0000000016050000)]
  0x0000000015503000 JavaThread "C1 CompilerThread2" daemon [_thread_blocked, id=16068, stack(0x0000000015e50000,0x0000000015f50000)]
=>0x00000000154ff000 JavaThread "C2 CompilerThread1" daemon [_thread_in_native, id=13928, stack(0x0000000015d50000,0x0000000015e50000)]
  0x00000000154f9000 JavaThread "C2 CompilerThread0" daemon [_thread_in_native, id=9036, stack(0x0000000015c50000,0x0000000015d50000)]
  0x00000000140cd000 JavaThread "Attach Listener" daemon [_thread_blocked, id=8616, stack(0x0000000015b50000,0x0000000015c50000)]
  0x00000000140cc800 JavaThread "Signal Dispatcher" daemon [_thread_blocked, id=10320, stack(0x0000000015a50000,0x0000000015b50000)]
  0x0000000002cfb800 JavaThread "Finalizer" daemon [_thread_blocked, id=18820, stack(0x00000000152c0000,0x00000000153c0000)]
  0x000000001405a000 JavaThread "Reference Handler" daemon [_thread_blocked, id=19148, stack(0x00000000151c0000,0x00000000152c0000)]
  0x0000000002c02800 JavaThread "main" [_thread_blocked, id=1276, stack(0x0000000002b00000,0x0000000002c00000)]

Other Threads:
  0x0000000014038000 VMThread [stack: 0x00000000150c0000,0x00000000151c0000] [id=11648]
  0x00000000155c9000 WatcherThread [stack: 0x0000000016050000,0x0000000016150000] [id=7844]

VM state:not at safepoint (normal execution)

VM Mutex/Monitor currently owned by a thread: None

heap address: 0x00000000e0000000, size: 512 MB, Compressed Oops mode: 32-bit
Narrow klass base: 0x0000000000000000, Narrow klass shift: 3
Compressed class space size: 1073741824 Address: 0x0000000100000000

Heap:
 PSYoungGen      total 115200K, used 94514K [0x00000000f5580000, 0x00000000fe200000, 0x0000000100000000)
  eden space 105984K, 82% used [0x00000000f5580000,0x00000000fab36900,0x00000000fbd00000)
  from space 9216K, 73% used [0x00000000fbd00000,0x00000000fc3960b0,0x00000000fc600000)
  to   space 9216K, 0% used [0x00000000fd900000,0x00000000fd900000,0x00000000fe200000)
 ParOldGen       total 82432K, used 10695K [0x00000000e0000000, 0x00000000e5080000, 0x00000000f5580000)
  object space 82432K, 12% used [0x00000000e0000000,0x00000000e0a71f48,0x00000000e5080000)
 Metaspace       used 36120K, capacity 37338K, committed 37424K, reserved 1081344K
  class space    used 5085K, capacity 5381K, committed 5424K, reserved 1048576K

Card table byte_map: [0x00000000120c0000,0x00000000121d0000] byte_map_base: 0x00000000119c0000

Marking Bits: (ParMarkBitMap*) 0x00000000742a6d90
 Begin Bits: [0x00000000125d0000, 0x0000000012dd0000)
 End Bits:   [0x0000000012dd0000, 0x00000000135d0000)

Polling page: 0x0000000000df0000

CodeCache: size=245760Kb used=10219Kb max_used=10415Kb free=235540Kb
 bounds [0x0000000002d00000, 0x0000000003740000, 0x0000000011d00000]
 total_blobs=3795 nmethods=3316 adapters=391
 compilation: enabled

Compilation events (10 events):
Event: 26.633 Thread 0x0000000015503000 3806       3       com.google.common.collect.AbstractMapBasedMultimap$$Lambda$354/1136931370::apply (9 bytes)
Event: 26.634 Thread 0x0000000015503000 nmethod 3806 0x0000000002e7e850 code [0x0000000002e7e9e0, 0x0000000002e7ed90]
Event: 26.634 Thread 0x0000000015503000 3807       3       org.openqa.selenium.remote.http.HttpMessage$$Lambda$350/1128125925::test (8 bytes)
Event: 26.634 Thread 0x0000000015503000 nmethod 3807 0x0000000002e7e150 code [0x0000000002e7e2e0, 0x0000000002e7e708]
Event: 26.634 Thread 0x0000000015503000 3808       3       org.openqa.selenium.remote.http.HttpMessage::lambda$getHeaders$0 (10 bytes)
Event: 26.634 Thread 0x0000000015503000 nmethod 3808 0x0000000002e7dc50 code [0x0000000002e7ddc0, 0x0000000002e7e068]
Event: 26.634 Thread 0x0000000015503000 3809       3       org.openqa.selenium.remote.http.HttpMessage$$Lambda$351/1355579827::test (12 bytes)
Event: 26.634 Thread 0x0000000015503000 nmethod 3809 0x0000000002e7d0d0 code [0x0000000002e7d280, 0x0000000002e7d9a8]
Event: 26.635 Thread 0x0000000015503000 3810       3       org.openqa.selenium.remote.http.HttpMessage::lambda$getHeaders$1 (17 bytes)
Event: 26.635 Thread 0x0000000015503000 nmethod 3810 0x0000000002e7c790 code [0x0000000002e7c940, 0x0000000002e7cee8]

GC Heap History (10 events):
Event: 17.230 GC heap before
{Heap before GC invocations=11 (full 2):
 PSYoungGen      total 92672K, used 5448K [0x00000000f5580000, 0x00000000fcd80000, 0x0000000100000000)
  eden space 84480K, 0% used [0x00000000f5580000,0x00000000f5580000,0x00000000fa800000)
  from space 8192K, 66% used [0x00000000fa800000,0x00000000fad523d0,0x00000000fb000000)
  to   space 7680K, 0% used [0x00000000fc600000,0x00000000fc600000,0x00000000fcd80000)
 ParOldGen       total 54272K, used 6001K [0x00000000e0000000, 0x00000000e3500000, 0x00000000f5580000)
  object space 54272K, 11% used [0x00000000e0000000,0x00000000e05dc510,0x00000000e3500000)
 Metaspace       used 34305K, capacity 35416K, committed 35496K, reserved 1079296K
  class space    used 4860K, capacity 5118K, committed 5168K, reserved 1048576K
Event: 17.323 GC heap after
Heap after GC invocations=11 (full 2):
 PSYoungGen      total 92672K, used 0K [0x00000000f5580000, 0x00000000fcd80000, 0x0000000100000000)
  eden space 84480K, 0% used [0x00000000f5580000,0x00000000f5580000,0x00000000fa800000)
  from space 8192K, 0% used [0x00000000fa800000,0x00000000fa800000,0x00000000fb000000)
  to   space 7680K, 0% used [0x00000000fc600000,0x00000000fc600000,0x00000000fcd80000)
 ParOldGen       total 82432K, used 10663K [0x00000000e0000000, 0x00000000e5080000, 0x00000000f5580000)
  object space 82432K, 12% used [0x00000000e0000000,0x00000000e0a69f48,0x00000000e5080000)
 Metaspace       used 34305K, capacity 35416K, committed 35496K, reserved 1079296K
  class space    used 4860K, capacity 5118K, committed 5168K, reserved 1048576K
}
Event: 18.697 GC heap before
{Heap before GC invocations=12 (full 2):
 PSYoungGen      total 92672K, used 84480K [0x00000000f5580000, 0x00000000fcd80000, 0x0000000100000000)
  eden space 84480K, 100% used [0x00000000f5580000,0x00000000fa800000,0x00000000fa800000)
  from space 8192K, 0% used [0x00000000fa800000,0x00000000fa800000,0x00000000fb000000)
  to   space 7680K, 0% used [0x00000000fc600000,0x00000000fc600000,0x00000000fcd80000)
 ParOldGen       total 82432K, used 10663K [0x00000000e0000000, 0x00000000e5080000, 0x00000000f5580000)
  object space 82432K, 12% used [0x00000000e0000000,0x00000000e0a69f48,0x00000000e5080000)
 Metaspace       used 35197K, capacity 36302K, committed 36528K, reserved 1081344K
  class space    used 4987K, capacity 5261K, committed 5296K, reserved 1048576K
Event: 18.700 GC heap after
Heap after GC invocations=12 (full 2):
 PSYoungGen      total 114688K, used 1557K [0x00000000f5580000, 0x00000000fce00000, 0x0000000100000000)
  eden space 107008K, 0% used [0x00000000f5580000,0x00000000f5580000,0x00000000fbe00000)
  from space 7680K, 20% used [0x00000000fc600000,0x00000000fc785458,0x00000000fcd80000)
  to   space 8192K, 0% used [0x00000000fbe00000,0x00000000fbe00000,0x00000000fc600000)
 ParOldGen       total 82432K, used 10671K [0x00000000e0000000, 0x00000000e5080000, 0x00000000f5580000)
  object space 82432K, 12% used [0x00000000e0000000,0x00000000e0a6bf48,0x00000000e5080000)
 Metaspace       used 35197K, capacity 36302K, committed 36528K, reserved 1081344K
  class space    used 4987K, capacity 5261K, committed 5296K, reserved 1048576K
}
Event: 21.466 GC heap before
{Heap before GC invocations=13 (full 2):
 PSYoungGen      total 114688K, used 108565K [0x00000000f5580000, 0x00000000fce00000, 0x0000000100000000)
  eden space 107008K, 100% used [0x00000000f5580000,0x00000000fbe00000,0x00000000fbe00000)
  from space 7680K, 20% used [0x00000000fc600000,0x00000000fc785458,0x00000000fcd80000)
  to   space 8192K, 0% used [0x00000000fbe00000,0x00000000fbe00000,0x00000000fc600000)
 ParOldGen       total 82432K, used 10671K [0x00000000e0000000, 0x00000000e5080000, 0x00000000f5580000)
  object space 82432K, 12% used [0x00000000e0000000,0x00000000e0a6bf48,0x00000000e5080000)
 Metaspace       used 35415K, capacity 36596K, committed 36784K, reserved 1081344K
  class space    used 5004K, capacity 5268K, committed 5296K, reserved 1048576K
Event: 21.468 GC heap after
Heap after GC invocations=13 (full 2):
 PSYoungGen      total 115200K, used 949K [0x00000000f5580000, 0x00000000fce00000, 0x0000000100000000)
  eden space 107008K, 0% used [0x00000000f5580000,0x00000000f5580000,0x00000000fbe00000)
  from space 8192K, 11% used [0x00000000fbe00000,0x00000000fbeed6d8,0x00000000fc600000)
  to   space 7680K, 0% used [0x00000000fc600000,0x00000000fc600000,0x00000000fcd80000)
 ParOldGen       total 82432K, used 10679K [0x00000000e0000000, 0x00000000e5080000, 0x00000000f5580000)
  object space 82432K, 12% used [0x00000000e0000000,0x00000000e0a6df48,0x00000000e5080000)
 Metaspace       used 35415K, capacity 36596K, committed 36784K, reserved 1081344K
  class space    used 5004K, capacity 5268K, committed 5296K, reserved 1048576K
}
Event: 24.458 GC heap before
{Heap before GC invocations=14 (full 2):
 PSYoungGen      total 115200K, used 107957K [0x00000000f5580000, 0x00000000fce00000, 0x0000000100000000)
  eden space 107008K, 100% used [0x00000000f5580000,0x00000000fbe00000,0x00000000fbe00000)
  from space 8192K, 11% used [0x00000000fbe00000,0x00000000fbeed6d8,0x00000000fc600000)
  to   space 7680K, 0% used [0x00000000fc600000,0x00000000fc600000,0x00000000fcd80000)
 ParOldGen       total 82432K, used 10679K [0x00000000e0000000, 0x00000000e5080000, 0x00000000f5580000)
  object space 82432K, 12% used [0x00000000e0000000,0x00000000e0a6df48,0x00000000e5080000)
 Metaspace       used 36019K, capacity 37190K, committed 37424K, reserved 1081344K
  class space    used 5081K, capacity 5381K, committed 5424K, reserved 1048576K
Event: 24.461 GC heap after
Heap after GC invocations=14 (full 2):
 PSYoungGen      total 113664K, used 1906K [0x00000000f5580000, 0x00000000fe500000, 0x0000000100000000)
  eden space 105984K, 0% used [0x00000000f5580000,0x00000000f5580000,0x00000000fbd00000)
  from space 7680K, 24% used [0x00000000fc600000,0x00000000fc7dc8f8,0x00000000fcd80000)
  to   space 9216K, 0% used [0x00000000fbd00000,0x00000000fbd00000,0x00000000fc600000)
 ParOldGen       total 82432K, used 10687K [0x00000000e0000000, 0x00000000e5080000, 0x00000000f5580000)
  object space 82432K, 12% used [0x00000000e0000000,0x00000000e0a6ff48,0x00000000e5080000)
 Metaspace       used 36019K, capacity 37190K, committed 37424K, reserved 1081344K
  class space    used 5081K, capacity 5381K, committed 5424K, reserved 1048576K
}
Event: 25.976 GC heap before
{Heap before GC invocations=15 (full 2):
 PSYoungGen      total 113664K, used 107890K [0x00000000f5580000, 0x00000000fe500000, 0x0000000100000000)
  eden space 105984K, 100% used [0x00000000f5580000,0x00000000fbd00000,0x00000000fbd00000)
  from space 7680K, 24% used [0x00000000fc600000,0x00000000fc7dc8f8,0x00000000fcd80000)
  to   space 9216K, 0% used [0x00000000fbd00000,0x00000000fbd00000,0x00000000fc600000)
 ParOldGen       total 82432K, used 10687K [0x00000000e0000000, 0x00000000e5080000, 0x00000000f5580000)
  object space 82432K, 12% used [0x00000000e0000000,0x00000000e0a6ff48,0x00000000e5080000)
 Metaspace       used 36097K, capacity 37326K, committed 37424K, reserved 1081344K
  class space    used 5085K, capacity 5381K, committed 5424K, reserved 1048576K
Event: 25.979 GC heap after
Heap after GC invocations=15 (full 2):
 PSYoungGen      total 115200K, used 6744K [0x00000000f5580000, 0x00000000fe200000, 0x0000000100000000)
  eden space 105984K, 0% used [0x00000000f5580000,0x00000000f5580000,0x00000000fbd00000)
  from space 9216K, 73% used [0x00000000fbd00000,0x00000000fc3960b0,0x00000000fc600000)
  to   space 9216K, 0% used [0x00000000fd900000,0x00000000fd900000,0x00000000fe200000)
 ParOldGen       total 82432K, used 10695K [0x00000000e0000000, 0x00000000e5080000, 0x00000000f5580000)
  object space 82432K, 12% used [0x00000000e0000000,0x00000000e0a71f48,0x00000000e5080000)
 Metaspace       used 36097K, capacity 37326K, committed 37424K, reserved 1081344K
  class space    used 5085K, capacity 5381K, committed 5424K, reserved 1048576K
}

Deoptimization events (10 events):
Event: 21.682 Thread 0x0000000016cb7000 Uncommon trap: reason=unstable_if action=reinterpret pc=0x000000000318c6f0 method=java.lang.Character.isHighSurrogate(C)Z @ 3
Event: 21.684 Thread 0x0000000016cb7000 Uncommon trap: reason=class_check action=maybe_recompile pc=0x0000000002ea12d4 method=java.lang.AbstractStringBuilder.append(Ljava/lang/CharSequence;)Ljava/lang/AbstractStringBuilder; @ 26
Event: 21.684 Thread 0x0000000016cb7000 Uncommon trap: reason=class_check action=maybe_recompile pc=0x000000000356d818 method=java.lang.AbstractStringBuilder.append(Ljava/lang/CharSequence;II)Ljava/lang/AbstractStringBuilder; @ 18
Event: 21.684 Thread 0x0000000016cb7000 Uncommon trap: reason=class_check action=maybe_recompile pc=0x0000000002ea12d4 method=java.lang.AbstractStringBuilder.append(Ljava/lang/CharSequence;)Ljava/lang/AbstractStringBuilder; @ 26
Event: 21.684 Thread 0x0000000016cb7000 Uncommon trap: reason=class_check action=maybe_recompile pc=0x000000000356d818 method=java.lang.AbstractStringBuilder.append(Ljava/lang/CharSequence;II)Ljava/lang/AbstractStringBuilder; @ 18
Event: 21.686 Thread 0x0000000016cb7000 Uncommon trap: reason=class_check action=maybe_recompile pc=0x0000000002ea12d4 method=java.lang.AbstractStringBuilder.append(Ljava/lang/CharSequence;)Ljava/lang/AbstractStringBuilder; @ 26
Event: 21.686 Thread 0x0000000016cb7000 Uncommon trap: reason=class_check action=maybe_recompile pc=0x000000000356d818 method=java.lang.AbstractStringBuilder.append(Ljava/lang/CharSequence;II)Ljava/lang/AbstractStringBuilder; @ 18
Event: 21.689 Thread 0x0000000016cb7000 Uncommon trap: reason=unstable_if action=reinterpret pc=0x0000000002e9e218 method=sun.nio.cs.UTF_8$Encoder.encode([CII[B)I @ 33
Event: 24.922 Thread 0x0000000016cb7000 Uncommon trap: reason=class_check action=maybe_recompile pc=0x0000000002ea12d4 method=java.lang.AbstractStringBuilder.append(Ljava/lang/CharSequence;)Ljava/lang/AbstractStringBuilder; @ 26
Event: 24.922 Thread 0x0000000016cb7000 Uncommon trap: reason=class_check action=maybe_recompile pc=0x000000000356d818 method=java.lang.AbstractStringBuilder.append(Ljava/lang/CharSequence;II)Ljava/lang/AbstractStringBuilder; @ 18

Classes redefined (0 events):
No events

Internal exceptions (10 events):
Event: 24.462 Thread 0x00000000174cb800 Exception <a 'sun/nio/fs/WindowsException'> (0x00000000f5788db8) thrown at [C:\re\workspace\8-2-build-windows-amd64-cygwin\jdk8u231\13620\hotspot\src\share\vm\prims\jni.cpp, line 710]
Event: 24.462 Thread 0x00000000174cb800 Exception <a 'sun/nio/fs/WindowsException'> (0x00000000f57895c8) thrown at [C:\re\workspace\8-2-build-windows-amd64-cygwin\jdk8u231\13620\hotspot\src\share\vm\prims\jni.cpp, line 710]
Event: 24.462 Thread 0x00000000174cb800 Exception <a 'sun/nio/fs/WindowsException'> (0x00000000f578a048) thrown at [C:\re\workspace\8-2-build-windows-amd64-cygwin\jdk8u231\13620\hotspot\src\share\vm\prims\jni.cpp, line 710]
Event: 24.464 Thread 0x00000000174cb800 Exception <a 'sun/nio/fs/WindowsException'> (0x00000000f578a8d0) thrown at [C:\re\workspace\8-2-build-windows-amd64-cygwin\jdk8u231\13620\hotspot\src\share\vm\prims\jni.cpp, line 710]
Event: 24.582 Thread 0x0000000016cb7000 Exception <a 'java/net/SocketTimeoutException': Read timed out> (0x00000000f698ac08) thrown at [C:\re\workspace\8-2-build-windows-amd64-cygwin\jdk8u231\13620\hotspot\src\share\vm\prims\jni.cpp, line 736]
Event: 24.904 Thread 0x0000000016cb7000 Exception <a 'java/net/SocketTimeoutException': Read timed out> (0x00000000f8cf57b8) thrown at [C:\re\workspace\8-2-build-windows-amd64-cygwin\jdk8u231\13620\hotspot\src\share\vm\prims\jni.cpp, line 736]
Event: 24.935 Thread 0x0000000016cb7000 Exception <a 'java/net/SocketTimeoutException': Read timed out> (0x00000000f8d15768) thrown at [C:\re\workspace\8-2-build-windows-amd64-cygwin\jdk8u231\13620\hotspot\src\share\vm\prims\jni.cpp, line 736]
Event: 25.103 Thread 0x0000000016cb7000 Exception <a 'java/net/SocketTimeoutException': Read timed out> (0x00000000f910e878) thrown at [C:\re\workspace\8-2-build-windows-amd64-cygwin\jdk8u231\13620\hotspot\src\share\vm\prims\jni.cpp, line 736]
Event: 25.180 Thread 0x0000000016cb7000 Exception <a 'java/net/SocketTimeoutException': Read timed out> (0x00000000f950bf28) thrown at [C:\re\workspace\8-2-build-windows-amd64-cygwin\jdk8u231\13620\hotspot\src\share\vm\prims\jni.cpp, line 736]
Event: 26.210 Thread 0x0000000016cb7000 Exception <a 'java/net/SocketTimeoutException': Read timed out> (0x00000000f87cdb80) thrown at [C:\re\workspace\8-2-build-windows-amd64-cygwin\jdk8u231\13620\hotspot\src\share\vm\prims\jni.cpp, line 736]

Events (10 events):
Event: 26.701 loading class org/gradle/internal/dispatch/ReflectionDispatch
Event: 26.701 loading class org/gradle/internal/dispatch/ReflectionDispatch done
Event: 26.701 loading class org/gradle/internal/dispatch/ReflectionDispatch
Event: 26.701 loading class org/gradle/internal/dispatch/ReflectionDispatch done
Event: 26.703 loading class org/gradle/internal/remote/internal/hub/MessageHubBackedObjectConnection$DispatchWrapper
Event: 26.703 loading class org/gradle/internal/remote/internal/hub/MessageHubBackedObjectConnection$DispatchWrapper done
Event: 26.704 loading class org/gradle/internal/remote/internal/hub/MessageHubBackedObjectConnection$DispatchWrapper
Event: 26.704 loading class org/gradle/internal/remote/internal/hub/MessageHubBackedObjectConnection$DispatchWrapper done
Event: 26.704 loading class org/gradle/internal/remote/internal/hub/MessageHubBackedObjectConnection$DispatchWrapper
Event: 26.704 loading class org/gradle/internal/remote/internal/hub/MessageHubBackedObjectConnection$DispatchWrapper done


Dynamic libraries:
0x00007ff7df710000 - 0x00007ff7df747000 	C:\Program Files\Java\jdk1.8.0_231\bin\java.exe
0x00007ff906cd0000 - 0x00007ff906ec6000 	C:\WINDOWS\SYSTEM32\ntdll.dll
0x00007ff905a00000 - 0x00007ff905abd000 	C:\WINDOWS\System32\KERNEL32.DLL
0x00007ff9048d0000 - 0x00007ff904b99000 	C:\WINDOWS\System32\KERNELBASE.dll
0x00007ff905ac0000 - 0x00007ff905b6c000 	C:\WINDOWS\System32\ADVAPI32.dll
0x00007ff906080000 - 0x00007ff90611e000 	C:\WINDOWS\System32\msvcrt.dll
0x00007ff906180000 - 0x00007ff90621c000 	C:\WINDOWS\System32\sechost.dll
0x00007ff905c10000 - 0x00007ff905d3b000 	C:\WINDOWS\System32\RPCRT4.dll
0x00007ff904db0000 - 0x00007ff904f50000 	C:\WINDOWS\System32\USER32.dll
0x00007ff904cd0000 - 0x00007ff904cf2000 	C:\WINDOWS\System32\win32u.dll
0x00007ff906050000 - 0x00007ff90607a000 	C:\WINDOWS\System32\GDI32.dll
0x00007ff9045c0000 - 0x00007ff9046c9000 	C:\WINDOWS\System32\gdi32full.dll
0x00007ff9046d0000 - 0x00007ff90476d000 	C:\WINDOWS\System32\msvcp_win.dll
0x00007ff9043e0000 - 0x00007ff9044e0000 	C:\WINDOWS\System32\ucrtbase.dll
0x00007ff8fac90000 - 0x00007ff8faf2b000 	C:\WINDOWS\WinSxS\amd64_microsoft.windows.common-controls_6595b64144ccf1df_6.0.19041.488_none_ca04af081b815d21\COMCTL32.dll
0x00007ff9068e0000 - 0x00007ff906910000 	C:\WINDOWS\System32\IMM32.DLL
0x0000000074330000 - 0x0000000074402000 	C:\Program Files\Java\jdk1.8.0_231\jre\bin\msvcr100.dll
0x0000000073a80000 - 0x0000000074326000 	C:\Program Files\Java\jdk1.8.0_231\jre\bin\server\jvm.dll
0x00007ff9063d0000 - 0x00007ff9063d8000 	C:\WINDOWS\System32\PSAPI.DLL
0x00007ff8f8390000 - 0x00007ff8f839a000 	C:\WINDOWS\SYSTEM32\VERSION.dll
0x00007ff8fc520000 - 0x00007ff8fc547000 	C:\WINDOWS\SYSTEM32\WINMM.dll
0x00007ff902bb0000 - 0x00007ff902bb9000 	C:\WINDOWS\SYSTEM32\WSOCK32.dll
0x00007ff906350000 - 0x00007ff9063bb000 	C:\WINDOWS\System32\WS2_32.dll
0x00007ff8eeea0000 - 0x00007ff8eeeaf000 	C:\Program Files\Java\jdk1.8.0_231\jre\bin\verify.dll
0x00007ff8dec20000 - 0x00007ff8dec49000 	C:\Program Files\Java\jdk1.8.0_231\jre\bin\java.dll
0x00007ff8e93d0000 - 0x00007ff8e93e6000 	C:\Program Files\Java\jdk1.8.0_231\jre\bin\zip.dll
0x00007ff9052b0000 - 0x00007ff9059f2000 	C:\WINDOWS\System32\SHELL32.dll
0x00007ff9021f0000 - 0x00007ff902985000 	C:\WINDOWS\SYSTEM32\windows.storage.dll
0x00007ff904f50000 - 0x00007ff9052a6000 	C:\WINDOWS\System32\combase.dll
0x00007ff903de0000 - 0x00007ff903e0c000 	C:\WINDOWS\SYSTEM32\Wldp.dll
0x00007ff904d00000 - 0x00007ff904dae000 	C:\WINDOWS\System32\SHCORE.dll
0x00007ff906220000 - 0x00007ff906275000 	C:\WINDOWS\System32\shlwapi.dll
0x00007ff904310000 - 0x00007ff904336000 	C:\WINDOWS\SYSTEM32\profapi.dll
0x00007ff8e5da0000 - 0x00007ff8e5dba000 	C:\Program Files\Java\jdk1.8.0_231\jre\bin\net.dll
0x00007ff903b00000 - 0x00007ff903b6a000 	C:\WINDOWS\system32\mswsock.dll
0x00007ff8e50f0000 - 0x00007ff8e5102000 	C:\Program Files\Java\jdk1.8.0_231\jre\bin\nio.dll
0x00007ff903cd0000 - 0x00007ff903ce8000 	C:\WINDOWS\SYSTEM32\CRYPTSP.dll
0x00007ff903490000 - 0x00007ff9034c4000 	C:\WINDOWS\system32\rsaenh.dll
0x00007ff904590000 - 0x00007ff9045b7000 	C:\WINDOWS\System32\bcrypt.dll
0x00007ff9042d0000 - 0x00007ff9042fe000 	C:\WINDOWS\SYSTEM32\USERENV.dll
0x00007ff904ba0000 - 0x00007ff904c20000 	C:\WINDOWS\System32\bcryptprimitives.dll
0x00007ff903cf0000 - 0x00007ff903cfc000 	C:\WINDOWS\SYSTEM32\CRYPTBASE.dll
0x00007ff9037f0000 - 0x00007ff90382b000 	C:\WINDOWS\SYSTEM32\IPHLPAPI.DLL
0x00007ff906c50000 - 0x00007ff906c58000 	C:\WINDOWS\System32\NSI.dll
0x00007ff8fef50000 - 0x00007ff8fef67000 	C:\WINDOWS\SYSTEM32\dhcpcsvc6.DLL
0x00007ff8fef30000 - 0x00007ff8fef4d000 	C:\WINDOWS\SYSTEM32\dhcpcsvc.DLL
0x00007ff903830000 - 0x00007ff9038fb000 	C:\WINDOWS\SYSTEM32\DNSAPI.dll
0x00007ff8fc510000 - 0x00007ff8fc51a000 	C:\Windows\System32\rasadhlp.dll
0x00007ff8fc2b0000 - 0x00007ff8fc32f000 	C:\WINDOWS\System32\fwpuclnt.dll
0x00007ff8e9830000 - 0x00007ff8e9854000 	C:\Program Files\Java\jdk1.8.0_231\jre\bin\sunec.dll
0x00007ff8fd1a0000 - 0x00007ff8fd1ab000 	C:\Program Files\Java\jdk1.8.0_231\jre\bin\sunmscapi.dll
0x00007ff904770000 - 0x00007ff9048cd000 	C:\WINDOWS\System32\CRYPT32.dll

VM Arguments:
jvm_args: -Djava.security.manager=worker.org.gradle.process.internal.worker.child.BootstrapSecurityManager -Dorg.gradle.native=false -Xmx512m -Dfile.encoding=windows-1252 -Duser.country=CO -Duser.language=es -Duser.variant -ea 
java_command: worker.org.gradle.process.internal.worker.GradleWorkerMain 'Gradle Test Executor 2'
java_class_path (initial): C:\Users\Usuario\.gradle\caches\6.7\workerMain\gradle-worker.jar
Launcher Type: SUN_STANDARD

Environment Variables:
JAVA_HOME=C:\Program Files\Java\jdk1.8.0_231
PATH=C:\WINDOWS\system32;C:\WINDOWS;C:\WINDOWS\System32\Wbem;C:\WINDOWS\System32\WindowsPowerShell\v1.0\;C:\Program Files\PuTTY\;C:\WINDOWS\System32\OpenSSH\;C:\Program Files\dotnet\;C:\Program Files\Microsoft SQL Server\130\Tools\Binn\;C:\Program Files\Microsoft SQL Server\Client SDK\ODBC\170\Tools\Binn\;C:\Program Files (x86)\Microsoft SQL Server\150\Tools\Binn\;C:\Program Files\Microsoft SQL Server\150\Tools\Binn\;C:\Program Files\Microsoft SQL Server\150\DTS\Binn\;C:\Program Files (x86)\Microsoft SQL Server\150\DTS\Binn\;C:\Program Files\Azure Data Studio\bin;C:\Program Files\Java\jdk1.8.0_231\bin;C:\GRADLE\gradle-6.7\bin;C:\Program Files\Git\cmd;C:\Program Files\MySQL\MySQL Shell 8.0\bin\;C:\Users\Usuario\AppData\Local\Microsoft\WindowsApps;C:\Users\Usuario\AppData\Local\Programs\Microsoft VS Code\bin;C:\Program Files\Azure Data Studio\bin;
USERNAME=Usuario
OS=Windows_NT
PROCESSOR_IDENTIFIER=Intel64 Family 6 Model 61 Stepping 4, GenuineIntel



---------------  S Y S T E M  ---------------

OS: Windows 10.0 , 64 bit Build 19041 (10.0.19041.662)

CPU:total 4 (initial active 4) (2 cores per cpu, 2 threads per core) family 6 model 61 stepping 4, cmov, cx8, fxsr, mmx, sse, sse2, sse3, ssse3, sse4.1, sse4.2, popcnt, avx, avx2, aes, clmul, erms, 3dnowpref, lzcnt, ht, tsc, tscinvbit, bmi1, bmi2, adx

Memory: 4k page, physical 8301580k(1316888k free), swap 8301580k(5496k free)

vm_info: Java HotSpot(TM) 64-Bit Server VM (25.231-b11) for windows-amd64 JRE (1.8.0_231-b11), built on Oct  5 2019 03:11:30 by "java_re" with MS VC++ 10.0 (VS2010)

time: Wed Jan 06 10:11:15 2021
timezone: Hora est. Pacífico, Sudamérica
elapsed time: 26 seconds (0d 0h 0m 26s)

