#
# There is insufficient memory for the Java Runtime Environment to continue.
# Native memory allocation (malloc) failed to allocate 1189296 bytes for Chunk::new
# Possible reasons:
#   The system is out of physical RAM or swap space
#   The process is running with CompressedOops enabled, and the Java Heap may be blocking the growth of the native heap
# Possible solutions:
#   Reduce memory load on the system
#   Increase physical memory or swap space
#   Check if swap backing store is full
#   Decrease Java heap size (-Xmx/-Xms)
#   Decrease number of Java threads
#   Decrease Java thread stack sizes (-Xss)
#   Set larger code cache with -XX:ReservedCodeCacheSize=
#   JVM is running with Unscaled Compressed Oops mode in which the Java heap is
#     placed in the first 4GB address space. The Java Heap base address is the
#     maximum limit for the native heap growth. Please use -XX:HeapBaseMinAddress
#     to set the Java Heap base and to place the Java Heap above 4GB virtual address.
# This output file may be truncated or incomplete.
#
#  Out of Memory Error (allocation.cpp:389), pid=8788, tid=0x000000000000139c
#
# JRE version: Java(TM) SE Runtime Environment (8.0_231-b11) (build 1.8.0_231-b11)
# Java VM: Java HotSpot(TM) 64-Bit Server VM (25.231-b11 mixed mode windows-amd64 compressed oops)
# Failed to write core dump. Minidumps are not enabled by default on client versions of Windows
#

---------------  T H R E A D  ---------------

Current thread (0x0000000014eb0800):  JavaThread "C2 CompilerThread1" daemon [_thread_in_native, id=5020, stack(0x00000000156b0000,0x00000000157b0000)]

Stack: [0x00000000156b0000,0x00000000157b0000]
[error occurred during error reporting (printing stack bounds), id 0xc0000005]

Native frames: (J=compiled Java code, j=interpreted, Vv=VM code, C=native code)


Current CompileTask:
C2:  26100 3768       4       java.net.URLClassLoader$1::run (5 bytes)


---------------  P R O C E S S  ---------------

Java Threads: ( => current thread )
  0x000000001aa6a000 JavaThread "Darkroom Processing Line" daemon [_thread_blocked, id=13760, stack(0x00000000194b0000,0x00000000195b0000)]
  0x000000001aa69000 JavaThread "Okio Watchdog" daemon [_thread_blocked, id=9140, stack(0x000000001ca70000,0x000000001cb70000)]
  0x0000000014eb6000 JavaThread "OkHttp ConnectionPool" daemon [_thread_blocked, id=8756, stack(0x000000001c870000,0x000000001c970000)]
  0x0000000014eb4800 JavaThread "Exec Stream Pumper" daemon [_thread_in_native, id=8988, stack(0x000000001c370000,0x000000001c470000)]
  0x0000000014eb3000 JavaThread "Exec Stream Pumper" daemon [_thread_in_native, id=7744, stack(0x000000001adf0000,0x000000001aef0000)]
  0x0000000014eba000 JavaThread "UrlChecker-2" daemon [_thread_blocked, id=6768, stack(0x0000000019cb0000,0x0000000019db0000)]
  0x0000000014eb7800 JavaThread "Exec Default Executor" daemon [_thread_in_native, id=4436, stack(0x00000000195b0000,0x00000000196b0000)]
  0x000000001695e800 JavaThread "/127.0.0.1:5414 to /127.0.0.1:5410 workers Thread 3" [_thread_in_native, id=10040, stack(0x00000000178c0000,0x00000000179c0000)]
  0x0000000016c25800 JavaThread "/127.0.0.1:5414 to /127.0.0.1:5410 workers Thread 2" [_thread_blocked, id=12812, stack(0x00000000177c0000,0x00000000178c0000)]
  0x00000000163a4000 JavaThread "Forwarding sendKeysToElement on session 65fadc682e1010e0f31ea7d736aa67df to remote" [_thread_in_native, id=7500, stack(0x0000000017380000,0x0000000017480000)]
  0x0000000014ee6800 JavaThread "Service Thread" daemon [_thread_blocked, id=13132, stack(0x00000000158b0000,0x00000000159b0000)]
  0x0000000014eb4000 JavaThread "C1 CompilerThread2" daemon [_thread_blocked, id=12968, stack(0x00000000157b0000,0x00000000158b0000)]
=>0x0000000014eb0800 JavaThread "C2 CompilerThread1" daemon [_thread_in_native, id=5020, stack(0x00000000156b0000,0x00000000157b0000)]
  0x0000000013a07800 JavaThread "C2 CompilerThread0" daemon [_thread_in_native, id=4612, stack(0x00000000155b0000,0x00000000156b0000)]
  0x0000000013a05000 JavaThread "Attach Listener" daemon [_thread_blocked, id=3128, stack(0x00000000154b0000,0x00000000155b0000)]
  0x0000000013a04000 JavaThread "Signal Dispatcher" daemon [_thread_blocked, id=13716, stack(0x00000000153b0000,0x00000000154b0000)]
  0x000000000265c800 JavaThread "Finalizer" daemon [_thread_blocked, id=9948, stack(0x0000000014c20000,0x0000000014d20000)]
  0x00000000139ba000 JavaThread "Reference Handler" daemon [_thread_blocked, id=10080, stack(0x0000000014b20000,0x0000000014c20000)]
  0x0000000002562800 JavaThread "main" [_thread_blocked, id=12048, stack(0x0000000002390000,0x0000000002490000)]

Other Threads:
  0x0000000013998000 VMThread [stack: 0x0000000014a20000,0x0000000014b20000] [id=6952]
  0x0000000014f28000 WatcherThread [stack: 0x00000000159b0000,0x0000000015ab0000] [id=9900]

VM state:not at safepoint (normal execution)

VM Mutex/Monitor currently owned by a thread: None

heap address: 0x00000000e0000000, size: 512 MB, Compressed Oops mode: 32-bit
Narrow klass base: 0x0000000000000000, Narrow klass shift: 3
Compressed class space size: 1073741824 Address: 0x0000000100000000

Heap:
 PSYoungGen      total 126976K, used 24902K [0x00000000f5580000, 0x00000000ff400000, 0x0000000100000000)
  eden space 118272K, 19% used [0x00000000f5580000,0x00000000f6c41218,0x00000000fc900000)
  from space 8704K, 18% used [0x00000000fc900000,0x00000000fca908e8,0x00000000fd180000)
  to   space 9216K, 0% used [0x00000000feb00000,0x00000000feb00000,0x00000000ff400000)
 ParOldGen       total 76288K, used 10589K [0x00000000e0000000, 0x00000000e4a80000, 0x00000000f5580000)
  object space 76288K, 13% used [0x00000000e0000000,0x00000000e0a575d8,0x00000000e4a80000)
 Metaspace       used 36106K, capacity 37330K, committed 37424K, reserved 1081344K
  class space    used 5085K, capacity 5381K, committed 5424K, reserved 1048576K

Card table byte_map: [0x0000000011a20000,0x0000000011b30000] byte_map_base: 0x0000000011320000

Marking Bits: (ParMarkBitMap*) 0x00000000741c6d90
 Begin Bits: [0x0000000011f30000, 0x0000000012730000)
 End Bits:   [0x0000000012730000, 0x0000000012f30000)

Polling page: 0x00000000007a0000

CodeCache: size=245760Kb used=10240Kb max_used=10472Kb free=235519Kb
 bounds [0x0000000002660000, 0x00000000030b0000, 0x0000000011660000]
 total_blobs=3776 nmethods=3297 adapters=391
 compilation: enabled

Compilation events (10 events):
Event: 25.993 Thread 0x0000000014eb4000 3778       3       com.google.common.collect.AbstractMapBasedMultimap::lambda$null$0 (6 bytes)
Event: 25.993 Thread 0x0000000014eb4000 nmethod 3778 0x000000000283f090 code [0x000000000283f200, 0x000000000283f530]
Event: 25.993 Thread 0x0000000014eb4000 3779       3       org.openqa.selenium.remote.http.HttpMessage$$Lambda$350/229370149::test (8 bytes)
Event: 25.993 Thread 0x0000000014eb4000 nmethod 3779 0x0000000002b8ad10 code [0x0000000002b8aea0, 0x0000000002b8b2c8]
Event: 25.993 Thread 0x0000000014eb4000 3780       3       org.openqa.selenium.remote.http.HttpMessage::lambda$getHeaders$0 (10 bytes)
Event: 25.994 Thread 0x0000000014eb4000 nmethod 3780 0x0000000002b8a810 code [0x0000000002b8a980, 0x0000000002b8ac28]
Event: 25.994 Thread 0x0000000014eb4000 3781       3       org.openqa.selenium.remote.http.HttpMessage$$Lambda$351/1954786692::test (12 bytes)
Event: 25.994 Thread 0x0000000014eb4000 nmethod 3781 0x0000000002b89c90 code [0x0000000002b89e40, 0x0000000002b8a568]
Event: 25.994 Thread 0x0000000014eb4000 3782       3       org.openqa.selenium.remote.http.HttpMessage::lambda$getHeaders$1 (17 bytes)
Event: 25.994 Thread 0x0000000014eb4000 nmethod 3782 0x0000000002b89350 code [0x0000000002b89500, 0x0000000002b89aa8]

GC Heap History (10 events):
Event: 18.384 GC heap before
{Heap before GC invocations=11 (full 2):
 PSYoungGen      total 99328K, used 4589K [0x00000000f5580000, 0x00000000fd980000, 0x0000000100000000)
  eden space 91136K, 0% used [0x00000000f5580000,0x00000000f5580000,0x00000000fae80000)
  from space 8192K, 56% used [0x00000000fae80000,0x00000000fb2fb610,0x00000000fb680000)
  to   space 8192K, 0% used [0x00000000fd180000,0x00000000fd180000,0x00000000fd980000)
 ParOldGen       total 51712K, used 6828K [0x00000000e0000000, 0x00000000e3280000, 0x00000000f5580000)
  object space 51712K, 13% used [0x00000000e0000000,0x00000000e06ab2e8,0x00000000e3280000)
 Metaspace       used 34304K, capacity 35416K, committed 35496K, reserved 1079296K
  class space    used 4862K, capacity 5118K, committed 5168K, reserved 1048576K
Event: 18.487 GC heap after
Heap after GC invocations=11 (full 2):
 PSYoungGen      total 99328K, used 0K [0x00000000f5580000, 0x00000000fd980000, 0x0000000100000000)
  eden space 91136K, 0% used [0x00000000f5580000,0x00000000f5580000,0x00000000fae80000)
  from space 8192K, 0% used [0x00000000fae80000,0x00000000fae80000,0x00000000fb680000)
  to   space 8192K, 0% used [0x00000000fd180000,0x00000000fd180000,0x00000000fd980000)
 ParOldGen       total 76288K, used 10557K [0x00000000e0000000, 0x00000000e4a80000, 0x00000000f5580000)
  object space 76288K, 13% used [0x00000000e0000000,0x00000000e0a4f5d8,0x00000000e4a80000)
 Metaspace       used 34304K, capacity 35416K, committed 35496K, reserved 1079296K
  class space    used 4862K, capacity 5118K, committed 5168K, reserved 1048576K
}
Event: 19.779 GC heap before
{Heap before GC invocations=12 (full 2):
 PSYoungGen      total 99328K, used 91136K [0x00000000f5580000, 0x00000000fd980000, 0x0000000100000000)
  eden space 91136K, 100% used [0x00000000f5580000,0x00000000fae80000,0x00000000fae80000)
  from space 8192K, 0% used [0x00000000fae80000,0x00000000fae80000,0x00000000fb680000)
  to   space 8192K, 0% used [0x00000000fd180000,0x00000000fd180000,0x00000000fd980000)
 ParOldGen       total 76288K, used 10557K [0x00000000e0000000, 0x00000000e4a80000, 0x00000000f5580000)
  object space 76288K, 13% used [0x00000000e0000000,0x00000000e0a4f5d8,0x00000000e4a80000)
 Metaspace       used 35353K, capacity 36532K, committed 36784K, reserved 1081344K
  class space    used 5003K, capacity 5268K, committed 5296K, reserved 1048576K
Event: 19.782 GC heap after
Heap after GC invocations=12 (full 2):
 PSYoungGen      total 126464K, used 1651K [0x00000000f5580000, 0x00000000fda00000, 0x0000000100000000)
  eden space 118272K, 0% used [0x00000000f5580000,0x00000000f5580000,0x00000000fc900000)
  from space 8192K, 20% used [0x00000000fd180000,0x00000000fd31cd88,0x00000000fd980000)
  to   space 8704K, 0% used [0x00000000fc900000,0x00000000fc900000,0x00000000fd180000)
 ParOldGen       total 76288K, used 10565K [0x00000000e0000000, 0x00000000e4a80000, 0x00000000f5580000)
  object space 76288K, 13% used [0x00000000e0000000,0x00000000e0a515d8,0x00000000e4a80000)
 Metaspace       used 35353K, capacity 36532K, committed 36784K, reserved 1081344K
  class space    used 5003K, capacity 5268K, committed 5296K, reserved 1048576K
}
Event: 23.953 GC heap before
{Heap before GC invocations=13 (full 2):
 PSYoungGen      total 126464K, used 118954K [0x00000000f5580000, 0x00000000fda00000, 0x0000000100000000)
  eden space 118272K, 99% used [0x00000000f5580000,0x00000000fc80db20,0x00000000fc900000)
  from space 8192K, 20% used [0x00000000fd180000,0x00000000fd31cd88,0x00000000fd980000)
  to   space 8704K, 0% used [0x00000000fc900000,0x00000000fc900000,0x00000000fd180000)
 ParOldGen       total 76288K, used 10565K [0x00000000e0000000, 0x00000000e4a80000, 0x00000000f5580000)
  object space 76288K, 13% used [0x00000000e0000000,0x00000000e0a515d8,0x00000000e4a80000)
 Metaspace       used 36038K, capacity 37254K, committed 37424K, reserved 1081344K
  class space    used 5085K, capacity 5381K, committed 5424K, reserved 1048576K
Event: 23.957 GC heap after
Heap after GC invocations=13 (full 2):
 PSYoungGen      total 126976K, used 3410K [0x00000000f5580000, 0x00000000fda00000, 0x0000000100000000)
  eden space 118272K, 0% used [0x00000000f5580000,0x00000000f5580000,0x00000000fc900000)
  from space 8704K, 39% used [0x00000000fc900000,0x00000000fcc54bd8,0x00000000fd180000)
  to   space 8192K, 0% used [0x00000000fd180000,0x00000000fd180000,0x00000000fd980000)
 ParOldGen       total 76288K, used 10573K [0x00000000e0000000, 0x00000000e4a80000, 0x00000000f5580000)
  object space 76288K, 13% used [0x00000000e0000000,0x00000000e0a535d8,0x00000000e4a80000)
 Metaspace       used 36038K, capacity 37254K, committed 37424K, reserved 1081344K
  class space    used 5085K, capacity 5381K, committed 5424K, reserved 1048576K
}
Event: 24.422 GC heap before
{Heap before GC invocations=14 (full 2):
 PSYoungGen      total 126976K, used 121682K [0x00000000f5580000, 0x00000000fda00000, 0x0000000100000000)
  eden space 118272K, 100% used [0x00000000f5580000,0x00000000fc900000,0x00000000fc900000)
  from space 8704K, 39% used [0x00000000fc900000,0x00000000fcc54bd8,0x00000000fd180000)
  to   space 8192K, 0% used [0x00000000fd180000,0x00000000fd180000,0x00000000fd980000)
 ParOldGen       total 76288K, used 10573K [0x00000000e0000000, 0x00000000e4a80000, 0x00000000f5580000)
  object space 76288K, 13% used [0x00000000e0000000,0x00000000e0a535d8,0x00000000e4a80000)
 Metaspace       used 36056K, capacity 37318K, committed 37424K, reserved 1081344K
  class space    used 5085K, capacity 5381K, committed 5424K, reserved 1048576K
Event: 24.424 GC heap after
Heap after GC invocations=14 (full 2):
 PSYoungGen      total 126464K, used 1570K [0x00000000f5580000, 0x00000000fda00000, 0x0000000100000000)
  eden space 118272K, 0% used [0x00000000f5580000,0x00000000f5580000,0x00000000fc900000)
  from space 8192K, 19% used [0x00000000fd180000,0x00000000fd3088e8,0x00000000fd980000)
  to   space 8704K, 0% used [0x00000000fc900000,0x00000000fc900000,0x00000000fd180000)
 ParOldGen       total 76288K, used 10581K [0x00000000e0000000, 0x00000000e4a80000, 0x00000000f5580000)
  object space 76288K, 13% used [0x00000000e0000000,0x00000000e0a555d8,0x00000000e4a80000)
 Metaspace       used 36056K, capacity 37318K, committed 37424K, reserved 1081344K
  class space    used 5085K, capacity 5381K, committed 5424K, reserved 1048576K
}
Event: 25.800 GC heap before
{Heap before GC invocations=15 (full 2):
 PSYoungGen      total 126464K, used 119842K [0x00000000f5580000, 0x00000000fda00000, 0x0000000100000000)
  eden space 118272K, 100% used [0x00000000f5580000,0x00000000fc900000,0x00000000fc900000)
  from space 8192K, 19% used [0x00000000fd180000,0x00000000fd3088e8,0x00000000fd980000)
  to   space 8704K, 0% used [0x00000000fc900000,0x00000000fc900000,0x00000000fd180000)
 ParOldGen       total 76288K, used 10581K [0x00000000e0000000, 0x00000000e4a80000, 0x00000000f5580000)
  object space 76288K, 13% used [0x00000000e0000000,0x00000000e0a555d8,0x00000000e4a80000)
 Metaspace       used 36094K, capacity 37326K, committed 37424K, reserved 1081344K
  class space    used 5085K, capacity 5381K, committed 5424K, reserved 1048576K
Event: 25.802 GC heap after
Heap after GC invocations=15 (full 2):
 PSYoungGen      total 126976K, used 1602K [0x00000000f5580000, 0x00000000ff400000, 0x0000000100000000)
  eden space 118272K, 0% used [0x00000000f5580000,0x00000000f5580000,0x00000000fc900000)
  from space 8704K, 18% used [0x00000000fc900000,0x00000000fca908e8,0x00000000fd180000)
  to   space 9216K, 0% used [0x00000000feb00000,0x00000000feb00000,0x00000000ff400000)
 ParOldGen       total 76288K, used 10589K [0x00000000e0000000, 0x00000000e4a80000, 0x00000000f5580000)
  object space 76288K, 13% used [0x00000000e0000000,0x00000000e0a575d8,0x00000000e4a80000)
 Metaspace       used 36094K, capacity 37326K, committed 37424K, reserved 1081344K
  class space    used 5085K, capacity 5381K, committed 5424K, reserved 1048576K
}

Deoptimization events (10 events):
Event: 21.852 Thread 0x00000000163a4000 Uncommon trap: reason=class_check action=maybe_recompile pc=0x0000000002d71418 method=java.lang.AbstractStringBuilder.append(Ljava/lang/CharSequence;II)Ljava/lang/AbstractStringBuilder; @ 18
Event: 21.856 Thread 0x00000000163a4000 Uncommon trap: reason=class_check action=maybe_recompile pc=0x00000000030913c0 method=java.lang.AbstractStringBuilder.append(Ljava/lang/CharSequence;)Ljava/lang/AbstractStringBuilder; @ 26
Event: 21.856 Thread 0x00000000163a4000 Uncommon trap: reason=class_check action=maybe_recompile pc=0x0000000002d71418 method=java.lang.AbstractStringBuilder.append(Ljava/lang/CharSequence;II)Ljava/lang/AbstractStringBuilder; @ 18
Event: 21.858 Thread 0x00000000163a4000 Uncommon trap: reason=unstable_if action=reinterpret pc=0x00000000027fe958 method=sun.nio.cs.UTF_8$Encoder.encode([CII[B)I @ 33
Event: 24.147 Thread 0x00000000163a4000 Uncommon trap: reason=class_check action=maybe_recompile pc=0x0000000002f270d0 method=java.util.stream.AbstractPipeline.wrapAndCopyInto(Ljava/util/stream/Sink;Ljava/util/Spliterator;)Ljava/util/stream/Sink; @ 6
Event: 24.148 Thread 0x00000000163a4000 Uncommon trap: reason=class_check action=maybe_recompile pc=0x0000000002f270d0 method=java.util.stream.AbstractPipeline.wrapAndCopyInto(Ljava/util/stream/Sink;Ljava/util/Spliterator;)Ljava/util/stream/Sink; @ 6
Event: 24.148 Thread 0x00000000163a4000 Uncommon trap: reason=class_check action=maybe_recompile pc=0x0000000002f270d0 method=java.util.stream.AbstractPipeline.wrapAndCopyInto(Ljava/util/stream/Sink;Ljava/util/Spliterator;)Ljava/util/stream/Sink; @ 6
Event: 24.148 Thread 0x00000000163a4000 Uncommon trap: reason=class_check action=maybe_recompile pc=0x0000000002f270d0 method=java.util.stream.AbstractPipeline.wrapAndCopyInto(Ljava/util/stream/Sink;Ljava/util/Spliterator;)Ljava/util/stream/Sink; @ 6
Event: 24.468 Thread 0x00000000163a4000 Uncommon trap: reason=class_check action=maybe_recompile pc=0x00000000030913c0 method=java.lang.AbstractStringBuilder.append(Ljava/lang/CharSequence;)Ljava/lang/AbstractStringBuilder; @ 26
Event: 24.468 Thread 0x00000000163a4000 Uncommon trap: reason=class_check action=maybe_recompile pc=0x0000000002d71418 method=java.lang.AbstractStringBuilder.append(Ljava/lang/CharSequence;II)Ljava/lang/AbstractStringBuilder; @ 18

Classes redefined (0 events):
No events

Internal exceptions (10 events):
Event: 24.045 Thread 0x000000001aa6a000 Exception <a 'sun/nio/fs/WindowsException'> (0x00000000f94e4068) thrown at [C:\re\workspace\8-2-build-windows-amd64-cygwin\jdk8u231\13620\hotspot\src\share\vm\prims\jni.cpp, line 710]
Event: 24.046 Thread 0x000000001aa6a000 Exception <a 'sun/nio/fs/WindowsException'> (0x00000000f94e4770) thrown at [C:\re\workspace\8-2-build-windows-amd64-cygwin\jdk8u231\13620\hotspot\src\share\vm\prims\jni.cpp, line 710]
Event: 24.150 Thread 0x00000000163a4000 Exception <a 'java/net/SocketTimeoutException': Read timed out> (0x00000000fa6f4580) thrown at [C:\re\workspace\8-2-build-windows-amd64-cygwin\jdk8u231\13620\hotspot\src\share\vm\prims\jni.cpp, line 736]
Event: 24.453 Thread 0x00000000163a4000 Exception <a 'java/net/SocketTimeoutException': Read timed out> (0x00000000f5806cf0) thrown at [C:\re\workspace\8-2-build-windows-amd64-cygwin\jdk8u231\13620\hotspot\src\share\vm\prims\jni.cpp, line 736]
Event: 24.484 Thread 0x00000000163a4000 Exception <a 'java/net/SocketTimeoutException': Read timed out> (0x00000000f5826ca0) thrown at [C:\re\workspace\8-2-build-windows-amd64-cygwin\jdk8u231\13620\hotspot\src\share\vm\prims\jni.cpp, line 736]
Event: 24.606 Thread 0x00000000163a4000 Exception <a 'java/net/SocketTimeoutException': Read timed out> (0x00000000f5c1fd18) thrown at [C:\re\workspace\8-2-build-windows-amd64-cygwin\jdk8u231\13620\hotspot\src\share\vm\prims\jni.cpp, line 736]
Event: 24.682 Thread 0x00000000163a4000 Exception <a 'java/net/SocketTimeoutException': Read timed out> (0x00000000f601d318) thrown at [C:\re\workspace\8-2-build-windows-amd64-cygwin\jdk8u231\13620\hotspot\src\share\vm\prims\jni.cpp, line 736]
Event: 25.673 Thread 0x00000000163a4000 Exception <a 'java/net/SocketTimeoutException': Read timed out> (0x00000000fba656e0) thrown at [C:\re\workspace\8-2-build-windows-amd64-cygwin\jdk8u231\13620\hotspot\src\share\vm\prims\jni.cpp, line 736]
Event: 25.970 Thread 0x00000000163a4000 Exception <a 'java/net/SocketTimeoutException': Read timed out> (0x00000000f6a4afc8) thrown at [C:\re\workspace\8-2-build-windows-amd64-cygwin\jdk8u231\13620\hotspot\src\share\vm\prims\jni.cpp, line 736]
Event: 25.995 Thread 0x00000000163a4000 Exception <a 'java/net/SocketTimeoutException': Read timed out> (0x00000000f6a6af78) thrown at [C:\re\workspace\8-2-build-windows-amd64-cygwin\jdk8u231\13620\hotspot\src\share\vm\prims\jni.cpp, line 736]

Events (10 events):
Event: 25.951 loading class org/gradle/internal/concurrent/ExecutorPolicy$CatchAndRecordFailures
Event: 25.951 loading class org/gradle/internal/concurrent/ExecutorPolicy$CatchAndRecordFailures done
Event: 25.952 loading class org/gradle/internal/concurrent/ManagedExecutorImpl$1
Event: 25.952 loading class org/gradle/internal/concurrent/ManagedExecutorImpl$1 done
Event: 25.953 loading class org/gradle/internal/concurrent/ManagedExecutorImpl$1
Event: 25.953 loading class org/gradle/internal/concurrent/ManagedExecutorImpl$1 done
Event: 25.954 loading class org/gradle/internal/concurrent/ThreadFactoryImpl$ManagedThreadRunnable
Event: 25.954 loading class org/gradle/internal/concurrent/ThreadFactoryImpl$ManagedThreadRunnable done
Event: 25.955 loading class org/gradle/internal/concurrent/ThreadFactoryImpl$ManagedThreadRunnable
Event: 25.955 loading class org/gradle/internal/concurrent/ThreadFactoryImpl$ManagedThreadRunnable done


Dynamic libraries:
0x00007ff65cdf0000 - 0x00007ff65ce27000 	C:\Program Files\Java\jdk1.8.0_231\bin\java.exe
0x00007ff906cd0000 - 0x00007ff906ec6000 	C:\WINDOWS\SYSTEM32\ntdll.dll
0x00007ff905a00000 - 0x00007ff905abd000 	C:\WINDOWS\System32\KERNEL32.DLL
0x00007ff9048d0000 - 0x00007ff904b99000 	C:\WINDOWS\System32\KERNELBASE.dll
0x00007ff905ac0000 - 0x00007ff905b6c000 	C:\WINDOWS\System32\ADVAPI32.dll
0x00007ff906080000 - 0x00007ff90611e000 	C:\WINDOWS\System32\msvcrt.dll
0x00007ff906180000 - 0x00007ff90621c000 	C:\WINDOWS\System32\sechost.dll
0x00007ff905c10000 - 0x00007ff905d3b000 	C:\WINDOWS\System32\RPCRT4.dll
0x00007ff904db0000 - 0x00007ff904f50000 	C:\WINDOWS\System32\USER32.dll
0x00007ff904cd0000 - 0x00007ff904cf2000 	C:\WINDOWS\System32\win32u.dll
0x00007ff906050000 - 0x00007ff90607a000 	C:\WINDOWS\System32\GDI32.dll
0x00007ff9045c0000 - 0x00007ff9046c9000 	C:\WINDOWS\System32\gdi32full.dll
0x00007ff9046d0000 - 0x00007ff90476d000 	C:\WINDOWS\System32\msvcp_win.dll
0x00007ff9043e0000 - 0x00007ff9044e0000 	C:\WINDOWS\System32\ucrtbase.dll
0x00007ff8fac90000 - 0x00007ff8faf2b000 	C:\WINDOWS\WinSxS\amd64_microsoft.windows.common-controls_6595b64144ccf1df_6.0.19041.488_none_ca04af081b815d21\COMCTL32.dll
0x00007ff9068e0000 - 0x00007ff906910000 	C:\WINDOWS\System32\IMM32.DLL
0x0000000074250000 - 0x0000000074322000 	C:\Program Files\Java\jdk1.8.0_231\jre\bin\msvcr100.dll
0x00000000739a0000 - 0x0000000074246000 	C:\Program Files\Java\jdk1.8.0_231\jre\bin\server\jvm.dll
0x00007ff9063d0000 - 0x00007ff9063d8000 	C:\WINDOWS\System32\PSAPI.DLL
0x00007ff902bb0000 - 0x00007ff902bb9000 	C:\WINDOWS\SYSTEM32\WSOCK32.dll
0x00007ff906350000 - 0x00007ff9063bb000 	C:\WINDOWS\System32\WS2_32.dll
0x00007ff8fc520000 - 0x00007ff8fc547000 	C:\WINDOWS\SYSTEM32\WINMM.dll
0x00007ff8f8390000 - 0x00007ff8f839a000 	C:\WINDOWS\SYSTEM32\VERSION.dll
0x00007ff8feca0000 - 0x00007ff8fecaf000 	C:\Program Files\Java\jdk1.8.0_231\jre\bin\verify.dll
0x00007ff8e96f0000 - 0x00007ff8e9719000 	C:\Program Files\Java\jdk1.8.0_231\jre\bin\java.dll
0x00007ff8e96d0000 - 0x00007ff8e96e6000 	C:\Program Files\Java\jdk1.8.0_231\jre\bin\zip.dll
0x00007ff9052b0000 - 0x00007ff9059f2000 	C:\WINDOWS\System32\SHELL32.dll
0x00007ff9021f0000 - 0x00007ff902985000 	C:\WINDOWS\SYSTEM32\windows.storage.dll
0x00007ff904f50000 - 0x00007ff9052a6000 	C:\WINDOWS\System32\combase.dll
0x00007ff903de0000 - 0x00007ff903e0c000 	C:\WINDOWS\SYSTEM32\Wldp.dll
0x00007ff904d00000 - 0x00007ff904dae000 	C:\WINDOWS\System32\SHCORE.dll
0x00007ff906220000 - 0x00007ff906275000 	C:\WINDOWS\System32\shlwapi.dll
0x00007ff904310000 - 0x00007ff904336000 	C:\WINDOWS\SYSTEM32\profapi.dll
0x00007ff8e96b0000 - 0x00007ff8e96ca000 	C:\Program Files\Java\jdk1.8.0_231\jre\bin\net.dll
0x00007ff903b00000 - 0x00007ff903b6a000 	C:\WINDOWS\system32\mswsock.dll
0x00007ff8e9690000 - 0x00007ff8e96a2000 	C:\Program Files\Java\jdk1.8.0_231\jre\bin\nio.dll
0x00007ff903cd0000 - 0x00007ff903ce8000 	C:\WINDOWS\SYSTEM32\CRYPTSP.dll
0x00007ff903490000 - 0x00007ff9034c4000 	C:\WINDOWS\system32\rsaenh.dll
0x00007ff904590000 - 0x00007ff9045b7000 	C:\WINDOWS\System32\bcrypt.dll
0x00007ff9042d0000 - 0x00007ff9042fe000 	C:\WINDOWS\SYSTEM32\USERENV.dll
0x00007ff904ba0000 - 0x00007ff904c20000 	C:\WINDOWS\System32\bcryptprimitives.dll
0x00007ff903cf0000 - 0x00007ff903cfc000 	C:\WINDOWS\SYSTEM32\CRYPTBASE.dll
0x00007ff9037f0000 - 0x00007ff90382b000 	C:\WINDOWS\SYSTEM32\IPHLPAPI.DLL
0x00007ff906c50000 - 0x00007ff906c58000 	C:\WINDOWS\System32\NSI.dll
0x00007ff8fef50000 - 0x00007ff8fef67000 	C:\WINDOWS\SYSTEM32\dhcpcsvc6.DLL
0x00007ff8fef30000 - 0x00007ff8fef4d000 	C:\WINDOWS\SYSTEM32\dhcpcsvc.DLL
0x00007ff903830000 - 0x00007ff9038fb000 	C:\WINDOWS\SYSTEM32\DNSAPI.dll
0x00007ff8fc510000 - 0x00007ff8fc51a000 	C:\Windows\System32\rasadhlp.dll
0x00007ff8fc2b0000 - 0x00007ff8fc32f000 	C:\WINDOWS\System32\fwpuclnt.dll
0x00007ff8ea390000 - 0x00007ff8ea3b4000 	C:\Program Files\Java\jdk1.8.0_231\jre\bin\sunec.dll
0x00007ff8fef70000 - 0x00007ff8fef7b000 	C:\Program Files\Java\jdk1.8.0_231\jre\bin\sunmscapi.dll
0x00007ff904770000 - 0x00007ff9048cd000 	C:\WINDOWS\System32\CRYPT32.dll

VM Arguments:
jvm_args: -Djava.security.manager=worker.org.gradle.process.internal.worker.child.BootstrapSecurityManager -Dorg.gradle.native=false -Xmx512m -Dfile.encoding=windows-1252 -Duser.country=CO -Duser.language=es -Duser.variant -ea 
java_command: worker.org.gradle.process.internal.worker.GradleWorkerMain 'Gradle Test Executor 42'
java_class_path (initial): C:\Users\Usuario\.gradle\caches\6.7\workerMain\gradle-worker.jar
Launcher Type: SUN_STANDARD

Environment Variables:
JAVA_HOME=C:\Program Files\Java\jdk1.8.0_231
PATH=C:\WINDOWS\system32;C:\WINDOWS;C:\WINDOWS\System32\Wbem;C:\WINDOWS\System32\WindowsPowerShell\v1.0\;C:\Program Files\PuTTY\;C:\WINDOWS\System32\OpenSSH\;C:\Program Files\dotnet\;C:\Program Files\Microsoft SQL Server\130\Tools\Binn\;C:\Program Files\Microsoft SQL Server\Client SDK\ODBC\170\Tools\Binn\;C:\Program Files (x86)\Microsoft SQL Server\150\Tools\Binn\;C:\Program Files\Microsoft SQL Server\150\Tools\Binn\;C:\Program Files\Microsoft SQL Server\150\DTS\Binn\;C:\Program Files (x86)\Microsoft SQL Server\150\DTS\Binn\;C:\Program Files\Azure Data Studio\bin;C:\Program Files\Java\jdk1.8.0_231\bin;C:\GRADLE\gradle-6.7\bin;C:\Program Files\Git\cmd;C:\Program Files\MySQL\MySQL Shell 8.0\bin\;C:\Users\Usuario\AppData\Local\Microsoft\WindowsApps;C:\Users\Usuario\AppData\Local\Programs\Microsoft VS Code\bin;C:\Program Files\Azure Data Studio\bin;
USERNAME=Usuario
OS=Windows_NT
PROCESSOR_IDENTIFIER=Intel64 Family 6 Model 61 Stepping 4, GenuineIntel



---------------  S Y S T E M  ---------------

OS: Windows 10.0 , 64 bit Build 19041 (10.0.19041.662)

CPU:total 4 (initial active 4) (2 cores per cpu, 2 threads per core) family 6 model 61 stepping 4, cmov, cx8, fxsr, mmx, sse, sse2, sse3, ssse3, sse4.1, sse4.2, popcnt, avx, avx2, aes, clmul, erms, 3dnowpref, lzcnt, ht, tsc, tscinvbit, bmi1, bmi2, adx

Memory: 4k page, physical 8301580k(913292k free), swap 8301580k(6256k free)

vm_info: Java HotSpot(TM) 64-Bit Server VM (25.231-b11) for windows-amd64 JRE (1.8.0_231-b11), built on Oct  5 2019 03:11:30 by "java_re" with MS VC++ 10.0 (VS2010)

time: Wed Jan 06 03:01:56 2021
timezone: Hora est. Pacífico, Sudamérica
elapsed time: 26 seconds (0d 0h 0m 26s)

