#
# There is insufficient memory for the Java Runtime Environment to continue.
# Native memory allocation (malloc) failed to allocate 313456 bytes for Chunk::new
# Possible reasons:
#   The system is out of physical RAM or swap space
#   The process is running with CompressedOops enabled, and the Java Heap may be blocking the growth of the native heap
# Possible solutions:
#   Reduce memory load on the system
#   Increase physical memory or swap space
#   Check if swap backing store is full
#   Decrease Java heap size (-Xmx/-Xms)
#   Decrease number of Java threads
#   Decrease Java thread stack sizes (-Xss)
#   Set larger code cache with -XX:ReservedCodeCacheSize=
#   JVM is running with Unscaled Compressed Oops mode in which the Java heap is
#     placed in the first 4GB address space. The Java Heap base address is the
#     maximum limit for the native heap growth. Please use -XX:HeapBaseMinAddress
#     to set the Java Heap base and to place the Java Heap above 4GB virtual address.
# This output file may be truncated or incomplete.
#
#  Out of Memory Error (allocation.cpp:389), pid=17948, tid=0x000000000000485c
#
# JRE version: Java(TM) SE Runtime Environment (8.0_231-b11) (build 1.8.0_231-b11)
# Java VM: Java HotSpot(TM) 64-Bit Server VM (25.231-b11 mixed mode windows-amd64 compressed oops)
# Failed to write core dump. Minidumps are not enabled by default on client versions of Windows
#

---------------  T H R E A D  ---------------

Current thread (0x0000000013f15000):  JavaThread "C2 CompilerThread0" daemon [_thread_in_native, id=18524, stack(0x0000000015ac0000,0x0000000015bc0000)]

Stack: [0x0000000015ac0000,0x0000000015bc0000]
[error occurred during error reporting (printing stack bounds), id 0xc0000005]

Native frames: (J=compiled Java code, j=interpreted, Vv=VM code, C=native code)


Current CompileTask:
C2:  24732 3772       4       java.net.URLClassLoader$1::run (5 bytes)


---------------  P R O C E S S  ---------------

Java Threads: ( => current thread )
  0x00000000162b3800 JavaThread "Darkroom Processing Line" daemon [_thread_blocked, id=16980, stack(0x00000000180d0000,0x00000000181d0000)]
  0x00000000162b5000 JavaThread "Okio Watchdog" daemon [_thread_blocked, id=16128, stack(0x000000001cf70000,0x000000001d070000)]
  0x00000000162b4000 JavaThread "OkHttp ConnectionPool" daemon [_thread_blocked, id=1764, stack(0x000000001cd70000,0x000000001ce70000)]
  0x00000000162b9800 JavaThread "Exec Stream Pumper" daemon [_thread_in_native, id=184, stack(0x000000001c870000,0x000000001c970000)]
  0x00000000162b8800 JavaThread "Exec Stream Pumper" daemon [_thread_in_native, id=8896, stack(0x000000001b2f0000,0x000000001b3f0000)]
  0x00000000162b8000 JavaThread "UrlChecker-2" daemon [_thread_blocked, id=2984, stack(0x000000001a1b0000,0x000000001a2b0000)]
  0x00000000162b7000 JavaThread "Exec Default Executor" daemon [_thread_in_native, id=9368, stack(0x00000000199b0000,0x0000000019ab0000)]
  0x0000000016deb000 JavaThread "/127.0.0.1:6152 to /127.0.0.1:6151 workers Thread 3" [_thread_in_native, id=15248, stack(0x0000000017dd0000,0x0000000017ed0000)]
  0x0000000016dea000 JavaThread "/127.0.0.1:6152 to /127.0.0.1:6151 workers Thread 2" [_thread_blocked, id=12856, stack(0x0000000017cd0000,0x0000000017dd0000)]
  0x00000000171fe800 JavaThread "Forwarding clearElement on session 225d9a5d9727b33e801c9e7276944951 to remote" [_thread_in_native, id=17868, stack(0x0000000017890000,0x0000000017990000)]
  0x00000000153fe800 JavaThread "Service Thread" daemon [_thread_blocked, id=12256, stack(0x0000000015dc0000,0x0000000015ec0000)]
  0x0000000013f26800 JavaThread "C1 CompilerThread2" daemon [_thread_blocked, id=15100, stack(0x0000000015cc0000,0x0000000015dc0000)]
  0x0000000013f1b800 JavaThread "C2 CompilerThread1" daemon [_thread_in_native, id=4920, stack(0x0000000015bc0000,0x0000000015cc0000)]
=>0x0000000013f15000 JavaThread "C2 CompilerThread0" daemon [_thread_in_native, id=18524, stack(0x0000000015ac0000,0x0000000015bc0000)]
  0x0000000013f12800 JavaThread "Attach Listener" daemon [_thread_blocked, id=6920, stack(0x00000000159c0000,0x0000000015ac0000)]
  0x0000000013f12000 JavaThread "Signal Dispatcher" daemon [_thread_blocked, id=18592, stack(0x00000000158c0000,0x00000000159c0000)]
  0x0000000002abd000 JavaThread "Finalizer" daemon [_thread_blocked, id=7460, stack(0x0000000015130000,0x0000000015230000)]
  0x0000000002ab4000 JavaThread "Reference Handler" daemon [_thread_blocked, id=4536, stack(0x0000000015030000,0x0000000015130000)]
  0x00000000029c2800 JavaThread "main" [_thread_blocked, id=17916, stack(0x00000000027f0000,0x00000000028f0000)]

Other Threads:
  0x0000000013ea8000 VMThread [stack: 0x0000000014f30000,0x0000000015030000] [id=18980]
  0x000000001543f000 WatcherThread [stack: 0x0000000015ec0000,0x0000000015fc0000] [id=15824]

VM state:not at safepoint (normal execution)

VM Mutex/Monitor currently owned by a thread: None

heap address: 0x00000000e0000000, size: 512 MB, Compressed Oops mode: 32-bit
Narrow klass base: 0x0000000000000000, Narrow klass shift: 3
Compressed class space size: 1073741824 Address: 0x0000000100000000

Heap:
 PSYoungGen      total 141824K, used 27824K [0x00000000f5580000, 0x0000000100000000, 0x0000000100000000)
  eden space 132608K, 19% used [0x00000000f5580000,0x00000000f6f13a60,0x00000000fd700000)
  from space 9216K, 17% used [0x00000000fd700000,0x00000000fd8988e8,0x00000000fe000000)
  to   space 9216K, 0% used [0x00000000ff700000,0x00000000ff700000,0x0000000100000000)
 ParOldGen       total 80384K, used 10664K [0x00000000e0000000, 0x00000000e4e80000, 0x00000000f5580000)
  object space 80384K, 13% used [0x00000000e0000000,0x00000000e0a6a248,0x00000000e4e80000)
 Metaspace       used 36068K, capacity 37330K, committed 37424K, reserved 1081344K
  class space    used 5082K, capacity 5381K, committed 5424K, reserved 1048576K

Card table byte_map: [0x0000000011e80000,0x0000000011f90000] byte_map_base: 0x0000000011780000

Marking Bits: (ParMarkBitMap*) 0x00000000742a6d90
 Begin Bits: [0x0000000012440000, 0x0000000012c40000)
 End Bits:   [0x0000000012c40000, 0x0000000013440000)

Polling page: 0x0000000000fc0000

CodeCache: size=245760Kb used=10090Kb max_used=10681Kb free=235669Kb
 bounds [0x0000000002ac0000, 0x0000000003540000, 0x0000000011ac0000]
 total_blobs=3799 nmethods=3320 adapters=391
 compilation: enabled

Compilation events (10 events):
Event: 24.481 Thread 0x0000000013f26800 3785       3       org.openqa.selenium.remote.http.HttpMessage$$Lambda$350/1128125925::test (8 bytes)
Event: 24.482 Thread 0x0000000013f26800 nmethod 3785 0x0000000002f51710 code [0x0000000002f518a0, 0x0000000002f51cc8]
Event: 24.482 Thread 0x0000000013f26800 3786       3       org.openqa.selenium.remote.http.HttpMessage::lambda$getHeaders$0 (10 bytes)
Event: 24.482 Thread 0x0000000013f26800 nmethod 3786 0x0000000002f51210 code [0x0000000002f51380, 0x0000000002f51628]
Event: 24.602 Thread 0x0000000013f26800 3787       3       java.lang.String::format (16 bytes)
Event: 24.603 Thread 0x0000000013f26800 nmethod 3787 0x0000000002c05610 code [0x0000000002c05840, 0x0000000002c063f8]
Event: 24.603 Thread 0x0000000013f26800 3788       3       java.util.Formatter::parse (151 bytes)
Event: 24.606 Thread 0x0000000013f26800 nmethod 3788 0x0000000002c01010 code [0x0000000002c01440, 0x0000000002c03eb8]
Event: 24.633 Thread 0x0000000013f26800 3789       1       org.openqa.selenium.json.JsonOutput::access$500 (5 bytes)
Event: 24.633 Thread 0x0000000013f26800 nmethod 3789 0x0000000002f50f50 code [0x0000000002f510a0, 0x0000000002f51190]

GC Heap History (10 events):
Event: 16.897 GC heap before
{Heap before GC invocations=11 (full 2):
 PSYoungGen      total 94208K, used 4650K [0x00000000f5580000, 0x00000000fd180000, 0x0000000100000000)
  eden space 86016K, 0% used [0x00000000f5580000,0x00000000f5580000,0x00000000fa980000)
  from space 8192K, 56% used [0x00000000fa980000,0x00000000fae0aa60,0x00000000fb180000)
  to   space 8192K, 0% used [0x00000000fc980000,0x00000000fc980000,0x00000000fd180000)
 ParOldGen       total 53248K, used 6816K [0x00000000e0000000, 0x00000000e3400000, 0x00000000f5580000)
  object space 53248K, 12% used [0x00000000e0000000,0x00000000e06a8318,0x00000000e3400000)
 Metaspace       used 34293K, capacity 35416K, committed 35496K, reserved 1079296K
  class space    used 4861K, capacity 5118K, committed 5168K, reserved 1048576K
Event: 16.998 GC heap after
Heap after GC invocations=11 (full 2):
 PSYoungGen      total 94208K, used 0K [0x00000000f5580000, 0x00000000fd180000, 0x0000000100000000)
  eden space 86016K, 0% used [0x00000000f5580000,0x00000000f5580000,0x00000000fa980000)
  from space 8192K, 0% used [0x00000000fa980000,0x00000000fa980000,0x00000000fb180000)
  to   space 8192K, 0% used [0x00000000fc980000,0x00000000fc980000,0x00000000fd180000)
 ParOldGen       total 80384K, used 10640K [0x00000000e0000000, 0x00000000e4e80000, 0x00000000f5580000)
  object space 80384K, 13% used [0x00000000e0000000,0x00000000e0a64248,0x00000000e4e80000)
 Metaspace       used 34293K, capacity 35416K, committed 35496K, reserved 1079296K
  class space    used 4861K, capacity 5118K, committed 5168K, reserved 1048576K
}
Event: 18.261 GC heap before
{Heap before GC invocations=12 (full 2):
 PSYoungGen      total 94208K, used 86016K [0x00000000f5580000, 0x00000000fd180000, 0x0000000100000000)
  eden space 86016K, 100% used [0x00000000f5580000,0x00000000fa980000,0x00000000fa980000)
  from space 8192K, 0% used [0x00000000fa980000,0x00000000fa980000,0x00000000fb180000)
  to   space 8192K, 0% used [0x00000000fc980000,0x00000000fc980000,0x00000000fd180000)
 ParOldGen       total 80384K, used 10640K [0x00000000e0000000, 0x00000000e4e80000, 0x00000000f5580000)
  object space 80384K, 13% used [0x00000000e0000000,0x00000000e0a64248,0x00000000e4e80000)
 Metaspace       used 35350K, capacity 36532K, committed 36784K, reserved 1081344K
  class space    used 5004K, capacity 5268K, committed 5296K, reserved 1048576K
Event: 18.264 GC heap after
Heap after GC invocations=12 (full 2):
 PSYoungGen      total 117760K, used 1657K [0x00000000f5580000, 0x00000000fd180000, 0x0000000100000000)
  eden space 109568K, 0% used [0x00000000f5580000,0x00000000f5580000,0x00000000fc080000)
  from space 8192K, 20% used [0x00000000fc980000,0x00000000fcb1e770,0x00000000fd180000)
  to   space 8704K, 0% used [0x00000000fc080000,0x00000000fc080000,0x00000000fc900000)
 ParOldGen       total 80384K, used 10648K [0x00000000e0000000, 0x00000000e4e80000, 0x00000000f5580000)
  object space 80384K, 13% used [0x00000000e0000000,0x00000000e0a66248,0x00000000e4e80000)
 Metaspace       used 35350K, capacity 36532K, committed 36784K, reserved 1081344K
  class space    used 5004K, capacity 5268K, committed 5296K, reserved 1048576K
}
Event: 20.916 GC heap before
{Heap before GC invocations=13 (full 2):
 PSYoungGen      total 117760K, used 111225K [0x00000000f5580000, 0x00000000fd180000, 0x0000000100000000)
  eden space 109568K, 100% used [0x00000000f5580000,0x00000000fc080000,0x00000000fc080000)
  from space 8192K, 20% used [0x00000000fc980000,0x00000000fcb1e770,0x00000000fd180000)
  to   space 8704K, 0% used [0x00000000fc080000,0x00000000fc080000,0x00000000fc900000)
 ParOldGen       total 80384K, used 10648K [0x00000000e0000000, 0x00000000e4e80000, 0x00000000f5580000)
  object space 80384K, 13% used [0x00000000e0000000,0x00000000e0a66248,0x00000000e4e80000)
 Metaspace       used 35986K, capacity 37190K, committed 37424K, reserved 1081344K
  class space    used 5082K, capacity 5381K, committed 5424K, reserved 1048576K
Event: 20.919 GC heap after
Heap after GC invocations=13 (full 2):
 PSYoungGen      total 118272K, used 1442K [0x00000000f5580000, 0x00000000feb00000, 0x0000000100000000)
  eden space 109568K, 0% used [0x00000000f5580000,0x00000000f5580000,0x00000000fc080000)
  from space 8704K, 16% used [0x00000000fc080000,0x00000000fc1e88e8,0x00000000fc900000)
  to   space 8704K, 0% used [0x00000000fe280000,0x00000000fe280000,0x00000000feb00000)
 ParOldGen       total 80384K, used 10648K [0x00000000e0000000, 0x00000000e4e80000, 0x00000000f5580000)
  object space 80384K, 13% used [0x00000000e0000000,0x00000000e0a66248,0x00000000e4e80000)
 Metaspace       used 35986K, capacity 37190K, committed 37424K, reserved 1081344K
  class space    used 5082K, capacity 5381K, committed 5424K, reserved 1048576K
}
Event: 22.128 GC heap before
{Heap before GC invocations=14 (full 2):
 PSYoungGen      total 118272K, used 111010K [0x00000000f5580000, 0x00000000feb00000, 0x0000000100000000)
  eden space 109568K, 100% used [0x00000000f5580000,0x00000000fc080000,0x00000000fc080000)
  from space 8704K, 16% used [0x00000000fc080000,0x00000000fc1e88e8,0x00000000fc900000)
  to   space 8704K, 0% used [0x00000000fe280000,0x00000000fe280000,0x00000000feb00000)
 ParOldGen       total 80384K, used 10648K [0x00000000e0000000, 0x00000000e4e80000, 0x00000000f5580000)
  object space 80384K, 13% used [0x00000000e0000000,0x00000000e0a66248,0x00000000e4e80000)
 Metaspace       used 36011K, capacity 37190K, committed 37424K, reserved 1081344K
  class space    used 5082K, capacity 5381K, committed 5424K, reserved 1048576K
Event: 22.130 GC heap after
Heap after GC invocations=14 (full 2):
 PSYoungGen      total 139264K, used 1602K [0x00000000f5580000, 0x00000000fe900000, 0x0000000100000000)
  eden space 132608K, 0% used [0x00000000f5580000,0x00000000f5580000,0x00000000fd700000)
  from space 6656K, 24% used [0x00000000fe280000,0x00000000fe4108e8,0x00000000fe900000)
  to   space 9216K, 0% used [0x00000000fd700000,0x00000000fd700000,0x00000000fe000000)
 ParOldGen       total 80384K, used 10656K [0x00000000e0000000, 0x00000000e4e80000, 0x00000000f5580000)
  object space 80384K, 13% used [0x00000000e0000000,0x00000000e0a68248,0x00000000e4e80000)
 Metaspace       used 36011K, capacity 37190K, committed 37424K, reserved 1081344K
  class space    used 5082K, capacity 5381K, committed 5424K, reserved 1048576K
}
Event: 24.284 GC heap before
{Heap before GC invocations=15 (full 2):
 PSYoungGen      total 139264K, used 134210K [0x00000000f5580000, 0x00000000fe900000, 0x0000000100000000)
  eden space 132608K, 100% used [0x00000000f5580000,0x00000000fd700000,0x00000000fd700000)
  from space 6656K, 24% used [0x00000000fe280000,0x00000000fe4108e8,0x00000000fe900000)
  to   space 9216K, 0% used [0x00000000fd700000,0x00000000fd700000,0x00000000fe000000)
 ParOldGen       total 80384K, used 10656K [0x00000000e0000000, 0x00000000e4e80000, 0x00000000f5580000)
  object space 80384K, 13% used [0x00000000e0000000,0x00000000e0a68248,0x00000000e4e80000)
 Metaspace       used 36054K, capacity 37262K, committed 37424K, reserved 1081344K
  class space    used 5082K, capacity 5381K, committed 5424K, reserved 1048576K
Event: 24.286 GC heap after
Heap after GC invocations=15 (full 2):
 PSYoungGen      total 141824K, used 1634K [0x00000000f5580000, 0x0000000100000000, 0x0000000100000000)
  eden space 132608K, 0% used [0x00000000f5580000,0x00000000f5580000,0x00000000fd700000)
  from space 9216K, 17% used [0x00000000fd700000,0x00000000fd8988e8,0x00000000fe000000)
  to   space 9216K, 0% used [0x00000000ff700000,0x00000000ff700000,0x0000000100000000)
 ParOldGen       total 80384K, used 10664K [0x00000000e0000000, 0x00000000e4e80000, 0x00000000f5580000)
  object space 80384K, 13% used [0x00000000e0000000,0x00000000e0a6a248,0x00000000e4e80000)
 Metaspace       used 36054K, capacity 37262K, committed 37424K, reserved 1081344K
  class space    used 5082K, capacity 5381K, committed 5424K, reserved 1048576K
}

Deoptimization events (10 events):
Event: 20.396 Thread 0x00000000171fe800 Uncommon trap: reason=unstable_if action=reinterpret pc=0x0000000002f679b0 method=java.lang.Character.isHighSurrogate(C)Z @ 3
Event: 20.398 Thread 0x00000000171fe800 Uncommon trap: reason=class_check action=maybe_recompile pc=0x00000000034f8a38 method=java.lang.AbstractStringBuilder.append(Ljava/lang/CharSequence;)Ljava/lang/AbstractStringBuilder; @ 26
Event: 20.398 Thread 0x00000000171fe800 Uncommon trap: reason=class_check action=maybe_recompile pc=0x00000000031b75f0 method=java.lang.AbstractStringBuilder.append(Ljava/lang/CharSequence;II)Ljava/lang/AbstractStringBuilder; @ 18
Event: 20.398 Thread 0x00000000171fe800 Uncommon trap: reason=class_check action=maybe_recompile pc=0x00000000034f8a38 method=java.lang.AbstractStringBuilder.append(Ljava/lang/CharSequence;)Ljava/lang/AbstractStringBuilder; @ 26
Event: 20.398 Thread 0x00000000171fe800 Uncommon trap: reason=class_check action=maybe_recompile pc=0x00000000031b75f0 method=java.lang.AbstractStringBuilder.append(Ljava/lang/CharSequence;II)Ljava/lang/AbstractStringBuilder; @ 18
Event: 20.400 Thread 0x00000000171fe800 Uncommon trap: reason=class_check action=maybe_recompile pc=0x00000000034f8a38 method=java.lang.AbstractStringBuilder.append(Ljava/lang/CharSequence;)Ljava/lang/AbstractStringBuilder; @ 26
Event: 20.400 Thread 0x00000000171fe800 Uncommon trap: reason=class_check action=maybe_recompile pc=0x00000000031b75f0 method=java.lang.AbstractStringBuilder.append(Ljava/lang/CharSequence;II)Ljava/lang/AbstractStringBuilder; @ 18
Event: 20.402 Thread 0x00000000171fe800 Uncommon trap: reason=unstable_if action=reinterpret pc=0x0000000002c58458 method=sun.nio.cs.UTF_8$Encoder.encode([CII[B)I @ 33
Event: 22.273 Thread 0x00000000171fe800 Uncommon trap: reason=class_check action=maybe_recompile pc=0x00000000034f8a38 method=java.lang.AbstractStringBuilder.append(Ljava/lang/CharSequence;)Ljava/lang/AbstractStringBuilder; @ 26
Event: 22.273 Thread 0x00000000171fe800 Uncommon trap: reason=class_check action=maybe_recompile pc=0x00000000031b75f0 method=java.lang.AbstractStringBuilder.append(Ljava/lang/CharSequence;II)Ljava/lang/AbstractStringBuilder; @ 18

Classes redefined (0 events):
No events

Internal exceptions (10 events):
Event: 20.639 Thread 0x00000000171fe800 Exception <a 'java/net/SocketTimeoutException': Read timed out> (0x00000000fb96c6a0) thrown at [C:\re\workspace\8-2-build-windows-amd64-cygwin\jdk8u231\13620\hotspot\src\share\vm\prims\jni.cpp, line 736]
Event: 22.004 Thread 0x00000000171fe800 Exception <a 'java/net/SocketTimeoutException': Read timed out> (0x00000000fad4c1f0) thrown at [C:\re\workspace\8-2-build-windows-amd64-cygwin\jdk8u231\13620\hotspot\src\share\vm\prims\jni.cpp, line 736]
Event: 22.256 Thread 0x00000000171fe800 Exception <a 'java/net/SocketTimeoutException': Read timed out> (0x00000000f65bb5d8) thrown at [C:\re\workspace\8-2-build-windows-amd64-cygwin\jdk8u231\13620\hotspot\src\share\vm\prims\jni.cpp, line 736]
Event: 22.287 Thread 0x00000000171fe800 Exception <a 'java/net/SocketTimeoutException': Read timed out> (0x00000000f65db588) thrown at [C:\re\workspace\8-2-build-windows-amd64-cygwin\jdk8u231\13620\hotspot\src\share\vm\prims\jni.cpp, line 736]
Event: 22.395 Thread 0x00000000171fe800 Exception <a 'java/net/SocketTimeoutException': Read timed out> (0x00000000f69d4588) thrown at [C:\re\workspace\8-2-build-windows-amd64-cygwin\jdk8u231\13620\hotspot\src\share\vm\prims\jni.cpp, line 736]
Event: 22.472 Thread 0x00000000171fe800 Exception <a 'java/net/SocketTimeoutException': Read timed out> (0x00000000f6dd1b98) thrown at [C:\re\workspace\8-2-build-windows-amd64-cygwin\jdk8u231\13620\hotspot\src\share\vm\prims\jni.cpp, line 736]
Event: 24.174 Thread 0x00000000171fe800 Exception <a 'java/net/SocketTimeoutException': Read timed out> (0x00000000fc8ab4c8) thrown at [C:\re\workspace\8-2-build-windows-amd64-cygwin\jdk8u231\13620\hotspot\src\share\vm\prims\jni.cpp, line 736]
Event: 24.459 Thread 0x00000000171fe800 Exception <a 'java/net/SocketTimeoutException': Read timed out> (0x00000000f6a8edf8) thrown at [C:\re\workspace\8-2-build-windows-amd64-cygwin\jdk8u231\13620\hotspot\src\share\vm\prims\jni.cpp, line 736]
Event: 24.484 Thread 0x00000000171fe800 Exception <a 'java/net/SocketTimeoutException': Read timed out> (0x00000000f6aaeda8) thrown at [C:\re\workspace\8-2-build-windows-amd64-cygwin\jdk8u231\13620\hotspot\src\share\vm\prims\jni.cpp, line 736]
Event: 24.640 Thread 0x00000000171fe800 Exception <a 'java/net/SocketTimeoutException': Read timed out> (0x00000000f6ea7158) thrown at [C:\re\workspace\8-2-build-windows-amd64-cygwin\jdk8u231\13620\hotspot\src\share\vm\prims\jni.cpp, line 736]

Events (10 events):
Event: 24.629 loading class org/gradle/internal/concurrent/ExecutorPolicy$CatchAndRecordFailures
Event: 24.629 loading class org/gradle/internal/concurrent/ExecutorPolicy$CatchAndRecordFailures done
Event: 24.629 loading class org/gradle/internal/concurrent/ManagedExecutorImpl$1
Event: 24.629 loading class org/gradle/internal/concurrent/ManagedExecutorImpl$1 done
Event: 24.630 loading class org/gradle/internal/concurrent/ManagedExecutorImpl$1
Event: 24.630 loading class org/gradle/internal/concurrent/ManagedExecutorImpl$1 done
Event: 24.631 loading class org/gradle/internal/concurrent/ThreadFactoryImpl$ManagedThreadRunnable
Event: 24.631 loading class org/gradle/internal/concurrent/ThreadFactoryImpl$ManagedThreadRunnable done
Event: 24.632 loading class org/gradle/internal/concurrent/ThreadFactoryImpl$ManagedThreadRunnable
Event: 24.632 loading class org/gradle/internal/concurrent/ThreadFactoryImpl$ManagedThreadRunnable done


Dynamic libraries:
0x00007ff7df710000 - 0x00007ff7df747000 	C:\Program Files\Java\jdk1.8.0_231\bin\java.exe
0x00007ff906cd0000 - 0x00007ff906ec6000 	C:\WINDOWS\SYSTEM32\ntdll.dll
0x00007ff905a00000 - 0x00007ff905abd000 	C:\WINDOWS\System32\KERNEL32.DLL
0x00007ff9048d0000 - 0x00007ff904b99000 	C:\WINDOWS\System32\KERNELBASE.dll
0x00007ff905ac0000 - 0x00007ff905b6c000 	C:\WINDOWS\System32\ADVAPI32.dll
0x00007ff906080000 - 0x00007ff90611e000 	C:\WINDOWS\System32\msvcrt.dll
0x00007ff906180000 - 0x00007ff90621c000 	C:\WINDOWS\System32\sechost.dll
0x00007ff905c10000 - 0x00007ff905d3b000 	C:\WINDOWS\System32\RPCRT4.dll
0x00007ff904db0000 - 0x00007ff904f50000 	C:\WINDOWS\System32\USER32.dll
0x00007ff904cd0000 - 0x00007ff904cf2000 	C:\WINDOWS\System32\win32u.dll
0x00007ff906050000 - 0x00007ff90607a000 	C:\WINDOWS\System32\GDI32.dll
0x00007ff9045c0000 - 0x00007ff9046c9000 	C:\WINDOWS\System32\gdi32full.dll
0x00007ff9046d0000 - 0x00007ff90476d000 	C:\WINDOWS\System32\msvcp_win.dll
0x00007ff9043e0000 - 0x00007ff9044e0000 	C:\WINDOWS\System32\ucrtbase.dll
0x00007ff8fac90000 - 0x00007ff8faf2b000 	C:\WINDOWS\WinSxS\amd64_microsoft.windows.common-controls_6595b64144ccf1df_6.0.19041.488_none_ca04af081b815d21\COMCTL32.dll
0x00007ff9068e0000 - 0x00007ff906910000 	C:\WINDOWS\System32\IMM32.DLL
0x0000000074330000 - 0x0000000074402000 	C:\Program Files\Java\jdk1.8.0_231\jre\bin\msvcr100.dll
0x0000000073a80000 - 0x0000000074326000 	C:\Program Files\Java\jdk1.8.0_231\jre\bin\server\jvm.dll
0x00007ff9063d0000 - 0x00007ff9063d8000 	C:\WINDOWS\System32\PSAPI.DLL
0x00007ff8fc520000 - 0x00007ff8fc547000 	C:\WINDOWS\SYSTEM32\WINMM.dll
0x00007ff902bb0000 - 0x00007ff902bb9000 	C:\WINDOWS\SYSTEM32\WSOCK32.dll
0x00007ff8f8390000 - 0x00007ff8f839a000 	C:\WINDOWS\SYSTEM32\VERSION.dll
0x00007ff906350000 - 0x00007ff9063bb000 	C:\WINDOWS\System32\WS2_32.dll
0x00007ff8fab20000 - 0x00007ff8fab2f000 	C:\Program Files\Java\jdk1.8.0_231\jre\bin\verify.dll
0x00007ff8e39d0000 - 0x00007ff8e39f9000 	C:\Program Files\Java\jdk1.8.0_231\jre\bin\java.dll
0x00007ff8e9600000 - 0x00007ff8e9616000 	C:\Program Files\Java\jdk1.8.0_231\jre\bin\zip.dll
0x00007ff9052b0000 - 0x00007ff9059f2000 	C:\WINDOWS\System32\SHELL32.dll
0x00007ff9021f0000 - 0x00007ff902985000 	C:\WINDOWS\SYSTEM32\windows.storage.dll
0x00007ff904f50000 - 0x00007ff9052a6000 	C:\WINDOWS\System32\combase.dll
0x00007ff903de0000 - 0x00007ff903e0c000 	C:\WINDOWS\SYSTEM32\Wldp.dll
0x00007ff904d00000 - 0x00007ff904dae000 	C:\WINDOWS\System32\SHCORE.dll
0x00007ff906220000 - 0x00007ff906275000 	C:\WINDOWS\System32\shlwapi.dll
0x00007ff904310000 - 0x00007ff904336000 	C:\WINDOWS\SYSTEM32\profapi.dll
0x00007ff8e9520000 - 0x00007ff8e953a000 	C:\Program Files\Java\jdk1.8.0_231\jre\bin\net.dll
0x00007ff903b00000 - 0x00007ff903b6a000 	C:\WINDOWS\system32\mswsock.dll
0x00007ff8e93d0000 - 0x00007ff8e93e2000 	C:\Program Files\Java\jdk1.8.0_231\jre\bin\nio.dll
0x00007ff903cd0000 - 0x00007ff903ce8000 	C:\WINDOWS\SYSTEM32\CRYPTSP.dll
0x00007ff903490000 - 0x00007ff9034c4000 	C:\WINDOWS\system32\rsaenh.dll
0x00007ff904590000 - 0x00007ff9045b7000 	C:\WINDOWS\System32\bcrypt.dll
0x00007ff9042d0000 - 0x00007ff9042fe000 	C:\WINDOWS\SYSTEM32\USERENV.dll
0x00007ff904ba0000 - 0x00007ff904c20000 	C:\WINDOWS\System32\bcryptprimitives.dll
0x00007ff903cf0000 - 0x00007ff903cfc000 	C:\WINDOWS\SYSTEM32\CRYPTBASE.dll
0x00007ff9037f0000 - 0x00007ff90382b000 	C:\WINDOWS\SYSTEM32\IPHLPAPI.DLL
0x00007ff906c50000 - 0x00007ff906c58000 	C:\WINDOWS\System32\NSI.dll
0x00007ff8fef50000 - 0x00007ff8fef67000 	C:\WINDOWS\SYSTEM32\dhcpcsvc6.DLL
0x00007ff8fef30000 - 0x00007ff8fef4d000 	C:\WINDOWS\SYSTEM32\dhcpcsvc.DLL
0x00007ff903830000 - 0x00007ff9038fb000 	C:\WINDOWS\SYSTEM32\DNSAPI.dll
0x00007ff8fc510000 - 0x00007ff8fc51a000 	C:\Windows\System32\rasadhlp.dll
0x00007ff8fc2b0000 - 0x00007ff8fc32f000 	C:\WINDOWS\System32\fwpuclnt.dll
0x00007ff8e36e0000 - 0x00007ff8e3704000 	C:\Program Files\Java\jdk1.8.0_231\jre\bin\sunec.dll
0x00007ff8fd1a0000 - 0x00007ff8fd1ab000 	C:\Program Files\Java\jdk1.8.0_231\jre\bin\sunmscapi.dll
0x00007ff904770000 - 0x00007ff9048cd000 	C:\WINDOWS\System32\CRYPT32.dll

VM Arguments:
jvm_args: -Djava.security.manager=worker.org.gradle.process.internal.worker.child.BootstrapSecurityManager -Dorg.gradle.native=false -Xmx512m -Dfile.encoding=windows-1252 -Duser.country=CO -Duser.language=es -Duser.variant -ea 
java_command: worker.org.gradle.process.internal.worker.GradleWorkerMain 'Gradle Test Executor 19'
java_class_path (initial): C:\Users\Usuario\.gradle\caches\6.7\workerMain\gradle-worker.jar
Launcher Type: SUN_STANDARD

Environment Variables:
JAVA_HOME=C:\Program Files\Java\jdk1.8.0_231
PATH=C:\WINDOWS\system32;C:\WINDOWS;C:\WINDOWS\System32\Wbem;C:\WINDOWS\System32\WindowsPowerShell\v1.0\;C:\Program Files\PuTTY\;C:\WINDOWS\System32\OpenSSH\;C:\Program Files\dotnet\;C:\Program Files\Microsoft SQL Server\130\Tools\Binn\;C:\Program Files\Microsoft SQL Server\Client SDK\ODBC\170\Tools\Binn\;C:\Program Files (x86)\Microsoft SQL Server\150\Tools\Binn\;C:\Program Files\Microsoft SQL Server\150\Tools\Binn\;C:\Program Files\Microsoft SQL Server\150\DTS\Binn\;C:\Program Files (x86)\Microsoft SQL Server\150\DTS\Binn\;C:\Program Files\Azure Data Studio\bin;C:\Program Files\Java\jdk1.8.0_231\bin;C:\GRADLE\gradle-6.7\bin;C:\Program Files\Git\cmd;C:\Program Files\MySQL\MySQL Shell 8.0\bin\;C:\Users\Usuario\AppData\Local\Microsoft\WindowsApps;C:\Users\Usuario\AppData\Local\Programs\Microsoft VS Code\bin;C:\Program Files\Azure Data Studio\bin;
USERNAME=Usuario
OS=Windows_NT
PROCESSOR_IDENTIFIER=Intel64 Family 6 Model 61 Stepping 4, GenuineIntel



---------------  S Y S T E M  ---------------

OS: Windows 10.0 , 64 bit Build 19041 (10.0.19041.662)

CPU:total 4 (initial active 4) (2 cores per cpu, 2 threads per core) family 6 model 61 stepping 4, cmov, cx8, fxsr, mmx, sse, sse2, sse3, ssse3, sse4.1, sse4.2, popcnt, avx, avx2, aes, clmul, erms, 3dnowpref, lzcnt, ht, tsc, tscinvbit, bmi1, bmi2, adx

Memory: 4k page, physical 8301580k(1068692k free), swap 8301580k(9224k free)

vm_info: Java HotSpot(TM) 64-Bit Server VM (25.231-b11) for windows-amd64 JRE (1.8.0_231-b11), built on Oct  5 2019 03:11:30 by "java_re" with MS VC++ 10.0 (VS2010)

time: Wed Jan 06 13:27:51 2021
timezone: Hora est. Pacífico, Sudamérica
elapsed time: 24 seconds (0d 0h 0m 24s)

