#
# There is insufficient memory for the Java Runtime Environment to continue.
# Native memory allocation (malloc) failed to allocate 32744 bytes for ChunkPool::allocate
# Possible reasons:
#   The system is out of physical RAM or swap space
#   The process is running with CompressedOops enabled, and the Java Heap may be blocking the growth of the native heap
# Possible solutions:
#   Reduce memory load on the system
#   Increase physical memory or swap space
#   Check if swap backing store is full
#   Decrease Java heap size (-Xmx/-Xms)
#   Decrease number of Java threads
#   Decrease Java thread stack sizes (-Xss)
#   Set larger code cache with -XX:ReservedCodeCacheSize=
#   JVM is running with Unscaled Compressed Oops mode in which the Java heap is
#     placed in the first 4GB address space. The Java Heap base address is the
#     maximum limit for the native heap growth. Please use -XX:HeapBaseMinAddress
#     to set the Java Heap base and to place the Java Heap above 4GB virtual address.
# This output file may be truncated or incomplete.
#
#  Out of Memory Error (allocation.cpp:272), pid=8460, tid=0x00000000000029f4
#
# JRE version: Java(TM) SE Runtime Environment (8.0_231-b11) (build 1.8.0_231-b11)
# Java VM: Java HotSpot(TM) 64-Bit Server VM (25.231-b11 mixed mode windows-amd64 compressed oops)
# Failed to write core dump. Minidumps are not enabled by default on client versions of Windows
#

---------------  T H R E A D  ---------------

Current thread (0x00000000155bf800):  JavaThread "C2 CompilerThread1" daemon [_thread_in_native, id=10740, stack(0x0000000015e10000,0x0000000015f10000)]

Stack: [0x0000000015e10000,0x0000000015f10000]
[error occurred during error reporting (printing stack bounds), id 0xc0000005]

Native frames: (J=compiled Java code, j=interpreted, Vv=VM code, C=native code)


Current CompileTask:
C2:   6884 2273   !   4       java.net.URLClassLoader$1::run (63 bytes)


---------------  P R O C E S S  ---------------

Java Threads: ( => current thread )
  0x00000000155cd000 JavaThread "pool-2-thread-1" [_thread_in_vm, id=13036, stack(0x000000001a0f0000,0x000000001a1f0000)]
  0x00000000155d4000 JavaThread "ForkJoinPool.commonPool-worker-3" daemon [_thread_blocked, id=11184, stack(0x0000000019cf0000,0x0000000019df0000)]
  0x00000000155d3000 JavaThread "ForkJoinPool.commonPool-worker-1" daemon [_thread_blocked, id=11940, stack(0x0000000019af0000,0x0000000019bf0000)]
  0x00000000171ed000 JavaThread "/127.0.0.1:14791 to /127.0.0.1:14790 workers Thread 3" [_thread_in_native, id=7064, stack(0x0000000018020000,0x0000000018120000)]
  0x00000000171ec800 JavaThread "/127.0.0.1:14791 to /127.0.0.1:14790 workers Thread 2" [_thread_blocked, id=9856, stack(0x0000000017f20000,0x0000000018020000)]
  0x0000000016ab5800 JavaThread "Test worker" [_thread_blocked, id=2648, stack(0x0000000017ae0000,0x0000000017be0000)]
  0x0000000015658000 JavaThread "Service Thread" daemon [_thread_blocked, id=10688, stack(0x0000000016010000,0x0000000016110000)]
  0x00000000155d2800 JavaThread "C1 CompilerThread2" daemon [_thread_blocked, id=6168, stack(0x0000000015f10000,0x0000000016010000)]
=>0x00000000155bf800 JavaThread "C2 CompilerThread1" daemon [_thread_in_native, id=10740, stack(0x0000000015e10000,0x0000000015f10000)]
  0x00000000155b9000 JavaThread "C2 CompilerThread0" daemon [_thread_in_native, id=8400, stack(0x0000000015d10000,0x0000000015e10000)]
  0x000000001417d000 JavaThread "Attach Listener" daemon [_thread_blocked, id=2628, stack(0x0000000015c10000,0x0000000015d10000)]
  0x000000001417c800 JavaThread "Signal Dispatcher" daemon [_thread_blocked, id=10996, stack(0x0000000015b10000,0x0000000015c10000)]
  0x0000000002cfb800 JavaThread "Finalizer" daemon [_thread_blocked, id=5504, stack(0x0000000015380000,0x0000000015480000)]
  0x000000001410a000 JavaThread "Reference Handler" daemon [_thread_blocked, id=9896, stack(0x0000000015280000,0x0000000015380000)]
  0x0000000002c02800 JavaThread "main" [_thread_blocked, id=12268, stack(0x0000000002ab0000,0x0000000002bb0000)]

Other Threads:
  0x00000000140e8000 VMThread [stack: 0x0000000015180000,0x0000000015280000] [id=12452]
  0x0000000015694800 WatcherThread [stack: 0x0000000016110000,0x0000000016210000] [id=9800]

VM state:not at safepoint (normal execution)

VM Mutex/Monitor currently owned by a thread: None

heap address: 0x00000000e0000000, size: 512 MB, Compressed Oops mode: 32-bit
Narrow klass base: 0x0000000000000000, Narrow klass shift: 3
Compressed class space size: 1073741824 Address: 0x0000000100000000

Heap:
 PSYoungGen      total 66048K, used 58778K [0x00000000f5580000, 0x00000000fbe00000, 0x0000000100000000)
  eden space 50176K, 97% used [0x00000000f5580000,0x00000000f852cf30,0x00000000f8680000)
  from space 15872K, 62% used [0x00000000f8680000,0x00000000f9039ac8,0x00000000f9600000)
  to   space 15360K, 0% used [0x00000000faf00000,0x00000000faf00000,0x00000000fbe00000)
 ParOldGen       total 47616K, used 20795K [0x00000000e0000000, 0x00000000e2e80000, 0x00000000f5580000)
  object space 47616K, 43% used [0x00000000e0000000,0x00000000e144ecb8,0x00000000e2e80000)
 Metaspace       used 25396K, capacity 25995K, committed 26416K, reserved 1073152K
  class space    used 3378K, capacity 3506K, committed 3632K, reserved 1048576K

Card table byte_map: [0x00000000120c0000,0x00000000121d0000] byte_map_base: 0x00000000119c0000

Marking Bits: (ParMarkBitMap*) 0x00000000741c6d90
 Begin Bits: [0x0000000012680000, 0x0000000012e80000)
 End Bits:   [0x0000000012e80000, 0x0000000013680000)

Polling page: 0x0000000001230000

CodeCache: size=245760Kb used=8215Kb max_used=8230Kb free=237544Kb
 bounds [0x0000000002d00000, 0x0000000003510000, 0x0000000011d00000]
 total_blobs=2704 nmethods=2267 adapters=349
 compilation: enabled

Compilation events (10 events):
Event: 6.808 Thread 0x00000000155d2800 2270       3       java.util.regex.Pattern::accept (43 bytes)
Event: 6.808 Thread 0x00000000155d2800 nmethod 2270 0x0000000003503790 code [0x0000000003503920, 0x0000000003503d38]
Event: 6.826 Thread 0x00000000155b9000 nmethod 2229 0x0000000003506bd0 code [0x0000000003506fc0, 0x0000000003508eb0]
Event: 6.826 Thread 0x00000000155b9000 2268       4       java.util.regex.Pattern::has (15 bytes)
Event: 6.827 Thread 0x00000000155b9000 nmethod 2268 0x0000000003500a90 code [0x0000000003500bc0, 0x0000000003500c38]
Event: 6.832 Thread 0x00000000155d2800 2271       3       java.util.HashMap::get (23 bytes)
Event: 6.833 Thread 0x00000000155d2800 nmethod 2271 0x0000000003504fd0 code [0x0000000003505160, 0x0000000003505558]
Event: 6.833 Thread 0x00000000155bf800 nmethod 2266 0x000000000350da90 code [0x000000000350dc60, 0x000000000350ec58]
Event: 6.847 Thread 0x00000000155b9000 2272       4       java.net.URLClassLoader$1::run (5 bytes)
Event: 6.847 Thread 0x00000000155bf800 2273   !   4       java.net.URLClassLoader$1::run (63 bytes)

GC Heap History (10 events):
Event: 4.421 GC heap before
{Heap before GC invocations=6 (full 1):
 PSYoungGen      total 38400K, used 5097K [0x00000000f5580000, 0x00000000f8000000, 0x0000000100000000)
  eden space 33280K, 0% used [0x00000000f5580000,0x00000000f5580000,0x00000000f7600000)
  from space 5120K, 99% used [0x00000000f7600000,0x00000000f7afa5a0,0x00000000f7b00000)
  to   space 5120K, 0% used [0x00000000f7b00000,0x00000000f7b00000,0x00000000f8000000)
 ParOldGen       total 87552K, used 6503K [0x00000000e0000000, 0x00000000e5580000, 0x00000000f5580000)
  object space 87552K, 7% used [0x00000000e0000000,0x00000000e0659f08,0x00000000e5580000)
 Metaspace       used 20755K, capacity 21252K, committed 21296K, reserved 1067008K
  class space    used 2719K, capacity 2862K, committed 2864K, reserved 1048576K
Event: 4.462 GC heap after
Heap after GC invocations=6 (full 1):
 PSYoungGen      total 38400K, used 0K [0x00000000f5580000, 0x00000000f8000000, 0x0000000100000000)
  eden space 33280K, 0% used [0x00000000f5580000,0x00000000f5580000,0x00000000f7600000)
  from space 5120K, 0% used [0x00000000f7600000,0x00000000f7600000,0x00000000f7b00000)
  to   space 5120K, 0% used [0x00000000f7b00000,0x00000000f7b00000,0x00000000f8000000)
 ParOldGen       total 47616K, used 5210K [0x00000000e0000000, 0x00000000e2e80000, 0x00000000f5580000)
  object space 47616K, 10% used [0x00000000e0000000,0x00000000e0516b80,0x00000000e2e80000)
 Metaspace       used 20755K, capacity 21252K, committed 21296K, reserved 1067008K
  class space    used 2719K, capacity 2862K, committed 2864K, reserved 1048576K
}
Event: 4.784 GC heap before
{Heap before GC invocations=7 (full 1):
 PSYoungGen      total 38400K, used 33280K [0x00000000f5580000, 0x00000000f8000000, 0x0000000100000000)
  eden space 33280K, 100% used [0x00000000f5580000,0x00000000f7600000,0x00000000f7600000)
  from space 5120K, 0% used [0x00000000f7600000,0x00000000f7600000,0x00000000f7b00000)
  to   space 5120K, 0% used [0x00000000f7b00000,0x00000000f7b00000,0x00000000f8000000)
 ParOldGen       total 47616K, used 5210K [0x00000000e0000000, 0x00000000e2e80000, 0x00000000f5580000)
  object space 47616K, 10% used [0x00000000e0000000,0x00000000e0516b80,0x00000000e2e80000)
 Metaspace       used 21433K, capacity 21946K, committed 22192K, reserved 1069056K
  class space    used 2803K, capacity 2939K, committed 2992K, reserved 1048576K
Event: 4.790 GC heap after
Heap after GC invocations=7 (full 1):
 PSYoungGen      total 34816K, used 5106K [0x00000000f5580000, 0x00000000fa180000, 0x0000000100000000)
  eden space 29696K, 0% used [0x00000000f5580000,0x00000000f5580000,0x00000000f7280000)
  from space 5120K, 99% used [0x00000000f7b00000,0x00000000f7ffc8f8,0x00000000f8000000)
  to   space 8704K, 0% used [0x00000000f7280000,0x00000000f7280000,0x00000000f7b00000)
 ParOldGen       total 47616K, used 7097K [0x00000000e0000000, 0x00000000e2e80000, 0x00000000f5580000)
  object space 47616K, 14% used [0x00000000e0000000,0x00000000e06ee6a8,0x00000000e2e80000)
 Metaspace       used 21433K, capacity 21946K, committed 22192K, reserved 1069056K
  class space    used 2803K, capacity 2939K, committed 2992K, reserved 1048576K
}
Event: 5.022 GC heap before
{Heap before GC invocations=8 (full 1):
 PSYoungGen      total 34816K, used 34802K [0x00000000f5580000, 0x00000000fa180000, 0x0000000100000000)
  eden space 29696K, 100% used [0x00000000f5580000,0x00000000f7280000,0x00000000f7280000)
  from space 5120K, 99% used [0x00000000f7b00000,0x00000000f7ffc8f8,0x00000000f8000000)
  to   space 8704K, 0% used [0x00000000f7280000,0x00000000f7280000,0x00000000f7b00000)
 ParOldGen       total 47616K, used 7097K [0x00000000e0000000, 0x00000000e2e80000, 0x00000000f5580000)
  object space 47616K, 14% used [0x00000000e0000000,0x00000000e06ee6a8,0x00000000e2e80000)
 Metaspace       used 21447K, capacity 21946K, committed 22192K, reserved 1069056K
  class space    used 2803K, capacity 2939K, committed 2992K, reserved 1048576K
Event: 5.040 GC heap after
Heap after GC invocations=8 (full 1):
 PSYoungGen      total 38400K, used 8690K [0x00000000f5580000, 0x00000000fa100000, 0x0000000100000000)
  eden space 29696K, 0% used [0x00000000f5580000,0x00000000f5580000,0x00000000f7280000)
  from space 8704K, 99% used [0x00000000f7280000,0x00000000f7afc8d8,0x00000000f7b00000)
  to   space 11264K, 0% used [0x00000000f9600000,0x00000000f9600000,0x00000000fa100000)
 ParOldGen       total 47616K, used 11022K [0x00000000e0000000, 0x00000000e2e80000, 0x00000000f5580000)
  object space 47616K, 23% used [0x00000000e0000000,0x00000000e0ac3978,0x00000000e2e80000)
 Metaspace       used 21447K, capacity 21946K, committed 22192K, reserved 1069056K
  class space    used 2803K, capacity 2939K, committed 2992K, reserved 1048576K
}
Event: 5.232 GC heap before
{Heap before GC invocations=9 (full 1):
 PSYoungGen      total 38400K, used 38386K [0x00000000f5580000, 0x00000000fa100000, 0x0000000100000000)
  eden space 29696K, 100% used [0x00000000f5580000,0x00000000f7280000,0x00000000f7280000)
  from space 8704K, 99% used [0x00000000f7280000,0x00000000f7afc8d8,0x00000000f7b00000)
  to   space 11264K, 0% used [0x00000000f9600000,0x00000000f9600000,0x00000000fa100000)
 ParOldGen       total 47616K, used 11022K [0x00000000e0000000, 0x00000000e2e80000, 0x00000000f5580000)
  object space 47616K, 23% used [0x00000000e0000000,0x00000000e0ac3978,0x00000000e2e80000)
 Metaspace       used 21494K, capacity 22010K, committed 22192K, reserved 1069056K
  class space    used 2810K, capacity 2939K, committed 2992K, reserved 1048576K
Event: 5.255 GC heap after
Heap after GC invocations=9 (full 1):
 PSYoungGen      total 61440K, used 11234K [0x00000000f5580000, 0x00000000fab00000, 0x0000000100000000)
  eden space 50176K, 0% used [0x00000000f5580000,0x00000000f5580000,0x00000000f8680000)
  from space 11264K, 99% used [0x00000000f9600000,0x00000000fa0f8900,0x00000000fa100000)
  to   space 15872K, 0% used [0x00000000f8680000,0x00000000f8680000,0x00000000f9600000)
 ParOldGen       total 47616K, used 18173K [0x00000000e0000000, 0x00000000e2e80000, 0x00000000f5580000)
  object space 47616K, 38% used [0x00000000e0000000,0x00000000e11bf5d0,0x00000000e2e80000)
 Metaspace       used 21494K, capacity 22010K, committed 22192K, reserved 1069056K
  class space    used 2810K, capacity 2939K, committed 2992K, reserved 1048576K
}
Event: 5.647 GC heap before
{Heap before GC invocations=10 (full 1):
 PSYoungGen      total 61440K, used 61410K [0x00000000f5580000, 0x00000000fab00000, 0x0000000100000000)
  eden space 50176K, 100% used [0x00000000f5580000,0x00000000f8680000,0x00000000f8680000)
  from space 11264K, 99% used [0x00000000f9600000,0x00000000fa0f8900,0x00000000fa100000)
  to   space 15872K, 0% used [0x00000000f8680000,0x00000000f8680000,0x00000000f9600000)
 ParOldGen       total 47616K, used 18173K [0x00000000e0000000, 0x00000000e2e80000, 0x00000000f5580000)
  object space 47616K, 38% used [0x00000000e0000000,0x00000000e11bf5d0,0x00000000e2e80000)
 Metaspace       used 22596K, capacity 23160K, committed 23344K, reserved 1069056K
  class space    used 2977K, capacity 3120K, committed 3120K, reserved 1048576K
Event: 5.662 GC heap after
Heap after GC invocations=10 (full 1):
 PSYoungGen      total 66048K, used 9958K [0x00000000f5580000, 0x00000000fbe00000, 0x0000000100000000)
  eden space 50176K, 0% used [0x00000000f5580000,0x00000000f5580000,0x00000000f8680000)
  from space 15872K, 62% used [0x00000000f8680000,0x00000000f9039ac8,0x00000000f9600000)
  to   space 15360K, 0% used [0x00000000faf00000,0x00000000faf00000,0x00000000fbe00000)
 ParOldGen       total 47616K, used 20795K [0x00000000e0000000, 0x00000000e2e80000, 0x00000000f5580000)
  object space 47616K, 43% used [0x00000000e0000000,0x00000000e144ecb8,0x00000000e2e80000)
 Metaspace       used 22596K, capacity 23160K, committed 23344K, reserved 1069056K
  class space    used 2977K, capacity 3120K, committed 3120K, reserved 1048576K
}

Deoptimization events (10 events):
Event: 5.412 Thread 0x00000000155cd000 Uncommon trap: reason=class_check action=maybe_recompile pc=0x000000000331345c method=com.google.common.collect.AbstractMapBasedMultimap$WrappedCollection.refreshIfEmpty()V @ 40
Event: 5.412 Thread 0x00000000155cd000 Uncommon trap: reason=class_check action=maybe_recompile pc=0x000000000331345c method=com.google.common.collect.AbstractMapBasedMultimap$WrappedCollection.refreshIfEmpty()V @ 40
Event: 5.412 Thread 0x00000000155cd000 Uncommon trap: reason=class_check action=maybe_recompile pc=0x000000000330e2f8 method=com.google.common.collect.AbstractMapBasedMultimap.get(Ljava/lang/Object;)Ljava/util/Collection; @ 5
Event: 5.412 Thread 0x00000000155cd000 Uncommon trap: reason=class_check action=maybe_recompile pc=0x000000000331345c method=com.google.common.collect.AbstractMapBasedMultimap$WrappedCollection.refreshIfEmpty()V @ 40
Event: 5.680 Thread 0x00000000155cd000 Uncommon trap: reason=unstable_if action=reinterpret pc=0x000000000313ea74 method=java.lang.String.lastIndexOf([CII[CIII)I @ 118
Event: 6.768 Thread 0x00000000155cd000 Uncommon trap: reason=class_check action=maybe_recompile pc=0x00000000033dc1f0 method=java.util.regex.Pattern$Slice.match(Ljava/util/regex/Matcher;ILjava/lang/CharSequence;)Z @ 75
Event: 6.768 Thread 0x00000000155cd000 Uncommon trap: reason=class_check action=maybe_recompile pc=0x00000000033dc1f0 method=java.util.regex.Pattern$Slice.match(Ljava/util/regex/Matcher;ILjava/lang/CharSequence;)Z @ 75
Event: 6.768 Thread 0x00000000155cd000 Uncommon trap: reason=class_check action=maybe_recompile pc=0x00000000033dc1f0 method=java.util.regex.Pattern$Slice.match(Ljava/util/regex/Matcher;ILjava/lang/CharSequence;)Z @ 75
Event: 6.826 Thread 0x00000000155cd000 Uncommon trap: reason=unstable_if action=reinterpret pc=0x0000000002facea0 method=java.util.HashMap.hash(Ljava/lang/Object;)I @ 1
Event: 6.837 Thread 0x00000000155cd000 Uncommon trap: reason=bimorphic action=maybe_recompile pc=0x00000000033d8d54 method=java.lang.Character.codePointAt(Ljava/lang/CharSequence;I)I @ 2

Classes redefined (0 events):
No events

Internal exceptions (10 events):
Event: 6.750 Thread 0x00000000155cd000 Exception <a 'java/lang/ClassNotFoundException': net/thucydides/core/model/TestTagCustomizer> (0x00000000f7af4260) thrown at [C:\re\workspace\8-2-build-windows-amd64-cygwin\jdk8u231\13620\hotspot\src\share\vm\classfile\systemDictionary.cpp, line 210]
Event: 6.754 Thread 0x00000000155cd000 Exception <a 'java/lang/ClassNotFoundException': net/thucydides/core/reports/html/ReportNameProviderBeanInfo> (0x00000000f7b3a038) thrown at [C:\re\workspace\8-2-build-windows-amd64-cygwin\jdk8u231\13620\hotspot\src\share\vm\classfile\systemDictionary.cpp
Event: 6.756 Thread 0x00000000155cd000 Exception <a 'java/lang/ClassNotFoundException': net/thucydides/core/reports/html/ReportNameProviderCustomizer> (0x00000000f7b6ad60) thrown at [C:\re\workspace\8-2-build-windows-amd64-cygwin\jdk8u231\13620\hotspot\src\share\vm\classfile\systemDictionary.c
Event: 6.766 Thread 0x00000000155cd000 Exception <a 'java/lang/ClassNotFoundException': net/thucydides/core/util/InflectorBeanInfo> (0x00000000f7be1080) thrown at [C:\re\workspace\8-2-build-windows-amd64-cygwin\jdk8u231\13620\hotspot\src\share\vm\classfile\systemDictionary.cpp, line 210]
Event: 6.767 Thread 0x00000000155cd000 Exception <a 'java/lang/ClassNotFoundException': net/thucydides/core/util/InflectorCustomizer> (0x00000000f7c07a58) thrown at [C:\re\workspace\8-2-build-windows-amd64-cygwin\jdk8u231\13620\hotspot\src\share\vm\classfile\systemDictionary.cpp, line 210]
Event: 6.772 Thread 0x00000000155cd000 Exception <a 'java/lang/ClassNotFoundException': net/thucydides/core/util/InflectionBeanInfo> (0x00000000f7c45578) thrown at [C:\re\workspace\8-2-build-windows-amd64-cygwin\jdk8u231\13620\hotspot\src\share\vm\classfile\systemDictionary.cpp, line 210]
Event: 6.773 Thread 0x00000000155cd000 Exception <a 'java/lang/ClassNotFoundException': net/thucydides/core/util/InflectionCustomizer> (0x00000000f7c6cc00) thrown at [C:\re\workspace\8-2-build-windows-amd64-cygwin\jdk8u231\13620\hotspot\src\share\vm\classfile\systemDictionary.cpp, line 210]
Event: 6.779 Thread 0x00000000155cd000 Exception <a 'java/lang/ClassNotFoundException': net/thucydides/core/reports/html/FormatterBeanInfo> (0x00000000f7ce1640) thrown at [C:\re\workspace\8-2-build-windows-amd64-cygwin\jdk8u231\13620\hotspot\src\share\vm\classfile\systemDictionary.cpp, line 21
Event: 6.780 Thread 0x00000000155cd000 Exception <a 'java/lang/ClassNotFoundException': net/thucydides/core/reports/html/FormatterCustomizer> (0x00000000f7d0cb88) thrown at [C:\re\workspace\8-2-build-windows-amd64-cygwin\jdk8u231\13620\hotspot\src\share\vm\classfile\systemDictionary.cpp, line 
Event: 6.826 Thread 0x00000000155cd000 Implicit null exception at 0x0000000002facc95 to 0x0000000002face91

Events (10 events):
Event: 6.873 loading class com/vladsch/flexmark/html/renderer/CoreNodeRenderer
Event: 6.873 loading class com/vladsch/flexmark/html/renderer/CoreNodeRenderer done
Event: 6.876 loading class com/vladsch/flexmark/ast/HtmlBlock
Event: 6.876 loading class com/vladsch/flexmark/ast/HtmlBlock done
Event: 6.877 loading class com/vladsch/flexmark/ast/HtmlBlockBase
Event: 6.877 loading class com/vladsch/flexmark/ast/HtmlBlockBase done
Event: 6.878 loading class com/vladsch/flexmark/ast/HtmlCommentBlock
Event: 6.878 loading class com/vladsch/flexmark/ast/HtmlCommentBlock done
Event: 6.880 loading class com/vladsch/flexmark/ast/HtmlInnerBlock
Event: 6.880 loading class com/vladsch/flexmark/ast/HtmlInnerBlock done


Dynamic libraries:
0x00007ff65cdf0000 - 0x00007ff65ce27000 	C:\Program Files\Java\jdk1.8.0_231\bin\java.exe
0x00007ff906cd0000 - 0x00007ff906ec6000 	C:\WINDOWS\SYSTEM32\ntdll.dll
0x00007ff905a00000 - 0x00007ff905abd000 	C:\WINDOWS\System32\KERNEL32.DLL
0x00007ff9048d0000 - 0x00007ff904b99000 	C:\WINDOWS\System32\KERNELBASE.dll
0x00007ff905ac0000 - 0x00007ff905b6c000 	C:\WINDOWS\System32\ADVAPI32.dll
0x00007ff906080000 - 0x00007ff90611e000 	C:\WINDOWS\System32\msvcrt.dll
0x00007ff906180000 - 0x00007ff90621c000 	C:\WINDOWS\System32\sechost.dll
0x00007ff905c10000 - 0x00007ff905d3b000 	C:\WINDOWS\System32\RPCRT4.dll
0x00007ff904db0000 - 0x00007ff904f50000 	C:\WINDOWS\System32\USER32.dll
0x00007ff904cd0000 - 0x00007ff904cf2000 	C:\WINDOWS\System32\win32u.dll
0x00007ff906050000 - 0x00007ff90607a000 	C:\WINDOWS\System32\GDI32.dll
0x00007ff9045c0000 - 0x00007ff9046c9000 	C:\WINDOWS\System32\gdi32full.dll
0x00007ff9046d0000 - 0x00007ff90476d000 	C:\WINDOWS\System32\msvcp_win.dll
0x00007ff9043e0000 - 0x00007ff9044e0000 	C:\WINDOWS\System32\ucrtbase.dll
0x00007ff8fac90000 - 0x00007ff8faf2b000 	C:\WINDOWS\WinSxS\amd64_microsoft.windows.common-controls_6595b64144ccf1df_6.0.19041.488_none_ca04af081b815d21\COMCTL32.dll
0x00007ff9068e0000 - 0x00007ff906910000 	C:\WINDOWS\System32\IMM32.DLL
0x0000000074250000 - 0x0000000074322000 	C:\Program Files\Java\jdk1.8.0_231\jre\bin\msvcr100.dll
0x00000000739a0000 - 0x0000000074246000 	C:\Program Files\Java\jdk1.8.0_231\jre\bin\server\jvm.dll
0x00007ff9063d0000 - 0x00007ff9063d8000 	C:\WINDOWS\System32\PSAPI.DLL
0x00007ff902bb0000 - 0x00007ff902bb9000 	C:\WINDOWS\SYSTEM32\WSOCK32.dll
0x00007ff8fc520000 - 0x00007ff8fc547000 	C:\WINDOWS\SYSTEM32\WINMM.dll
0x00007ff906350000 - 0x00007ff9063bb000 	C:\WINDOWS\System32\WS2_32.dll
0x00007ff8f8390000 - 0x00007ff8f839a000 	C:\WINDOWS\SYSTEM32\VERSION.dll
0x00007ff8feca0000 - 0x00007ff8fecaf000 	C:\Program Files\Java\jdk1.8.0_231\jre\bin\verify.dll
0x00007ff8e96f0000 - 0x00007ff8e9719000 	C:\Program Files\Java\jdk1.8.0_231\jre\bin\java.dll
0x00007ff8e96d0000 - 0x00007ff8e96e6000 	C:\Program Files\Java\jdk1.8.0_231\jre\bin\zip.dll
0x00007ff9052b0000 - 0x00007ff9059f2000 	C:\WINDOWS\System32\SHELL32.dll
0x00007ff9021f0000 - 0x00007ff902985000 	C:\WINDOWS\SYSTEM32\windows.storage.dll
0x00007ff904f50000 - 0x00007ff9052a6000 	C:\WINDOWS\System32\combase.dll
0x00007ff903de0000 - 0x00007ff903e0c000 	C:\WINDOWS\SYSTEM32\Wldp.dll
0x00007ff904d00000 - 0x00007ff904dae000 	C:\WINDOWS\System32\SHCORE.dll
0x00007ff906220000 - 0x00007ff906275000 	C:\WINDOWS\System32\shlwapi.dll
0x00007ff904310000 - 0x00007ff904336000 	C:\WINDOWS\SYSTEM32\profapi.dll
0x00007ff8e96b0000 - 0x00007ff8e96ca000 	C:\Program Files\Java\jdk1.8.0_231\jre\bin\net.dll
0x00007ff903b00000 - 0x00007ff903b6a000 	C:\WINDOWS\system32\mswsock.dll
0x00007ff8e9690000 - 0x00007ff8e96a2000 	C:\Program Files\Java\jdk1.8.0_231\jre\bin\nio.dll
0x00007ff903cd0000 - 0x00007ff903ce8000 	C:\WINDOWS\SYSTEM32\CRYPTSP.dll
0x00007ff903490000 - 0x00007ff9034c4000 	C:\WINDOWS\system32\rsaenh.dll
0x00007ff904590000 - 0x00007ff9045b7000 	C:\WINDOWS\System32\bcrypt.dll
0x00007ff9042d0000 - 0x00007ff9042fe000 	C:\WINDOWS\SYSTEM32\USERENV.dll
0x00007ff904ba0000 - 0x00007ff904c20000 	C:\WINDOWS\System32\bcryptprimitives.dll
0x00007ff903cf0000 - 0x00007ff903cfc000 	C:\WINDOWS\SYSTEM32\CRYPTBASE.dll
0x00007ff9037f0000 - 0x00007ff90382b000 	C:\WINDOWS\SYSTEM32\IPHLPAPI.DLL
0x00007ff906c50000 - 0x00007ff906c58000 	C:\WINDOWS\System32\NSI.dll
0x00007ff8fef50000 - 0x00007ff8fef67000 	C:\WINDOWS\SYSTEM32\dhcpcsvc6.DLL
0x00007ff8fef30000 - 0x00007ff8fef4d000 	C:\WINDOWS\SYSTEM32\dhcpcsvc.DLL
0x00007ff903830000 - 0x00007ff9038fb000 	C:\WINDOWS\SYSTEM32\DNSAPI.dll

VM Arguments:
jvm_args: -Djava.security.manager=worker.org.gradle.process.internal.worker.child.BootstrapSecurityManager -Dorg.gradle.native=false -Xmx512m -Dfile.encoding=windows-1252 -Duser.country=CO -Duser.language=es -Duser.variant -ea 
java_command: worker.org.gradle.process.internal.worker.GradleWorkerMain 'Gradle Test Executor 1'
java_class_path (initial): C:\Users\Usuario\.gradle\caches\6.7\workerMain\gradle-worker.jar
Launcher Type: SUN_STANDARD

Environment Variables:
JAVA_HOME=C:\Program Files\Java\jdk1.8.0_231
PATH=C:\WINDOWS\system32;C:\WINDOWS;C:\WINDOWS\System32\Wbem;C:\WINDOWS\System32\WindowsPowerShell\v1.0\;C:\Program Files\PuTTY\;C:\WINDOWS\System32\OpenSSH\;C:\Program Files\dotnet\;C:\Program Files\Microsoft SQL Server\130\Tools\Binn\;C:\Program Files\Microsoft SQL Server\Client SDK\ODBC\170\Tools\Binn\;C:\Program Files (x86)\Microsoft SQL Server\150\Tools\Binn\;C:\Program Files\Microsoft SQL Server\150\Tools\Binn\;C:\Program Files\Microsoft SQL Server\150\DTS\Binn\;C:\Program Files (x86)\Microsoft SQL Server\150\DTS\Binn\;C:\Program Files\Azure Data Studio\bin;C:\Program Files\Java\jdk1.8.0_231\bin;C:\GRADLE\gradle-6.7\bin;C:\Program Files\Git\cmd;C:\Program Files\MySQL\MySQL Shell 8.0\bin\;C:\Users\Usuario\AppData\Local\Microsoft\WindowsApps;C:\Users\Usuario\AppData\Local\Programs\Microsoft VS Code\bin;C:\Program Files\Azure Data Studio\bin;
USERNAME=Usuario
OS=Windows_NT
PROCESSOR_IDENTIFIER=Intel64 Family 6 Model 61 Stepping 4, GenuineIntel



---------------  S Y S T E M  ---------------

OS: Windows 10.0 , 64 bit Build 19041 (10.0.19041.662)

CPU:total 4 (initial active 4) (2 cores per cpu, 2 threads per core) family 6 model 61 stepping 4, cmov, cx8, fxsr, mmx, sse, sse2, sse3, ssse3, sse4.1, sse4.2, popcnt, avx, avx2, aes, clmul, erms, 3dnowpref, lzcnt, ht, tsc, tscinvbit, bmi1, bmi2, adx

Memory: 4k page, physical 8301580k(1044784k free), swap 8301580k(5124k free)

vm_info: Java HotSpot(TM) 64-Bit Server VM (25.231-b11) for windows-amd64 JRE (1.8.0_231-b11), built on Oct  5 2019 03:11:30 by "java_re" with MS VC++ 10.0 (VS2010)

time: Tue Jan 05 20:15:33 2021
timezone: Hora est. Pacífico, Sudamérica
elapsed time: 6 seconds (0d 0h 0m 6s)

