#
# There is insufficient memory for the Java Runtime Environment to continue.
# Native memory allocation (malloc) failed to allocate 131088 bytes for Chunk::new
# Possible reasons:
#   The system is out of physical RAM or swap space
#   The process is running with CompressedOops enabled, and the Java Heap may be blocking the growth of the native heap
# Possible solutions:
#   Reduce memory load on the system
#   Increase physical memory or swap space
#   Check if swap backing store is full
#   Decrease Java heap size (-Xmx/-Xms)
#   Decrease number of Java threads
#   Decrease Java thread stack sizes (-Xss)
#   Set larger code cache with -XX:ReservedCodeCacheSize=
#   JVM is running with Unscaled Compressed Oops mode in which the Java heap is
#     placed in the first 4GB address space. The Java Heap base address is the
#     maximum limit for the native heap growth. Please use -XX:HeapBaseMinAddress
#     to set the Java Heap base and to place the Java Heap above 4GB virtual address.
# This output file may be truncated or incomplete.
#
#  Out of Memory Error (allocation.cpp:389), pid=16296, tid=0x0000000000003f5c
#
# JRE version: Java(TM) SE Runtime Environment (8.0_231-b11) (build 1.8.0_231-b11)
# Java VM: Java HotSpot(TM) 64-Bit Server VM (25.231-b11 mixed mode windows-amd64 compressed oops)
# Failed to write core dump. Minidumps are not enabled by default on client versions of Windows
#

---------------  T H R E A D  ---------------

Current thread (0x000000001539f800):  JavaThread "C2 CompilerThread1" daemon [_thread_in_native, id=16220, stack(0x0000000015bf0000,0x0000000015cf0000)]

Stack: [0x0000000015bf0000,0x0000000015cf0000]
[error occurred during error reporting (printing stack bounds), id 0xc0000005]

Native frames: (J=compiled Java code, j=interpreted, Vv=VM code, C=native code)


Current CompileTask:
C2:  24657 3790   !   4       java.net.URLClassLoader$1::run (63 bytes)


---------------  P R O C E S S  ---------------

Java Threads: ( => current thread )
  0x00000000183d4800 JavaThread "Darkroom Processing Line" daemon [_thread_blocked, id=6624, stack(0x0000000019ad0000,0x0000000019bd0000)]
  0x00000000183d8000 JavaThread "Okio Watchdog" daemon [_thread_blocked, id=14372, stack(0x000000001cf80000,0x000000001d080000)]
  0x00000000183d7800 JavaThread "OkHttp ConnectionPool" daemon [_thread_blocked, id=2472, stack(0x000000001cd80000,0x000000001ce80000)]
  0x00000000183d3000 JavaThread "Exec Stream Pumper" daemon [_thread_in_native, id=6868, stack(0x000000001c880000,0x000000001c980000)]
  0x00000000183d6000 JavaThread "Exec Stream Pumper" daemon [_thread_in_native, id=13852, stack(0x000000001b310000,0x000000001b410000)]
  0x00000000183d2000 JavaThread "UrlChecker-2" daemon [_thread_blocked, id=16092, stack(0x000000001a1d0000,0x000000001a2d0000)]
  0x00000000183d9000 JavaThread "Exec Default Executor" daemon [_thread_in_native, id=10336, stack(0x00000000199d0000,0x0000000019ad0000)]
  0x0000000017373800 JavaThread "/127.0.0.1:9022 to /127.0.0.1:9021 workers Thread 3" [_thread_in_native, id=11440, stack(0x0000000017e00000,0x0000000017f00000)]
  0x00000000169fb800 JavaThread "/127.0.0.1:9022 to /127.0.0.1:9021 workers Thread 2" [_thread_blocked, id=11348, stack(0x0000000017d00000,0x0000000017e00000)]
  0x0000000017069800 JavaThread "Forwarding sendKeysToElement on session ac865c1edd4db0585e0f52767d531fc2 to remote" [_thread_in_native, id=19400, stack(0x00000000178c0000,0x00000000179c0000)]
  0x000000001541c800 JavaThread "Service Thread" daemon [_thread_blocked, id=16524, stack(0x0000000015df0000,0x0000000015ef0000)]
  0x00000000153a3000 JavaThread "C1 CompilerThread2" daemon [_thread_blocked, id=11612, stack(0x0000000015cf0000,0x0000000015df0000)]
=>0x000000001539f800 JavaThread "C2 CompilerThread1" daemon [_thread_in_native, id=16220, stack(0x0000000015bf0000,0x0000000015cf0000)]
  0x0000000015399800 JavaThread "C2 CompilerThread0" daemon [_thread_in_native, id=17848, stack(0x0000000015af0000,0x0000000015bf0000)]
  0x0000000015397800 JavaThread "Attach Listener" daemon [_thread_blocked, id=1940, stack(0x00000000159f0000,0x0000000015af0000)]
  0x0000000015396800 JavaThread "Signal Dispatcher" daemon [_thread_blocked, id=9620, stack(0x00000000158f0000,0x00000000159f0000)]
  0x0000000002b9c800 JavaThread "Finalizer" daemon [_thread_blocked, id=19380, stack(0x0000000015160000,0x0000000015260000)]
  0x0000000002b93800 JavaThread "Reference Handler" daemon [_thread_blocked, id=10576, stack(0x0000000015060000,0x0000000015160000)]
  0x0000000002aa2800 JavaThread "main" [_thread_blocked, id=11868, stack(0x00000000029a0000,0x0000000002aa0000)]

Other Threads:
  0x0000000013ed7800 VMThread [stack: 0x0000000014f60000,0x0000000015060000] [id=19448]
  0x000000001546a000 WatcherThread [stack: 0x0000000015ef0000,0x0000000015ff0000] [id=11324]

VM state:not at safepoint (normal execution)

VM Mutex/Monitor currently owned by a thread: None

heap address: 0x00000000e0000000, size: 512 MB, Compressed Oops mode: 32-bit
Narrow klass base: 0x0000000000000000, Narrow klass shift: 3
Compressed class space size: 1073741824 Address: 0x0000000100000000

Heap:
 PSYoungGen      total 138240K, used 35818K [0x00000000f5580000, 0x00000000ffc00000, 0x0000000100000000)
  eden space 129024K, 26% used [0x00000000f5580000,0x00000000f76f53d0,0x00000000fd380000)
  from space 9216K, 16% used [0x00000000fd380000,0x00000000fd5056d8,0x00000000fdc80000)
  to   space 9216K, 0% used [0x00000000ff300000,0x00000000ff300000,0x00000000ffc00000)
 ParOldGen       total 82944K, used 10733K [0x00000000e0000000, 0x00000000e5100000, 0x00000000f5580000)
  object space 82944K, 12% used [0x00000000e0000000,0x00000000e0a7b460,0x00000000e5100000)
 Metaspace       used 36114K, capacity 37326K, committed 37424K, reserved 1081344K
  class space    used 5087K, capacity 5381K, committed 5424K, reserved 1048576K

Card table byte_map: [0x0000000011f60000,0x0000000012070000] byte_map_base: 0x0000000011860000

Marking Bits: (ParMarkBitMap*) 0x00000000742a6d90
 Begin Bits: [0x0000000012470000, 0x0000000012c70000)
 End Bits:   [0x0000000012c70000, 0x0000000013470000)

Polling page: 0x0000000001200000

CodeCache: size=245760Kb used=10137Kb max_used=10505Kb free=235622Kb
 bounds [0x0000000002ba0000, 0x00000000035f0000, 0x0000000011ba0000]
 total_blobs=3790 nmethods=3311 adapters=391
 compilation: enabled

Compilation events (10 events):
Event: 24.644 Thread 0x00000000153a3000 3800       3       com.google.common.collect.AbstractMapBasedMultimap::lambda$null$0 (6 bytes)
Event: 24.644 Thread 0x00000000153a3000 nmethod 3800 0x0000000002ffcb10 code [0x0000000002ffcc80, 0x0000000002ffcfb0]
Event: 24.644 Thread 0x00000000153a3000 3801       3       org.openqa.selenium.remote.http.HttpMessage$$Lambda$350/1341474077::test (8 bytes)
Event: 24.644 Thread 0x00000000153a3000 nmethod 3801 0x0000000002ffc410 code [0x0000000002ffc5a0, 0x0000000002ffc9c8]
Event: 24.644 Thread 0x00000000153a3000 3802       3       org.openqa.selenium.remote.http.HttpMessage::lambda$getHeaders$0 (10 bytes)
Event: 24.645 Thread 0x00000000153a3000 nmethod 3802 0x0000000002ffbf10 code [0x0000000002ffc080, 0x0000000002ffc328]
Event: 24.645 Thread 0x00000000153a3000 3803       3       org.openqa.selenium.remote.http.HttpMessage$$Lambda$351/1128125925::test (12 bytes)
Event: 24.645 Thread 0x00000000153a3000 nmethod 3803 0x0000000002ffb390 code [0x0000000002ffb540, 0x0000000002ffbc68]
Event: 24.645 Thread 0x00000000153a3000 3804       3       org.openqa.selenium.remote.http.HttpMessage::lambda$getHeaders$1 (17 bytes)
Event: 24.645 Thread 0x00000000153a3000 nmethod 3804 0x0000000002ffaa50 code [0x0000000002ffac00, 0x0000000002ffb1a8]

GC Heap History (10 events):
Event: 17.325 GC heap before
{Heap before GC invocations=11 (full 2):
 PSYoungGen      total 92672K, used 5513K [0x00000000f5580000, 0x00000000fcd80000, 0x0000000100000000)
  eden space 84480K, 0% used [0x00000000f5580000,0x00000000f5580000,0x00000000fa800000)
  from space 8192K, 67% used [0x00000000fa800000,0x00000000fad62680,0x00000000fb000000)
  to   space 7680K, 0% used [0x00000000fc600000,0x00000000fc600000,0x00000000fcd80000)
 ParOldGen       total 54272K, used 5998K [0x00000000e0000000, 0x00000000e3500000, 0x00000000f5580000)
  object space 54272K, 11% used [0x00000000e0000000,0x00000000e05db9f8,0x00000000e3500000)
 Metaspace       used 34305K, capacity 35416K, committed 35496K, reserved 1079296K
  class space    used 4861K, capacity 5118K, committed 5168K, reserved 1048576K
Event: 17.419 GC heap after
Heap after GC invocations=11 (full 2):
 PSYoungGen      total 92672K, used 0K [0x00000000f5580000, 0x00000000fcd80000, 0x0000000100000000)
  eden space 84480K, 0% used [0x00000000f5580000,0x00000000f5580000,0x00000000fa800000)
  from space 8192K, 0% used [0x00000000fa800000,0x00000000fa800000,0x00000000fb000000)
  to   space 7680K, 0% used [0x00000000fc600000,0x00000000fc600000,0x00000000fcd80000)
 ParOldGen       total 82944K, used 10701K [0x00000000e0000000, 0x00000000e5100000, 0x00000000f5580000)
  object space 82944K, 12% used [0x00000000e0000000,0x00000000e0a73460,0x00000000e5100000)
 Metaspace       used 34305K, capacity 35416K, committed 35496K, reserved 1079296K
  class space    used 4861K, capacity 5118K, committed 5168K, reserved 1048576K
}
Event: 18.624 GC heap before
{Heap before GC invocations=12 (full 2):
 PSYoungGen      total 92672K, used 84480K [0x00000000f5580000, 0x00000000fcd80000, 0x0000000100000000)
  eden space 84480K, 100% used [0x00000000f5580000,0x00000000fa800000,0x00000000fa800000)
  from space 8192K, 0% used [0x00000000fa800000,0x00000000fa800000,0x00000000fb000000)
  to   space 7680K, 0% used [0x00000000fc600000,0x00000000fc600000,0x00000000fcd80000)
 ParOldGen       total 82944K, used 10701K [0x00000000e0000000, 0x00000000e5100000, 0x00000000f5580000)
  object space 82944K, 12% used [0x00000000e0000000,0x00000000e0a73460,0x00000000e5100000)
 Metaspace       used 35369K, capacity 36532K, committed 36784K, reserved 1081344K
  class space    used 5005K, capacity 5268K, committed 5296K, reserved 1048576K
Event: 18.626 GC heap after
Heap after GC invocations=12 (full 2):
 PSYoungGen      total 114688K, used 1645K [0x00000000f5580000, 0x00000000fce00000, 0x0000000100000000)
  eden space 107008K, 0% used [0x00000000f5580000,0x00000000f5580000,0x00000000fbe00000)
  from space 7680K, 21% used [0x00000000fc600000,0x00000000fc79b560,0x00000000fcd80000)
  to   space 8192K, 0% used [0x00000000fbe00000,0x00000000fbe00000,0x00000000fc600000)
 ParOldGen       total 82944K, used 10709K [0x00000000e0000000, 0x00000000e5100000, 0x00000000f5580000)
  object space 82944K, 12% used [0x00000000e0000000,0x00000000e0a75460,0x00000000e5100000)
 Metaspace       used 35369K, capacity 36532K, committed 36784K, reserved 1081344K
  class space    used 5005K, capacity 5268K, committed 5296K, reserved 1048576K
}
Event: 21.482 GC heap before
{Heap before GC invocations=13 (full 2):
 PSYoungGen      total 114688K, used 108653K [0x00000000f5580000, 0x00000000fce00000, 0x0000000100000000)
  eden space 107008K, 100% used [0x00000000f5580000,0x00000000fbe00000,0x00000000fbe00000)
  from space 7680K, 21% used [0x00000000fc600000,0x00000000fc79b560,0x00000000fcd80000)
  to   space 8192K, 0% used [0x00000000fbe00000,0x00000000fbe00000,0x00000000fc600000)
 ParOldGen       total 82944K, used 10709K [0x00000000e0000000, 0x00000000e5100000, 0x00000000f5580000)
  object space 82944K, 12% used [0x00000000e0000000,0x00000000e0a75460,0x00000000e5100000)
 Metaspace       used 35901K, capacity 37126K, committed 37424K, reserved 1081344K
  class space    used 5071K, capacity 5381K, committed 5424K, reserved 1048576K
Event: 21.486 GC heap after
Heap after GC invocations=13 (full 2):
 PSYoungGen      total 115200K, used 1205K [0x00000000f5580000, 0x00000000fe780000, 0x0000000100000000)
  eden space 107008K, 0% used [0x00000000f5580000,0x00000000f5580000,0x00000000fbe00000)
  from space 8192K, 14% used [0x00000000fbe00000,0x00000000fbf2d6d8,0x00000000fc600000)
  to   space 8704K, 0% used [0x00000000fdf00000,0x00000000fdf00000,0x00000000fe780000)
 ParOldGen       total 82944K, used 10717K [0x00000000e0000000, 0x00000000e5100000, 0x00000000f5580000)
  object space 82944K, 12% used [0x00000000e0000000,0x00000000e0a77460,0x00000000e5100000)
 Metaspace       used 35901K, capacity 37126K, committed 37424K, reserved 1081344K
  class space    used 5071K, capacity 5381K, committed 5424K, reserved 1048576K
}
Event: 22.888 GC heap before
{Heap before GC invocations=14 (full 2):
 PSYoungGen      total 115200K, used 108213K [0x00000000f5580000, 0x00000000fe780000, 0x0000000100000000)
  eden space 107008K, 100% used [0x00000000f5580000,0x00000000fbe00000,0x00000000fbe00000)
  from space 8192K, 14% used [0x00000000fbe00000,0x00000000fbf2d6d8,0x00000000fc600000)
  to   space 8704K, 0% used [0x00000000fdf00000,0x00000000fdf00000,0x00000000fe780000)
 ParOldGen       total 82944K, used 10717K [0x00000000e0000000, 0x00000000e5100000, 0x00000000f5580000)
  object space 82944K, 12% used [0x00000000e0000000,0x00000000e0a77460,0x00000000e5100000)
 Metaspace       used 36063K, capacity 37318K, committed 37424K, reserved 1081344K
  class space    used 5087K, capacity 5381K, committed 5424K, reserved 1048576K
Event: 22.890 GC heap after
Heap after GC invocations=14 (full 2):
 PSYoungGen      total 135680K, used 1685K [0x00000000f5580000, 0x00000000fe580000, 0x0000000100000000)
  eden space 129024K, 0% used [0x00000000f5580000,0x00000000f5580000,0x00000000fd380000)
  from space 6656K, 25% used [0x00000000fdf00000,0x00000000fe0a56d8,0x00000000fe580000)
  to   space 9216K, 0% used [0x00000000fd380000,0x00000000fd380000,0x00000000fdc80000)
 ParOldGen       total 82944K, used 10725K [0x00000000e0000000, 0x00000000e5100000, 0x00000000f5580000)
  object space 82944K, 12% used [0x00000000e0000000,0x00000000e0a79460,0x00000000e5100000)
 Metaspace       used 36063K, capacity 37318K, committed 37424K, reserved 1081344K
  class space    used 5087K, capacity 5381K, committed 5424K, reserved 1048576K
}
Event: 24.358 GC heap before
{Heap before GC invocations=15 (full 2):
 PSYoungGen      total 135680K, used 130709K [0x00000000f5580000, 0x00000000fe580000, 0x0000000100000000)
  eden space 129024K, 100% used [0x00000000f5580000,0x00000000fd380000,0x00000000fd380000)
  from space 6656K, 25% used [0x00000000fdf00000,0x00000000fe0a56d8,0x00000000fe580000)
  to   space 9216K, 0% used [0x00000000fd380000,0x00000000fd380000,0x00000000fdc80000)
 ParOldGen       total 82944K, used 10725K [0x00000000e0000000, 0x00000000e5100000, 0x00000000f5580000)
  object space 82944K, 12% used [0x00000000e0000000,0x00000000e0a79460,0x00000000e5100000)
 Metaspace       used 36096K, capacity 37322K, committed 37424K, reserved 1081344K
  class space    used 5087K, capacity 5381K, committed 5424K, reserved 1048576K
Event: 24.360 GC heap after
Heap after GC invocations=15 (full 2):
 PSYoungGen      total 138240K, used 1557K [0x00000000f5580000, 0x00000000ffc00000, 0x0000000100000000)
  eden space 129024K, 0% used [0x00000000f5580000,0x00000000f5580000,0x00000000fd380000)
  from space 9216K, 16% used [0x00000000fd380000,0x00000000fd5056d8,0x00000000fdc80000)
  to   space 9216K, 0% used [0x00000000ff300000,0x00000000ff300000,0x00000000ffc00000)
 ParOldGen       total 82944K, used 10733K [0x00000000e0000000, 0x00000000e5100000, 0x00000000f5580000)
  object space 82944K, 12% used [0x00000000e0000000,0x00000000e0a7b460,0x00000000e5100000)
 Metaspace       used 36096K, capacity 37322K, committed 37424K, reserved 1081344K
  class space    used 5087K, capacity 5381K, committed 5424K, reserved 1048576K
}

Deoptimization events (10 events):
Event: 21.047 Thread 0x0000000017069800 Uncommon trap: reason=unstable_if action=reinterpret pc=0x0000000003040b30 method=java.lang.Character.isHighSurrogate(C)Z @ 3
Event: 21.049 Thread 0x0000000017069800 Uncommon trap: reason=class_check action=maybe_recompile pc=0x00000000035e4700 method=java.lang.AbstractStringBuilder.append(Ljava/lang/CharSequence;)Ljava/lang/AbstractStringBuilder; @ 26
Event: 21.049 Thread 0x0000000017069800 Uncommon trap: reason=class_check action=maybe_recompile pc=0x00000000032c1898 method=java.lang.AbstractStringBuilder.append(Ljava/lang/CharSequence;II)Ljava/lang/AbstractStringBuilder; @ 18
Event: 21.049 Thread 0x0000000017069800 Uncommon trap: reason=class_check action=maybe_recompile pc=0x00000000035e4700 method=java.lang.AbstractStringBuilder.append(Ljava/lang/CharSequence;)Ljava/lang/AbstractStringBuilder; @ 26
Event: 21.049 Thread 0x0000000017069800 Uncommon trap: reason=class_check action=maybe_recompile pc=0x00000000032c1898 method=java.lang.AbstractStringBuilder.append(Ljava/lang/CharSequence;II)Ljava/lang/AbstractStringBuilder; @ 18
Event: 21.051 Thread 0x0000000017069800 Uncommon trap: reason=class_check action=maybe_recompile pc=0x00000000035e4700 method=java.lang.AbstractStringBuilder.append(Ljava/lang/CharSequence;)Ljava/lang/AbstractStringBuilder; @ 26
Event: 21.051 Thread 0x0000000017069800 Uncommon trap: reason=class_check action=maybe_recompile pc=0x00000000032c1898 method=java.lang.AbstractStringBuilder.append(Ljava/lang/CharSequence;II)Ljava/lang/AbstractStringBuilder; @ 18
Event: 21.054 Thread 0x0000000017069800 Uncommon trap: reason=unstable_if action=reinterpret pc=0x0000000002d387d8 method=sun.nio.cs.UTF_8$Encoder.encode([CII[B)I @ 33
Event: 23.093 Thread 0x0000000017069800 Uncommon trap: reason=class_check action=maybe_recompile pc=0x00000000035e4700 method=java.lang.AbstractStringBuilder.append(Ljava/lang/CharSequence;)Ljava/lang/AbstractStringBuilder; @ 26
Event: 23.093 Thread 0x0000000017069800 Uncommon trap: reason=class_check action=maybe_recompile pc=0x00000000032c1898 method=java.lang.AbstractStringBuilder.append(Ljava/lang/CharSequence;II)Ljava/lang/AbstractStringBuilder; @ 18

Classes redefined (0 events):
No events

Internal exceptions (10 events):
Event: 21.178 Thread 0x0000000017069800 Exception <a 'java/net/SocketTimeoutException': Read timed out> (0x00000000fb70ec38) thrown at [C:\re\workspace\8-2-build-windows-amd64-cygwin\jdk8u231\13620\hotspot\src\share\vm\prims\jni.cpp, line 736]
Event: 21.279 Thread 0x0000000017069800 Exception <a 'java/net/SocketTimeoutException': Read timed out> (0x00000000fbb0c2a0) thrown at [C:\re\workspace\8-2-build-windows-amd64-cygwin\jdk8u231\13620\hotspot\src\share\vm\prims\jni.cpp, line 736]
Event: 22.753 Thread 0x0000000017069800 Exception <a 'java/net/SocketTimeoutException': Read timed out> (0x00000000fb16bfa8) thrown at [C:\re\workspace\8-2-build-windows-amd64-cygwin\jdk8u231\13620\hotspot\src\share\vm\prims\jni.cpp, line 736]
Event: 23.079 Thread 0x0000000017069800 Exception <a 'java/net/SocketTimeoutException': Read timed out> (0x00000000f6c5b1d8) thrown at [C:\re\workspace\8-2-build-windows-amd64-cygwin\jdk8u231\13620\hotspot\src\share\vm\prims\jni.cpp, line 736]
Event: 23.109 Thread 0x0000000017069800 Exception <a 'java/net/SocketTimeoutException': Read timed out> (0x00000000f6c7b188) thrown at [C:\re\workspace\8-2-build-windows-amd64-cygwin\jdk8u231\13620\hotspot\src\share\vm\prims\jni.cpp, line 736]
Event: 23.218 Thread 0x0000000017069800 Exception <a 'java/net/SocketTimeoutException': Read timed out> (0x00000000f7074210) thrown at [C:\re\workspace\8-2-build-windows-amd64-cygwin\jdk8u231\13620\hotspot\src\share\vm\prims\jni.cpp, line 736]
Event: 23.295 Thread 0x0000000017069800 Exception <a 'java/net/SocketTimeoutException': Read timed out> (0x00000000f74718e0) thrown at [C:\re\workspace\8-2-build-windows-amd64-cygwin\jdk8u231\13620\hotspot\src\share\vm\prims\jni.cpp, line 736]
Event: 24.288 Thread 0x0000000017069800 Exception <a 'java/net/SocketTimeoutException': Read timed out> (0x00000000fcedf570) thrown at [C:\re\workspace\8-2-build-windows-amd64-cygwin\jdk8u231\13620\hotspot\src\share\vm\prims\jni.cpp, line 736]
Event: 24.570 Thread 0x0000000017069800 Exception <a 'java/net/SocketTimeoutException': Read timed out> (0x00000000f74eb1d8) thrown at [C:\re\workspace\8-2-build-windows-amd64-cygwin\jdk8u231\13620\hotspot\src\share\vm\prims\jni.cpp, line 736]
Event: 24.647 Thread 0x0000000017069800 Exception <a 'java/net/SocketTimeoutException': Read timed out> (0x00000000f750b188) thrown at [C:\re\workspace\8-2-build-windows-amd64-cygwin\jdk8u231\13620\hotspot\src\share\vm\prims\jni.cpp, line 736]

Events (10 events):
Event: 24.550 loading class org/gradle/internal/concurrent/ExecutorPolicy$CatchAndRecordFailures
Event: 24.550 loading class org/gradle/internal/concurrent/ExecutorPolicy$CatchAndRecordFailures done
Event: 24.551 loading class org/gradle/internal/concurrent/ManagedExecutorImpl$1
Event: 24.551 loading class org/gradle/internal/concurrent/ManagedExecutorImpl$1 done
Event: 24.551 loading class org/gradle/internal/concurrent/ManagedExecutorImpl$1
Event: 24.551 loading class org/gradle/internal/concurrent/ManagedExecutorImpl$1 done
Event: 24.552 loading class org/gradle/internal/concurrent/ThreadFactoryImpl$ManagedThreadRunnable
Event: 24.552 loading class org/gradle/internal/concurrent/ThreadFactoryImpl$ManagedThreadRunnable done
Event: 24.553 loading class org/gradle/internal/concurrent/ThreadFactoryImpl$ManagedThreadRunnable
Event: 24.553 loading class org/gradle/internal/concurrent/ThreadFactoryImpl$ManagedThreadRunnable done


Dynamic libraries:
0x00007ff7df710000 - 0x00007ff7df747000 	C:\Program Files\Java\jdk1.8.0_231\bin\java.exe
0x00007ff906cd0000 - 0x00007ff906ec6000 	C:\WINDOWS\SYSTEM32\ntdll.dll
0x00007ff905a00000 - 0x00007ff905abd000 	C:\WINDOWS\System32\KERNEL32.DLL
0x00007ff9048d0000 - 0x00007ff904b99000 	C:\WINDOWS\System32\KERNELBASE.dll
0x00007ff905ac0000 - 0x00007ff905b6c000 	C:\WINDOWS\System32\ADVAPI32.dll
0x00007ff906080000 - 0x00007ff90611e000 	C:\WINDOWS\System32\msvcrt.dll
0x00007ff906180000 - 0x00007ff90621c000 	C:\WINDOWS\System32\sechost.dll
0x00007ff905c10000 - 0x00007ff905d3b000 	C:\WINDOWS\System32\RPCRT4.dll
0x00007ff904db0000 - 0x00007ff904f50000 	C:\WINDOWS\System32\USER32.dll
0x00007ff904cd0000 - 0x00007ff904cf2000 	C:\WINDOWS\System32\win32u.dll
0x00007ff906050000 - 0x00007ff90607a000 	C:\WINDOWS\System32\GDI32.dll
0x00007ff9045c0000 - 0x00007ff9046c9000 	C:\WINDOWS\System32\gdi32full.dll
0x00007ff9046d0000 - 0x00007ff90476d000 	C:\WINDOWS\System32\msvcp_win.dll
0x00007ff9043e0000 - 0x00007ff9044e0000 	C:\WINDOWS\System32\ucrtbase.dll
0x00007ff8fac90000 - 0x00007ff8faf2b000 	C:\WINDOWS\WinSxS\amd64_microsoft.windows.common-controls_6595b64144ccf1df_6.0.19041.488_none_ca04af081b815d21\COMCTL32.dll
0x00007ff9068e0000 - 0x00007ff906910000 	C:\WINDOWS\System32\IMM32.DLL
0x0000000074330000 - 0x0000000074402000 	C:\Program Files\Java\jdk1.8.0_231\jre\bin\msvcr100.dll
0x0000000073a80000 - 0x0000000074326000 	C:\Program Files\Java\jdk1.8.0_231\jre\bin\server\jvm.dll
0x00007ff9063d0000 - 0x00007ff9063d8000 	C:\WINDOWS\System32\PSAPI.DLL
0x00007ff8f8390000 - 0x00007ff8f839a000 	C:\WINDOWS\SYSTEM32\VERSION.dll
0x00007ff902bb0000 - 0x00007ff902bb9000 	C:\WINDOWS\SYSTEM32\WSOCK32.dll
0x00007ff8fc520000 - 0x00007ff8fc547000 	C:\WINDOWS\SYSTEM32\WINMM.dll
0x00007ff906350000 - 0x00007ff9063bb000 	C:\WINDOWS\System32\WS2_32.dll
0x00007ff8fab20000 - 0x00007ff8fab2f000 	C:\Program Files\Java\jdk1.8.0_231\jre\bin\verify.dll
0x00007ff8e39d0000 - 0x00007ff8e39f9000 	C:\Program Files\Java\jdk1.8.0_231\jre\bin\java.dll
0x00007ff8e9600000 - 0x00007ff8e9616000 	C:\Program Files\Java\jdk1.8.0_231\jre\bin\zip.dll
0x00007ff9052b0000 - 0x00007ff9059f2000 	C:\WINDOWS\System32\SHELL32.dll
0x00007ff9021f0000 - 0x00007ff902985000 	C:\WINDOWS\SYSTEM32\windows.storage.dll
0x00007ff904f50000 - 0x00007ff9052a6000 	C:\WINDOWS\System32\combase.dll
0x00007ff903de0000 - 0x00007ff903e0c000 	C:\WINDOWS\SYSTEM32\Wldp.dll
0x00007ff904d00000 - 0x00007ff904dae000 	C:\WINDOWS\System32\SHCORE.dll
0x00007ff906220000 - 0x00007ff906275000 	C:\WINDOWS\System32\shlwapi.dll
0x00007ff904310000 - 0x00007ff904336000 	C:\WINDOWS\SYSTEM32\profapi.dll
0x00007ff8e9520000 - 0x00007ff8e953a000 	C:\Program Files\Java\jdk1.8.0_231\jre\bin\net.dll
0x00007ff903b00000 - 0x00007ff903b6a000 	C:\WINDOWS\system32\mswsock.dll
0x00007ff8e93d0000 - 0x00007ff8e93e2000 	C:\Program Files\Java\jdk1.8.0_231\jre\bin\nio.dll
0x00007ff903cd0000 - 0x00007ff903ce8000 	C:\WINDOWS\SYSTEM32\CRYPTSP.dll
0x00007ff903490000 - 0x00007ff9034c4000 	C:\WINDOWS\system32\rsaenh.dll
0x00007ff904590000 - 0x00007ff9045b7000 	C:\WINDOWS\System32\bcrypt.dll
0x00007ff9042d0000 - 0x00007ff9042fe000 	C:\WINDOWS\SYSTEM32\USERENV.dll
0x00007ff904ba0000 - 0x00007ff904c20000 	C:\WINDOWS\System32\bcryptprimitives.dll
0x00007ff903cf0000 - 0x00007ff903cfc000 	C:\WINDOWS\SYSTEM32\CRYPTBASE.dll
0x00007ff9037f0000 - 0x00007ff90382b000 	C:\WINDOWS\SYSTEM32\IPHLPAPI.DLL
0x00007ff906c50000 - 0x00007ff906c58000 	C:\WINDOWS\System32\NSI.dll
0x00007ff8fef50000 - 0x00007ff8fef67000 	C:\WINDOWS\SYSTEM32\dhcpcsvc6.DLL
0x00007ff8fef30000 - 0x00007ff8fef4d000 	C:\WINDOWS\SYSTEM32\dhcpcsvc.DLL
0x00007ff903830000 - 0x00007ff9038fb000 	C:\WINDOWS\SYSTEM32\DNSAPI.dll
0x00007ff8fc510000 - 0x00007ff8fc51a000 	C:\Windows\System32\rasadhlp.dll
0x00007ff8fc2b0000 - 0x00007ff8fc32f000 	C:\WINDOWS\System32\fwpuclnt.dll
0x00007ff8e36e0000 - 0x00007ff8e3704000 	C:\Program Files\Java\jdk1.8.0_231\jre\bin\sunec.dll
0x00007ff8f9bb0000 - 0x00007ff8f9bbb000 	C:\Program Files\Java\jdk1.8.0_231\jre\bin\sunmscapi.dll
0x00007ff904770000 - 0x00007ff9048cd000 	C:\WINDOWS\System32\CRYPT32.dll

VM Arguments:
jvm_args: -Djava.security.manager=worker.org.gradle.process.internal.worker.child.BootstrapSecurityManager -Dorg.gradle.native=false -Xmx512m -Dfile.encoding=windows-1252 -Duser.country=CO -Duser.language=es -Duser.variant -ea 
java_command: worker.org.gradle.process.internal.worker.GradleWorkerMain 'Gradle Test Executor 40'
java_class_path (initial): C:\Users\Usuario\.gradle\caches\6.7\workerMain\gradle-worker.jar
Launcher Type: SUN_STANDARD

Environment Variables:
JAVA_HOME=C:\Program Files\Java\jdk1.8.0_231
PATH=C:\WINDOWS\system32;C:\WINDOWS;C:\WINDOWS\System32\Wbem;C:\WINDOWS\System32\WindowsPowerShell\v1.0\;C:\Program Files\PuTTY\;C:\WINDOWS\System32\OpenSSH\;C:\Program Files\dotnet\;C:\Program Files\Microsoft SQL Server\130\Tools\Binn\;C:\Program Files\Microsoft SQL Server\Client SDK\ODBC\170\Tools\Binn\;C:\Program Files (x86)\Microsoft SQL Server\150\Tools\Binn\;C:\Program Files\Microsoft SQL Server\150\Tools\Binn\;C:\Program Files\Microsoft SQL Server\150\DTS\Binn\;C:\Program Files (x86)\Microsoft SQL Server\150\DTS\Binn\;C:\Program Files\Azure Data Studio\bin;C:\Program Files\Java\jdk1.8.0_231\bin;C:\GRADLE\gradle-6.7\bin;C:\Program Files\Git\cmd;C:\Program Files\MySQL\MySQL Shell 8.0\bin\;C:\Users\Usuario\AppData\Local\Microsoft\WindowsApps;C:\Users\Usuario\AppData\Local\Programs\Microsoft VS Code\bin;C:\Program Files\Azure Data Studio\bin;
USERNAME=Usuario
OS=Windows_NT
PROCESSOR_IDENTIFIER=Intel64 Family 6 Model 61 Stepping 4, GenuineIntel



---------------  S Y S T E M  ---------------

OS: Windows 10.0 , 64 bit Build 19041 (10.0.19041.662)

CPU:total 4 (initial active 4) (2 cores per cpu, 2 threads per core) family 6 model 61 stepping 4, cmov, cx8, fxsr, mmx, sse, sse2, sse3, ssse3, sse4.1, sse4.2, popcnt, avx, avx2, aes, clmul, erms, 3dnowpref, lzcnt, ht, tsc, tscinvbit, bmi1, bmi2, adx

Memory: 4k page, physical 8301580k(1033992k free), swap 8301580k(5272k free)

vm_info: Java HotSpot(TM) 64-Bit Server VM (25.231-b11) for windows-amd64 JRE (1.8.0_231-b11), built on Oct  5 2019 03:11:30 by "java_re" with MS VC++ 10.0 (VS2010)

time: Wed Jan 06 15:24:10 2021
timezone: Hora est. Pacífico, Sudamérica
elapsed time: 24 seconds (0d 0h 0m 24s)

