#
# There is insufficient memory for the Java Runtime Environment to continue.
# Native memory allocation (malloc) failed to allocate 440720 bytes for Chunk::new
# Possible reasons:
#   The system is out of physical RAM or swap space
#   The process is running with CompressedOops enabled, and the Java Heap may be blocking the growth of the native heap
# Possible solutions:
#   Reduce memory load on the system
#   Increase physical memory or swap space
#   Check if swap backing store is full
#   Decrease Java heap size (-Xmx/-Xms)
#   Decrease number of Java threads
#   Decrease Java thread stack sizes (-Xss)
#   Set larger code cache with -XX:ReservedCodeCacheSize=
#   JVM is running with Unscaled Compressed Oops mode in which the Java heap is
#     placed in the first 4GB address space. The Java Heap base address is the
#     maximum limit for the native heap growth. Please use -XX:HeapBaseMinAddress
#     to set the Java Heap base and to place the Java Heap above 4GB virtual address.
# This output file may be truncated or incomplete.
#
#  Out of Memory Error (allocation.cpp:389), pid=16052, tid=0x000000000000307c
#
# JRE version: Java(TM) SE Runtime Environment (8.0_231-b11) (build 1.8.0_231-b11)
# Java VM: Java HotSpot(TM) 64-Bit Server VM (25.231-b11 mixed mode windows-amd64 compressed oops)
# Failed to write core dump. Minidumps are not enabled by default on client versions of Windows
#

---------------  T H R E A D  ---------------

Current thread (0x0000000013d95000):  JavaThread "C2 CompilerThread0" daemon [_thread_in_native, id=12412, stack(0x0000000015950000,0x0000000015a50000)]

Stack: [0x0000000015950000,0x0000000015a50000]
[error occurred during error reporting (printing stack bounds), id 0xc0000005]

Native frames: (J=compiled Java code, j=interpreted, Vv=VM code, C=native code)


Current CompileTask:
C2:  26376 3797       4       java.net.URLClassLoader$1::run (5 bytes)


---------------  P R O C E S S  ---------------

Java Threads: ( => current thread )
  0x00000000181c9800 JavaThread "Darkroom Processing Line" daemon [_thread_blocked, id=7296, stack(0x0000000019730000,0x0000000019830000)]
  0x00000000181c7800 JavaThread "Okio Watchdog" daemon [_thread_blocked, id=17480, stack(0x000000001cde0000,0x000000001cee0000)]
  0x00000000181c9000 JavaThread "OkHttp ConnectionPool" daemon [_thread_blocked, id=15972, stack(0x000000001cbe0000,0x000000001cce0000)]
  0x00000000181cc000 JavaThread "Exec Stream Pumper" daemon [_thread_in_native, id=14192, stack(0x000000001c6e0000,0x000000001c7e0000)]
  0x00000000181cb000 JavaThread "Exec Stream Pumper" daemon [_thread_in_native, id=13468, stack(0x000000001b170000,0x000000001b270000)]
  0x00000000181cc800 JavaThread "UrlChecker-2" daemon [_thread_blocked, id=1588, stack(0x000000001a030000,0x000000001a130000)]
  0x00000000181ca800 JavaThread "Exec Default Executor" daemon [_thread_in_native, id=14668, stack(0x0000000019930000,0x0000000019a30000)]
  0x0000000016a48000 JavaThread "/127.0.0.1:5915 to /127.0.0.1:5914 workers Thread 3" [_thread_in_native, id=15808, stack(0x0000000017c60000,0x0000000017d60000)]
  0x0000000016a47000 JavaThread "/127.0.0.1:5915 to /127.0.0.1:5914 workers Thread 2" [_thread_blocked, id=7016, stack(0x0000000017b60000,0x0000000017c60000)]
  0x000000001693a000 JavaThread "Forwarding sendKeysToElement on session 88cb3df39560b0d914bc661be2fd89b8 to remote" [_thread_in_native, id=7024, stack(0x0000000017720000,0x0000000017820000)]
  0x0000000013dbd800 JavaThread "Service Thread" daemon [_thread_blocked, id=13116, stack(0x0000000015c50000,0x0000000015d50000)]
  0x0000000013d9e800 JavaThread "C1 CompilerThread2" daemon [_thread_blocked, id=10416, stack(0x0000000015b50000,0x0000000015c50000)]
  0x0000000013d9b000 JavaThread "C2 CompilerThread1" daemon [_thread_in_native, id=18316, stack(0x0000000015a50000,0x0000000015b50000)]
=>0x0000000013d95000 JavaThread "C2 CompilerThread0" daemon [_thread_in_native, id=12412, stack(0x0000000015950000,0x0000000015a50000)]
  0x0000000013d92800 JavaThread "Attach Listener" daemon [_thread_blocked, id=17164, stack(0x0000000015850000,0x0000000015950000)]
  0x0000000013d92000 JavaThread "Signal Dispatcher" daemon [_thread_blocked, id=8176, stack(0x0000000015750000,0x0000000015850000)]
  0x000000000293d000 JavaThread "Finalizer" daemon [_thread_blocked, id=5048, stack(0x0000000014fc0000,0x00000000150c0000)]
  0x0000000002934000 JavaThread "Reference Handler" daemon [_thread_blocked, id=2100, stack(0x0000000014ec0000,0x0000000014fc0000)]
  0x0000000002842800 JavaThread "main" [_thread_blocked, id=13748, stack(0x0000000002740000,0x0000000002840000)]

Other Threads:
  0x0000000013d28000 VMThread [stack: 0x0000000014dc0000,0x0000000014ec0000] [id=19088]
  0x00000000152c1800 WatcherThread [stack: 0x0000000015d50000,0x0000000015e50000] [id=16576]

VM state:not at safepoint (normal execution)

VM Mutex/Monitor currently owned by a thread: None

heap address: 0x00000000e0000000, size: 512 MB, Compressed Oops mode: 32-bit
Narrow klass base: 0x0000000000000000, Narrow klass shift: 3
Compressed class space size: 1073741824 Address: 0x0000000100000000

Heap:
 PSYoungGen      total 137728K, used 131055K [0x00000000f5580000, 0x00000000fe800000, 0x0000000100000000)
  eden space 131584K, 98% used [0x00000000f5580000,0x00000000fd4273a8,0x00000000fd600000)
  from space 6144K, 22% used [0x00000000fe200000,0x00000000fe3548f8,0x00000000fe800000)
  to   space 9216K, 0% used [0x00000000fd600000,0x00000000fd600000,0x00000000fdf00000)
 ParOldGen       total 80896K, used 10591K [0x00000000e0000000, 0x00000000e4f00000, 0x00000000f5580000)
  object space 80896K, 13% used [0x00000000e0000000,0x00000000e0a57e48,0x00000000e4f00000)
 Metaspace       used 36114K, capacity 37330K, committed 37424K, reserved 1081344K
  class space    used 5085K, capacity 5381K, committed 5424K, reserved 1048576K

Card table byte_map: [0x0000000011d00000,0x0000000011e10000] byte_map_base: 0x0000000011600000

Marking Bits: (ParMarkBitMap*) 0x00000000742a6d90
 Begin Bits: [0x00000000122c0000, 0x0000000012ac0000)
 End Bits:   [0x0000000012ac0000, 0x00000000132c0000)

Polling page: 0x0000000001040000

CodeCache: size=245760Kb used=10163Kb max_used=10489Kb free=235596Kb
 bounds [0x0000000002940000, 0x0000000003390000, 0x0000000011940000]
 total_blobs=3804 nmethods=3325 adapters=391
 compilation: enabled

Compilation events (10 events):
Event: 26.252 Thread 0x0000000013d9e800 3808       3       com.google.common.collect.CollectSpliterators$1::lambda$forEachRemaining$1 (14 bytes)
Event: 26.252 Thread 0x0000000013d9e800 nmethod 3808 0x000000000337cb50 code [0x000000000337ccc0, 0x000000000337cf98]
Event: 26.252 Thread 0x0000000013d9e800 3809       3       com.google.common.collect.AbstractMapBasedMultimap$$Lambda$354/1136931370::apply (9 bytes)
Event: 26.252 Thread 0x0000000013d9e800 nmethod 3809 0x000000000337c3d0 code [0x000000000337c560, 0x000000000337c910]
Event: 26.252 Thread 0x0000000013d9e800 3810       3       com.google.common.collect.AbstractMapBasedMultimap::lambda$null$0 (6 bytes)
Event: 26.253 Thread 0x0000000013d9e800 nmethod 3810 0x000000000337bd90 code [0x000000000337bf00, 0x000000000337c230]
Event: 26.253 Thread 0x0000000013d9e800 3811       3       org.openqa.selenium.remote.http.HttpMessage$$Lambda$350/1128125925::test (8 bytes)
Event: 26.253 Thread 0x0000000013d9e800 nmethod 3811 0x000000000337b690 code [0x000000000337b820, 0x000000000337bc48]
Event: 26.253 Thread 0x0000000013d9e800 3812       3       org.openqa.selenium.remote.http.HttpMessage::lambda$getHeaders$0 (10 bytes)
Event: 26.253 Thread 0x0000000013d9e800 nmethod 3812 0x000000000337b190 code [0x000000000337b300, 0x000000000337b5a8]

GC Heap History (10 events):
Event: 16.133 GC heap before
{Heap before GC invocations=10 (full 1):
 PSYoungGen      total 94208K, used 55355K [0x00000000f5580000, 0x00000000fc400000, 0x0000000100000000)
  eden space 86016K, 57% used [0x00000000f5580000,0x00000000f85d4290,0x00000000fa980000)
  from space 8192K, 71% used [0x00000000fb180000,0x00000000fb73aaa0,0x00000000fb980000)
  to   space 8192K, 0% used [0x00000000fa980000,0x00000000fa980000,0x00000000fb180000)
 ParOldGen       total 53760K, used 5996K [0x00000000e0000000, 0x00000000e3480000, 0x00000000f5580000)
  object space 53760K, 11% used [0x00000000e0000000,0x00000000e05db148,0x00000000e3480000)
 Metaspace       used 34303K, capacity 35416K, committed 35496K, reserved 1079296K
  class space    used 4860K, capacity 5118K, committed 5168K, reserved 1048576K
Event: 16.152 GC heap after
Heap after GC invocations=10 (full 1):
 PSYoungGen      total 94208K, used 4617K [0x00000000f5580000, 0x00000000fd180000, 0x0000000100000000)
  eden space 86016K, 0% used [0x00000000f5580000,0x00000000f5580000,0x00000000fa980000)
  from space 8192K, 56% used [0x00000000fa980000,0x00000000fae026f8,0x00000000fb180000)
  to   space 8192K, 0% used [0x00000000fc980000,0x00000000fc980000,0x00000000fd180000)
 ParOldGen       total 53760K, used 6836K [0x00000000e0000000, 0x00000000e3480000, 0x00000000f5580000)
  object space 53760K, 12% used [0x00000000e0000000,0x00000000e06ad2f0,0x00000000e3480000)
 Metaspace       used 34303K, capacity 35416K, committed 35496K, reserved 1079296K
  class space    used 4860K, capacity 5118K, committed 5168K, reserved 1048576K
}
Event: 16.152 GC heap before
{Heap before GC invocations=11 (full 2):
 PSYoungGen      total 94208K, used 4617K [0x00000000f5580000, 0x00000000fd180000, 0x0000000100000000)
  eden space 86016K, 0% used [0x00000000f5580000,0x00000000f5580000,0x00000000fa980000)
  from space 8192K, 56% used [0x00000000fa980000,0x00000000fae026f8,0x00000000fb180000)
  to   space 8192K, 0% used [0x00000000fc980000,0x00000000fc980000,0x00000000fd180000)
 ParOldGen       total 53760K, used 6836K [0x00000000e0000000, 0x00000000e3480000, 0x00000000f5580000)
  object space 53760K, 12% used [0x00000000e0000000,0x00000000e06ad2f0,0x00000000e3480000)
 Metaspace       used 34303K, capacity 35416K, committed 35496K, reserved 1079296K
  class space    used 4860K, capacity 5118K, committed 5168K, reserved 1048576K
Event: 16.255 GC heap after
Heap after GC invocations=11 (full 2):
 PSYoungGen      total 94208K, used 0K [0x00000000f5580000, 0x00000000fd180000, 0x0000000100000000)
  eden space 86016K, 0% used [0x00000000f5580000,0x00000000f5580000,0x00000000fa980000)
  from space 8192K, 0% used [0x00000000fa980000,0x00000000fa980000,0x00000000fb180000)
  to   space 8192K, 0% used [0x00000000fc980000,0x00000000fc980000,0x00000000fd180000)
 ParOldGen       total 80896K, used 10567K [0x00000000e0000000, 0x00000000e4f00000, 0x00000000f5580000)
  object space 80896K, 13% used [0x00000000e0000000,0x00000000e0a51e48,0x00000000e4f00000)
 Metaspace       used 34303K, capacity 35416K, committed 35496K, reserved 1079296K
  class space    used 4860K, capacity 5118K, committed 5168K, reserved 1048576K
}
Event: 17.557 GC heap before
{Heap before GC invocations=12 (full 2):
 PSYoungGen      total 94208K, used 86016K [0x00000000f5580000, 0x00000000fd180000, 0x0000000100000000)
  eden space 86016K, 100% used [0x00000000f5580000,0x00000000fa980000,0x00000000fa980000)
  from space 8192K, 0% used [0x00000000fa980000,0x00000000fa980000,0x00000000fb180000)
  to   space 8192K, 0% used [0x00000000fc980000,0x00000000fc980000,0x00000000fd180000)
 ParOldGen       total 80896K, used 10567K [0x00000000e0000000, 0x00000000e4f00000, 0x00000000f5580000)
  object space 80896K, 13% used [0x00000000e0000000,0x00000000e0a51e48,0x00000000e4f00000)
 Metaspace       used 35364K, capacity 36532K, committed 36784K, reserved 1081344K
  class space    used 5003K, capacity 5268K, committed 5296K, reserved 1048576K
Event: 17.560 GC heap after
Heap after GC invocations=12 (full 2):
 PSYoungGen      total 117760K, used 1707K [0x00000000f5580000, 0x00000000fd180000, 0x0000000100000000)
  eden space 109568K, 0% used [0x00000000f5580000,0x00000000f5580000,0x00000000fc080000)
  from space 8192K, 20% used [0x00000000fc980000,0x00000000fcb2af28,0x00000000fd180000)
  to   space 8704K, 0% used [0x00000000fc080000,0x00000000fc080000,0x00000000fc900000)
 ParOldGen       total 80896K, used 10575K [0x00000000e0000000, 0x00000000e4f00000, 0x00000000f5580000)
  object space 80896K, 13% used [0x00000000e0000000,0x00000000e0a53e48,0x00000000e4f00000)
 Metaspace       used 35364K, capacity 36532K, committed 36784K, reserved 1081344K
  class space    used 5003K, capacity 5268K, committed 5296K, reserved 1048576K
}
Event: 21.485 GC heap before
{Heap before GC invocations=13 (full 2):
 PSYoungGen      total 117760K, used 111275K [0x00000000f5580000, 0x00000000fd180000, 0x0000000100000000)
  eden space 109568K, 100% used [0x00000000f5580000,0x00000000fc080000,0x00000000fc080000)
  from space 8192K, 20% used [0x00000000fc980000,0x00000000fcb2af28,0x00000000fd180000)
  to   space 8704K, 0% used [0x00000000fc080000,0x00000000fc080000,0x00000000fc900000)
 ParOldGen       total 80896K, used 10575K [0x00000000e0000000, 0x00000000e4f00000, 0x00000000f5580000)
  object space 80896K, 13% used [0x00000000e0000000,0x00000000e0a53e48,0x00000000e4f00000)
 Metaspace       used 36000K, capacity 37190K, committed 37424K, reserved 1081344K
  class space    used 5081K, capacity 5381K, committed 5424K, reserved 1048576K
Event: 21.487 GC heap after
Heap after GC invocations=13 (full 2):
 PSYoungGen      total 118272K, used 1410K [0x00000000f5580000, 0x00000000fea80000, 0x0000000100000000)
  eden space 109568K, 0% used [0x00000000f5580000,0x00000000f5580000,0x00000000fc080000)
  from space 8704K, 16% used [0x00000000fc080000,0x00000000fc1e08e8,0x00000000fc900000)
  to   space 8704K, 0% used [0x00000000fe200000,0x00000000fe200000,0x00000000fea80000)
 ParOldGen       total 80896K, used 10583K [0x00000000e0000000, 0x00000000e4f00000, 0x00000000f5580000)
  object space 80896K, 13% used [0x00000000e0000000,0x00000000e0a55e48,0x00000000e4f00000)
 Metaspace       used 36000K, capacity 37190K, committed 37424K, reserved 1081344K
  class space    used 5081K, capacity 5381K, committed 5424K, reserved 1048576K
}
Event: 24.662 GC heap before
{Heap before GC invocations=14 (full 2):
 PSYoungGen      total 118272K, used 110978K [0x00000000f5580000, 0x00000000fea80000, 0x0000000100000000)
  eden space 109568K, 100% used [0x00000000f5580000,0x00000000fc080000,0x00000000fc080000)
  from space 8704K, 16% used [0x00000000fc080000,0x00000000fc1e08e8,0x00000000fc900000)
  to   space 8704K, 0% used [0x00000000fe200000,0x00000000fe200000,0x00000000fea80000)
 ParOldGen       total 80896K, used 10583K [0x00000000e0000000, 0x00000000e4f00000, 0x00000000f5580000)
  object space 80896K, 13% used [0x00000000e0000000,0x00000000e0a55e48,0x00000000e4f00000)
 Metaspace       used 36057K, capacity 37254K, committed 37424K, reserved 1081344K
  class space    used 5085K, capacity 5381K, committed 5424K, reserved 1048576K
Event: 24.665 GC heap after
Heap after GC invocations=14 (full 2):
 PSYoungGen      total 137728K, used 1362K [0x00000000f5580000, 0x00000000fe800000, 0x0000000100000000)
  eden space 131584K, 0% used [0x00000000f5580000,0x00000000f5580000,0x00000000fd600000)
  from space 6144K, 22% used [0x00000000fe200000,0x00000000fe3548f8,0x00000000fe800000)
  to   space 9216K, 0% used [0x00000000fd600000,0x00000000fd600000,0x00000000fdf00000)
 ParOldGen       total 80896K, used 10591K [0x00000000e0000000, 0x00000000e4f00000, 0x00000000f5580000)
  object space 80896K, 13% used [0x00000000e0000000,0x00000000e0a57e48,0x00000000e4f00000)
 Metaspace       used 36057K, capacity 37254K, committed 37424K, reserved 1081344K
  class space    used 5085K, capacity 5381K, committed 5424K, reserved 1048576K
}

Deoptimization events (10 events):
Event: 20.997 Thread 0x000000001693a000 Uncommon trap: reason=unstable_if action=reinterpret pc=0x0000000002dd1b70 method=java.lang.Character.isHighSurrogate(C)Z @ 3
Event: 20.999 Thread 0x000000001693a000 Uncommon trap: reason=class_check action=maybe_recompile pc=0x0000000003369680 method=java.lang.AbstractStringBuilder.append(Ljava/lang/CharSequence;)Ljava/lang/AbstractStringBuilder; @ 26
Event: 20.999 Thread 0x000000001693a000 Uncommon trap: reason=class_check action=maybe_recompile pc=0x0000000003049f98 method=java.lang.AbstractStringBuilder.append(Ljava/lang/CharSequence;II)Ljava/lang/AbstractStringBuilder; @ 18
Event: 20.999 Thread 0x000000001693a000 Uncommon trap: reason=class_check action=maybe_recompile pc=0x0000000003369680 method=java.lang.AbstractStringBuilder.append(Ljava/lang/CharSequence;)Ljava/lang/AbstractStringBuilder; @ 26
Event: 20.999 Thread 0x000000001693a000 Uncommon trap: reason=class_check action=maybe_recompile pc=0x0000000003049f98 method=java.lang.AbstractStringBuilder.append(Ljava/lang/CharSequence;II)Ljava/lang/AbstractStringBuilder; @ 18
Event: 21.001 Thread 0x000000001693a000 Uncommon trap: reason=class_check action=maybe_recompile pc=0x0000000003369680 method=java.lang.AbstractStringBuilder.append(Ljava/lang/CharSequence;)Ljava/lang/AbstractStringBuilder; @ 26
Event: 21.001 Thread 0x000000001693a000 Uncommon trap: reason=class_check action=maybe_recompile pc=0x0000000003049f98 method=java.lang.AbstractStringBuilder.append(Ljava/lang/CharSequence;II)Ljava/lang/AbstractStringBuilder; @ 18
Event: 21.003 Thread 0x000000001693a000 Uncommon trap: reason=unstable_if action=reinterpret pc=0x0000000002adaf18 method=sun.nio.cs.UTF_8$Encoder.encode([CII[B)I @ 33
Event: 24.717 Thread 0x000000001693a000 Uncommon trap: reason=class_check action=maybe_recompile pc=0x0000000003369680 method=java.lang.AbstractStringBuilder.append(Ljava/lang/CharSequence;)Ljava/lang/AbstractStringBuilder; @ 26
Event: 24.717 Thread 0x000000001693a000 Uncommon trap: reason=class_check action=maybe_recompile pc=0x0000000003049f98 method=java.lang.AbstractStringBuilder.append(Ljava/lang/CharSequence;II)Ljava/lang/AbstractStringBuilder; @ 18

Classes redefined (0 events):
No events

Internal exceptions (10 events):
Event: 24.931 Thread 0x000000001693a000 Exception <a 'java/net/SocketTimeoutException': Read timed out> (0x00000000f60bea80) thrown at [C:\re\workspace\8-2-build-windows-amd64-cygwin\jdk8u231\13620\hotspot\src\share\vm\prims\jni.cpp, line 736]
Event: 25.763 Thread 0x00000000181c9800 Exception <a 'sun/nio/fs/WindowsException'> (0x00000000f9a01888) thrown at [C:\re\workspace\8-2-build-windows-amd64-cygwin\jdk8u231\13620\hotspot\src\share\vm\prims\jni.cpp, line 710]
Event: 25.763 Thread 0x00000000181c9800 Exception <a 'sun/nio/fs/WindowsException'> (0x00000000f9a02098) thrown at [C:\re\workspace\8-2-build-windows-amd64-cygwin\jdk8u231\13620\hotspot\src\share\vm\prims\jni.cpp, line 710]
Event: 25.763 Thread 0x00000000181c9800 Exception <a 'sun/nio/fs/WindowsException'> (0x00000000f9a02af8) thrown at [C:\re\workspace\8-2-build-windows-amd64-cygwin\jdk8u231\13620\hotspot\src\share\vm\prims\jni.cpp, line 710]
Event: 25.763 Thread 0x00000000181c9800 Exception <a 'sun/nio/fs/WindowsException'> (0x00000000f9a03308) thrown at [C:\re\workspace\8-2-build-windows-amd64-cygwin\jdk8u231\13620\hotspot\src\share\vm\prims\jni.cpp, line 710]
Event: 25.764 Thread 0x00000000181c9800 Exception <a 'sun/nio/fs/WindowsException'> (0x00000000f9a03c20) thrown at [C:\re\workspace\8-2-build-windows-amd64-cygwin\jdk8u231\13620\hotspot\src\share\vm\prims\jni.cpp, line 710]
Event: 25.764 Thread 0x00000000181c9800 Exception <a 'sun/nio/fs/WindowsException'> (0x00000000f9a04328) thrown at [C:\re\workspace\8-2-build-windows-amd64-cygwin\jdk8u231\13620\hotspot\src\share\vm\prims\jni.cpp, line 710]
Event: 25.881 Thread 0x000000001693a000 Exception <a 'java/net/SocketTimeoutException': Read timed out> (0x00000000fadd5068) thrown at [C:\re\workspace\8-2-build-windows-amd64-cygwin\jdk8u231\13620\hotspot\src\share\vm\prims\jni.cpp, line 736]
Event: 26.173 Thread 0x000000001693a000 Exception <a 'java/net/SocketTimeoutException': Read timed out> (0x00000000fd138a48) thrown at [C:\re\workspace\8-2-build-windows-amd64-cygwin\jdk8u231\13620\hotspot\src\share\vm\prims\jni.cpp, line 736]
Event: 26.265 Thread 0x000000001693a000 Exception <a 'java/net/SocketTimeoutException': Read timed out> (0x00000000fd1589f8) thrown at [C:\re\workspace\8-2-build-windows-amd64-cygwin\jdk8u231\13620\hotspot\src\share\vm\prims\jni.cpp, line 736]

Events (10 events):
Event: 26.160 loading class org/gradle/internal/concurrent/ExecutorPolicy$CatchAndRecordFailures
Event: 26.160 loading class org/gradle/internal/concurrent/ExecutorPolicy$CatchAndRecordFailures done
Event: 26.161 loading class org/gradle/internal/concurrent/ManagedExecutorImpl$1
Event: 26.161 loading class org/gradle/internal/concurrent/ManagedExecutorImpl$1 done
Event: 26.162 loading class org/gradle/internal/concurrent/ManagedExecutorImpl$1
Event: 26.162 loading class org/gradle/internal/concurrent/ManagedExecutorImpl$1 done
Event: 26.163 loading class org/gradle/internal/concurrent/ThreadFactoryImpl$ManagedThreadRunnable
Event: 26.163 loading class org/gradle/internal/concurrent/ThreadFactoryImpl$ManagedThreadRunnable done
Event: 26.164 loading class org/gradle/internal/concurrent/ThreadFactoryImpl$ManagedThreadRunnable
Event: 26.164 loading class org/gradle/internal/concurrent/ThreadFactoryImpl$ManagedThreadRunnable done


Dynamic libraries:
0x00007ff7df710000 - 0x00007ff7df747000 	C:\Program Files\Java\jdk1.8.0_231\bin\java.exe
0x00007ff906cd0000 - 0x00007ff906ec6000 	C:\WINDOWS\SYSTEM32\ntdll.dll
0x00007ff905a00000 - 0x00007ff905abd000 	C:\WINDOWS\System32\KERNEL32.DLL
0x00007ff9048d0000 - 0x00007ff904b99000 	C:\WINDOWS\System32\KERNELBASE.dll
0x00007ff905ac0000 - 0x00007ff905b6c000 	C:\WINDOWS\System32\ADVAPI32.dll
0x00007ff906080000 - 0x00007ff90611e000 	C:\WINDOWS\System32\msvcrt.dll
0x00007ff906180000 - 0x00007ff90621c000 	C:\WINDOWS\System32\sechost.dll
0x00007ff905c10000 - 0x00007ff905d3b000 	C:\WINDOWS\System32\RPCRT4.dll
0x00007ff904db0000 - 0x00007ff904f50000 	C:\WINDOWS\System32\USER32.dll
0x00007ff904cd0000 - 0x00007ff904cf2000 	C:\WINDOWS\System32\win32u.dll
0x00007ff906050000 - 0x00007ff90607a000 	C:\WINDOWS\System32\GDI32.dll
0x00007ff9045c0000 - 0x00007ff9046c9000 	C:\WINDOWS\System32\gdi32full.dll
0x00007ff9046d0000 - 0x00007ff90476d000 	C:\WINDOWS\System32\msvcp_win.dll
0x00007ff9043e0000 - 0x00007ff9044e0000 	C:\WINDOWS\System32\ucrtbase.dll
0x00007ff8fac90000 - 0x00007ff8faf2b000 	C:\WINDOWS\WinSxS\amd64_microsoft.windows.common-controls_6595b64144ccf1df_6.0.19041.488_none_ca04af081b815d21\COMCTL32.dll
0x00007ff9068e0000 - 0x00007ff906910000 	C:\WINDOWS\System32\IMM32.DLL
0x0000000074330000 - 0x0000000074402000 	C:\Program Files\Java\jdk1.8.0_231\jre\bin\msvcr100.dll
0x0000000073a80000 - 0x0000000074326000 	C:\Program Files\Java\jdk1.8.0_231\jre\bin\server\jvm.dll
0x00007ff9063d0000 - 0x00007ff9063d8000 	C:\WINDOWS\System32\PSAPI.DLL
0x00007ff8f8390000 - 0x00007ff8f839a000 	C:\WINDOWS\SYSTEM32\VERSION.dll
0x00007ff8fc520000 - 0x00007ff8fc547000 	C:\WINDOWS\SYSTEM32\WINMM.dll
0x00007ff902bb0000 - 0x00007ff902bb9000 	C:\WINDOWS\SYSTEM32\WSOCK32.dll
0x00007ff906350000 - 0x00007ff9063bb000 	C:\WINDOWS\System32\WS2_32.dll
0x00007ff8fab20000 - 0x00007ff8fab2f000 	C:\Program Files\Java\jdk1.8.0_231\jre\bin\verify.dll
0x00007ff8e39d0000 - 0x00007ff8e39f9000 	C:\Program Files\Java\jdk1.8.0_231\jre\bin\java.dll
0x00007ff8e9600000 - 0x00007ff8e9616000 	C:\Program Files\Java\jdk1.8.0_231\jre\bin\zip.dll
0x00007ff9052b0000 - 0x00007ff9059f2000 	C:\WINDOWS\System32\SHELL32.dll
0x00007ff9021f0000 - 0x00007ff902985000 	C:\WINDOWS\SYSTEM32\windows.storage.dll
0x00007ff904f50000 - 0x00007ff9052a6000 	C:\WINDOWS\System32\combase.dll
0x00007ff903de0000 - 0x00007ff903e0c000 	C:\WINDOWS\SYSTEM32\Wldp.dll
0x00007ff904d00000 - 0x00007ff904dae000 	C:\WINDOWS\System32\SHCORE.dll
0x00007ff906220000 - 0x00007ff906275000 	C:\WINDOWS\System32\shlwapi.dll
0x00007ff904310000 - 0x00007ff904336000 	C:\WINDOWS\SYSTEM32\profapi.dll
0x00007ff8e9520000 - 0x00007ff8e953a000 	C:\Program Files\Java\jdk1.8.0_231\jre\bin\net.dll
0x00007ff903b00000 - 0x00007ff903b6a000 	C:\WINDOWS\system32\mswsock.dll
0x00007ff8e93d0000 - 0x00007ff8e93e2000 	C:\Program Files\Java\jdk1.8.0_231\jre\bin\nio.dll
0x00007ff903cd0000 - 0x00007ff903ce8000 	C:\WINDOWS\SYSTEM32\CRYPTSP.dll
0x00007ff903490000 - 0x00007ff9034c4000 	C:\WINDOWS\system32\rsaenh.dll
0x00007ff904590000 - 0x00007ff9045b7000 	C:\WINDOWS\System32\bcrypt.dll
0x00007ff9042d0000 - 0x00007ff9042fe000 	C:\WINDOWS\SYSTEM32\USERENV.dll
0x00007ff904ba0000 - 0x00007ff904c20000 	C:\WINDOWS\System32\bcryptprimitives.dll
0x00007ff903cf0000 - 0x00007ff903cfc000 	C:\WINDOWS\SYSTEM32\CRYPTBASE.dll
0x00007ff9037f0000 - 0x00007ff90382b000 	C:\WINDOWS\SYSTEM32\IPHLPAPI.DLL
0x00007ff906c50000 - 0x00007ff906c58000 	C:\WINDOWS\System32\NSI.dll
0x00007ff8fef50000 - 0x00007ff8fef67000 	C:\WINDOWS\SYSTEM32\dhcpcsvc6.DLL
0x00007ff8fef30000 - 0x00007ff8fef4d000 	C:\WINDOWS\SYSTEM32\dhcpcsvc.DLL
0x00007ff903830000 - 0x00007ff9038fb000 	C:\WINDOWS\SYSTEM32\DNSAPI.dll
0x00007ff8fc510000 - 0x00007ff8fc51a000 	C:\Windows\System32\rasadhlp.dll
0x00007ff8fc2b0000 - 0x00007ff8fc32f000 	C:\WINDOWS\System32\fwpuclnt.dll
0x00007ff8e3580000 - 0x00007ff8e35a4000 	C:\Program Files\Java\jdk1.8.0_231\jre\bin\sunec.dll
0x00007ff8fd1a0000 - 0x00007ff8fd1ab000 	C:\Program Files\Java\jdk1.8.0_231\jre\bin\sunmscapi.dll
0x00007ff904770000 - 0x00007ff9048cd000 	C:\WINDOWS\System32\CRYPT32.dll

VM Arguments:
jvm_args: -Djava.security.manager=worker.org.gradle.process.internal.worker.child.BootstrapSecurityManager -Dorg.gradle.native=false -Xmx512m -Dfile.encoding=windows-1252 -Duser.country=CO -Duser.language=es -Duser.variant -ea 
java_command: worker.org.gradle.process.internal.worker.GradleWorkerMain 'Gradle Test Executor 17'
java_class_path (initial): C:\Users\Usuario\.gradle\caches\6.7\workerMain\gradle-worker.jar
Launcher Type: SUN_STANDARD

Environment Variables:
JAVA_HOME=C:\Program Files\Java\jdk1.8.0_231
PATH=C:\WINDOWS\system32;C:\WINDOWS;C:\WINDOWS\System32\Wbem;C:\WINDOWS\System32\WindowsPowerShell\v1.0\;C:\Program Files\PuTTY\;C:\WINDOWS\System32\OpenSSH\;C:\Program Files\dotnet\;C:\Program Files\Microsoft SQL Server\130\Tools\Binn\;C:\Program Files\Microsoft SQL Server\Client SDK\ODBC\170\Tools\Binn\;C:\Program Files (x86)\Microsoft SQL Server\150\Tools\Binn\;C:\Program Files\Microsoft SQL Server\150\Tools\Binn\;C:\Program Files\Microsoft SQL Server\150\DTS\Binn\;C:\Program Files (x86)\Microsoft SQL Server\150\DTS\Binn\;C:\Program Files\Azure Data Studio\bin;C:\Program Files\Java\jdk1.8.0_231\bin;C:\GRADLE\gradle-6.7\bin;C:\Program Files\Git\cmd;C:\Program Files\MySQL\MySQL Shell 8.0\bin\;C:\Users\Usuario\AppData\Local\Microsoft\WindowsApps;C:\Users\Usuario\AppData\Local\Programs\Microsoft VS Code\bin;C:\Program Files\Azure Data Studio\bin;
USERNAME=Usuario
OS=Windows_NT
PROCESSOR_IDENTIFIER=Intel64 Family 6 Model 61 Stepping 4, GenuineIntel



---------------  S Y S T E M  ---------------

OS: Windows 10.0 , 64 bit Build 19041 (10.0.19041.662)

CPU:total 4 (initial active 4) (2 cores per cpu, 2 threads per core) family 6 model 61 stepping 4, cmov, cx8, fxsr, mmx, sse, sse2, sse3, ssse3, sse4.1, sse4.2, popcnt, avx, avx2, aes, clmul, erms, 3dnowpref, lzcnt, ht, tsc, tscinvbit, bmi1, bmi2, adx

Memory: 4k page, physical 8301580k(1123108k free), swap 8301580k(5380k free)

vm_info: Java HotSpot(TM) 64-Bit Server VM (25.231-b11) for windows-amd64 JRE (1.8.0_231-b11), built on Oct  5 2019 03:11:30 by "java_re" with MS VC++ 10.0 (VS2010)

time: Wed Jan 06 13:24:55 2021
timezone: Hora est. Pacífico, Sudamérica
elapsed time: 26 seconds (0d 0h 0m 26s)

