#
# There is insufficient memory for the Java Runtime Environment to continue.
# Native memory allocation (malloc) failed to allocate 32744 bytes for ChunkPool::allocate
# Possible reasons:
#   The system is out of physical RAM or swap space
#   The process is running with CompressedOops enabled, and the Java Heap may be blocking the growth of the native heap
# Possible solutions:
#   Reduce memory load on the system
#   Increase physical memory or swap space
#   Check if swap backing store is full
#   Decrease Java heap size (-Xmx/-Xms)
#   Decrease number of Java threads
#   Decrease Java thread stack sizes (-Xss)
#   Set larger code cache with -XX:ReservedCodeCacheSize=
#   JVM is running with Unscaled Compressed Oops mode in which the Java heap is
#     placed in the first 4GB address space. The Java Heap base address is the
#     maximum limit for the native heap growth. Please use -XX:HeapBaseMinAddress
#     to set the Java Heap base and to place the Java Heap above 4GB virtual address.
# This output file may be truncated or incomplete.
#
#  Out of Memory Error (allocation.cpp:272), pid=8020, tid=0x0000000000001224
#
# JRE version: Java(TM) SE Runtime Environment (8.0_231-b11) (build 1.8.0_231-b11)
# Java VM: Java HotSpot(TM) 64-Bit Server VM (25.231-b11 mixed mode windows-amd64 compressed oops)
# Failed to write core dump. Minidumps are not enabled by default on client versions of Windows
#

---------------  T H R E A D  ---------------

Current thread (0x00000000151c4800):  JavaThread "C2 CompilerThread1" daemon [_thread_in_native, id=4644, stack(0x0000000015a10000,0x0000000015b10000)]

Stack: [0x0000000015a10000,0x0000000015b10000]
[error occurred during error reporting (printing stack bounds), id 0xc0000005]

Native frames: (J=compiled Java code, j=interpreted, Vv=VM code, C=native code)


Current CompileTask:
C2:    781  581       4       java.io.WinNTFileSystem::normalize (231 bytes)


---------------  P R O C E S S  ---------------

Java Threads: ( => current thread )
  0x000000001524c800 JavaThread "Service Thread" daemon [_thread_blocked, id=11480, stack(0x0000000015c10000,0x0000000015d10000)]
  0x00000000151c8000 JavaThread "C1 CompilerThread2" daemon [_thread_in_native, id=3128, stack(0x0000000015b10000,0x0000000015c10000)]
=>0x00000000151c4800 JavaThread "C2 CompilerThread1" daemon [_thread_in_native, id=4644, stack(0x0000000015a10000,0x0000000015b10000)]
  0x00000000151b9000 JavaThread "C2 CompilerThread0" daemon [_thread_blocked, id=1400, stack(0x0000000015910000,0x0000000015a10000)]
  0x0000000013d8d000 JavaThread "Attach Listener" daemon [_thread_blocked, id=12228, stack(0x0000000015810000,0x0000000015910000)]
  0x0000000013d8c800 JavaThread "Signal Dispatcher" daemon [_thread_blocked, id=13008, stack(0x0000000015710000,0x0000000015810000)]
  0x00000000029bb800 JavaThread "Finalizer" daemon [_thread_blocked, id=5068, stack(0x0000000014f80000,0x0000000015080000)]
  0x0000000013d1a000 JavaThread "Reference Handler" daemon [_thread_blocked, id=10628, stack(0x0000000014e80000,0x0000000014f80000)]
  0x00000000028c2800 JavaThread "main" [_thread_in_vm, id=12100, stack(0x00000000027c0000,0x00000000028c0000)]

Other Threads:
  0x0000000013cf8000 VMThread [stack: 0x0000000014d80000,0x0000000014e80000] [id=10720]
  0x0000000015294800 WatcherThread [stack: 0x0000000015d10000,0x0000000015e10000] [id=1172]

VM state:not at safepoint (normal execution)

VM Mutex/Monitor currently owned by a thread: None

OutOfMemory and StackOverflow Exception counts:
OutOfMemoryError java_heap_errors=5

heap address: 0x00000000e0000000, size: 512 MB, Compressed Oops mode: 32-bit
Narrow klass base: 0x0000000000000000, Narrow klass shift: 3
Compressed class space size: 1073741824 Address: 0x0000000100000000

Heap:
 PSYoungGen      total 38400K, used 13314K [0x00000000f5580000, 0x00000000f8000000, 0x0000000100000000)
  eden space 33280K, 40% used [0x00000000f5580000,0x00000000f62809e8,0x00000000f7600000)
  from space 5120K, 0% used [0x00000000f7b00000,0x00000000f7b00000,0x00000000f8000000)
  to   space 5120K, 0% used [0x00000000f7600000,0x00000000f7600000,0x00000000f7b00000)
 ParOldGen       total 87552K, used 0K [0x00000000e0000000, 0x00000000e5580000, 0x00000000f5580000)
  object space 87552K, 0% used [0x00000000e0000000,0x00000000e0000000,0x00000000e5580000)
 Metaspace       used 7000K, capacity 7270K, committed 7424K, reserved 1056768K
  class space    used 853K, capacity 975K, committed 1024K, reserved 1048576K

Card table byte_map: [0x0000000011d80000,0x0000000011e90000] byte_map_base: 0x0000000011680000

Marking Bits: (ParMarkBitMap*) 0x00000000741c6d90
 Begin Bits: [0x0000000012290000, 0x0000000012a90000)
 End Bits:   [0x0000000012a90000, 0x0000000013290000)

Polling page: 0x0000000002680000

CodeCache: size=245760Kb used=2532Kb max_used=2536Kb free=243227Kb
 bounds [0x00000000029c0000, 0x0000000002c40000, 0x00000000119c0000]
 total_blobs=886 nmethods=586 adapters=213
 compilation: enabled

Compilation events (10 events):
Event: 0.760 Thread 0x00000000151c8000 nmethod 583 0x0000000002c32510 code [0x0000000002c32660, 0x0000000002c327d0]
Event: 0.774 Thread 0x00000000151c8000  584       3       java.io.File::exists (43 bytes)
Event: 0.775 Thread 0x00000000151c8000 nmethod 584 0x0000000002c34690 code [0x0000000002c34880, 0x0000000002c35028]
Event: 0.775 Thread 0x00000000151c8000  585       3       sun.misc.URLClassPath$JarLoader::findResource (18 bytes)
Event: 0.775 Thread 0x00000000151c8000 nmethod 585 0x0000000002c34190 code [0x0000000002c34300, 0x0000000002c34598]
Event: 0.777 Thread 0x00000000151c8000  586       3       java.io.File::hashCode (8 bytes)
Event: 0.778 Thread 0x00000000151c8000 nmethod 586 0x0000000002c3b0d0 code [0x0000000002c3b260, 0x0000000002c3b5d8]
Event: 0.778 Thread 0x00000000151c8000  587       3       java.io.WinNTFileSystem::hashCode (17 bytes)
Event: 0.778 Thread 0x00000000151c8000 nmethod 587 0x0000000002c3ab10 code [0x0000000002c3ac80, 0x0000000002c3af98]
Event: 0.778 Thread 0x00000000151c8000  588       3       java.net.URL::<init> (386 bytes)

GC Heap History (0 events):
No events

Deoptimization events (3 events):
Event: 0.616 Thread 0x00000000028c2800 Uncommon trap: reason=null_check action=make_not_entrant pc=0x0000000002ae21e8 method=java.lang.String.equals(Ljava/lang/Object;)Z @ 8
Event: 0.651 Thread 0x00000000028c2800 Uncommon trap: reason=unstable_if action=reinterpret pc=0x0000000002b158b4 method=java.lang.String.regionMatches(ZILjava/lang/String;II)Z @ 41
Event: 0.671 Thread 0x00000000028c2800 Uncommon trap: reason=unstable_if action=reinterpret pc=0x0000000002b46548 method=java.lang.String.startsWith(Ljava/lang/String;I)Z @ 25

Classes redefined (0 events):
No events

Internal exceptions (10 events):
Event: 0.676 Thread 0x00000000028c2800 Exception <a 'java/security/PrivilegedActionException'> (0x00000000f5fcf970) thrown at [C:\re\workspace\8-2-build-windows-amd64-cygwin\jdk8u231\13620\hotspot\src\share\vm\prims\jvm.cpp, line 1502]
Event: 0.676 Thread 0x00000000028c2800 Exception <a 'java/security/PrivilegedActionException'> (0x00000000f5fcfd68) thrown at [C:\re\workspace\8-2-build-windows-amd64-cygwin\jdk8u231\13620\hotspot\src\share\vm\prims\jvm.cpp, line 1502]
Event: 0.678 Thread 0x00000000028c2800 Exception <a 'java/security/PrivilegedActionException'> (0x00000000f5fd8a38) thrown at [C:\re\workspace\8-2-build-windows-amd64-cygwin\jdk8u231\13620\hotspot\src\share\vm\prims\jvm.cpp, line 1502]
Event: 0.678 Thread 0x00000000028c2800 Exception <a 'java/security/PrivilegedActionException'> (0x00000000f5fd8e30) thrown at [C:\re\workspace\8-2-build-windows-amd64-cygwin\jdk8u231\13620\hotspot\src\share\vm\prims\jvm.cpp, line 1502]
Event: 0.690 Thread 0x00000000028c2800 Exception <a 'java/security/PrivilegedActionException'> (0x00000000f6049638) thrown at [C:\re\workspace\8-2-build-windows-amd64-cygwin\jdk8u231\13620\hotspot\src\share\vm\prims\jvm.cpp, line 1502]
Event: 0.690 Thread 0x00000000028c2800 Exception <a 'java/security/PrivilegedActionException'> (0x00000000f6049a30) thrown at [C:\re\workspace\8-2-build-windows-amd64-cygwin\jdk8u231\13620\hotspot\src\share\vm\prims\jvm.cpp, line 1502]
Event: 0.694 Thread 0x00000000028c2800 Exception <a 'java/security/PrivilegedActionException'> (0x00000000f608b398) thrown at [C:\re\workspace\8-2-build-windows-amd64-cygwin\jdk8u231\13620\hotspot\src\share\vm\prims\jvm.cpp, line 1502]
Event: 0.694 Thread 0x00000000028c2800 Exception <a 'java/security/PrivilegedActionException'> (0x00000000f608b790) thrown at [C:\re\workspace\8-2-build-windows-amd64-cygwin\jdk8u231\13620\hotspot\src\share\vm\prims\jvm.cpp, line 1502]
Event: 0.735 Thread 0x00000000028c2800 Exception <a 'java/security/PrivilegedActionException'> (0x00000000f61329e0) thrown at [C:\re\workspace\8-2-build-windows-amd64-cygwin\jdk8u231\13620\hotspot\src\share\vm\prims\jvm.cpp, line 1502]
Event: 0.735 Thread 0x00000000028c2800 Exception <a 'java/security/PrivilegedActionException'> (0x00000000f6132dd8) thrown at [C:\re\workspace\8-2-build-windows-amd64-cygwin\jdk8u231\13620\hotspot\src\share\vm\prims\jvm.cpp, line 1502]

Events (10 events):
Event: 0.742 Thread 0x00000000028c2800 DEOPT PACKING pc=0x0000000002b4024c sp=0x00000000028bb0b0
Event: 0.742 Thread 0x00000000028c2800 DEOPT UNPACKING pc=0x0000000002a07890 sp=0x00000000028baf28 mode 0
Event: 0.751 Thread 0x00000000028c2800 DEOPT PACKING pc=0x0000000002b4024c sp=0x00000000028bbef0
Event: 0.751 Thread 0x00000000028c2800 DEOPT UNPACKING pc=0x0000000002a07890 sp=0x00000000028bbd68 mode 0
Event: 0.762 Thread 0x00000000028c2800 DEOPT PACKING pc=0x0000000002b4024c sp=0x00000000028bb0e0
Event: 0.762 Thread 0x00000000028c2800 DEOPT UNPACKING pc=0x0000000002a07890 sp=0x00000000028baf58 mode 0
Event: 0.769 Thread 0x00000000028c2800 DEOPT PACKING pc=0x0000000002b4024c sp=0x00000000028bbef0
Event: 0.769 Thread 0x00000000028c2800 DEOPT UNPACKING pc=0x0000000002a07890 sp=0x00000000028bbd68 mode 0
Event: 0.778 Thread 0x00000000028c2800 DEOPT PACKING pc=0x0000000002b4024c sp=0x00000000028bb0e0
Event: 0.778 Thread 0x00000000028c2800 DEOPT UNPACKING pc=0x0000000002a07890 sp=0x00000000028baf58 mode 0


Dynamic libraries:
0x00007ff65cdf0000 - 0x00007ff65ce27000 	C:\Program Files\Java\jdk1.8.0_231\bin\java.exe
0x00007ff906cd0000 - 0x00007ff906ec6000 	C:\WINDOWS\SYSTEM32\ntdll.dll
0x00007ff905a00000 - 0x00007ff905abd000 	C:\WINDOWS\System32\KERNEL32.DLL
0x00007ff9048d0000 - 0x00007ff904b99000 	C:\WINDOWS\System32\KERNELBASE.dll
0x00007ff905ac0000 - 0x00007ff905b6c000 	C:\WINDOWS\System32\ADVAPI32.dll
0x00007ff906080000 - 0x00007ff90611e000 	C:\WINDOWS\System32\msvcrt.dll
0x00007ff906180000 - 0x00007ff90621c000 	C:\WINDOWS\System32\sechost.dll
0x00007ff905c10000 - 0x00007ff905d3b000 	C:\WINDOWS\System32\RPCRT4.dll
0x00007ff904db0000 - 0x00007ff904f50000 	C:\WINDOWS\System32\USER32.dll
0x00007ff904cd0000 - 0x00007ff904cf2000 	C:\WINDOWS\System32\win32u.dll
0x00007ff906050000 - 0x00007ff90607a000 	C:\WINDOWS\System32\GDI32.dll
0x00007ff9045c0000 - 0x00007ff9046c9000 	C:\WINDOWS\System32\gdi32full.dll
0x00007ff9046d0000 - 0x00007ff90476d000 	C:\WINDOWS\System32\msvcp_win.dll
0x00007ff9043e0000 - 0x00007ff9044e0000 	C:\WINDOWS\System32\ucrtbase.dll
0x00007ff8fac90000 - 0x00007ff8faf2b000 	C:\WINDOWS\WinSxS\amd64_microsoft.windows.common-controls_6595b64144ccf1df_6.0.19041.488_none_ca04af081b815d21\COMCTL32.dll
0x00007ff9068e0000 - 0x00007ff906910000 	C:\WINDOWS\System32\IMM32.DLL
0x0000000074250000 - 0x0000000074322000 	C:\Program Files\Java\jdk1.8.0_231\jre\bin\msvcr100.dll
0x00000000739a0000 - 0x0000000074246000 	C:\Program Files\Java\jdk1.8.0_231\jre\bin\server\jvm.dll
0x00007ff9063d0000 - 0x00007ff9063d8000 	C:\WINDOWS\System32\PSAPI.DLL
0x00007ff8f8390000 - 0x00007ff8f839a000 	C:\WINDOWS\SYSTEM32\VERSION.dll
0x00007ff902bb0000 - 0x00007ff902bb9000 	C:\WINDOWS\SYSTEM32\WSOCK32.dll
0x00007ff8fc520000 - 0x00007ff8fc547000 	C:\WINDOWS\SYSTEM32\WINMM.dll
0x00007ff906350000 - 0x00007ff9063bb000 	C:\WINDOWS\System32\WS2_32.dll
0x00007ff8feca0000 - 0x00007ff8fecaf000 	C:\Program Files\Java\jdk1.8.0_231\jre\bin\verify.dll
0x00007ff8e96f0000 - 0x00007ff8e9719000 	C:\Program Files\Java\jdk1.8.0_231\jre\bin\java.dll
0x00007ff8e96d0000 - 0x00007ff8e96e6000 	C:\Program Files\Java\jdk1.8.0_231\jre\bin\zip.dll
0x00007ff9052b0000 - 0x00007ff9059f2000 	C:\WINDOWS\System32\SHELL32.dll
0x00007ff9021f0000 - 0x00007ff902985000 	C:\WINDOWS\SYSTEM32\windows.storage.dll
0x00007ff904f50000 - 0x00007ff9052a6000 	C:\WINDOWS\System32\combase.dll
0x00007ff903de0000 - 0x00007ff903e0c000 	C:\WINDOWS\SYSTEM32\Wldp.dll
0x00007ff904d00000 - 0x00007ff904dae000 	C:\WINDOWS\System32\SHCORE.dll
0x00007ff906220000 - 0x00007ff906275000 	C:\WINDOWS\System32\shlwapi.dll
0x00007ff904310000 - 0x00007ff904336000 	C:\WINDOWS\SYSTEM32\profapi.dll
0x00007ff8e96b0000 - 0x00007ff8e96ca000 	C:\Program Files\Java\jdk1.8.0_231\jre\bin\net.dll
0x00007ff903b00000 - 0x00007ff903b6a000 	C:\WINDOWS\system32\mswsock.dll

VM Arguments:
jvm_args: -Djava.security.manager=worker.org.gradle.process.internal.worker.child.BootstrapSecurityManager -Dorg.gradle.native=false -Xmx512m -Dfile.encoding=windows-1252 -Duser.country=CO -Duser.language=es -Duser.variant -ea 
java_command: worker.org.gradle.process.internal.worker.GradleWorkerMain 'Gradle Test Executor 3'
java_class_path (initial): C:\Users\Usuario\.gradle\caches\6.7\workerMain\gradle-worker.jar
Launcher Type: SUN_STANDARD

Environment Variables:
JAVA_HOME=C:\Program Files\Java\jdk1.8.0_231
PATH=C:\WINDOWS\system32;C:\WINDOWS;C:\WINDOWS\System32\Wbem;C:\WINDOWS\System32\WindowsPowerShell\v1.0\;C:\Program Files\PuTTY\;C:\WINDOWS\System32\OpenSSH\;C:\Program Files\dotnet\;C:\Program Files\Microsoft SQL Server\130\Tools\Binn\;C:\Program Files\Microsoft SQL Server\Client SDK\ODBC\170\Tools\Binn\;C:\Program Files (x86)\Microsoft SQL Server\150\Tools\Binn\;C:\Program Files\Microsoft SQL Server\150\Tools\Binn\;C:\Program Files\Microsoft SQL Server\150\DTS\Binn\;C:\Program Files (x86)\Microsoft SQL Server\150\DTS\Binn\;C:\Program Files\Azure Data Studio\bin;C:\Program Files\Java\jdk1.8.0_231\bin;C:\GRADLE\gradle-6.7\bin;C:\Program Files\Git\cmd;C:\Program Files\MySQL\MySQL Shell 8.0\bin\;C:\Users\Usuario\AppData\Local\Microsoft\WindowsApps;C:\Users\Usuario\AppData\Local\Programs\Microsoft VS Code\bin;C:\Program Files\Azure Data Studio\bin;
USERNAME=Usuario
OS=Windows_NT
PROCESSOR_IDENTIFIER=Intel64 Family 6 Model 61 Stepping 4, GenuineIntel



---------------  S Y S T E M  ---------------

OS: Windows 10.0 , 64 bit Build 19041 (10.0.19041.662)

CPU:total 4 (initial active 4) (2 cores per cpu, 2 threads per core) family 6 model 61 stepping 4, cmov, cx8, fxsr, mmx, sse, sse2, sse3, ssse3, sse4.1, sse4.2, popcnt, avx, avx2, aes, clmul, erms, 3dnowpref, lzcnt, ht, tsc, tscinvbit, bmi1, bmi2, adx

Memory: 4k page, physical 8301580k(1088388k free), swap 8301580k(5124k free)

vm_info: Java HotSpot(TM) 64-Bit Server VM (25.231-b11) for windows-amd64 JRE (1.8.0_231-b11), built on Oct  5 2019 03:11:30 by "java_re" with MS VC++ 10.0 (VS2010)

time: Tue Jan 05 20:25:05 2021
timezone: Hora est. Pacífico, Sudamérica
elapsed time: 0 seconds (0d 0h 0m 0s)

