#
# There is insufficient memory for the Java Runtime Environment to continue.
# Native memory allocation (malloc) failed to allocate 32744 bytes for ChunkPool::allocate
# Possible reasons:
#   The system is out of physical RAM or swap space
#   The process is running with CompressedOops enabled, and the Java Heap may be blocking the growth of the native heap
# Possible solutions:
#   Reduce memory load on the system
#   Increase physical memory or swap space
#   Check if swap backing store is full
#   Decrease Java heap size (-Xmx/-Xms)
#   Decrease number of Java threads
#   Decrease Java thread stack sizes (-Xss)
#   Set larger code cache with -XX:ReservedCodeCacheSize=
#   JVM is running with Unscaled Compressed Oops mode in which the Java heap is
#     placed in the first 4GB address space. The Java Heap base address is the
#     maximum limit for the native heap growth. Please use -XX:HeapBaseMinAddress
#     to set the Java Heap base and to place the Java Heap above 4GB virtual address.
# This output file may be truncated or incomplete.
#
#  Out of Memory Error (allocation.cpp:272), pid=7452, tid=0x00000000000049a4
#
# JRE version: Java(TM) SE Runtime Environment (8.0_231-b11) (build 1.8.0_231-b11)
# Java VM: Java HotSpot(TM) 64-Bit Server VM (25.231-b11 mixed mode windows-amd64 compressed oops)
# Failed to write core dump. Minidumps are not enabled by default on client versions of Windows
#

---------------  T H R E A D  ---------------

Current thread (0x0000000015709800):  JavaThread "C2 CompilerThread0" daemon [_thread_in_native, id=18852, stack(0x0000000015e60000,0x0000000015f60000)]

Stack: [0x0000000015e60000,0x0000000015f60000]
[error occurred during error reporting (printing stack bounds), id 0xc0000005]

Native frames: (J=compiled Java code, j=interpreted, Vv=VM code, C=native code)


Current CompileTask:
C2:  26683 3792   !   4       java.net.URLClassLoader$1::run (63 bytes)


---------------  P R O C E S S  ---------------

Java Threads: ( => current thread )
  0x000000001921b000 JavaThread "Darkroom Processing Line" daemon [_thread_blocked, id=18548, stack(0x0000000019e80000,0x0000000019f80000)]
  0x0000000019219800 JavaThread "Okio Watchdog" daemon [_thread_blocked, id=1372, stack(0x000000001d330000,0x000000001d430000)]
  0x0000000018808000 JavaThread "OkHttp ConnectionPool" daemon [_thread_blocked, id=7292, stack(0x000000001d130000,0x000000001d230000)]
  0x000000001880d000 JavaThread "Exec Stream Pumper" daemon [_thread_in_native, id=1736, stack(0x000000001cc30000,0x000000001cd30000)]
  0x000000001880d800 JavaThread "Exec Stream Pumper" daemon [_thread_in_native, id=1004, stack(0x000000001b6c0000,0x000000001b7c0000)]
  0x0000000018809000 JavaThread "UrlChecker-2" daemon [_thread_blocked, id=12156, stack(0x000000001a580000,0x000000001a680000)]
  0x000000001880c000 JavaThread "Exec Default Executor" daemon [_thread_in_native, id=4864, stack(0x0000000019d80000,0x0000000019e80000)]
  0x0000000016d31000 JavaThread "/127.0.0.1:11421 to /127.0.0.1:11420 workers Thread 3" [_thread_in_native, id=12148, stack(0x0000000018190000,0x0000000018290000)]
  0x0000000016d30000 JavaThread "/127.0.0.1:11421 to /127.0.0.1:11420 workers Thread 2" [_thread_blocked, id=4936, stack(0x0000000018090000,0x0000000018190000)]
  0x00000000171be800 JavaThread "Test worker" [_thread_in_native, id=18664, stack(0x0000000017c50000,0x0000000017d50000)]
  0x0000000015794800 JavaThread "Service Thread" daemon [_thread_blocked, id=10032, stack(0x0000000016160000,0x0000000016260000)]
  0x000000001571a000 JavaThread "C1 CompilerThread2" daemon [_thread_blocked, id=6568, stack(0x0000000016060000,0x0000000016160000)]
  0x0000000015716800 JavaThread "C2 CompilerThread1" daemon [_thread_in_native, id=6184, stack(0x0000000015f60000,0x0000000016060000)]
=>0x0000000015709800 JavaThread "C2 CompilerThread0" daemon [_thread_in_native, id=18852, stack(0x0000000015e60000,0x0000000015f60000)]
  0x00000000142ae000 JavaThread "Attach Listener" daemon [_thread_blocked, id=15452, stack(0x0000000015d60000,0x0000000015e60000)]
  0x00000000142ad800 JavaThread "Signal Dispatcher" daemon [_thread_blocked, id=5552, stack(0x0000000015c60000,0x0000000015d60000)]
  0x0000000002edc800 JavaThread "Finalizer" daemon [_thread_blocked, id=11052, stack(0x00000000154d0000,0x00000000155d0000)]
  0x0000000002ed3800 JavaThread "Reference Handler" daemon [_thread_blocked, id=10900, stack(0x00000000153d0000,0x00000000154d0000)]
  0x0000000002de2800 JavaThread "main" [_thread_blocked, id=12648, stack(0x0000000002ce0000,0x0000000002de0000)]

Other Threads:
  0x0000000014217800 VMThread [stack: 0x00000000152d0000,0x00000000153d0000] [id=10432]
  0x00000000157ea800 WatcherThread [stack: 0x0000000016260000,0x0000000016360000] [id=7944]

VM state:not at safepoint (normal execution)

VM Mutex/Monitor currently owned by a thread: None

heap address: 0x00000000e0000000, size: 512 MB, Compressed Oops mode: 32-bit
Narrow klass base: 0x0000000000000000, Narrow klass shift: 3
Compressed class space size: 1073741824 Address: 0x0000000100000000

Heap:
 PSYoungGen      total 154112K, used 10072K [0x00000000f5580000, 0x0000000100000000, 0x0000000100000000)
  eden space 144896K, 5% used [0x00000000f5580000,0x00000000f5dccb78,0x00000000fe300000)
  from space 9216K, 17% used [0x00000000fe300000,0x00000000fe4896e8,0x00000000fec00000)
  to   space 9728K, 0% used [0x00000000ff680000,0x00000000ff680000,0x0000000100000000)
 ParOldGen       total 77824K, used 10546K [0x00000000e0000000, 0x00000000e4c00000, 0x00000000f5580000)
  object space 77824K, 13% used [0x00000000e0000000,0x00000000e0a4cb28,0x00000000e4c00000)
 Metaspace       used 36118K, capacity 37334K, committed 37424K, reserved 1081344K
  class space    used 5085K, capacity 5381K, committed 5424K, reserved 1048576K

Card table byte_map: [0x00000000122a0000,0x00000000123b0000] byte_map_base: 0x0000000011ba0000

Marking Bits: (ParMarkBitMap*) 0x00000000742a6d90
 Begin Bits: [0x00000000127b0000, 0x0000000012fb0000)
 End Bits:   [0x0000000012fb0000, 0x00000000137b0000)

Polling page: 0x0000000001010000

CodeCache: size=245760Kb used=10247Kb max_used=10523Kb free=235512Kb
 bounds [0x0000000002ee0000, 0x0000000003930000, 0x0000000011ee0000]
 total_blobs=3814 nmethods=3335 adapters=391
 compilation: enabled

Compilation events (10 events):
Event: 26.430 Thread 0x000000001571a000 3810       3       com.google.common.collect.Hashing::closedTableSize (37 bytes)
Event: 26.430 Thread 0x000000001571a000 nmethod 3810 0x0000000003374910 code [0x0000000003374aa0, 0x0000000003374da8]
Event: 26.455 Thread 0x000000001571a000 3812   !   3       java.util.Locale::getDefault (132 bytes)
Event: 26.456 Thread 0x000000001571a000 nmethod 3812 0x000000000358e8d0 code [0x000000000358eaa0, 0x000000000358f2b8]
Event: 26.456 Thread 0x000000001571a000 3813   !   3       java.util.Formatter::format (271 bytes)
Event: 26.458 Thread 0x000000001571a000 nmethod 3813 0x000000000358c890 code [0x000000000358cb40, 0x000000000358dc28]
Event: 26.462 Thread 0x000000001571a000 3814       1       okhttp3.Request::body (5 bytes)
Event: 26.462 Thread 0x000000001571a000 nmethod 3814 0x0000000003374650 code [0x00000000033747a0, 0x00000000033748b0]
Event: 26.665 Thread 0x000000001571a000 3815       3       com.google.common.collect.AbstractMultimap::<init> (5 bytes)
Event: 26.665 Thread 0x000000001571a000 nmethod 3815 0x0000000003374290 code [0x00000000033743e0, 0x0000000003374590]

GC Heap History (10 events):
Event: 17.718 GC heap before
{Heap before GC invocations=11 (full 2):
 PSYoungGen      total 99328K, used 4510K [0x00000000f5580000, 0x00000000fda00000, 0x0000000100000000)
  eden space 91136K, 0% used [0x00000000f5580000,0x00000000f5580000,0x00000000fae80000)
  from space 8192K, 55% used [0x00000000fae80000,0x00000000fb2e7a08,0x00000000fb680000)
  to   space 8192K, 0% used [0x00000000fd200000,0x00000000fd200000,0x00000000fda00000)
 ParOldGen       total 52224K, used 6836K [0x00000000e0000000, 0x00000000e3300000, 0x00000000f5580000)
  object space 52224K, 13% used [0x00000000e0000000,0x00000000e06ad318,0x00000000e3300000)
 Metaspace       used 34302K, capacity 35416K, committed 35496K, reserved 1079296K
  class space    used 4861K, capacity 5118K, committed 5168K, reserved 1048576K
Event: 17.836 GC heap after
Heap after GC invocations=11 (full 2):
 PSYoungGen      total 99328K, used 0K [0x00000000f5580000, 0x00000000fda00000, 0x0000000100000000)
  eden space 91136K, 0% used [0x00000000f5580000,0x00000000f5580000,0x00000000fae80000)
  from space 8192K, 0% used [0x00000000fae80000,0x00000000fae80000,0x00000000fb680000)
  to   space 8192K, 0% used [0x00000000fd200000,0x00000000fd200000,0x00000000fda00000)
 ParOldGen       total 77824K, used 10522K [0x00000000e0000000, 0x00000000e4c00000, 0x00000000f5580000)
  object space 77824K, 13% used [0x00000000e0000000,0x00000000e0a46b28,0x00000000e4c00000)
 Metaspace       used 34302K, capacity 35416K, committed 35496K, reserved 1079296K
  class space    used 4861K, capacity 5118K, committed 5168K, reserved 1048576K
}
Event: 19.140 GC heap before
{Heap before GC invocations=12 (full 2):
 PSYoungGen      total 99328K, used 91136K [0x00000000f5580000, 0x00000000fda00000, 0x0000000100000000)
  eden space 91136K, 100% used [0x00000000f5580000,0x00000000fae80000,0x00000000fae80000)
  from space 8192K, 0% used [0x00000000fae80000,0x00000000fae80000,0x00000000fb680000)
  to   space 8192K, 0% used [0x00000000fd200000,0x00000000fd200000,0x00000000fda00000)
 ParOldGen       total 77824K, used 10522K [0x00000000e0000000, 0x00000000e4c00000, 0x00000000f5580000)
  object space 77824K, 13% used [0x00000000e0000000,0x00000000e0a46b28,0x00000000e4c00000)
 Metaspace       used 35367K, capacity 36532K, committed 36784K, reserved 1081344K
  class space    used 5003K, capacity 5268K, committed 5296K, reserved 1048576K
Event: 19.143 GC heap after
Heap after GC invocations=12 (full 2):
 PSYoungGen      total 124416K, used 1657K [0x00000000f5580000, 0x00000000fd900000, 0x0000000100000000)
  eden space 117248K, 0% used [0x00000000f5580000,0x00000000f5580000,0x00000000fc800000)
  from space 7168K, 23% used [0x00000000fd200000,0x00000000fd39e770,0x00000000fd900000)
  to   space 8704K, 0% used [0x00000000fc800000,0x00000000fc800000,0x00000000fd080000)
 ParOldGen       total 77824K, used 10530K [0x00000000e0000000, 0x00000000e4c00000, 0x00000000f5580000)
  object space 77824K, 13% used [0x00000000e0000000,0x00000000e0a48b28,0x00000000e4c00000)
 Metaspace       used 35367K, capacity 36532K, committed 36784K, reserved 1081344K
  class space    used 5003K, capacity 5268K, committed 5296K, reserved 1048576K
}
Event: 24.255 GC heap before
{Heap before GC invocations=13 (full 2):
 PSYoungGen      total 124416K, used 117070K [0x00000000f5580000, 0x00000000fd900000, 0x0000000100000000)
  eden space 117248K, 98% used [0x00000000f5580000,0x00000000fc6351e8,0x00000000fc800000)
  from space 7168K, 23% used [0x00000000fd200000,0x00000000fd39e770,0x00000000fd900000)
  to   space 8704K, 0% used [0x00000000fc800000,0x00000000fc800000,0x00000000fd080000)
 ParOldGen       total 77824K, used 10530K [0x00000000e0000000, 0x00000000e4c00000, 0x00000000f5580000)
  object space 77824K, 13% used [0x00000000e0000000,0x00000000e0a48b28,0x00000000e4c00000)
 Metaspace       used 36051K, capacity 37318K, committed 37424K, reserved 1081344K
  class space    used 5085K, capacity 5381K, committed 5424K, reserved 1048576K
Event: 24.261 GC heap after
Heap after GC invocations=13 (full 2):
 PSYoungGen      total 125952K, used 7462K [0x00000000f5580000, 0x00000000ff680000, 0x0000000100000000)
  eden space 117248K, 0% used [0x00000000f5580000,0x00000000f5580000,0x00000000fc800000)
  from space 8704K, 85% used [0x00000000fc800000,0x00000000fcf49ae8,0x00000000fd080000)
  to   space 9216K, 0% used [0x00000000fed80000,0x00000000fed80000,0x00000000ff680000)
 ParOldGen       total 77824K, used 10530K [0x00000000e0000000, 0x00000000e4c00000, 0x00000000f5580000)
  object space 77824K, 13% used [0x00000000e0000000,0x00000000e0a48b28,0x00000000e4c00000)
 Metaspace       used 36051K, capacity 37318K, committed 37424K, reserved 1081344K
  class space    used 5085K, capacity 5381K, committed 5424K, reserved 1048576K
}
Event: 24.870 GC heap before
{Heap before GC invocations=14 (full 2):
 PSYoungGen      total 125952K, used 124710K [0x00000000f5580000, 0x00000000ff680000, 0x0000000100000000)
  eden space 117248K, 100% used [0x00000000f5580000,0x00000000fc800000,0x00000000fc800000)
  from space 8704K, 85% used [0x00000000fc800000,0x00000000fcf49ae8,0x00000000fd080000)
  to   space 9216K, 0% used [0x00000000fed80000,0x00000000fed80000,0x00000000ff680000)
 ParOldGen       total 77824K, used 10530K [0x00000000e0000000, 0x00000000e4c00000, 0x00000000f5580000)
  object space 77824K, 13% used [0x00000000e0000000,0x00000000e0a48b28,0x00000000e4c00000)
 Metaspace       used 36075K, capacity 37326K, committed 37424K, reserved 1081344K
  class space    used 5085K, capacity 5381K, committed 5424K, reserved 1048576K
Event: 24.872 GC heap after
Heap after GC invocations=14 (full 2):
 PSYoungGen      total 152576K, used 1618K [0x00000000f5580000, 0x00000000ff500000, 0x0000000100000000)
  eden space 144896K, 0% used [0x00000000f5580000,0x00000000f5580000,0x00000000fe300000)
  from space 7680K, 21% used [0x00000000fed80000,0x00000000fef148f8,0x00000000ff500000)
  to   space 9216K, 0% used [0x00000000fe300000,0x00000000fe300000,0x00000000fec00000)
 ParOldGen       total 77824K, used 10538K [0x00000000e0000000, 0x00000000e4c00000, 0x00000000f5580000)
  object space 77824K, 13% used [0x00000000e0000000,0x00000000e0a4ab28,0x00000000e4c00000)
 Metaspace       used 36075K, capacity 37326K, committed 37424K, reserved 1081344K
  class space    used 5085K, capacity 5381K, committed 5424K, reserved 1048576K
}
Event: 26.425 GC heap before
{Heap before GC invocations=15 (full 2):
 PSYoungGen      total 152576K, used 146514K [0x00000000f5580000, 0x00000000ff500000, 0x0000000100000000)
  eden space 144896K, 100% used [0x00000000f5580000,0x00000000fe300000,0x00000000fe300000)
  from space 7680K, 21% used [0x00000000fed80000,0x00000000fef148f8,0x00000000ff500000)
  to   space 9216K, 0% used [0x00000000fe300000,0x00000000fe300000,0x00000000fec00000)
 ParOldGen       total 77824K, used 10538K [0x00000000e0000000, 0x00000000e4c00000, 0x00000000f5580000)
  object space 77824K, 13% used [0x00000000e0000000,0x00000000e0a4ab28,0x00000000e4c00000)
 Metaspace       used 36116K, capacity 37334K, committed 37424K, reserved 1081344K
  class space    used 5085K, capacity 5381K, committed 5424K, reserved 1048576K
Event: 26.429 GC heap after
Heap after GC invocations=15 (full 2):
 PSYoungGen      total 154112K, used 1573K [0x00000000f5580000, 0x0000000100000000, 0x0000000100000000)
  eden space 144896K, 0% used [0x00000000f5580000,0x00000000f5580000,0x00000000fe300000)
  from space 9216K, 17% used [0x00000000fe300000,0x00000000fe4896e8,0x00000000fec00000)
  to   space 9728K, 0% used [0x00000000ff680000,0x00000000ff680000,0x0000000100000000)
 ParOldGen       total 77824K, used 10546K [0x00000000e0000000, 0x00000000e4c00000, 0x00000000f5580000)
  object space 77824K, 13% used [0x00000000e0000000,0x00000000e0a4cb28,0x00000000e4c00000)
 Metaspace       used 36116K, capacity 37334K, committed 37424K, reserved 1081344K
  class space    used 5085K, capacity 5381K, committed 5424K, reserved 1048576K
}

Deoptimization events (10 events):
Event: 21.713 Thread 0x00000000171be800 Uncommon trap: reason=class_check action=maybe_recompile pc=0x00000000035fb6d8 method=java.lang.AbstractStringBuilder.append(Ljava/lang/CharSequence;II)Ljava/lang/AbstractStringBuilder; @ 18
Event: 21.716 Thread 0x00000000171be800 Uncommon trap: reason=unstable_if action=reinterpret pc=0x000000000307af98 method=sun.nio.cs.UTF_8$Encoder.encode([CII[B)I @ 33
Event: 24.349 Thread 0x00000000171be800 Uncommon trap: reason=unstable_if action=reinterpret pc=0x000000000312164c method=java.util.Base64$Decoder.outLength([BII)I @ 78
Event: 24.353 Thread 0x00000000171be800 Uncommon trap: reason=unstable_if action=reinterpret pc=0x000000000304d338 method=java.util.Base64$Decoder.decode0([BII[B)I @ 30
Event: 24.509 Thread 0x00000000171be800 Uncommon trap: reason=class_check action=maybe_recompile pc=0x00000000033198d0 method=java.util.stream.AbstractPipeline.wrapAndCopyInto(Ljava/util/stream/Sink;Ljava/util/Spliterator;)Ljava/util/stream/Sink; @ 6
Event: 24.509 Thread 0x00000000171be800 Uncommon trap: reason=class_check action=maybe_recompile pc=0x00000000033198d0 method=java.util.stream.AbstractPipeline.wrapAndCopyInto(Ljava/util/stream/Sink;Ljava/util/Spliterator;)Ljava/util/stream/Sink; @ 6
Event: 24.509 Thread 0x00000000171be800 Uncommon trap: reason=class_check action=maybe_recompile pc=0x00000000033198d0 method=java.util.stream.AbstractPipeline.wrapAndCopyInto(Ljava/util/stream/Sink;Ljava/util/Spliterator;)Ljava/util/stream/Sink; @ 6
Event: 24.509 Thread 0x00000000171be800 Uncommon trap: reason=class_check action=maybe_recompile pc=0x00000000033198d0 method=java.util.stream.AbstractPipeline.wrapAndCopyInto(Ljava/util/stream/Sink;Ljava/util/Spliterator;)Ljava/util/stream/Sink; @ 6
Event: 24.758 Thread 0x00000000171be800 Uncommon trap: reason=class_check action=maybe_recompile pc=0x0000000003929318 method=java.lang.AbstractStringBuilder.append(Ljava/lang/CharSequence;)Ljava/lang/AbstractStringBuilder; @ 26
Event: 24.758 Thread 0x00000000171be800 Uncommon trap: reason=class_check action=maybe_recompile pc=0x00000000035fb6d8 method=java.lang.AbstractStringBuilder.append(Ljava/lang/CharSequence;II)Ljava/lang/AbstractStringBuilder; @ 18

Classes redefined (0 events):
No events

Internal exceptions (10 events):
Event: 24.483 Thread 0x00000000171be800 Exception <a 'java/net/SocketTimeoutException': Read timed out> (0x00000000fa308da0) thrown at [C:\re\workspace\8-2-build-windows-amd64-cygwin\jdk8u231\13620\hotspot\src\share\vm\prims\jni.cpp, line 736]
Event: 24.744 Thread 0x00000000171be800 Exception <a 'java/net/SocketTimeoutException': Read timed out> (0x00000000fc798970) thrown at [C:\re\workspace\8-2-build-windows-amd64-cygwin\jdk8u231\13620\hotspot\src\share\vm\prims\jni.cpp, line 736]
Event: 24.774 Thread 0x00000000171be800 Exception <a 'java/net/SocketTimeoutException': Read timed out> (0x00000000fc7b8920) thrown at [C:\re\workspace\8-2-build-windows-amd64-cygwin\jdk8u231\13620\hotspot\src\share\vm\prims\jni.cpp, line 736]
Event: 24.897 Thread 0x00000000171be800 Exception <a 'java/net/SocketTimeoutException': Read timed out> (0x00000000f59319c8) thrown at [C:\re\workspace\8-2-build-windows-amd64-cygwin\jdk8u231\13620\hotspot\src\share\vm\prims\jni.cpp, line 736]
Event: 24.958 Thread 0x00000000171be800 Exception <a 'java/net/SocketTimeoutException': Read timed out> (0x00000000f5d2efd0) thrown at [C:\re\workspace\8-2-build-windows-amd64-cygwin\jdk8u231\13620\hotspot\src\share\vm\prims\jni.cpp, line 736]
Event: 25.862 Thread 0x00000000171be800 Exception <a 'java/net/SocketTimeoutException': Read timed out> (0x00000000fb783f68) thrown at [C:\re\workspace\8-2-build-windows-amd64-cygwin\jdk8u231\13620\hotspot\src\share\vm\prims\jni.cpp, line 736]
Event: 26.154 Thread 0x00000000171be800 Exception <a 'java/net/SocketTimeoutException': Read timed out> (0x00000000fdae78d8) thrown at [C:\re\workspace\8-2-build-windows-amd64-cygwin\jdk8u231\13620\hotspot\src\share\vm\prims\jni.cpp, line 736]
Event: 26.185 Thread 0x00000000171be800 Exception <a 'java/net/SocketTimeoutException': Read timed out> (0x00000000fdb07888) thrown at [C:\re\workspace\8-2-build-windows-amd64-cygwin\jdk8u231\13620\hotspot\src\share\vm\prims\jni.cpp, line 736]
Event: 26.354 Thread 0x00000000171be800 Exception <a 'java/net/SocketTimeoutException': Read timed out> (0x00000000fe1d4518) thrown at [C:\re\workspace\8-2-build-windows-amd64-cygwin\jdk8u231\13620\hotspot\src\share\vm\prims\jni.cpp, line 736]
Event: 26.462 Thread 0x00000000171be800 Exception <a 'java/net/SocketTimeoutException': Read timed out> (0x00000000f597f6b8) thrown at [C:\re\workspace\8-2-build-windows-amd64-cygwin\jdk8u231\13620\hotspot\src\share\vm\prims\jni.cpp, line 736]

Events (10 events):
Event: 26.675 loading class org/gradle/api/internal/tasks/testing/junit/JUnitTestClassExecutor
Event: 26.675 loading class org/gradle/api/internal/tasks/testing/junit/JUnitTestClassExecutor done
Event: 26.675 loading class org/gradle/api/internal/tasks/testing/junit/JUnitTestClassExecutor
Event: 26.675 loading class org/gradle/api/internal/tasks/testing/junit/JUnitTestClassExecutor done
Event: 26.676 loading class org/gradle/api/internal/tasks/testing/junit/JUnitTestClassExecutor
Event: 26.676 loading class org/gradle/api/internal/tasks/testing/junit/JUnitTestClassExecutor done
Event: 26.677 loading class org/gradle/api/internal/tasks/testing/junit/AbstractJUnitTestClassProcessor
Event: 26.677 loading class org/gradle/api/internal/tasks/testing/junit/AbstractJUnitTestClassProcessor done
Event: 26.678 loading class org/gradle/api/internal/tasks/testing/junit/AbstractJUnitTestClassProcessor
Event: 26.678 loading class org/gradle/api/internal/tasks/testing/junit/AbstractJUnitTestClassProcessor done


Dynamic libraries:
0x00007ff7df710000 - 0x00007ff7df747000 	C:\Program Files\Java\jdk1.8.0_231\bin\java.exe
0x00007ff906cd0000 - 0x00007ff906ec6000 	C:\WINDOWS\SYSTEM32\ntdll.dll
0x00007ff905a00000 - 0x00007ff905abd000 	C:\WINDOWS\System32\KERNEL32.DLL
0x00007ff9048d0000 - 0x00007ff904b99000 	C:\WINDOWS\System32\KERNELBASE.dll
0x00007ff905ac0000 - 0x00007ff905b6c000 	C:\WINDOWS\System32\ADVAPI32.dll
0x00007ff906080000 - 0x00007ff90611e000 	C:\WINDOWS\System32\msvcrt.dll
0x00007ff906180000 - 0x00007ff90621c000 	C:\WINDOWS\System32\sechost.dll
0x00007ff905c10000 - 0x00007ff905d3b000 	C:\WINDOWS\System32\RPCRT4.dll
0x00007ff904db0000 - 0x00007ff904f50000 	C:\WINDOWS\System32\USER32.dll
0x00007ff904cd0000 - 0x00007ff904cf2000 	C:\WINDOWS\System32\win32u.dll
0x00007ff906050000 - 0x00007ff90607a000 	C:\WINDOWS\System32\GDI32.dll
0x00007ff9045c0000 - 0x00007ff9046c9000 	C:\WINDOWS\System32\gdi32full.dll
0x00007ff9046d0000 - 0x00007ff90476d000 	C:\WINDOWS\System32\msvcp_win.dll
0x00007ff9043e0000 - 0x00007ff9044e0000 	C:\WINDOWS\System32\ucrtbase.dll
0x00007ff8fac90000 - 0x00007ff8faf2b000 	C:\WINDOWS\WinSxS\amd64_microsoft.windows.common-controls_6595b64144ccf1df_6.0.19041.488_none_ca04af081b815d21\COMCTL32.dll
0x00007ff9068e0000 - 0x00007ff906910000 	C:\WINDOWS\System32\IMM32.DLL
0x0000000074330000 - 0x0000000074402000 	C:\Program Files\Java\jdk1.8.0_231\jre\bin\msvcr100.dll
0x0000000073a80000 - 0x0000000074326000 	C:\Program Files\Java\jdk1.8.0_231\jre\bin\server\jvm.dll
0x00007ff9063d0000 - 0x00007ff9063d8000 	C:\WINDOWS\System32\PSAPI.DLL
0x00007ff8fc520000 - 0x00007ff8fc547000 	C:\WINDOWS\SYSTEM32\WINMM.dll
0x00007ff902bb0000 - 0x00007ff902bb9000 	C:\WINDOWS\SYSTEM32\WSOCK32.dll
0x00007ff8f8390000 - 0x00007ff8f839a000 	C:\WINDOWS\SYSTEM32\VERSION.dll
0x00007ff906350000 - 0x00007ff9063bb000 	C:\WINDOWS\System32\WS2_32.dll
0x00007ff8eeea0000 - 0x00007ff8eeeaf000 	C:\Program Files\Java\jdk1.8.0_231\jre\bin\verify.dll
0x00007ff8dec20000 - 0x00007ff8dec49000 	C:\Program Files\Java\jdk1.8.0_231\jre\bin\java.dll
0x00007ff8e93d0000 - 0x00007ff8e93e6000 	C:\Program Files\Java\jdk1.8.0_231\jre\bin\zip.dll
0x00007ff9052b0000 - 0x00007ff9059f2000 	C:\WINDOWS\System32\SHELL32.dll
0x00007ff9021f0000 - 0x00007ff902985000 	C:\WINDOWS\SYSTEM32\windows.storage.dll
0x00007ff904f50000 - 0x00007ff9052a6000 	C:\WINDOWS\System32\combase.dll
0x00007ff903de0000 - 0x00007ff903e0c000 	C:\WINDOWS\SYSTEM32\Wldp.dll
0x00007ff904d00000 - 0x00007ff904dae000 	C:\WINDOWS\System32\SHCORE.dll
0x00007ff906220000 - 0x00007ff906275000 	C:\WINDOWS\System32\shlwapi.dll
0x00007ff904310000 - 0x00007ff904336000 	C:\WINDOWS\SYSTEM32\profapi.dll
0x00007ff8e5da0000 - 0x00007ff8e5dba000 	C:\Program Files\Java\jdk1.8.0_231\jre\bin\net.dll
0x00007ff903b00000 - 0x00007ff903b6a000 	C:\WINDOWS\system32\mswsock.dll
0x00007ff8e50f0000 - 0x00007ff8e5102000 	C:\Program Files\Java\jdk1.8.0_231\jre\bin\nio.dll
0x00007ff903cd0000 - 0x00007ff903ce8000 	C:\WINDOWS\SYSTEM32\CRYPTSP.dll
0x00007ff903490000 - 0x00007ff9034c4000 	C:\WINDOWS\system32\rsaenh.dll
0x00007ff904590000 - 0x00007ff9045b7000 	C:\WINDOWS\System32\bcrypt.dll
0x00007ff9042d0000 - 0x00007ff9042fe000 	C:\WINDOWS\SYSTEM32\USERENV.dll
0x00007ff904ba0000 - 0x00007ff904c20000 	C:\WINDOWS\System32\bcryptprimitives.dll
0x00007ff903cf0000 - 0x00007ff903cfc000 	C:\WINDOWS\SYSTEM32\CRYPTBASE.dll
0x00007ff9037f0000 - 0x00007ff90382b000 	C:\WINDOWS\SYSTEM32\IPHLPAPI.DLL
0x00007ff906c50000 - 0x00007ff906c58000 	C:\WINDOWS\System32\NSI.dll
0x00007ff8fef50000 - 0x00007ff8fef67000 	C:\WINDOWS\SYSTEM32\dhcpcsvc6.DLL
0x00007ff8fef30000 - 0x00007ff8fef4d000 	C:\WINDOWS\SYSTEM32\dhcpcsvc.DLL
0x00007ff903830000 - 0x00007ff9038fb000 	C:\WINDOWS\SYSTEM32\DNSAPI.dll
0x00007ff8fc510000 - 0x00007ff8fc51a000 	C:\Windows\System32\rasadhlp.dll
0x00007ff8fc2b0000 - 0x00007ff8fc32f000 	C:\WINDOWS\System32\fwpuclnt.dll
0x00007ff8e9830000 - 0x00007ff8e9854000 	C:\Program Files\Java\jdk1.8.0_231\jre\bin\sunec.dll
0x00007ff8fd1a0000 - 0x00007ff8fd1ab000 	C:\Program Files\Java\jdk1.8.0_231\jre\bin\sunmscapi.dll
0x00007ff904770000 - 0x00007ff9048cd000 	C:\WINDOWS\System32\CRYPT32.dll

VM Arguments:
jvm_args: -Djava.security.manager=worker.org.gradle.process.internal.worker.child.BootstrapSecurityManager -Dorg.gradle.native=false -Xmx512m -Dfile.encoding=windows-1252 -Duser.country=CO -Duser.language=es -Duser.variant -ea 
java_command: worker.org.gradle.process.internal.worker.GradleWorkerMain 'Gradle Test Executor 1'
java_class_path (initial): C:\Users\Usuario\.gradle\caches\6.7\workerMain\gradle-worker.jar
Launcher Type: SUN_STANDARD

Environment Variables:
JAVA_HOME=C:\Program Files\Java\jdk1.8.0_231
PATH=C:\WINDOWS\system32;C:\WINDOWS;C:\WINDOWS\System32\Wbem;C:\WINDOWS\System32\WindowsPowerShell\v1.0\;C:\Program Files\PuTTY\;C:\WINDOWS\System32\OpenSSH\;C:\Program Files\dotnet\;C:\Program Files\Microsoft SQL Server\130\Tools\Binn\;C:\Program Files\Microsoft SQL Server\Client SDK\ODBC\170\Tools\Binn\;C:\Program Files (x86)\Microsoft SQL Server\150\Tools\Binn\;C:\Program Files\Microsoft SQL Server\150\Tools\Binn\;C:\Program Files\Microsoft SQL Server\150\DTS\Binn\;C:\Program Files (x86)\Microsoft SQL Server\150\DTS\Binn\;C:\Program Files\Azure Data Studio\bin;C:\Program Files\Java\jdk1.8.0_231\bin;C:\GRADLE\gradle-6.7\bin;C:\Program Files\Git\cmd;C:\Program Files\MySQL\MySQL Shell 8.0\bin\;C:\Users\Usuario\AppData\Local\Microsoft\WindowsApps;C:\Users\Usuario\AppData\Local\Programs\Microsoft VS Code\bin;C:\Program Files\Azure Data Studio\bin;
USERNAME=Usuario
OS=Windows_NT
PROCESSOR_IDENTIFIER=Intel64 Family 6 Model 61 Stepping 4, GenuineIntel



---------------  S Y S T E M  ---------------

OS: Windows 10.0 , 64 bit Build 19041 (10.0.19041.662)

CPU:total 4 (initial active 4) (2 cores per cpu, 2 threads per core) family 6 model 61 stepping 4, cmov, cx8, fxsr, mmx, sse, sse2, sse3, ssse3, sse4.1, sse4.2, popcnt, avx, avx2, aes, clmul, erms, 3dnowpref, lzcnt, ht, tsc, tscinvbit, bmi1, bmi2, adx

Memory: 4k page, physical 8301580k(1324552k free), swap 8301580k(4096k free)

vm_info: Java HotSpot(TM) 64-Bit Server VM (25.231-b11) for windows-amd64 JRE (1.8.0_231-b11), built on Oct  5 2019 03:11:30 by "java_re" with MS VC++ 10.0 (VS2010)

time: Wed Jan 06 10:08:55 2021
timezone: Hora est. Pacífico, Sudamérica
elapsed time: 26 seconds (0d 0h 0m 26s)

