#
# There is insufficient memory for the Java Runtime Environment to continue.
# Native memory allocation (malloc) failed to allocate 2021616 bytes for Chunk::new
# Possible reasons:
#   The system is out of physical RAM or swap space
#   The process is running with CompressedOops enabled, and the Java Heap may be blocking the growth of the native heap
# Possible solutions:
#   Reduce memory load on the system
#   Increase physical memory or swap space
#   Check if swap backing store is full
#   Decrease Java heap size (-Xmx/-Xms)
#   Decrease number of Java threads
#   Decrease Java thread stack sizes (-Xss)
#   Set larger code cache with -XX:ReservedCodeCacheSize=
#   JVM is running with Unscaled Compressed Oops mode in which the Java heap is
#     placed in the first 4GB address space. The Java Heap base address is the
#     maximum limit for the native heap growth. Please use -XX:HeapBaseMinAddress
#     to set the Java Heap base and to place the Java Heap above 4GB virtual address.
# This output file may be truncated or incomplete.
#
#  Out of Memory Error (allocation.cpp:389), pid=5684, tid=0x0000000000003a64
#
# JRE version: Java(TM) SE Runtime Environment (8.0_231-b11) (build 1.8.0_231-b11)
# Java VM: Java HotSpot(TM) 64-Bit Server VM (25.231-b11 mixed mode windows-amd64 compressed oops)
# Failed to write core dump. Minidumps are not enabled by default on client versions of Windows
#

---------------  T H R E A D  ---------------

Current thread (0x0000000015222000):  JavaThread "C2 CompilerThread1" daemon [_thread_in_native, id=14948, stack(0x0000000015a70000,0x0000000015b70000)]

Stack: [0x0000000015a70000,0x0000000015b70000]
[error occurred during error reporting (printing stack bounds), id 0xc0000005]

Native frames: (J=compiled Java code, j=interpreted, Vv=VM code, C=native code)


Current CompileTask:
C2:  24534 3783       4       java.net.URLClassLoader$1::run (5 bytes)


---------------  P R O C E S S  ---------------

Java Threads: ( => current thread )
  0x0000000015442800 JavaThread "Darkroom Processing Line" daemon [_thread_blocked, id=13888, stack(0x0000000017f80000,0x0000000018080000)]
  0x000000001543e000 JavaThread "Okio Watchdog" daemon [_thread_blocked, id=14736, stack(0x000000001de00000,0x000000001df00000)]
  0x000000001543f800 JavaThread "OkHttp ConnectionPool" daemon [_thread_blocked, id=15384, stack(0x000000001dc00000,0x000000001dd00000)]
  0x0000000015442000 JavaThread "Exec Stream Pumper" daemon [_thread_in_native, id=2184, stack(0x000000001c6d0000,0x000000001c7d0000)]
  0x0000000015445000 JavaThread "Exec Stream Pumper" daemon [_thread_in_native, id=12780, stack(0x000000001c300000,0x000000001c400000)]
  0x0000000015440800 JavaThread "UrlChecker-2" daemon [_thread_blocked, id=13156, stack(0x000000001c200000,0x000000001c300000)]
  0x0000000015444000 JavaThread "Exec Default Executor" daemon [_thread_in_native, id=19120, stack(0x0000000019860000,0x0000000019960000)]
  0x0000000016a0e800 JavaThread "/127.0.0.1:4893 to /127.0.0.1:4891 workers Thread 3" [_thread_in_native, id=18444, stack(0x0000000017c80000,0x0000000017d80000)]
  0x0000000016a0d000 JavaThread "/127.0.0.1:4893 to /127.0.0.1:4891 workers Thread 2" [_thread_blocked, id=10132, stack(0x0000000017b80000,0x0000000017c80000)]
  0x000000001688f000 JavaThread "Forwarding sendKeysToElement on session 065a65ce5e3843538819478e34dc28a0 to remote" [_thread_in_native, id=15280, stack(0x0000000017740000,0x0000000017840000)]
  0x00000000152a6800 JavaThread "Service Thread" daemon [_thread_blocked, id=13572, stack(0x0000000015c70000,0x0000000015d70000)]
  0x0000000015225800 JavaThread "C1 CompilerThread2" daemon [_thread_blocked, id=7016, stack(0x0000000015b70000,0x0000000015c70000)]
=>0x0000000015222000 JavaThread "C2 CompilerThread1" daemon [_thread_in_native, id=14948, stack(0x0000000015a70000,0x0000000015b70000)]
  0x000000001521a000 JavaThread "C2 CompilerThread0" daemon [_thread_in_native, id=6776, stack(0x0000000015970000,0x0000000015a70000)]
  0x0000000013dee000 JavaThread "Attach Listener" daemon [_thread_blocked, id=16172, stack(0x0000000015870000,0x0000000015970000)]
  0x0000000013ded800 JavaThread "Signal Dispatcher" daemon [_thread_blocked, id=14488, stack(0x0000000015770000,0x0000000015870000)]
  0x0000000002a1b800 JavaThread "Finalizer" daemon [_thread_blocked, id=14928, stack(0x0000000014fe0000,0x00000000150e0000)]
  0x0000000013d7a000 JavaThread "Reference Handler" daemon [_thread_blocked, id=12764, stack(0x0000000014ee0000,0x0000000014fe0000)]
  0x0000000002922800 JavaThread "main" [_thread_blocked, id=13208, stack(0x0000000002820000,0x0000000002920000)]

Other Threads:
  0x0000000013d58000 VMThread [stack: 0x0000000014de0000,0x0000000014ee0000] [id=15288]
  0x00000000152f3800 WatcherThread [stack: 0x0000000015d70000,0x0000000015e70000] [id=14036]

VM state:not at safepoint (normal execution)

VM Mutex/Monitor currently owned by a thread: None

heap address: 0x00000000e0000000, size: 512 MB, Compressed Oops mode: 32-bit
Narrow klass base: 0x0000000000000000, Narrow klass shift: 3
Compressed class space size: 1073741824 Address: 0x0000000100000000

Heap:
 PSYoungGen      total 146432K, used 9696K [0x00000000f5580000, 0x0000000100000000, 0x0000000100000000)
  eden space 137216K, 5% used [0x00000000f5580000,0x00000000f5d6f838,0x00000000fdb80000)
  from space 9216K, 17% used [0x00000000fdb80000,0x00000000fdd088e8,0x00000000fe480000)
  to   space 9216K, 0% used [0x00000000ff700000,0x00000000ff700000,0x0000000100000000)
 ParOldGen       total 79872K, used 10585K [0x00000000e0000000, 0x00000000e4e00000, 0x00000000f5580000)
  object space 79872K, 13% used [0x00000000e0000000,0x00000000e0a565f8,0x00000000e4e00000)
 Metaspace       used 36118K, capacity 37330K, committed 37424K, reserved 1081344K
  class space    used 5086K, capacity 5381K, committed 5424K, reserved 1048576K

Card table byte_map: [0x0000000011de0000,0x0000000011ef0000] byte_map_base: 0x00000000116e0000

Marking Bits: (ParMarkBitMap*) 0x00000000742a6d90
 Begin Bits: [0x00000000122f0000, 0x0000000012af0000)
 End Bits:   [0x0000000012af0000, 0x00000000132f0000)

Polling page: 0x00000000010b0000

CodeCache: size=245760Kb used=10617Kb max_used=11240Kb free=235142Kb
 bounds [0x0000000002a20000, 0x0000000003530000, 0x0000000011a20000]
 total_blobs=3846 nmethods=3367 adapters=391
 compilation: enabled

Compilation events (10 events):
Event: 24.411 Thread 0x0000000015225800 3802       3       com.google.common.collect.AbstractMapBasedMultimap::lambda$null$0 (6 bytes)
Event: 24.411 Thread 0x0000000015225800 nmethod 3802 0x0000000002bcac50 code [0x0000000002bcadc0, 0x0000000002bcb0f0]
Event: 24.412 Thread 0x0000000015225800 3803       3       org.openqa.selenium.remote.http.HttpMessage$$Lambda$350/1128125925::test (8 bytes)
Event: 24.412 Thread 0x0000000015225800 nmethod 3803 0x0000000002f56a90 code [0x0000000002f56c20, 0x0000000002f57048]
Event: 24.413 Thread 0x0000000015225800 3804       3       org.openqa.selenium.remote.http.HttpMessage::lambda$getHeaders$0 (10 bytes)
Event: 24.413 Thread 0x0000000015225800 nmethod 3804 0x0000000002dca150 code [0x0000000002dca2c0, 0x0000000002dca568]
Event: 24.413 Thread 0x0000000015225800 3805       3       org.openqa.selenium.remote.http.HttpMessage$$Lambda$351/1355579827::test (12 bytes)
Event: 24.414 Thread 0x0000000015225800 nmethod 3805 0x0000000002e12750 code [0x0000000002e12900, 0x0000000002e13028]
Event: 24.414 Thread 0x0000000015225800 3806       3       org.openqa.selenium.remote.http.HttpMessage::lambda$getHeaders$1 (17 bytes)
Event: 24.415 Thread 0x0000000015225800 nmethod 3806 0x0000000002e2df10 code [0x0000000002e2e0c0, 0x0000000002e2e668]

GC Heap History (10 events):
Event: 17.235 GC heap before
{Heap before GC invocations=11 (full 2):
 PSYoungGen      total 97280K, used 4556K [0x00000000f5580000, 0x00000000fd680000, 0x0000000100000000)
  eden space 89088K, 0% used [0x00000000f5580000,0x00000000f5580000,0x00000000fac80000)
  from space 8192K, 55% used [0x00000000fac80000,0x00000000fb0f33c0,0x00000000fb480000)
  to   space 8192K, 0% used [0x00000000fce80000,0x00000000fce80000,0x00000000fd680000)
 ParOldGen       total 52736K, used 6841K [0x00000000e0000000, 0x00000000e3380000, 0x00000000f5580000)
  object space 52736K, 12% used [0x00000000e0000000,0x00000000e06ae470,0x00000000e3380000)
 Metaspace       used 34312K, capacity 35416K, committed 35496K, reserved 1079296K
  class space    used 4862K, capacity 5118K, committed 5168K, reserved 1048576K
Event: 17.361 GC heap after
Heap after GC invocations=11 (full 2):
 PSYoungGen      total 97280K, used 0K [0x00000000f5580000, 0x00000000fd680000, 0x0000000100000000)
  eden space 89088K, 0% used [0x00000000f5580000,0x00000000f5580000,0x00000000fac80000)
  from space 8192K, 0% used [0x00000000fac80000,0x00000000fac80000,0x00000000fb480000)
  to   space 8192K, 0% used [0x00000000fce80000,0x00000000fce80000,0x00000000fd680000)
 ParOldGen       total 79872K, used 10561K [0x00000000e0000000, 0x00000000e4e00000, 0x00000000f5580000)
  object space 79872K, 13% used [0x00000000e0000000,0x00000000e0a505f8,0x00000000e4e00000)
 Metaspace       used 34312K, capacity 35416K, committed 35496K, reserved 1079296K
  class space    used 4862K, capacity 5118K, committed 5168K, reserved 1048576K
}
Event: 18.478 GC heap before
{Heap before GC invocations=12 (full 2):
 PSYoungGen      total 97280K, used 89088K [0x00000000f5580000, 0x00000000fd680000, 0x0000000100000000)
  eden space 89088K, 100% used [0x00000000f5580000,0x00000000fac80000,0x00000000fac80000)
  from space 8192K, 0% used [0x00000000fac80000,0x00000000fac80000,0x00000000fb480000)
  to   space 8192K, 0% used [0x00000000fce80000,0x00000000fce80000,0x00000000fd680000)
 ParOldGen       total 79872K, used 10561K [0x00000000e0000000, 0x00000000e4e00000, 0x00000000f5580000)
  object space 79872K, 13% used [0x00000000e0000000,0x00000000e0a505f8,0x00000000e4e00000)
 Metaspace       used 35367K, capacity 36532K, committed 36784K, reserved 1081344K
  class space    used 5004K, capacity 5268K, committed 5296K, reserved 1048576K
Event: 18.482 GC heap after
Heap after GC invocations=12 (full 2):
 PSYoungGen      total 120832K, used 1683K [0x00000000f5580000, 0x00000000fd580000, 0x0000000100000000)
  eden space 113664K, 0% used [0x00000000f5580000,0x00000000f5580000,0x00000000fc480000)
  from space 7168K, 23% used [0x00000000fce80000,0x00000000fd024d88,0x00000000fd580000)
  to   space 8704K, 0% used [0x00000000fc480000,0x00000000fc480000,0x00000000fcd00000)
 ParOldGen       total 79872K, used 10569K [0x00000000e0000000, 0x00000000e4e00000, 0x00000000f5580000)
  object space 79872K, 13% used [0x00000000e0000000,0x00000000e0a525f8,0x00000000e4e00000)
 Metaspace       used 35367K, capacity 36532K, committed 36784K, reserved 1081344K
  class space    used 5004K, capacity 5268K, committed 5296K, reserved 1048576K
}
Event: 20.937 GC heap before
{Heap before GC invocations=13 (full 2):
 PSYoungGen      total 120832K, used 115347K [0x00000000f5580000, 0x00000000fd580000, 0x0000000100000000)
  eden space 113664K, 100% used [0x00000000f5580000,0x00000000fc480000,0x00000000fc480000)
  from space 7168K, 23% used [0x00000000fce80000,0x00000000fd024d88,0x00000000fd580000)
  to   space 8704K, 0% used [0x00000000fc480000,0x00000000fc480000,0x00000000fcd00000)
 ParOldGen       total 79872K, used 10569K [0x00000000e0000000, 0x00000000e4e00000, 0x00000000f5580000)
  object space 79872K, 13% used [0x00000000e0000000,0x00000000e0a525f8,0x00000000e4e00000)
 Metaspace       used 35993K, capacity 37190K, committed 37424K, reserved 1081344K
  class space    used 5080K, capacity 5381K, committed 5424K, reserved 1048576K
Event: 20.940 GC heap after
Heap after GC invocations=13 (full 2):
 PSYoungGen      total 122368K, used 1378K [0x00000000f5580000, 0x00000000ff000000, 0x0000000100000000)
  eden space 113664K, 0% used [0x00000000f5580000,0x00000000f5580000,0x00000000fc480000)
  from space 8704K, 15% used [0x00000000fc480000,0x00000000fc5d88e8,0x00000000fcd00000)
  to   space 8704K, 0% used [0x00000000fe780000,0x00000000fe780000,0x00000000ff000000)
 ParOldGen       total 79872K, used 10569K [0x00000000e0000000, 0x00000000e4e00000, 0x00000000f5580000)
  object space 79872K, 13% used [0x00000000e0000000,0x00000000e0a525f8,0x00000000e4e00000)
 Metaspace       used 35993K, capacity 37190K, committed 37424K, reserved 1081344K
  class space    used 5080K, capacity 5381K, committed 5424K, reserved 1048576K
}
Event: 22.572 GC heap before
{Heap before GC invocations=14 (full 2):
 PSYoungGen      total 122368K, used 115042K [0x00000000f5580000, 0x00000000ff000000, 0x0000000100000000)
  eden space 113664K, 100% used [0x00000000f5580000,0x00000000fc480000,0x00000000fc480000)
  from space 8704K, 15% used [0x00000000fc480000,0x00000000fc5d88e8,0x00000000fcd00000)
  to   space 8704K, 0% used [0x00000000fe780000,0x00000000fe780000,0x00000000ff000000)
 ParOldGen       total 79872K, used 10569K [0x00000000e0000000, 0x00000000e4e00000, 0x00000000f5580000)
  object space 79872K, 13% used [0x00000000e0000000,0x00000000e0a525f8,0x00000000e4e00000)
 Metaspace       used 36070K, capacity 37318K, committed 37424K, reserved 1081344K
  class space    used 5086K, capacity 5381K, committed 5424K, reserved 1048576K
Event: 22.574 GC heap after
Heap after GC invocations=14 (full 2):
 PSYoungGen      total 143360K, used 1442K [0x00000000f5580000, 0x00000000fed80000, 0x0000000100000000)
  eden space 137216K, 0% used [0x00000000f5580000,0x00000000f5580000,0x00000000fdb80000)
  from space 6144K, 23% used [0x00000000fe780000,0x00000000fe8e88e8,0x00000000fed80000)
  to   space 9216K, 0% used [0x00000000fdb80000,0x00000000fdb80000,0x00000000fe480000)
 ParOldGen       total 79872K, used 10577K [0x00000000e0000000, 0x00000000e4e00000, 0x00000000f5580000)
  object space 79872K, 13% used [0x00000000e0000000,0x00000000e0a545f8,0x00000000e4e00000)
 Metaspace       used 36070K, capacity 37318K, committed 37424K, reserved 1081344K
  class space    used 5086K, capacity 5381K, committed 5424K, reserved 1048576K
}
Event: 24.327 GC heap before
{Heap before GC invocations=15 (full 2):
 PSYoungGen      total 143360K, used 138658K [0x00000000f5580000, 0x00000000fed80000, 0x0000000100000000)
  eden space 137216K, 100% used [0x00000000f5580000,0x00000000fdb80000,0x00000000fdb80000)
  from space 6144K, 23% used [0x00000000fe780000,0x00000000fe8e88e8,0x00000000fed80000)
  to   space 9216K, 0% used [0x00000000fdb80000,0x00000000fdb80000,0x00000000fe480000)
 ParOldGen       total 79872K, used 10577K [0x00000000e0000000, 0x00000000e4e00000, 0x00000000f5580000)
  object space 79872K, 13% used [0x00000000e0000000,0x00000000e0a545f8,0x00000000e4e00000)
 Metaspace       used 36113K, capacity 37326K, committed 37424K, reserved 1081344K
  class space    used 5086K, capacity 5381K, committed 5424K, reserved 1048576K
Event: 24.331 GC heap after
Heap after GC invocations=15 (full 2):
 PSYoungGen      total 146432K, used 1570K [0x00000000f5580000, 0x0000000100000000, 0x0000000100000000)
  eden space 137216K, 0% used [0x00000000f5580000,0x00000000f5580000,0x00000000fdb80000)
  from space 9216K, 17% used [0x00000000fdb80000,0x00000000fdd088e8,0x00000000fe480000)
  to   space 9216K, 0% used [0x00000000ff700000,0x00000000ff700000,0x0000000100000000)
 ParOldGen       total 79872K, used 10585K [0x00000000e0000000, 0x00000000e4e00000, 0x00000000f5580000)
  object space 79872K, 13% used [0x00000000e0000000,0x00000000e0a565f8,0x00000000e4e00000)
 Metaspace       used 36113K, capacity 37326K, committed 37424K, reserved 1081344K
  class space    used 5086K, capacity 5381K, committed 5424K, reserved 1048576K
}

Deoptimization events (10 events):
Event: 20.397 Thread 0x000000001688f000 Uncommon trap: reason=class_check action=maybe_recompile pc=0x000000000329c758 method=java.lang.AbstractStringBuilder.append(Ljava/lang/CharSequence;II)Ljava/lang/AbstractStringBuilder; @ 18
Event: 20.397 Thread 0x000000001688f000 Uncommon trap: reason=class_check action=maybe_recompile pc=0x0000000003486a80 method=java.lang.AbstractStringBuilder.append(Ljava/lang/CharSequence;)Ljava/lang/AbstractStringBuilder; @ 26
Event: 20.397 Thread 0x000000001688f000 Uncommon trap: reason=class_check action=maybe_recompile pc=0x000000000329c758 method=java.lang.AbstractStringBuilder.append(Ljava/lang/CharSequence;II)Ljava/lang/AbstractStringBuilder; @ 18
Event: 20.399 Thread 0x000000001688f000 Uncommon trap: reason=class_check action=maybe_recompile pc=0x0000000003486a80 method=java.lang.AbstractStringBuilder.append(Ljava/lang/CharSequence;)Ljava/lang/AbstractStringBuilder; @ 26
Event: 20.399 Thread 0x000000001688f000 Uncommon trap: reason=class_check action=maybe_recompile pc=0x000000000329c758 method=java.lang.AbstractStringBuilder.append(Ljava/lang/CharSequence;II)Ljava/lang/AbstractStringBuilder; @ 18
Event: 20.401 Thread 0x000000001688f000 Uncommon trap: reason=unstable_if action=reinterpret pc=0x0000000002bb5a98 method=sun.nio.cs.UTF_8$Encoder.encode([CII[B)I @ 33
Event: 22.161 Thread 0x000000001688f000 Uncommon trap: reason=unstable_if action=reinterpret pc=0x0000000002bb0b0c method=java.util.Base64$Decoder.outLength([BII)I @ 78
Event: 22.164 Thread 0x000000001688f000 Uncommon trap: reason=unstable_if action=reinterpret pc=0x0000000002b4a178 method=java.util.Base64$Decoder.decode0([BII[B)I @ 30
Event: 22.632 Thread 0x000000001688f000 Uncommon trap: reason=class_check action=maybe_recompile pc=0x0000000003486a80 method=java.lang.AbstractStringBuilder.append(Ljava/lang/CharSequence;)Ljava/lang/AbstractStringBuilder; @ 26
Event: 22.632 Thread 0x000000001688f000 Uncommon trap: reason=class_check action=maybe_recompile pc=0x000000000329c758 method=java.lang.AbstractStringBuilder.append(Ljava/lang/CharSequence;II)Ljava/lang/AbstractStringBuilder; @ 18

Classes redefined (0 events):
No events

Internal exceptions (10 events):
Event: 22.183 Thread 0x0000000015442800 Exception <a 'sun/nio/fs/WindowsException'> (0x00000000f9516400) thrown at [C:\re\workspace\8-2-build-windows-amd64-cygwin\jdk8u231\13620\hotspot\src\share\vm\prims\jni.cpp, line 710]
Event: 22.184 Thread 0x0000000015442800 Exception <a 'sun/nio/fs/WindowsException'> (0x00000000f9516c88) thrown at [C:\re\workspace\8-2-build-windows-amd64-cygwin\jdk8u231\13620\hotspot\src\share\vm\prims\jni.cpp, line 710]
Event: 22.324 Thread 0x000000001688f000 Exception <a 'java/net/SocketTimeoutException': Read timed out> (0x00000000fa71f568) thrown at [C:\re\workspace\8-2-build-windows-amd64-cygwin\jdk8u231\13620\hotspot\src\share\vm\prims\jni.cpp, line 736]
Event: 22.613 Thread 0x000000001688f000 Exception <a 'java/net/SocketTimeoutException': Read timed out> (0x00000000f5b8a018) thrown at [C:\re\workspace\8-2-build-windows-amd64-cygwin\jdk8u231\13620\hotspot\src\share\vm\prims\jni.cpp, line 736]
Event: 22.644 Thread 0x000000001688f000 Exception <a 'java/net/SocketTimeoutException': Read timed out> (0x00000000f5ba9fb8) thrown at [C:\re\workspace\8-2-build-windows-amd64-cygwin\jdk8u231\13620\hotspot\src\share\vm\prims\jni.cpp, line 736]
Event: 22.775 Thread 0x000000001688f000 Exception <a 'java/net/SocketTimeoutException': Read timed out> (0x00000000f5fa2f98) thrown at [C:\re\workspace\8-2-build-windows-amd64-cygwin\jdk8u231\13620\hotspot\src\share\vm\prims\jni.cpp, line 736]
Event: 22.853 Thread 0x000000001688f000 Exception <a 'java/net/SocketTimeoutException': Read timed out> (0x00000000f63a05f8) thrown at [C:\re\workspace\8-2-build-windows-amd64-cygwin\jdk8u231\13620\hotspot\src\share\vm\prims\jni.cpp, line 736]
Event: 23.955 Thread 0x000000001688f000 Exception <a 'java/net/SocketTimeoutException': Read timed out> (0x00000000fbe0dcc0) thrown at [C:\re\workspace\8-2-build-windows-amd64-cygwin\jdk8u231\13620\hotspot\src\share\vm\prims\jni.cpp, line 736]
Event: 24.371 Thread 0x000000001688f000 Exception <a 'java/net/SocketTimeoutException': Read timed out> (0x00000000f5b71370) thrown at [C:\re\workspace\8-2-build-windows-amd64-cygwin\jdk8u231\13620\hotspot\src\share\vm\prims\jni.cpp, line 736]
Event: 24.415 Thread 0x000000001688f000 Exception <a 'java/net/SocketTimeoutException': Read timed out> (0x00000000f5b91310) thrown at [C:\re\workspace\8-2-build-windows-amd64-cygwin\jdk8u231\13620\hotspot\src\share\vm\prims\jni.cpp, line 736]

Events (10 events):
Event: 24.414 Thread 0x0000000015225800 flushing nmethod 0x0000000003156d50
Event: 24.414 Thread 0x0000000015225800 flushing nmethod 0x0000000003160810
Event: 24.414 Thread 0x0000000015225800 flushing nmethod 0x000000000316c3d0
Event: 24.415 Thread 0x0000000015225800 flushing nmethod 0x00000000031e2690
Event: 24.415 Thread 0x0000000015225800 flushing nmethod 0x00000000031e5250
Event: 24.415 Thread 0x0000000015225800 flushing nmethod 0x00000000031e6510
Event: 24.415 Thread 0x0000000015225800 flushing nmethod 0x00000000031f0f90
Event: 24.415 Thread 0x0000000015225800 flushing nmethod 0x00000000031f2d50
Event: 24.415 Thread 0x0000000015225800 flushing nmethod 0x00000000031f5dd0
Event: 24.415 Thread 0x0000000015225800 flushing nmethod 0x00000000031f7190


Dynamic libraries:
0x00007ff7df710000 - 0x00007ff7df747000 	C:\Program Files\Java\jdk1.8.0_231\bin\java.exe
0x00007ff906cd0000 - 0x00007ff906ec6000 	C:\WINDOWS\SYSTEM32\ntdll.dll
0x00007ff905a00000 - 0x00007ff905abd000 	C:\WINDOWS\System32\KERNEL32.DLL
0x00007ff9048d0000 - 0x00007ff904b99000 	C:\WINDOWS\System32\KERNELBASE.dll
0x00007ff905ac0000 - 0x00007ff905b6c000 	C:\WINDOWS\System32\ADVAPI32.dll
0x00007ff906080000 - 0x00007ff90611e000 	C:\WINDOWS\System32\msvcrt.dll
0x00007ff906180000 - 0x00007ff90621c000 	C:\WINDOWS\System32\sechost.dll
0x00007ff905c10000 - 0x00007ff905d3b000 	C:\WINDOWS\System32\RPCRT4.dll
0x00007ff904db0000 - 0x00007ff904f50000 	C:\WINDOWS\System32\USER32.dll
0x00007ff904cd0000 - 0x00007ff904cf2000 	C:\WINDOWS\System32\win32u.dll
0x00007ff906050000 - 0x00007ff90607a000 	C:\WINDOWS\System32\GDI32.dll
0x00007ff9045c0000 - 0x00007ff9046c9000 	C:\WINDOWS\System32\gdi32full.dll
0x00007ff9046d0000 - 0x00007ff90476d000 	C:\WINDOWS\System32\msvcp_win.dll
0x00007ff9043e0000 - 0x00007ff9044e0000 	C:\WINDOWS\System32\ucrtbase.dll
0x00007ff8fac90000 - 0x00007ff8faf2b000 	C:\WINDOWS\WinSxS\amd64_microsoft.windows.common-controls_6595b64144ccf1df_6.0.19041.488_none_ca04af081b815d21\COMCTL32.dll
0x00007ff9068e0000 - 0x00007ff906910000 	C:\WINDOWS\System32\IMM32.DLL
0x0000000074330000 - 0x0000000074402000 	C:\Program Files\Java\jdk1.8.0_231\jre\bin\msvcr100.dll
0x0000000073a80000 - 0x0000000074326000 	C:\Program Files\Java\jdk1.8.0_231\jre\bin\server\jvm.dll
0x00007ff9063d0000 - 0x00007ff9063d8000 	C:\WINDOWS\System32\PSAPI.DLL
0x00007ff8f8390000 - 0x00007ff8f839a000 	C:\WINDOWS\SYSTEM32\VERSION.dll
0x00007ff8fc520000 - 0x00007ff8fc547000 	C:\WINDOWS\SYSTEM32\WINMM.dll
0x00007ff902bb0000 - 0x00007ff902bb9000 	C:\WINDOWS\SYSTEM32\WSOCK32.dll
0x00007ff906350000 - 0x00007ff9063bb000 	C:\WINDOWS\System32\WS2_32.dll
0x00007ff8fab20000 - 0x00007ff8fab2f000 	C:\Program Files\Java\jdk1.8.0_231\jre\bin\verify.dll
0x00007ff8e39d0000 - 0x00007ff8e39f9000 	C:\Program Files\Java\jdk1.8.0_231\jre\bin\java.dll
0x00007ff8e9600000 - 0x00007ff8e9616000 	C:\Program Files\Java\jdk1.8.0_231\jre\bin\zip.dll
0x00007ff9052b0000 - 0x00007ff9059f2000 	C:\WINDOWS\System32\SHELL32.dll
0x00007ff9021f0000 - 0x00007ff902985000 	C:\WINDOWS\SYSTEM32\windows.storage.dll
0x00007ff904f50000 - 0x00007ff9052a6000 	C:\WINDOWS\System32\combase.dll
0x00007ff903de0000 - 0x00007ff903e0c000 	C:\WINDOWS\SYSTEM32\Wldp.dll
0x00007ff904d00000 - 0x00007ff904dae000 	C:\WINDOWS\System32\SHCORE.dll
0x00007ff906220000 - 0x00007ff906275000 	C:\WINDOWS\System32\shlwapi.dll
0x00007ff904310000 - 0x00007ff904336000 	C:\WINDOWS\SYSTEM32\profapi.dll
0x00007ff8e9520000 - 0x00007ff8e953a000 	C:\Program Files\Java\jdk1.8.0_231\jre\bin\net.dll
0x00007ff903b00000 - 0x00007ff903b6a000 	C:\WINDOWS\system32\mswsock.dll
0x00007ff8e93d0000 - 0x00007ff8e93e2000 	C:\Program Files\Java\jdk1.8.0_231\jre\bin\nio.dll
0x00007ff903cd0000 - 0x00007ff903ce8000 	C:\WINDOWS\SYSTEM32\CRYPTSP.dll
0x00007ff903490000 - 0x00007ff9034c4000 	C:\WINDOWS\system32\rsaenh.dll
0x00007ff904590000 - 0x00007ff9045b7000 	C:\WINDOWS\System32\bcrypt.dll
0x00007ff9042d0000 - 0x00007ff9042fe000 	C:\WINDOWS\SYSTEM32\USERENV.dll
0x00007ff904ba0000 - 0x00007ff904c20000 	C:\WINDOWS\System32\bcryptprimitives.dll
0x00007ff903cf0000 - 0x00007ff903cfc000 	C:\WINDOWS\SYSTEM32\CRYPTBASE.dll
0x00007ff9037f0000 - 0x00007ff90382b000 	C:\WINDOWS\SYSTEM32\IPHLPAPI.DLL
0x00007ff906c50000 - 0x00007ff906c58000 	C:\WINDOWS\System32\NSI.dll
0x00007ff8fef50000 - 0x00007ff8fef67000 	C:\WINDOWS\SYSTEM32\dhcpcsvc6.DLL
0x00007ff8fef30000 - 0x00007ff8fef4d000 	C:\WINDOWS\SYSTEM32\dhcpcsvc.DLL
0x00007ff903830000 - 0x00007ff9038fb000 	C:\WINDOWS\SYSTEM32\DNSAPI.dll
0x00007ff8fc510000 - 0x00007ff8fc51a000 	C:\Windows\System32\rasadhlp.dll
0x00007ff8fc2b0000 - 0x00007ff8fc32f000 	C:\WINDOWS\System32\fwpuclnt.dll
0x00007ff8e9620000 - 0x00007ff8e9644000 	C:\Program Files\Java\jdk1.8.0_231\jre\bin\sunec.dll
0x00007ff8fd1a0000 - 0x00007ff8fd1ab000 	C:\Program Files\Java\jdk1.8.0_231\jre\bin\sunmscapi.dll
0x00007ff904770000 - 0x00007ff9048cd000 	C:\WINDOWS\System32\CRYPT32.dll

VM Arguments:
jvm_args: -Djava.security.manager=worker.org.gradle.process.internal.worker.child.BootstrapSecurityManager -Dorg.gradle.native=false -Xmx512m -Dfile.encoding=windows-1252 -Duser.country=CO -Duser.language=es -Duser.variant -ea 
java_command: worker.org.gradle.process.internal.worker.GradleWorkerMain 'Gradle Test Executor 11'
java_class_path (initial): C:\Users\Usuario\.gradle\caches\6.7\workerMain\gradle-worker.jar
Launcher Type: SUN_STANDARD

Environment Variables:
JAVA_HOME=C:\Program Files\Java\jdk1.8.0_231
PATH=C:\WINDOWS\system32;C:\WINDOWS;C:\WINDOWS\System32\Wbem;C:\WINDOWS\System32\WindowsPowerShell\v1.0\;C:\Program Files\PuTTY\;C:\WINDOWS\System32\OpenSSH\;C:\Program Files\dotnet\;C:\Program Files\Microsoft SQL Server\130\Tools\Binn\;C:\Program Files\Microsoft SQL Server\Client SDK\ODBC\170\Tools\Binn\;C:\Program Files (x86)\Microsoft SQL Server\150\Tools\Binn\;C:\Program Files\Microsoft SQL Server\150\Tools\Binn\;C:\Program Files\Microsoft SQL Server\150\DTS\Binn\;C:\Program Files (x86)\Microsoft SQL Server\150\DTS\Binn\;C:\Program Files\Azure Data Studio\bin;C:\Program Files\Java\jdk1.8.0_231\bin;C:\GRADLE\gradle-6.7\bin;C:\Program Files\Git\cmd;C:\Program Files\MySQL\MySQL Shell 8.0\bin\;C:\Users\Usuario\AppData\Local\Microsoft\WindowsApps;C:\Users\Usuario\AppData\Local\Programs\Microsoft VS Code\bin;C:\Program Files\Azure Data Studio\bin;
USERNAME=Usuario
OS=Windows_NT
PROCESSOR_IDENTIFIER=Intel64 Family 6 Model 61 Stepping 4, GenuineIntel



---------------  S Y S T E M  ---------------

OS: Windows 10.0 , 64 bit Build 19041 (10.0.19041.662)

CPU:total 4 (initial active 4) (2 cores per cpu, 2 threads per core) family 6 model 61 stepping 4, cmov, cx8, fxsr, mmx, sse, sse2, sse3, ssse3, sse4.1, sse4.2, popcnt, avx, avx2, aes, clmul, erms, 3dnowpref, lzcnt, ht, tsc, tscinvbit, bmi1, bmi2, adx

Memory: 4k page, physical 8301580k(1008888k free), swap 8301580k(6740k free)

vm_info: Java HotSpot(TM) 64-Bit Server VM (25.231-b11) for windows-amd64 JRE (1.8.0_231-b11), built on Oct  5 2019 03:11:30 by "java_re" with MS VC++ 10.0 (VS2010)

time: Wed Jan 06 13:07:19 2021
timezone: Hora est. Pacífico, Sudamérica
elapsed time: 24 seconds (0d 0h 0m 24s)

