#
# There is insufficient memory for the Java Runtime Environment to continue.
# Native memory allocation (malloc) failed to allocate 32744 bytes for ChunkPool::allocate
# Possible reasons:
#   The system is out of physical RAM or swap space
#   The process is running with CompressedOops enabled, and the Java Heap may be blocking the growth of the native heap
# Possible solutions:
#   Reduce memory load on the system
#   Increase physical memory or swap space
#   Check if swap backing store is full
#   Decrease Java heap size (-Xmx/-Xms)
#   Decrease number of Java threads
#   Decrease Java thread stack sizes (-Xss)
#   Set larger code cache with -XX:ReservedCodeCacheSize=
#   JVM is running with Unscaled Compressed Oops mode in which the Java heap is
#     placed in the first 4GB address space. The Java Heap base address is the
#     maximum limit for the native heap growth. Please use -XX:HeapBaseMinAddress
#     to set the Java Heap base and to place the Java Heap above 4GB virtual address.
# This output file may be truncated or incomplete.
#
#  Out of Memory Error (allocation.cpp:272), pid=2920, tid=0x00000000000039d0
#
# JRE version: Java(TM) SE Runtime Environment (8.0_231-b11) (build 1.8.0_231-b11)
# Java VM: Java HotSpot(TM) 64-Bit Server VM (25.231-b11 mixed mode windows-amd64 compressed oops)
# Failed to write core dump. Minidumps are not enabled by default on client versions of Windows
#

---------------  T H R E A D  ---------------

Current thread (0x0000000015be9800):  JavaThread "C2 CompilerThread0" daemon [_thread_in_native, id=14800, stack(0x0000000016340000,0x0000000016440000)]

Stack: [0x0000000016340000,0x0000000016440000]
[error occurred during error reporting (printing stack bounds), id 0xc0000005]

Native frames: (J=compiled Java code, j=interpreted, Vv=VM code, C=native code)


Current CompileTask:
C2:  23204 3819       4       java.net.URLClassLoader$1::run (5 bytes)


---------------  P R O C E S S  ---------------

Java Threads: ( => current thread )
  0x0000000018d6b000 JavaThread "Darkroom Processing Line" daemon [_thread_blocked, id=16956, stack(0x0000000018950000,0x0000000018a50000)]
  0x0000000018d6d000 JavaThread "Okio Watchdog" daemon [_thread_blocked, id=18560, stack(0x000000001d7f0000,0x000000001d8f0000)]
  0x0000000018d6b800 JavaThread "OkHttp ConnectionPool" daemon [_thread_blocked, id=10620, stack(0x000000001d5f0000,0x000000001d6f0000)]
  0x0000000018d67000 JavaThread "Exec Stream Pumper" daemon [_thread_in_native, id=3748, stack(0x000000001d0f0000,0x000000001d1f0000)]
  0x0000000018d6a000 JavaThread "Exec Stream Pumper" daemon [_thread_in_native, id=11364, stack(0x000000001bb80000,0x000000001bc80000)]
  0x0000000018d66800 JavaThread "UrlChecker-2" daemon [_thread_blocked, id=17556, stack(0x000000001aa40000,0x000000001ab40000)]
  0x0000000018d69800 JavaThread "Exec Default Executor" daemon [_thread_in_native, id=15076, stack(0x000000001a240000,0x000000001a340000)]
  0x00000000173d6000 JavaThread "/127.0.0.1:9863 to /127.0.0.1:9862 workers Thread 3" [_thread_in_native, id=13692, stack(0x0000000018650000,0x0000000018750000)]
  0x00000000173d5800 JavaThread "/127.0.0.1:9863 to /127.0.0.1:9862 workers Thread 2" [_thread_blocked, id=228, stack(0x0000000018550000,0x0000000018650000)]
  0x0000000017a65800 JavaThread "Test worker" [_thread_in_vm, id=15756, stack(0x0000000018110000,0x0000000018210000)]
  0x0000000015c74800 JavaThread "Service Thread" daemon [_thread_blocked, id=17280, stack(0x0000000016640000,0x0000000016740000)]
  0x0000000015bf3000 JavaThread "C1 CompilerThread2" daemon [_thread_blocked, id=15092, stack(0x0000000016540000,0x0000000016640000)]
  0x0000000015bef800 JavaThread "C2 CompilerThread1" daemon [_thread_in_native, id=14992, stack(0x0000000016440000,0x0000000016540000)]
=>0x0000000015be9800 JavaThread "C2 CompilerThread0" daemon [_thread_in_native, id=14800, stack(0x0000000016340000,0x0000000016440000)]
  0x0000000015be7800 JavaThread "Attach Listener" daemon [_thread_blocked, id=10764, stack(0x0000000016240000,0x0000000016340000)]
  0x0000000015be6800 JavaThread "Signal Dispatcher" daemon [_thread_blocked, id=19268, stack(0x0000000016140000,0x0000000016240000)]
  0x000000000326c800 JavaThread "Finalizer" daemon [_thread_blocked, id=15252, stack(0x00000000159b0000,0x0000000015ab0000)]
  0x0000000003263800 JavaThread "Reference Handler" daemon [_thread_blocked, id=9736, stack(0x00000000158b0000,0x00000000159b0000)]
  0x0000000003172800 JavaThread "main" [_thread_blocked, id=120, stack(0x0000000003020000,0x0000000003120000)]

Other Threads:
  0x0000000014707800 VMThread [stack: 0x00000000157b0000,0x00000000158b0000] [id=14112]
  0x0000000015cbb000 WatcherThread [stack: 0x0000000016740000,0x0000000016840000] [id=7644]

VM state:not at safepoint (normal execution)

VM Mutex/Monitor currently owned by a thread: None

heap address: 0x00000000e0000000, size: 512 MB, Compressed Oops mode: 32-bit
Narrow klass base: 0x0000000000000000, Narrow klass shift: 3
Compressed class space size: 1073741824 Address: 0x0000000100000000

Heap:
 PSYoungGen      total 148992K, used 9839K [0x00000000f5580000, 0x00000000ff000000, 0x0000000100000000)
  eden space 139776K, 5% used [0x00000000f5580000,0x00000000f5d8e780,0x00000000fde00000)
  from space 9216K, 17% used [0x00000000fde00000,0x00000000fdf8d6d8,0x00000000fe700000)
  to   space 5632K, 0% used [0x00000000fea80000,0x00000000fea80000,0x00000000ff000000)
 ParOldGen       total 78336K, used 10642K [0x00000000e0000000, 0x00000000e4c80000, 0x00000000f5580000)
  object space 78336K, 13% used [0x00000000e0000000,0x00000000e0a64968,0x00000000e4c80000)
 Metaspace       used 36101K, capacity 37326K, committed 37424K, reserved 1081344K
  class space    used 5085K, capacity 5381K, committed 5424K, reserved 1048576K

Card table byte_map: [0x00000000126e0000,0x00000000127f0000] byte_map_base: 0x0000000011fe0000

Marking Bits: (ParMarkBitMap*) 0x00000000742a6d90
 Begin Bits: [0x0000000012ca0000, 0x00000000134a0000)
 End Bits:   [0x00000000134a0000, 0x0000000013ca0000)

Polling page: 0x0000000003120000

CodeCache: size=245760Kb used=10220Kb max_used=10407Kb free=235539Kb
 bounds [0x0000000003320000, 0x0000000003d60000, 0x0000000012320000]
 total_blobs=3816 nmethods=3336 adapters=391
 compilation: enabled

Compilation events (10 events):
Event: 23.091 Thread 0x0000000015bf3000 3815       3       java.util.HashMap$HashMapSpliterator::<init> (32 bytes)
Event: 23.091 Thread 0x0000000015bf3000 nmethod 3815 0x00000000039c1d50 code [0x00000000039c1ea0, 0x00000000039c2070]
Event: 23.128 Thread 0x0000000015bf3000 3816       3       com.google.common.collect.SingletonImmutableList::iterator (8 bytes)
Event: 23.128 Thread 0x0000000015bf3000 nmethod 3816 0x00000000034a0a50 code [0x00000000034a0bc0, 0x00000000034a0ef0]
Event: 23.128 Thread 0x0000000015bf3000 3817       3       org.openqa.selenium.json.JsonTypeCoercer$$Lambda$273/1257703108::apply (16 bytes)
Event: 23.129 Thread 0x0000000015bf3000 nmethod 3817 0x000000000349fd50 code [0x000000000349ff40, 0x00000000034a0718]
Event: 23.129 Thread 0x0000000015bf3000 3818       3       org.openqa.selenium.json.JsonTypeCoercer::lambda$null$6 (24 bytes)
Event: 23.129 Thread 0x0000000015bf3000 nmethod 3818 0x000000000349f410 code [0x000000000349f5e0, 0x000000000349fb18]
Event: 23.165 Thread 0x0000000015be9800 3819       4       java.net.URLClassLoader$1::run (5 bytes)
Event: 23.174 Thread 0x0000000015bef800 3820   !   4       java.net.URLClassLoader$1::run (63 bytes)

GC Heap History (10 events):
Event: 16.296 GC heap before
{Heap before GC invocations=11 (full 2):
 PSYoungGen      total 97280K, used 4549K [0x00000000f5580000, 0x00000000fd680000, 0x0000000100000000)
  eden space 89088K, 0% used [0x00000000f5580000,0x00000000f5580000,0x00000000fac80000)
  from space 8192K, 55% used [0x00000000fac80000,0x00000000fb0f16b8,0x00000000fb480000)
  to   space 8192K, 0% used [0x00000000fce80000,0x00000000fce80000,0x00000000fd680000)
 ParOldGen       total 53248K, used 6837K [0x00000000e0000000, 0x00000000e3400000, 0x00000000f5580000)
  object space 53248K, 12% used [0x00000000e0000000,0x00000000e06ad570,0x00000000e3400000)
 Metaspace       used 34300K, capacity 35416K, committed 35496K, reserved 1079296K
  class space    used 4860K, capacity 5118K, committed 5168K, reserved 1048576K
Event: 16.387 GC heap after
Heap after GC invocations=11 (full 2):
 PSYoungGen      total 97280K, used 0K [0x00000000f5580000, 0x00000000fd680000, 0x0000000100000000)
  eden space 89088K, 0% used [0x00000000f5580000,0x00000000f5580000,0x00000000fac80000)
  from space 8192K, 0% used [0x00000000fac80000,0x00000000fac80000,0x00000000fb480000)
  to   space 8192K, 0% used [0x00000000fce80000,0x00000000fce80000,0x00000000fd680000)
 ParOldGen       total 78336K, used 10610K [0x00000000e0000000, 0x00000000e4c80000, 0x00000000f5580000)
  object space 78336K, 13% used [0x00000000e0000000,0x00000000e0a5c968,0x00000000e4c80000)
 Metaspace       used 34300K, capacity 35416K, committed 35496K, reserved 1079296K
  class space    used 4860K, capacity 5118K, committed 5168K, reserved 1048576K
}
Event: 17.535 GC heap before
{Heap before GC invocations=12 (full 2):
 PSYoungGen      total 97280K, used 89088K [0x00000000f5580000, 0x00000000fd680000, 0x0000000100000000)
  eden space 89088K, 100% used [0x00000000f5580000,0x00000000fac80000,0x00000000fac80000)
  from space 8192K, 0% used [0x00000000fac80000,0x00000000fac80000,0x00000000fb480000)
  to   space 8192K, 0% used [0x00000000fce80000,0x00000000fce80000,0x00000000fd680000)
 ParOldGen       total 78336K, used 10610K [0x00000000e0000000, 0x00000000e4c80000, 0x00000000f5580000)
  object space 78336K, 13% used [0x00000000e0000000,0x00000000e0a5c968,0x00000000e4c80000)
 Metaspace       used 35358K, capacity 36532K, committed 36784K, reserved 1081344K
  class space    used 5004K, capacity 5268K, committed 5296K, reserved 1048576K
Event: 17.537 GC heap after
Heap after GC invocations=12 (full 2):
 PSYoungGen      total 122880K, used 1645K [0x00000000f5580000, 0x00000000fd680000, 0x0000000100000000)
  eden space 114688K, 0% used [0x00000000f5580000,0x00000000f5580000,0x00000000fc580000)
  from space 8192K, 20% used [0x00000000fce80000,0x00000000fd01b560,0x00000000fd680000)
  to   space 8704K, 0% used [0x00000000fc580000,0x00000000fc580000,0x00000000fce00000)
 ParOldGen       total 78336K, used 10618K [0x00000000e0000000, 0x00000000e4c80000, 0x00000000f5580000)
  object space 78336K, 13% used [0x00000000e0000000,0x00000000e0a5e968,0x00000000e4c80000)
 Metaspace       used 35358K, capacity 36532K, committed 36784K, reserved 1081344K
  class space    used 5004K, capacity 5268K, committed 5296K, reserved 1048576K
}
Event: 20.041 GC heap before
{Heap before GC invocations=13 (full 2):
 PSYoungGen      total 122880K, used 116333K [0x00000000f5580000, 0x00000000fd680000, 0x0000000100000000)
  eden space 114688K, 100% used [0x00000000f5580000,0x00000000fc580000,0x00000000fc580000)
  from space 8192K, 20% used [0x00000000fce80000,0x00000000fd01b560,0x00000000fd680000)
  to   space 8704K, 0% used [0x00000000fc580000,0x00000000fc580000,0x00000000fce00000)
 ParOldGen       total 78336K, used 10618K [0x00000000e0000000, 0x00000000e4c80000, 0x00000000f5580000)
  object space 78336K, 13% used [0x00000000e0000000,0x00000000e0a5e968,0x00000000e4c80000)
 Metaspace       used 35994K, capacity 37190K, committed 37424K, reserved 1081344K
  class space    used 5081K, capacity 5381K, committed 5424K, reserved 1048576K
Event: 20.044 GC heap after
Heap after GC invocations=13 (full 2):
 PSYoungGen      total 123392K, used 1397K [0x00000000f5580000, 0x00000000ff380000, 0x0000000100000000)
  eden space 114688K, 0% used [0x00000000f5580000,0x00000000f5580000,0x00000000fc580000)
  from space 8704K, 16% used [0x00000000fc580000,0x00000000fc6dd6d8,0x00000000fce00000)
  to   space 9216K, 0% used [0x00000000fea80000,0x00000000fea80000,0x00000000ff380000)
 ParOldGen       total 78336K, used 10626K [0x00000000e0000000, 0x00000000e4c80000, 0x00000000f5580000)
  object space 78336K, 13% used [0x00000000e0000000,0x00000000e0a60968,0x00000000e4c80000)
 Metaspace       used 35994K, capacity 37190K, committed 37424K, reserved 1081344K
  class space    used 5081K, capacity 5381K, committed 5424K, reserved 1048576K
}
Event: 21.528 GC heap before
{Heap before GC invocations=14 (full 2):
 PSYoungGen      total 123392K, used 116085K [0x00000000f5580000, 0x00000000ff380000, 0x0000000100000000)
  eden space 114688K, 100% used [0x00000000f5580000,0x00000000fc580000,0x00000000fc580000)
  from space 8704K, 16% used [0x00000000fc580000,0x00000000fc6dd6d8,0x00000000fce00000)
  to   space 9216K, 0% used [0x00000000fea80000,0x00000000fea80000,0x00000000ff380000)
 ParOldGen       total 78336K, used 10626K [0x00000000e0000000, 0x00000000e4c80000, 0x00000000f5580000)
  object space 78336K, 13% used [0x00000000e0000000,0x00000000e0a60968,0x00000000e4c80000)
 Metaspace       used 36054K, capacity 37318K, committed 37424K, reserved 1081344K
  class space    used 5085K, capacity 5381K, committed 5424K, reserved 1048576K
Event: 21.531 GC heap after
Heap after GC invocations=14 (full 2):
 PSYoungGen      total 145408K, used 1493K [0x00000000f5580000, 0x00000000ff000000, 0x0000000100000000)
  eden space 139776K, 0% used [0x00000000f5580000,0x00000000f5580000,0x00000000fde00000)
  from space 5632K, 26% used [0x00000000fea80000,0x00000000febf56d8,0x00000000ff000000)
  to   space 9216K, 0% used [0x00000000fde00000,0x00000000fde00000,0x00000000fe700000)
 ParOldGen       total 78336K, used 10634K [0x00000000e0000000, 0x00000000e4c80000, 0x00000000f5580000)
  object space 78336K, 13% used [0x00000000e0000000,0x00000000e0a62968,0x00000000e4c80000)
 Metaspace       used 36054K, capacity 37318K, committed 37424K, reserved 1081344K
  class space    used 5085K, capacity 5381K, committed 5424K, reserved 1048576K
}
Event: 23.151 GC heap before
{Heap before GC invocations=15 (full 2):
 PSYoungGen      total 145408K, used 141269K [0x00000000f5580000, 0x00000000ff000000, 0x0000000100000000)
  eden space 139776K, 100% used [0x00000000f5580000,0x00000000fde00000,0x00000000fde00000)
  from space 5632K, 26% used [0x00000000fea80000,0x00000000febf56d8,0x00000000ff000000)
  to   space 9216K, 0% used [0x00000000fde00000,0x00000000fde00000,0x00000000fe700000)
 ParOldGen       total 78336K, used 10634K [0x00000000e0000000, 0x00000000e4c80000, 0x00000000f5580000)
  object space 78336K, 13% used [0x00000000e0000000,0x00000000e0a62968,0x00000000e4c80000)
 Metaspace       used 36101K, capacity 37326K, committed 37424K, reserved 1081344K
  class space    used 5085K, capacity 5381K, committed 5424K, reserved 1048576K
Event: 23.153 GC heap after
Heap after GC invocations=15 (full 2):
 PSYoungGen      total 148992K, used 1589K [0x00000000f5580000, 0x00000000ff000000, 0x0000000100000000)
  eden space 139776K, 0% used [0x00000000f5580000,0x00000000f5580000,0x00000000fde00000)
  from space 9216K, 17% used [0x00000000fde00000,0x00000000fdf8d6d8,0x00000000fe700000)
  to   space 5632K, 0% used [0x00000000fea80000,0x00000000fea80000,0x00000000ff000000)
 ParOldGen       total 78336K, used 10642K [0x00000000e0000000, 0x00000000e4c80000, 0x00000000f5580000)
  object space 78336K, 13% used [0x00000000e0000000,0x00000000e0a64968,0x00000000e4c80000)
 Metaspace       used 36101K, capacity 37326K, committed 37424K, reserved 1081344K
  class space    used 5085K, capacity 5381K, committed 5424K, reserved 1048576K
}

Deoptimization events (10 events):
Event: 19.494 Thread 0x0000000017a65800 Uncommon trap: reason=class_check action=maybe_recompile pc=0x0000000003a08e98 method=java.lang.AbstractStringBuilder.append(Ljava/lang/CharSequence;II)Ljava/lang/AbstractStringBuilder; @ 18
Event: 19.497 Thread 0x0000000017a65800 Uncommon trap: reason=unstable_if action=reinterpret pc=0x00000000034b9158 method=sun.nio.cs.UTF_8$Encoder.encode([CII[B)I @ 33
Event: 21.106 Thread 0x0000000017a65800 Uncommon trap: reason=unstable_if action=reinterpret pc=0x00000000035c6ccc method=java.util.Base64$Decoder.outLength([BII)I @ 78
Event: 21.109 Thread 0x0000000017a65800 Uncommon trap: reason=unstable_if action=reinterpret pc=0x00000000035c5f38 method=java.util.Base64$Decoder.decode0([BII[B)I @ 30
Event: 21.273 Thread 0x0000000017a65800 Uncommon trap: reason=class_check action=maybe_recompile pc=0x00000000035e6ccc method=java.util.stream.AbstractPipeline.wrapAndCopyInto(Ljava/util/stream/Sink;Ljava/util/Spliterator;)Ljava/util/stream/Sink; @ 6
Event: 21.274 Thread 0x0000000017a65800 Uncommon trap: reason=class_check action=maybe_recompile pc=0x00000000035e6ccc method=java.util.stream.AbstractPipeline.wrapAndCopyInto(Ljava/util/stream/Sink;Ljava/util/Spliterator;)Ljava/util/stream/Sink; @ 6
Event: 21.274 Thread 0x0000000017a65800 Uncommon trap: reason=class_check action=maybe_recompile pc=0x00000000035e6ccc method=java.util.stream.AbstractPipeline.wrapAndCopyInto(Ljava/util/stream/Sink;Ljava/util/Spliterator;)Ljava/util/stream/Sink; @ 6
Event: 21.274 Thread 0x0000000017a65800 Uncommon trap: reason=class_check action=maybe_recompile pc=0x00000000035e6ccc method=java.util.stream.AbstractPipeline.wrapAndCopyInto(Ljava/util/stream/Sink;Ljava/util/Spliterator;)Ljava/util/stream/Sink; @ 6
Event: 21.613 Thread 0x0000000017a65800 Uncommon trap: reason=class_check action=maybe_recompile pc=0x0000000003d358c0 method=java.lang.AbstractStringBuilder.append(Ljava/lang/CharSequence;)Ljava/lang/AbstractStringBuilder; @ 26
Event: 21.613 Thread 0x0000000017a65800 Uncommon trap: reason=class_check action=maybe_recompile pc=0x0000000003a08e98 method=java.lang.AbstractStringBuilder.append(Ljava/lang/CharSequence;II)Ljava/lang/AbstractStringBuilder; @ 18

Classes redefined (0 events):
No events

Internal exceptions (10 events):
Event: 21.128 Thread 0x0000000018d6b000 Exception <a 'sun/nio/fs/WindowsException'> (0x00000000f970f128) thrown at [C:\re\workspace\8-2-build-windows-amd64-cygwin\jdk8u231\13620\hotspot\src\share\vm\prims\jni.cpp, line 710]
Event: 21.128 Thread 0x0000000018d6b000 Exception <a 'sun/nio/fs/WindowsException'> (0x00000000f970f938) thrown at [C:\re\workspace\8-2-build-windows-amd64-cygwin\jdk8u231\13620\hotspot\src\share\vm\prims\jni.cpp, line 710]
Event: 21.129 Thread 0x0000000018d6b000 Exception <a 'sun/nio/fs/WindowsException'> (0x00000000f97103b8) thrown at [C:\re\workspace\8-2-build-windows-amd64-cygwin\jdk8u231\13620\hotspot\src\share\vm\prims\jni.cpp, line 710]
Event: 21.130 Thread 0x0000000018d6b000 Exception <a 'sun/nio/fs/WindowsException'> (0x00000000f9710c40) thrown at [C:\re\workspace\8-2-build-windows-amd64-cygwin\jdk8u231\13620\hotspot\src\share\vm\prims\jni.cpp, line 710]
Event: 21.289 Thread 0x0000000017a65800 Exception <a 'java/net/SocketTimeoutException': Read timed out> (0x00000000faacf3f0) thrown at [C:\re\workspace\8-2-build-windows-amd64-cygwin\jdk8u231\13620\hotspot\src\share\vm\prims\jni.cpp, line 736]
Event: 21.597 Thread 0x0000000017a65800 Exception <a 'java/net/SocketTimeoutException': Read timed out> (0x00000000f6077538) thrown at [C:\re\workspace\8-2-build-windows-amd64-cygwin\jdk8u231\13620\hotspot\src\share\vm\prims\jni.cpp, line 736]
Event: 21.627 Thread 0x0000000017a65800 Exception <a 'java/net/SocketTimeoutException': Read timed out> (0x00000000f60974d8) thrown at [C:\re\workspace\8-2-build-windows-amd64-cygwin\jdk8u231\13620\hotspot\src\share\vm\prims\jni.cpp, line 736]
Event: 21.765 Thread 0x0000000017a65800 Exception <a 'java/net/SocketTimeoutException': Read timed out> (0x00000000f64904c8) thrown at [C:\re\workspace\8-2-build-windows-amd64-cygwin\jdk8u231\13620\hotspot\src\share\vm\prims\jni.cpp, line 736]
Event: 21.848 Thread 0x0000000017a65800 Exception <a 'java/net/SocketTimeoutException': Read timed out> (0x00000000f688db48) thrown at [C:\re\workspace\8-2-build-windows-amd64-cygwin\jdk8u231\13620\hotspot\src\share\vm\prims\jni.cpp, line 736]
Event: 22.890 Thread 0x0000000017a65800 Exception <a 'java/net/SocketTimeoutException': Read timed out> (0x00000000fc2ef1a0) thrown at [C:\re\workspace\8-2-build-windows-amd64-cygwin\jdk8u231\13620\hotspot\src\share\vm\prims\jni.cpp, line 736]

Events (10 events):
Event: 23.196 loading class org/gradle/internal/dispatch/ContextClassLoaderDispatch
Event: 23.196 loading class org/gradle/internal/dispatch/ContextClassLoaderDispatch done
Event: 23.197 loading class org/gradle/internal/dispatch/ContextClassLoaderDispatch
Event: 23.197 loading class org/gradle/internal/dispatch/ContextClassLoaderDispatch done
Event: 23.197 loading class org/gradle/internal/dispatch/ProxyDispatchAdapter$DispatchingInvocationHandler
Event: 23.197 loading class org/gradle/internal/dispatch/ProxyDispatchAdapter$DispatchingInvocationHandler done
Event: 23.199 loading class org/gradle/internal/dispatch/ProxyDispatchAdapter$DispatchingInvocationHandler
Event: 23.199 loading class org/gradle/internal/dispatch/ProxyDispatchAdapter$DispatchingInvocationHandler done
Event: 23.199 loading class com/sun/proxy/$Proxy2
Event: 23.199 loading class com/sun/proxy/$Proxy2 done


Dynamic libraries:
0x00007ff7df710000 - 0x00007ff7df747000 	C:\Program Files\Java\jdk1.8.0_231\bin\java.exe
0x00007ff906cd0000 - 0x00007ff906ec6000 	C:\WINDOWS\SYSTEM32\ntdll.dll
0x00007ff905a00000 - 0x00007ff905abd000 	C:\WINDOWS\System32\KERNEL32.DLL
0x00007ff9048d0000 - 0x00007ff904b99000 	C:\WINDOWS\System32\KERNELBASE.dll
0x00007ff905ac0000 - 0x00007ff905b6c000 	C:\WINDOWS\System32\ADVAPI32.dll
0x00007ff906080000 - 0x00007ff90611e000 	C:\WINDOWS\System32\msvcrt.dll
0x00007ff906180000 - 0x00007ff90621c000 	C:\WINDOWS\System32\sechost.dll
0x00007ff905c10000 - 0x00007ff905d3b000 	C:\WINDOWS\System32\RPCRT4.dll
0x00007ff904db0000 - 0x00007ff904f50000 	C:\WINDOWS\System32\USER32.dll
0x00007ff904cd0000 - 0x00007ff904cf2000 	C:\WINDOWS\System32\win32u.dll
0x00007ff906050000 - 0x00007ff90607a000 	C:\WINDOWS\System32\GDI32.dll
0x00007ff9045c0000 - 0x00007ff9046c9000 	C:\WINDOWS\System32\gdi32full.dll
0x00007ff9046d0000 - 0x00007ff90476d000 	C:\WINDOWS\System32\msvcp_win.dll
0x00007ff9043e0000 - 0x00007ff9044e0000 	C:\WINDOWS\System32\ucrtbase.dll
0x00007ff8fac90000 - 0x00007ff8faf2b000 	C:\WINDOWS\WinSxS\amd64_microsoft.windows.common-controls_6595b64144ccf1df_6.0.19041.488_none_ca04af081b815d21\COMCTL32.dll
0x00007ff9068e0000 - 0x00007ff906910000 	C:\WINDOWS\System32\IMM32.DLL
0x0000000074330000 - 0x0000000074402000 	C:\Program Files\Java\jdk1.8.0_231\jre\bin\msvcr100.dll
0x0000000073a80000 - 0x0000000074326000 	C:\Program Files\Java\jdk1.8.0_231\jre\bin\server\jvm.dll
0x00007ff9063d0000 - 0x00007ff9063d8000 	C:\WINDOWS\System32\PSAPI.DLL
0x00007ff8fc520000 - 0x00007ff8fc547000 	C:\WINDOWS\SYSTEM32\WINMM.dll
0x00007ff902bb0000 - 0x00007ff902bb9000 	C:\WINDOWS\SYSTEM32\WSOCK32.dll
0x00007ff906350000 - 0x00007ff9063bb000 	C:\WINDOWS\System32\WS2_32.dll
0x00007ff8f8390000 - 0x00007ff8f839a000 	C:\WINDOWS\SYSTEM32\VERSION.dll
0x00007ff8fab20000 - 0x00007ff8fab2f000 	C:\Program Files\Java\jdk1.8.0_231\jre\bin\verify.dll
0x00007ff8e39d0000 - 0x00007ff8e39f9000 	C:\Program Files\Java\jdk1.8.0_231\jre\bin\java.dll
0x00007ff8e9600000 - 0x00007ff8e9616000 	C:\Program Files\Java\jdk1.8.0_231\jre\bin\zip.dll
0x00007ff9052b0000 - 0x00007ff9059f2000 	C:\WINDOWS\System32\SHELL32.dll
0x00007ff9021f0000 - 0x00007ff902985000 	C:\WINDOWS\SYSTEM32\windows.storage.dll
0x00007ff904f50000 - 0x00007ff9052a6000 	C:\WINDOWS\System32\combase.dll
0x00007ff903de0000 - 0x00007ff903e0c000 	C:\WINDOWS\SYSTEM32\Wldp.dll
0x00007ff904d00000 - 0x00007ff904dae000 	C:\WINDOWS\System32\SHCORE.dll
0x00007ff906220000 - 0x00007ff906275000 	C:\WINDOWS\System32\shlwapi.dll
0x00007ff904310000 - 0x00007ff904336000 	C:\WINDOWS\SYSTEM32\profapi.dll
0x00007ff8e9520000 - 0x00007ff8e953a000 	C:\Program Files\Java\jdk1.8.0_231\jre\bin\net.dll
0x00007ff903b00000 - 0x00007ff903b6a000 	C:\WINDOWS\system32\mswsock.dll
0x00007ff8e93d0000 - 0x00007ff8e93e2000 	C:\Program Files\Java\jdk1.8.0_231\jre\bin\nio.dll
0x00007ff903cd0000 - 0x00007ff903ce8000 	C:\WINDOWS\SYSTEM32\CRYPTSP.dll
0x00007ff903490000 - 0x00007ff9034c4000 	C:\WINDOWS\system32\rsaenh.dll
0x00007ff904590000 - 0x00007ff9045b7000 	C:\WINDOWS\System32\bcrypt.dll
0x00007ff9042d0000 - 0x00007ff9042fe000 	C:\WINDOWS\SYSTEM32\USERENV.dll
0x00007ff904ba0000 - 0x00007ff904c20000 	C:\WINDOWS\System32\bcryptprimitives.dll
0x00007ff903cf0000 - 0x00007ff903cfc000 	C:\WINDOWS\SYSTEM32\CRYPTBASE.dll
0x00007ff9037f0000 - 0x00007ff90382b000 	C:\WINDOWS\SYSTEM32\IPHLPAPI.DLL
0x00007ff906c50000 - 0x00007ff906c58000 	C:\WINDOWS\System32\NSI.dll
0x00007ff8fef50000 - 0x00007ff8fef67000 	C:\WINDOWS\SYSTEM32\dhcpcsvc6.DLL
0x00007ff8fef30000 - 0x00007ff8fef4d000 	C:\WINDOWS\SYSTEM32\dhcpcsvc.DLL
0x00007ff903830000 - 0x00007ff9038fb000 	C:\WINDOWS\SYSTEM32\DNSAPI.dll
0x00007ff8fc510000 - 0x00007ff8fc51a000 	C:\Windows\System32\rasadhlp.dll
0x00007ff8fc2b0000 - 0x00007ff8fc32f000 	C:\WINDOWS\System32\fwpuclnt.dll
0x00007ff8e3580000 - 0x00007ff8e35a4000 	C:\Program Files\Java\jdk1.8.0_231\jre\bin\sunec.dll
0x00007ff8f9bb0000 - 0x00007ff8f9bbb000 	C:\Program Files\Java\jdk1.8.0_231\jre\bin\sunmscapi.dll
0x00007ff904770000 - 0x00007ff9048cd000 	C:\WINDOWS\System32\CRYPT32.dll

VM Arguments:
jvm_args: -Djava.security.manager=worker.org.gradle.process.internal.worker.child.BootstrapSecurityManager -Dorg.gradle.native=false -Xmx512m -Dfile.encoding=windows-1252 -Duser.country=CO -Duser.language=es -Duser.variant -ea 
java_command: worker.org.gradle.process.internal.worker.GradleWorkerMain 'Gradle Test Executor 48'
java_class_path (initial): C:\Users\Usuario\.gradle\caches\6.7\workerMain\gradle-worker.jar
Launcher Type: SUN_STANDARD

Environment Variables:
JAVA_HOME=C:\Program Files\Java\jdk1.8.0_231
PATH=C:\WINDOWS\system32;C:\WINDOWS;C:\WINDOWS\System32\Wbem;C:\WINDOWS\System32\WindowsPowerShell\v1.0\;C:\Program Files\PuTTY\;C:\WINDOWS\System32\OpenSSH\;C:\Program Files\dotnet\;C:\Program Files\Microsoft SQL Server\130\Tools\Binn\;C:\Program Files\Microsoft SQL Server\Client SDK\ODBC\170\Tools\Binn\;C:\Program Files (x86)\Microsoft SQL Server\150\Tools\Binn\;C:\Program Files\Microsoft SQL Server\150\Tools\Binn\;C:\Program Files\Microsoft SQL Server\150\DTS\Binn\;C:\Program Files (x86)\Microsoft SQL Server\150\DTS\Binn\;C:\Program Files\Azure Data Studio\bin;C:\Program Files\Java\jdk1.8.0_231\bin;C:\GRADLE\gradle-6.7\bin;C:\Program Files\Git\cmd;C:\Program Files\MySQL\MySQL Shell 8.0\bin\;C:\Users\Usuario\AppData\Local\Microsoft\WindowsApps;C:\Users\Usuario\AppData\Local\Programs\Microsoft VS Code\bin;C:\Program Files\Azure Data Studio\bin;
USERNAME=Usuario
OS=Windows_NT
PROCESSOR_IDENTIFIER=Intel64 Family 6 Model 61 Stepping 4, GenuineIntel



---------------  S Y S T E M  ---------------

OS: Windows 10.0 , 64 bit Build 19041 (10.0.19041.662)

CPU:total 4 (initial active 4) (2 cores per cpu, 2 threads per core) family 6 model 61 stepping 4, cmov, cx8, fxsr, mmx, sse, sse2, sse3, ssse3, sse4.1, sse4.2, popcnt, avx, avx2, aes, clmul, erms, 3dnowpref, lzcnt, ht, tsc, tscinvbit, bmi1, bmi2, adx

Memory: 4k page, physical 8301580k(1049492k free), swap 8301580k(4232k free)

vm_info: Java HotSpot(TM) 64-Bit Server VM (25.231-b11) for windows-amd64 JRE (1.8.0_231-b11), built on Oct  5 2019 03:11:30 by "java_re" with MS VC++ 10.0 (VS2010)

time: Wed Jan 06 15:39:07 2021
timezone: Hora est. Pacífico, Sudamérica
elapsed time: 23 seconds (0d 0h 0m 23s)

