#
# There is insufficient memory for the Java Runtime Environment to continue.
# Native memory allocation (malloc) failed to allocate 735936 bytes for Chunk::new
# Possible reasons:
#   The system is out of physical RAM or swap space
#   The process is running with CompressedOops enabled, and the Java Heap may be blocking the growth of the native heap
# Possible solutions:
#   Reduce memory load on the system
#   Increase physical memory or swap space
#   Check if swap backing store is full
#   Decrease Java heap size (-Xmx/-Xms)
#   Decrease number of Java threads
#   Decrease Java thread stack sizes (-Xss)
#   Set larger code cache with -XX:ReservedCodeCacheSize=
#   JVM is running with Unscaled Compressed Oops mode in which the Java heap is
#     placed in the first 4GB address space. The Java Heap base address is the
#     maximum limit for the native heap growth. Please use -XX:HeapBaseMinAddress
#     to set the Java Heap base and to place the Java Heap above 4GB virtual address.
# This output file may be truncated or incomplete.
#
#  Out of Memory Error (allocation.cpp:389), pid=7716, tid=0x00000000000007fc
#
# JRE version: Java(TM) SE Runtime Environment (8.0_231-b11) (build 1.8.0_231-b11)
# Java VM: Java HotSpot(TM) 64-Bit Server VM (25.231-b11 mixed mode windows-amd64 compressed oops)
# Failed to write core dump. Minidumps are not enabled by default on client versions of Windows
#

---------------  T H R E A D  ---------------

Current thread (0x00000000140b5000):  JavaThread "C2 CompilerThread0" daemon [_thread_in_native, id=2044, stack(0x0000000015c70000,0x0000000015d70000)]

Stack: [0x0000000015c70000,0x0000000015d70000]
[error occurred during error reporting (printing stack bounds), id 0xc0000005]

Native frames: (J=compiled Java code, j=interpreted, Vv=VM code, C=native code)


Current CompileTask:
C2:  26146 3756   !   4       java.net.URLClassLoader$1::run (63 bytes)


---------------  P R O C E S S  ---------------

Java Threads: ( => current thread )
  0x0000000018e9a800 JavaThread "Darkroom Processing Line" daemon [_thread_blocked, id=6600, stack(0x0000000018280000,0x0000000018380000)]
  0x0000000018e98800 JavaThread "Okio Watchdog" daemon [_thread_blocked, id=6384, stack(0x000000001d110000,0x000000001d210000)]
  0x0000000018e97800 JavaThread "OkHttp ConnectionPool" daemon [_thread_blocked, id=5200, stack(0x000000001cf10000,0x000000001d010000)]
  0x00000000140c8800 JavaThread "Exec Stream Pumper" daemon [_thread_in_native, id=9164, stack(0x000000001ca10000,0x000000001cb10000)]
  0x00000000140c7800 JavaThread "Exec Stream Pumper" daemon [_thread_in_native, id=9448, stack(0x000000001b4a0000,0x000000001b5a0000)]
  0x00000000140cb800 JavaThread "UrlChecker-2" daemon [_thread_blocked, id=2256, stack(0x000000001a370000,0x000000001a470000)]
  0x00000000140ce800 JavaThread "Exec Default Executor" daemon [_thread_in_native, id=7260, stack(0x0000000019c70000,0x0000000019d70000)]
  0x0000000016c65000 JavaThread "/127.0.0.1:1075 to /127.0.0.1:1073 workers Thread 3" [_thread_in_native, id=12856, stack(0x0000000017f80000,0x0000000018080000)]
  0x0000000016c64800 JavaThread "/127.0.0.1:1075 to /127.0.0.1:1073 workers Thread 2" [_thread_blocked, id=1976, stack(0x0000000017e80000,0x0000000017f80000)]
  0x0000000016b9a000 JavaThread "Forwarding sendKeysToElement on session 3d54293b99141574eb369e30d8c512e5 to remote" [_thread_in_native, id=6488, stack(0x0000000017a40000,0x0000000017b40000)]
  0x00000000155b9000 JavaThread "Service Thread" daemon [_thread_blocked, id=11620, stack(0x0000000015f70000,0x0000000016070000)]
  0x00000000140ca000 JavaThread "C1 CompilerThread2" daemon [_thread_blocked, id=4720, stack(0x0000000015e70000,0x0000000015f70000)]
  0x00000000140ba000 JavaThread "C2 CompilerThread1" daemon [_thread_in_native, id=9764, stack(0x0000000015d70000,0x0000000015e70000)]
=>0x00000000140b5000 JavaThread "C2 CompilerThread0" daemon [_thread_in_native, id=2044, stack(0x0000000015c70000,0x0000000015d70000)]
  0x00000000140b3000 JavaThread "Attach Listener" daemon [_thread_blocked, id=12356, stack(0x0000000015b70000,0x0000000015c70000)]
  0x00000000140b2000 JavaThread "Signal Dispatcher" daemon [_thread_blocked, id=9800, stack(0x0000000015a70000,0x0000000015b70000)]
  0x0000000002d0e000 JavaThread "Finalizer" daemon [_thread_blocked, id=6752, stack(0x00000000152e0000,0x00000000153e0000)]
  0x0000000002d04000 JavaThread "Reference Handler" daemon [_thread_blocked, id=5336, stack(0x00000000151e0000,0x00000000152e0000)]
  0x0000000002c12800 JavaThread "main" [_thread_blocked, id=800, stack(0x0000000002b10000,0x0000000002c10000)]

Other Threads:
  0x0000000014048000 VMThread [stack: 0x00000000150e0000,0x00000000151e0000] [id=12100]
  0x00000000155f8800 WatcherThread [stack: 0x0000000016070000,0x0000000016170000] [id=7404]

VM state:not at safepoint (normal execution)

VM Mutex/Monitor currently owned by a thread: None

heap address: 0x00000000e0000000, size: 512 MB, Compressed Oops mode: 32-bit
Narrow klass base: 0x0000000000000000, Narrow klass shift: 3
Compressed class space size: 1073741824 Address: 0x0000000100000000

Heap:
 PSYoungGen      total 119808K, used 99830K [0x00000000f5580000, 0x00000000fec00000, 0x0000000100000000)
  eden space 111616K, 83% used [0x00000000f5580000,0x00000000fb08f810,0x00000000fc280000)
  from space 8192K, 80% used [0x00000000fcb80000,0x00000000fd1ee0b0,0x00000000fd380000)
  to   space 9216K, 0% used [0x00000000fc280000,0x00000000fc280000,0x00000000fcb80000)
 ParOldGen       total 80384K, used 10615K [0x00000000e0000000, 0x00000000e4e80000, 0x00000000f5580000)
  object space 80384K, 13% used [0x00000000e0000000,0x00000000e0a5de08,0x00000000e4e80000)
 Metaspace       used 36128K, capacity 37352K, committed 37424K, reserved 1081344K
  class space    used 5092K, capacity 5390K, committed 5424K, reserved 1048576K

Card table byte_map: [0x00000000120d0000,0x00000000121e0000] byte_map_base: 0x00000000119d0000

Marking Bits: (ParMarkBitMap*) 0x00000000741c6d90
 Begin Bits: [0x00000000125e0000, 0x0000000012de0000)
 End Bits:   [0x0000000012de0000, 0x00000000135e0000)

Polling page: 0x0000000001190000

CodeCache: size=245760Kb used=10025Kb max_used=10381Kb free=235735Kb
 bounds [0x0000000002d10000, 0x0000000003740000, 0x0000000011d10000]
 total_blobs=3761 nmethods=3282 adapters=391
 compilation: enabled

Compilation events (10 events):
Event: 26.133 Thread 0x00000000140ca000 3767       3       com.google.common.collect.AbstractMapBasedMultimap::lambda$null$0 (6 bytes)
Event: 26.134 Thread 0x00000000140ca000 nmethod 3767 0x0000000002ee5cd0 code [0x0000000002ee5e40, 0x0000000002ee6170]
Event: 26.134 Thread 0x00000000140ca000 3768       3       org.openqa.selenium.remote.http.HttpMessage$$Lambda$350/1060566905::test (8 bytes)
Event: 26.134 Thread 0x00000000140ca000 nmethod 3768 0x0000000002ee55d0 code [0x0000000002ee5760, 0x0000000002ee5b88]
Event: 26.134 Thread 0x00000000140ca000 3769       3       org.openqa.selenium.remote.http.HttpMessage::lambda$getHeaders$0 (10 bytes)
Event: 26.134 Thread 0x00000000140ca000 nmethod 3769 0x0000000003159690 code [0x0000000003159800, 0x0000000003159aa8]
Event: 26.134 Thread 0x00000000140ca000 3765       3       java.util.stream.FindOps$FindSink::accept (18 bytes)
Event: 26.134 Thread 0x00000000140ca000 nmethod 3765 0x0000000002ee5250 code [0x0000000002ee53a0, 0x0000000002ee5550]
Event: 26.134 Thread 0x00000000140ca000 3762       3       java.lang.String::format (16 bytes)
Event: 26.135 Thread 0x00000000140ca000 nmethod 3762 0x0000000003158210 code [0x0000000003158440, 0x0000000003158ff8]

GC Heap History (10 events):
Event: 17.227 GC heap before
{Heap before GC invocations=10 (full 1):
 PSYoungGen      total 95744K, used 58923K [0x00000000f5580000, 0x00000000fc480000, 0x0000000100000000)
  eden space 87552K, 60% used [0x00000000f5580000,0x00000000f8944eb8,0x00000000fab00000)
  from space 8192K, 72% used [0x00000000fb300000,0x00000000fb8c5de0,0x00000000fbb00000)
  to   space 8192K, 0% used [0x00000000fab00000,0x00000000fab00000,0x00000000fb300000)
 ParOldGen       total 53248K, used 5986K [0x00000000e0000000, 0x00000000e3400000, 0x00000000f5580000)
  object space 53248K, 11% used [0x00000000e0000000,0x00000000e05d8898,0x00000000e3400000)
 Metaspace       used 34309K, capacity 35416K, committed 35496K, reserved 1079296K
  class space    used 4862K, capacity 5118K, committed 5168K, reserved 1048576K
Event: 17.235 GC heap after
Heap after GC invocations=10 (full 1):
 PSYoungGen      total 95744K, used 4544K [0x00000000f5580000, 0x00000000fd380000, 0x0000000100000000)
  eden space 87552K, 0% used [0x00000000f5580000,0x00000000f5580000,0x00000000fab00000)
  from space 8192K, 55% used [0x00000000fab00000,0x00000000faf70300,0x00000000fb300000)
  to   space 8192K, 0% used [0x00000000fcb80000,0x00000000fcb80000,0x00000000fd380000)
 ParOldGen       total 53248K, used 6830K [0x00000000e0000000, 0x00000000e3400000, 0x00000000f5580000)
  object space 53248K, 12% used [0x00000000e0000000,0x00000000e06ab8c8,0x00000000e3400000)
 Metaspace       used 34309K, capacity 35416K, committed 35496K, reserved 1079296K
  class space    used 4862K, capacity 5118K, committed 5168K, reserved 1048576K
}
Event: 17.235 GC heap before
{Heap before GC invocations=11 (full 2):
 PSYoungGen      total 95744K, used 4544K [0x00000000f5580000, 0x00000000fd380000, 0x0000000100000000)
  eden space 87552K, 0% used [0x00000000f5580000,0x00000000f5580000,0x00000000fab00000)
  from space 8192K, 55% used [0x00000000fab00000,0x00000000faf70300,0x00000000fb300000)
  to   space 8192K, 0% used [0x00000000fcb80000,0x00000000fcb80000,0x00000000fd380000)
 ParOldGen       total 53248K, used 6830K [0x00000000e0000000, 0x00000000e3400000, 0x00000000f5580000)
  object space 53248K, 12% used [0x00000000e0000000,0x00000000e06ab8c8,0x00000000e3400000)
 Metaspace       used 34309K, capacity 35416K, committed 35496K, reserved 1079296K
  class space    used 4862K, capacity 5118K, committed 5168K, reserved 1048576K
Event: 17.350 GC heap after
Heap after GC invocations=11 (full 2):
 PSYoungGen      total 95744K, used 0K [0x00000000f5580000, 0x00000000fd380000, 0x0000000100000000)
  eden space 87552K, 0% used [0x00000000f5580000,0x00000000f5580000,0x00000000fab00000)
  from space 8192K, 0% used [0x00000000fab00000,0x00000000fab00000,0x00000000fb300000)
  to   space 8192K, 0% used [0x00000000fcb80000,0x00000000fcb80000,0x00000000fd380000)
 ParOldGen       total 80384K, used 10591K [0x00000000e0000000, 0x00000000e4e80000, 0x00000000f5580000)
  object space 80384K, 13% used [0x00000000e0000000,0x00000000e0a57e08,0x00000000e4e80000)
 Metaspace       used 34309K, capacity 35416K, committed 35496K, reserved 1079296K
  class space    used 4862K, capacity 5118K, committed 5168K, reserved 1048576K
}
Event: 18.749 GC heap before
{Heap before GC invocations=12 (full 2):
 PSYoungGen      total 95744K, used 87552K [0x00000000f5580000, 0x00000000fd380000, 0x0000000100000000)
  eden space 87552K, 100% used [0x00000000f5580000,0x00000000fab00000,0x00000000fab00000)
  from space 8192K, 0% used [0x00000000fab00000,0x00000000fab00000,0x00000000fb300000)
  to   space 8192K, 0% used [0x00000000fcb80000,0x00000000fcb80000,0x00000000fd380000)
 ParOldGen       total 80384K, used 10591K [0x00000000e0000000, 0x00000000e4e80000, 0x00000000f5580000)
  object space 80384K, 13% used [0x00000000e0000000,0x00000000e0a57e08,0x00000000e4e80000)
 Metaspace       used 35348K, capacity 36520K, committed 36784K, reserved 1081344K
  class space    used 5002K, capacity 5268K, committed 5296K, reserved 1048576K
Event: 18.753 GC heap after
Heap after GC invocations=12 (full 2):
 PSYoungGen      total 119808K, used 1624K [0x00000000f5580000, 0x00000000fd380000, 0x0000000100000000)
  eden space 111616K, 0% used [0x00000000f5580000,0x00000000f5580000,0x00000000fc280000)
  from space 8192K, 19% used [0x00000000fcb80000,0x00000000fcd16238,0x00000000fd380000)
  to   space 8704K, 0% used [0x00000000fc280000,0x00000000fc280000,0x00000000fcb00000)
 ParOldGen       total 80384K, used 10599K [0x00000000e0000000, 0x00000000e4e80000, 0x00000000f5580000)
  object space 80384K, 13% used [0x00000000e0000000,0x00000000e0a59e08,0x00000000e4e80000)
 Metaspace       used 35348K, capacity 36520K, committed 36784K, reserved 1081344K
  class space    used 5002K, capacity 5268K, committed 5296K, reserved 1048576K
}
Event: 21.832 GC heap before
{Heap before GC invocations=13 (full 2):
 PSYoungGen      total 119808K, used 113240K [0x00000000f5580000, 0x00000000fd380000, 0x0000000100000000)
  eden space 111616K, 100% used [0x00000000f5580000,0x00000000fc280000,0x00000000fc280000)
  from space 8192K, 19% used [0x00000000fcb80000,0x00000000fcd16238,0x00000000fd380000)
  to   space 8704K, 0% used [0x00000000fc280000,0x00000000fc280000,0x00000000fcb00000)
 ParOldGen       total 80384K, used 10599K [0x00000000e0000000, 0x00000000e4e80000, 0x00000000f5580000)
  object space 80384K, 13% used [0x00000000e0000000,0x00000000e0a59e08,0x00000000e4e80000)
 Metaspace       used 35510K, capacity 36734K, committed 36912K, reserved 1081344K
  class space    used 5021K, capacity 5317K, committed 5424K, reserved 1048576K
Event: 21.844 GC heap after
Heap after GC invocations=13 (full 2):
 PSYoungGen      total 120320K, used 962K [0x00000000f5580000, 0x00000000fd380000, 0x0000000100000000)
  eden space 111616K, 0% used [0x00000000f5580000,0x00000000f5580000,0x00000000fc280000)
  from space 8704K, 11% used [0x00000000fc280000,0x00000000fc3708e8,0x00000000fcb00000)
  to   space 8192K, 0% used [0x00000000fcb80000,0x00000000fcb80000,0x00000000fd380000)
 ParOldGen       total 80384K, used 10607K [0x00000000e0000000, 0x00000000e4e80000, 0x00000000f5580000)
  object space 80384K, 13% used [0x00000000e0000000,0x00000000e0a5be08,0x00000000e4e80000)
 Metaspace       used 35510K, capacity 36734K, committed 36912K, reserved 1081344K
  class space    used 5021K, capacity 5317K, committed 5424K, reserved 1048576K
}
Event: 25.589 GC heap before
{Heap before GC invocations=14 (full 2):
 PSYoungGen      total 120320K, used 112578K [0x00000000f5580000, 0x00000000fd380000, 0x0000000100000000)
  eden space 111616K, 100% used [0x00000000f5580000,0x00000000fc280000,0x00000000fc280000)
  from space 8704K, 11% used [0x00000000fc280000,0x00000000fc3708e8,0x00000000fcb00000)
  to   space 8192K, 0% used [0x00000000fcb80000,0x00000000fcb80000,0x00000000fd380000)
 ParOldGen       total 80384K, used 10607K [0x00000000e0000000, 0x00000000e4e80000, 0x00000000f5580000)
  object space 80384K, 13% used [0x00000000e0000000,0x00000000e0a5be08,0x00000000e4e80000)
 Metaspace       used 36103K, capacity 37348K, committed 37424K, reserved 1081344K
  class space    used 5092K, capacity 5390K, committed 5424K, reserved 1048576K
Event: 25.594 GC heap after
Heap after GC invocations=14 (full 2):
 PSYoungGen      total 119808K, used 6584K [0x00000000f5580000, 0x00000000fec00000, 0x0000000100000000)
  eden space 111616K, 0% used [0x00000000f5580000,0x00000000f5580000,0x00000000fc280000)
  from space 8192K, 80% used [0x00000000fcb80000,0x00000000fd1ee0b0,0x00000000fd380000)
  to   space 9216K, 0% used [0x00000000fc280000,0x00000000fc280000,0x00000000fcb80000)
 ParOldGen       total 80384K, used 10615K [0x00000000e0000000, 0x00000000e4e80000, 0x00000000f5580000)
  object space 80384K, 13% used [0x00000000e0000000,0x00000000e0a5de08,0x00000000e4e80000)
 Metaspace       used 36103K, capacity 37348K, committed 37424K, reserved 1081344K
  class space    used 5092K, capacity 5390K, committed 5424K, reserved 1048576K
}

Deoptimization events (10 events):
Event: 21.154 Thread 0x0000000016b9a000 Uncommon trap: reason=class_check action=maybe_recompile pc=0x000000000372df80 method=java.lang.AbstractStringBuilder.append(Ljava/lang/CharSequence;)Ljava/lang/AbstractStringBuilder; @ 26
Event: 21.154 Thread 0x0000000016b9a000 Uncommon trap: reason=class_check action=maybe_recompile pc=0x000000000340ae60 method=java.lang.AbstractStringBuilder.append(Ljava/lang/CharSequence;II)Ljava/lang/AbstractStringBuilder; @ 18
Event: 21.154 Thread 0x0000000016b9a000 Uncommon trap: reason=class_check action=maybe_recompile pc=0x000000000372df80 method=java.lang.AbstractStringBuilder.append(Ljava/lang/CharSequence;)Ljava/lang/AbstractStringBuilder; @ 26
Event: 21.154 Thread 0x0000000016b9a000 Uncommon trap: reason=class_check action=maybe_recompile pc=0x000000000340ae60 method=java.lang.AbstractStringBuilder.append(Ljava/lang/CharSequence;II)Ljava/lang/AbstractStringBuilder; @ 18
Event: 21.158 Thread 0x0000000016b9a000 Uncommon trap: reason=class_check action=maybe_recompile pc=0x000000000372df80 method=java.lang.AbstractStringBuilder.append(Ljava/lang/CharSequence;)Ljava/lang/AbstractStringBuilder; @ 26
Event: 21.158 Thread 0x0000000016b9a000 Uncommon trap: reason=class_check action=maybe_recompile pc=0x000000000340ae60 method=java.lang.AbstractStringBuilder.append(Ljava/lang/CharSequence;II)Ljava/lang/AbstractStringBuilder; @ 18
Event: 21.161 Thread 0x0000000016b9a000 Uncommon trap: reason=unstable_if action=reinterpret pc=0x0000000002ea4758 method=sun.nio.cs.UTF_8$Encoder.encode([CII[B)I @ 33
Event: 24.148 Thread 0x0000000016b9a000 Uncommon trap: reason=unstable_if action=reinterpret pc=0x0000000003738988 method=org.openqa.selenium.json.JsonInput.readString()Ljava/lang/String; @ 51
Event: 24.628 Thread 0x0000000016b9a000 Uncommon trap: reason=class_check action=maybe_recompile pc=0x000000000372df80 method=java.lang.AbstractStringBuilder.append(Ljava/lang/CharSequence;)Ljava/lang/AbstractStringBuilder; @ 26
Event: 24.628 Thread 0x0000000016b9a000 Uncommon trap: reason=class_check action=maybe_recompile pc=0x000000000340ae60 method=java.lang.AbstractStringBuilder.append(Ljava/lang/CharSequence;II)Ljava/lang/AbstractStringBuilder; @ 18

Classes redefined (0 events):
No events

Internal exceptions (10 events):
Event: 21.173 Thread 0x0000000016b9a000 Exception <a 'java/net/SocketTimeoutException': Read timed out> (0x00000000fb9597f8) thrown at [C:\re\workspace\8-2-build-windows-amd64-cygwin\jdk8u231\13620\hotspot\src\share\vm\prims\jni.cpp, line 736]
Event: 21.329 Thread 0x0000000016b9a000 Exception <a 'java/net/SocketTimeoutException': Read timed out> (0x00000000fbd528d0) thrown at [C:\re\workspace\8-2-build-windows-amd64-cygwin\jdk8u231\13620\hotspot\src\share\vm\prims\jni.cpp, line 736]
Event: 21.499 Thread 0x0000000016b9a000 Exception <a 'java/net/SocketTimeoutException': Read timed out> (0x00000000fc14ff10) thrown at [C:\re\workspace\8-2-build-windows-amd64-cygwin\jdk8u231\13620\hotspot\src\share\vm\prims\jni.cpp, line 736]
Event: 24.312 Thread 0x0000000016b9a000 Exception <a 'java/net/SocketTimeoutException': Read timed out> (0x00000000f728a658) thrown at [C:\re\workspace\8-2-build-windows-amd64-cygwin\jdk8u231\13620\hotspot\src\share\vm\prims\jni.cpp, line 736]
Event: 24.613 Thread 0x0000000016b9a000 Exception <a 'java/net/SocketTimeoutException': Read timed out> (0x00000000f95fab48) thrown at [C:\re\workspace\8-2-build-windows-amd64-cygwin\jdk8u231\13620\hotspot\src\share\vm\prims\jni.cpp, line 736]
Event: 24.645 Thread 0x0000000016b9a000 Exception <a 'java/net/SocketTimeoutException': Read timed out> (0x00000000f961aae8) thrown at [C:\re\workspace\8-2-build-windows-amd64-cygwin\jdk8u231\13620\hotspot\src\share\vm\prims\jni.cpp, line 736]
Event: 24.758 Thread 0x0000000016b9a000 Exception <a 'java/net/SocketTimeoutException': Read timed out> (0x00000000f9a13b78) thrown at [C:\re\workspace\8-2-build-windows-amd64-cygwin\jdk8u231\13620\hotspot\src\share\vm\prims\jni.cpp, line 736]
Event: 24.834 Thread 0x0000000016b9a000 Exception <a 'java/net/SocketTimeoutException': Read timed out> (0x00000000f9e111a8) thrown at [C:\re\workspace\8-2-build-windows-amd64-cygwin\jdk8u231\13620\hotspot\src\share\vm\prims\jni.cpp, line 736]
Event: 25.774 Thread 0x0000000016b9a000 Exception <a 'java/net/SocketTimeoutException': Read timed out> (0x00000000f8bc82a0) thrown at [C:\re\workspace\8-2-build-windows-amd64-cygwin\jdk8u231\13620\hotspot\src\share\vm\prims\jni.cpp, line 736]
Event: 26.096 Thread 0x0000000016b9a000 Exception <a 'java/net/SocketTimeoutException': Read timed out> (0x00000000faf2f618) thrown at [C:\re\workspace\8-2-build-windows-amd64-cygwin\jdk8u231\13620\hotspot\src\share\vm\prims\jni.cpp, line 736]

Events (10 events):
Event: 26.078 loading class org/gradle/internal/concurrent/ExecutorPolicy$CatchAndRecordFailures
Event: 26.078 loading class org/gradle/internal/concurrent/ExecutorPolicy$CatchAndRecordFailures done
Event: 26.079 loading class org/gradle/internal/concurrent/ManagedExecutorImpl$1
Event: 26.079 loading class org/gradle/internal/concurrent/ManagedExecutorImpl$1 done
Event: 26.080 loading class org/gradle/internal/concurrent/ManagedExecutorImpl$1
Event: 26.080 loading class org/gradle/internal/concurrent/ManagedExecutorImpl$1 done
Event: 26.081 loading class org/gradle/internal/concurrent/ThreadFactoryImpl$ManagedThreadRunnable
Event: 26.081 loading class org/gradle/internal/concurrent/ThreadFactoryImpl$ManagedThreadRunnable done
Event: 26.083 loading class org/gradle/internal/concurrent/ThreadFactoryImpl$ManagedThreadRunnable
Event: 26.083 loading class org/gradle/internal/concurrent/ThreadFactoryImpl$ManagedThreadRunnable done


Dynamic libraries:
0x00007ff65cdf0000 - 0x00007ff65ce27000 	C:\Program Files\Java\jdk1.8.0_231\bin\java.exe
0x00007ff906cd0000 - 0x00007ff906ec6000 	C:\WINDOWS\SYSTEM32\ntdll.dll
0x00007ff905a00000 - 0x00007ff905abd000 	C:\WINDOWS\System32\KERNEL32.DLL
0x00007ff9048d0000 - 0x00007ff904b99000 	C:\WINDOWS\System32\KERNELBASE.dll
0x00007ff905ac0000 - 0x00007ff905b6c000 	C:\WINDOWS\System32\ADVAPI32.dll
0x00007ff906080000 - 0x00007ff90611e000 	C:\WINDOWS\System32\msvcrt.dll
0x00007ff906180000 - 0x00007ff90621c000 	C:\WINDOWS\System32\sechost.dll
0x00007ff905c10000 - 0x00007ff905d3b000 	C:\WINDOWS\System32\RPCRT4.dll
0x00007ff904db0000 - 0x00007ff904f50000 	C:\WINDOWS\System32\USER32.dll
0x00007ff904cd0000 - 0x00007ff904cf2000 	C:\WINDOWS\System32\win32u.dll
0x00007ff906050000 - 0x00007ff90607a000 	C:\WINDOWS\System32\GDI32.dll
0x00007ff9045c0000 - 0x00007ff9046c9000 	C:\WINDOWS\System32\gdi32full.dll
0x00007ff9046d0000 - 0x00007ff90476d000 	C:\WINDOWS\System32\msvcp_win.dll
0x00007ff9043e0000 - 0x00007ff9044e0000 	C:\WINDOWS\System32\ucrtbase.dll
0x00007ff8fac90000 - 0x00007ff8faf2b000 	C:\WINDOWS\WinSxS\amd64_microsoft.windows.common-controls_6595b64144ccf1df_6.0.19041.488_none_ca04af081b815d21\COMCTL32.dll
0x00007ff9068e0000 - 0x00007ff906910000 	C:\WINDOWS\System32\IMM32.DLL
0x0000000074250000 - 0x0000000074322000 	C:\Program Files\Java\jdk1.8.0_231\jre\bin\msvcr100.dll
0x00000000739a0000 - 0x0000000074246000 	C:\Program Files\Java\jdk1.8.0_231\jre\bin\server\jvm.dll
0x00007ff9063d0000 - 0x00007ff9063d8000 	C:\WINDOWS\System32\PSAPI.DLL
0x00007ff8fc520000 - 0x00007ff8fc547000 	C:\WINDOWS\SYSTEM32\WINMM.dll
0x00007ff8f8390000 - 0x00007ff8f839a000 	C:\WINDOWS\SYSTEM32\VERSION.dll
0x00007ff902bb0000 - 0x00007ff902bb9000 	C:\WINDOWS\SYSTEM32\WSOCK32.dll
0x00007ff906350000 - 0x00007ff9063bb000 	C:\WINDOWS\System32\WS2_32.dll
0x00007ff8feca0000 - 0x00007ff8fecaf000 	C:\Program Files\Java\jdk1.8.0_231\jre\bin\verify.dll
0x00007ff8e96f0000 - 0x00007ff8e9719000 	C:\Program Files\Java\jdk1.8.0_231\jre\bin\java.dll
0x00007ff8e96d0000 - 0x00007ff8e96e6000 	C:\Program Files\Java\jdk1.8.0_231\jre\bin\zip.dll
0x00007ff9052b0000 - 0x00007ff9059f2000 	C:\WINDOWS\System32\SHELL32.dll
0x00007ff9021f0000 - 0x00007ff902985000 	C:\WINDOWS\SYSTEM32\windows.storage.dll
0x00007ff904f50000 - 0x00007ff9052a6000 	C:\WINDOWS\System32\combase.dll
0x00007ff903de0000 - 0x00007ff903e0c000 	C:\WINDOWS\SYSTEM32\Wldp.dll
0x00007ff904d00000 - 0x00007ff904dae000 	C:\WINDOWS\System32\SHCORE.dll
0x00007ff906220000 - 0x00007ff906275000 	C:\WINDOWS\System32\shlwapi.dll
0x00007ff904310000 - 0x00007ff904336000 	C:\WINDOWS\SYSTEM32\profapi.dll
0x00007ff8e96b0000 - 0x00007ff8e96ca000 	C:\Program Files\Java\jdk1.8.0_231\jre\bin\net.dll
0x00007ff903b00000 - 0x00007ff903b6a000 	C:\WINDOWS\system32\mswsock.dll
0x00007ff8e9690000 - 0x00007ff8e96a2000 	C:\Program Files\Java\jdk1.8.0_231\jre\bin\nio.dll
0x00007ff903cd0000 - 0x00007ff903ce8000 	C:\WINDOWS\SYSTEM32\CRYPTSP.dll
0x00007ff903490000 - 0x00007ff9034c4000 	C:\WINDOWS\system32\rsaenh.dll
0x00007ff904590000 - 0x00007ff9045b7000 	C:\WINDOWS\System32\bcrypt.dll
0x00007ff9042d0000 - 0x00007ff9042fe000 	C:\WINDOWS\SYSTEM32\USERENV.dll
0x00007ff904ba0000 - 0x00007ff904c20000 	C:\WINDOWS\System32\bcryptprimitives.dll
0x00007ff903cf0000 - 0x00007ff903cfc000 	C:\WINDOWS\SYSTEM32\CRYPTBASE.dll
0x00007ff9037f0000 - 0x00007ff90382b000 	C:\WINDOWS\SYSTEM32\IPHLPAPI.DLL
0x00007ff906c50000 - 0x00007ff906c58000 	C:\WINDOWS\System32\NSI.dll
0x00007ff8fef50000 - 0x00007ff8fef67000 	C:\WINDOWS\SYSTEM32\dhcpcsvc6.DLL
0x00007ff8fef30000 - 0x00007ff8fef4d000 	C:\WINDOWS\SYSTEM32\dhcpcsvc.DLL
0x00007ff903830000 - 0x00007ff9038fb000 	C:\WINDOWS\SYSTEM32\DNSAPI.dll
0x00007ff8fc510000 - 0x00007ff8fc51a000 	C:\Windows\System32\rasadhlp.dll
0x00007ff8fc2b0000 - 0x00007ff8fc32f000 	C:\WINDOWS\System32\fwpuclnt.dll
0x00007ff8ea3f0000 - 0x00007ff8ea414000 	C:\Program Files\Java\jdk1.8.0_231\jre\bin\sunec.dll
0x00007ff8fd7e0000 - 0x00007ff8fd7eb000 	C:\Program Files\Java\jdk1.8.0_231\jre\bin\sunmscapi.dll
0x00007ff904770000 - 0x00007ff9048cd000 	C:\WINDOWS\System32\CRYPT32.dll
0x00007ff8e80e0000 - 0x00007ff8e80f7000 	C:\WINDOWS\system32\napinsp.dll
0x00007ff8e80c0000 - 0x00007ff8e80db000 	C:\WINDOWS\system32\pnrpnsp.dll
0x00007ff8e80a0000 - 0x00007ff8e80b5000 	C:\WINDOWS\system32\wshbth.dll
0x00007ff8fea80000 - 0x00007ff8fea9d000 	C:\WINDOWS\system32\NLAapi.dll
0x00007ff8e7c50000 - 0x00007ff8e7c62000 	C:\WINDOWS\System32\winrnr.dll

VM Arguments:
jvm_args: -Djava.security.manager=worker.org.gradle.process.internal.worker.child.BootstrapSecurityManager -Dorg.gradle.native=false -Xmx512m -Dfile.encoding=windows-1252 -Duser.country=CO -Duser.language=es -Duser.variant -ea 
java_command: worker.org.gradle.process.internal.worker.GradleWorkerMain 'Gradle Test Executor 18'
java_class_path (initial): C:\Users\Usuario\.gradle\caches\6.7\workerMain\gradle-worker.jar
Launcher Type: SUN_STANDARD

Environment Variables:
JAVA_HOME=C:\Program Files\Java\jdk1.8.0_231
PATH=C:\WINDOWS\system32;C:\WINDOWS;C:\WINDOWS\System32\Wbem;C:\WINDOWS\System32\WindowsPowerShell\v1.0\;C:\Program Files\PuTTY\;C:\WINDOWS\System32\OpenSSH\;C:\Program Files\dotnet\;C:\Program Files\Microsoft SQL Server\130\Tools\Binn\;C:\Program Files\Microsoft SQL Server\Client SDK\ODBC\170\Tools\Binn\;C:\Program Files (x86)\Microsoft SQL Server\150\Tools\Binn\;C:\Program Files\Microsoft SQL Server\150\Tools\Binn\;C:\Program Files\Microsoft SQL Server\150\DTS\Binn\;C:\Program Files (x86)\Microsoft SQL Server\150\DTS\Binn\;C:\Program Files\Azure Data Studio\bin;C:\Program Files\Java\jdk1.8.0_231\bin;C:\GRADLE\gradle-6.7\bin;C:\Program Files\Git\cmd;C:\Program Files\MySQL\MySQL Shell 8.0\bin\;C:\Users\Usuario\AppData\Local\Microsoft\WindowsApps;C:\Users\Usuario\AppData\Local\Programs\Microsoft VS Code\bin;C:\Program Files\Azure Data Studio\bin;
USERNAME=Usuario
OS=Windows_NT
PROCESSOR_IDENTIFIER=Intel64 Family 6 Model 61 Stepping 4, GenuineIntel



---------------  S Y S T E M  ---------------

OS: Windows 10.0 , 64 bit Build 19041 (10.0.19041.662)

CPU:total 4 (initial active 4) (2 cores per cpu, 2 threads per core) family 6 model 61 stepping 4, cmov, cx8, fxsr, mmx, sse, sse2, sse3, ssse3, sse4.1, sse4.2, popcnt, avx, avx2, aes, clmul, erms, 3dnowpref, lzcnt, ht, tsc, tscinvbit, bmi1, bmi2, adx

Memory: 4k page, physical 8301580k(937764k free), swap 8301580k(5148k free)

vm_info: Java HotSpot(TM) 64-Bit Server VM (25.231-b11) for windows-amd64 JRE (1.8.0_231-b11), built on Oct  5 2019 03:11:30 by "java_re" with MS VC++ 10.0 (VS2010)

time: Wed Jan 06 01:16:39 2021
timezone: Hora est. Pacífico, Sudamérica
elapsed time: 26 seconds (0d 0h 0m 26s)

