#
# There is insufficient memory for the Java Runtime Environment to continue.
# Native memory allocation (malloc) failed to allocate 1361296 bytes for Chunk::new
# Possible reasons:
#   The system is out of physical RAM or swap space
#   The process is running with CompressedOops enabled, and the Java Heap may be blocking the growth of the native heap
# Possible solutions:
#   Reduce memory load on the system
#   Increase physical memory or swap space
#   Check if swap backing store is full
#   Decrease Java heap size (-Xmx/-Xms)
#   Decrease number of Java threads
#   Decrease Java thread stack sizes (-Xss)
#   Set larger code cache with -XX:ReservedCodeCacheSize=
#   JVM is running with Unscaled Compressed Oops mode in which the Java heap is
#     placed in the first 4GB address space. The Java Heap base address is the
#     maximum limit for the native heap growth. Please use -XX:HeapBaseMinAddress
#     to set the Java Heap base and to place the Java Heap above 4GB virtual address.
# This output file may be truncated or incomplete.
#
#  Out of Memory Error (allocation.cpp:389), pid=19284, tid=0x0000000000001de4
#
# JRE version: Java(TM) SE Runtime Environment (8.0_231-b11) (build 1.8.0_231-b11)
# Java VM: Java HotSpot(TM) 64-Bit Server VM (25.231-b11 mixed mode windows-amd64 compressed oops)
# Failed to write core dump. Minidumps are not enabled by default on client versions of Windows
#

---------------  T H R E A D  ---------------

Current thread (0x0000000014d29000):  JavaThread "C2 CompilerThread0" daemon [_thread_in_native, id=7652, stack(0x0000000015480000,0x0000000015580000)]

Stack: [0x0000000015480000,0x0000000015580000]
[error occurred during error reporting (printing stack bounds), id 0xc0000005]

Native frames: (J=compiled Java code, j=interpreted, Vv=VM code, C=native code)


Current CompileTask:
C2:  24750 3733   !   4       java.net.URLClassLoader$1::run (63 bytes)


---------------  P R O C E S S  ---------------

Java Threads: ( => current thread )
  0x0000000016db4800 JavaThread "Darkroom Processing Line" daemon [_thread_blocked, id=14716, stack(0x0000000019360000,0x0000000019460000)]
  0x0000000016db4000 JavaThread "Okio Watchdog" daemon [_thread_blocked, id=7712, stack(0x000000001d8c0000,0x000000001d9c0000)]
  0x0000000016db3000 JavaThread "OkHttp ConnectionPool" daemon [_thread_blocked, id=1252, stack(0x000000001d6c0000,0x000000001d7c0000)]
  0x0000000016db1800 JavaThread "Exec Stream Pumper" daemon [_thread_in_native, id=16452, stack(0x000000001d1c0000,0x000000001d2c0000)]
  0x0000000016daf800 JavaThread "Exec Stream Pumper" daemon [_thread_in_native, id=14160, stack(0x000000001d0c0000,0x000000001d1c0000)]
  0x0000000016db6000 JavaThread "UrlChecker-2" daemon [_thread_blocked, id=13420, stack(0x000000001bd00000,0x000000001be00000)]
  0x0000000016db1000 JavaThread "Exec Default Executor" daemon [_thread_in_native, id=17036, stack(0x0000000019260000,0x0000000019360000)]
  0x0000000016a16800 JavaThread "/127.0.0.1:3899 to /127.0.0.1:3898 workers Thread 3" [_thread_in_native, id=19032, stack(0x0000000017790000,0x0000000017890000)]
  0x0000000016725000 JavaThread "/127.0.0.1:3899 to /127.0.0.1:3898 workers Thread 2" [_thread_blocked, id=6580, stack(0x0000000017690000,0x0000000017790000)]
  0x00000000168f8800 JavaThread "Test worker" [_thread_in_native, id=14856, stack(0x0000000017250000,0x0000000017350000)]
  0x0000000014db8000 JavaThread "Service Thread" daemon [_thread_blocked, id=13528, stack(0x0000000015780000,0x0000000015880000)]
  0x0000000014d32800 JavaThread "C1 CompilerThread2" daemon [_thread_blocked, id=10404, stack(0x0000000015680000,0x0000000015780000)]
  0x0000000014d2f000 JavaThread "C2 CompilerThread1" daemon [_thread_in_native, id=12072, stack(0x0000000015580000,0x0000000015680000)]
=>0x0000000014d29000 JavaThread "C2 CompilerThread0" daemon [_thread_in_native, id=7652, stack(0x0000000015480000,0x0000000015580000)]
  0x0000000014d27000 JavaThread "Attach Listener" daemon [_thread_blocked, id=19244, stack(0x0000000015380000,0x0000000015480000)]
  0x0000000014d26000 JavaThread "Signal Dispatcher" daemon [_thread_blocked, id=6016, stack(0x0000000015280000,0x0000000015380000)]
  0x000000000243c800 JavaThread "Finalizer" daemon [_thread_blocked, id=15052, stack(0x0000000014af0000,0x0000000014bf0000)]
  0x0000000002433800 JavaThread "Reference Handler" daemon [_thread_blocked, id=15116, stack(0x00000000149f0000,0x0000000014af0000)]
  0x0000000002342800 JavaThread "main" [_thread_blocked, id=18488, stack(0x00000000021c0000,0x00000000022c0000)]

Other Threads:
  0x0000000013867800 VMThread [stack: 0x00000000148f0000,0x00000000149f0000] [id=2732]
  0x0000000014df3000 WatcherThread [stack: 0x0000000015880000,0x0000000015980000] [id=14904]

VM state:not at safepoint (normal execution)

VM Mutex/Monitor currently owned by a thread: None

heap address: 0x00000000e0000000, size: 512 MB, Compressed Oops mode: 32-bit
Narrow klass base: 0x0000000000000000, Narrow klass shift: 3
Compressed class space size: 1073741824 Address: 0x0000000100000000

Heap:
 PSYoungGen      total 122880K, used 63879K [0x00000000f5580000, 0x00000000fd680000, 0x0000000100000000)
  eden space 113664K, 49% used [0x00000000f5580000,0x00000000f8c2fe68,0x00000000fc480000)
  from space 9216K, 85% used [0x00000000fc480000,0x00000000fcc320a0,0x00000000fcd80000)
  to   space 7168K, 0% used [0x00000000fcf80000,0x00000000fcf80000,0x00000000fd680000)
 ParOldGen       total 87040K, used 10880K [0x00000000e0000000, 0x00000000e5500000, 0x00000000f5580000)
  object space 87040K, 12% used [0x00000000e0000000,0x00000000e0aa00b0,0x00000000e5500000)
 Metaspace       used 36066K, capacity 37270K, committed 37504K, reserved 1081344K
  class space    used 5081K, capacity 5381K, committed 5504K, reserved 1048576K

Card table byte_map: [0x00000000118f0000,0x0000000011a00000] byte_map_base: 0x00000000111f0000

Marking Bits: (ParMarkBitMap*) 0x00000000742a6d90
 Begin Bits: [0x0000000011e00000, 0x0000000012600000)
 End Bits:   [0x0000000012600000, 0x0000000012e00000)

Polling page: 0x00000000022c0000

CodeCache: size=245760Kb used=10949Kb max_used=10949Kb free=234810Kb
 bounds [0x0000000002530000, 0x0000000002ff0000, 0x0000000011530000]
 total_blobs=3879 nmethods=3400 adapters=391
 compilation: enabled

Compilation events (10 events):
Event: 24.682 Thread 0x0000000014d32800 nmethod 3754 0x0000000002fe7990 code [0x0000000002fe7ba0, 0x0000000002fe86c8]
Event: 24.683 Thread 0x0000000014d32800 3755       3       net.thucydides.core.annotations.locators.MethodTiming$$Lambda$389/1862815259::test (8 bytes)
Event: 24.683 Thread 0x0000000014d32800 nmethod 3755 0x0000000002fe8c50 code [0x0000000002fe8e20, 0x0000000002fe9918]
Event: 24.683 Thread 0x0000000014d32800 3756       3       net.thucydides.core.annotations.locators.MethodTiming$$Lambda$390/2074026864::test (8 bytes)
Event: 24.684 Thread 0x0000000014d32800 nmethod 3756 0x0000000002fe9c90 code [0x0000000002fe9e00, 0x0000000002fea208]
Event: 24.740 Thread 0x0000000014d32800 3757       3       com.google.common.collect.AbstractMapBasedMultimap::createCollection (5 bytes)
Event: 24.740 Thread 0x0000000014d32800 nmethod 3757 0x0000000002fea350 code [0x0000000002fea4c0, 0x0000000002fea6c8]
Event: 24.740 Thread 0x0000000014d32800 3758       3       java.util.Currency::getMainTableEntry (49 bytes)
Event: 24.741 Thread 0x0000000014d32800 nmethod 3758 0x0000000002fea750 code [0x0000000002fea8c0, 0x0000000002feabc8]
Event: 24.741 Thread 0x0000000014d32800 3759       3       java.util.Currency::getInstance (234 bytes)

GC Heap History (10 events):
Event: 17.593 GC heap before
{Heap before GC invocations=11 (full 2):
 PSYoungGen      total 86016K, used 5675K [0x00000000f5580000, 0x00000000fc380000, 0x0000000100000000)
  eden space 77824K, 0% used [0x00000000f5580000,0x00000000f5580000,0x00000000fa180000)
  from space 8192K, 69% used [0x00000000fa180000,0x00000000fa70af38,0x00000000fa980000)
  to   space 7680K, 0% used [0x00000000fbc00000,0x00000000fbc00000,0x00000000fc380000)
 ParOldGen       total 55808K, used 5973K [0x00000000e0000000, 0x00000000e3680000, 0x00000000f5580000)
  object space 55808K, 10% used [0x00000000e0000000,0x00000000e05d57b8,0x00000000e3680000)
 Metaspace       used 34327K, capacity 35486K, committed 35496K, reserved 1079296K
  class space    used 4867K, capacity 5119K, committed 5120K, reserved 1048576K
Event: 17.714 GC heap after
Heap after GC invocations=11 (full 2):
 PSYoungGen      total 86016K, used 0K [0x00000000f5580000, 0x00000000fc380000, 0x0000000100000000)
  eden space 77824K, 0% used [0x00000000f5580000,0x00000000f5580000,0x00000000fa180000)
  from space 8192K, 0% used [0x00000000fa180000,0x00000000fa180000,0x00000000fa980000)
  to   space 7680K, 0% used [0x00000000fbc00000,0x00000000fbc00000,0x00000000fc380000)
 ParOldGen       total 87040K, used 10848K [0x00000000e0000000, 0x00000000e5500000, 0x00000000f5580000)
  object space 87040K, 12% used [0x00000000e0000000,0x00000000e0a980b0,0x00000000e5500000)
 Metaspace       used 34327K, capacity 35486K, committed 35496K, reserved 1079296K
  class space    used 4867K, capacity 5119K, committed 5120K, reserved 1048576K
}
Event: 18.938 GC heap before
{Heap before GC invocations=12 (full 2):
 PSYoungGen      total 86016K, used 77824K [0x00000000f5580000, 0x00000000fc380000, 0x0000000100000000)
  eden space 77824K, 100% used [0x00000000f5580000,0x00000000fa180000,0x00000000fa180000)
  from space 8192K, 0% used [0x00000000fa180000,0x00000000fa180000,0x00000000fa980000)
  to   space 7680K, 0% used [0x00000000fbc00000,0x00000000fbc00000,0x00000000fc380000)
 ParOldGen       total 87040K, used 10848K [0x00000000e0000000, 0x00000000e5500000, 0x00000000f5580000)
  object space 87040K, 12% used [0x00000000e0000000,0x00000000e0a980b0,0x00000000e5500000)
 Metaspace       used 35342K, capacity 36532K, committed 36864K, reserved 1081344K
  class space    used 5003K, capacity 5268K, committed 5376K, reserved 1048576K
Event: 18.941 GC heap after
Heap after GC invocations=12 (full 2):
 PSYoungGen      total 103936K, used 1628K [0x00000000f5580000, 0x00000000fc380000, 0x0000000100000000)
  eden space 96256K, 0% used [0x00000000f5580000,0x00000000f5580000,0x00000000fb380000)
  from space 7680K, 21% used [0x00000000fbc00000,0x00000000fbd97160,0x00000000fc380000)
  to   space 8192K, 0% used [0x00000000fb380000,0x00000000fb380000,0x00000000fbb80000)
 ParOldGen       total 87040K, used 10856K [0x00000000e0000000, 0x00000000e5500000, 0x00000000f5580000)
  object space 87040K, 12% used [0x00000000e0000000,0x00000000e0a9a0b0,0x00000000e5500000)
 Metaspace       used 35342K, capacity 36532K, committed 36864K, reserved 1081344K
  class space    used 5003K, capacity 5268K, committed 5376K, reserved 1048576K
}
Event: 21.109 GC heap before
{Heap before GC invocations=13 (full 2):
 PSYoungGen      total 103936K, used 97884K [0x00000000f5580000, 0x00000000fc380000, 0x0000000100000000)
  eden space 96256K, 100% used [0x00000000f5580000,0x00000000fb380000,0x00000000fb380000)
  from space 7680K, 21% used [0x00000000fbc00000,0x00000000fbd97160,0x00000000fc380000)
  to   space 8192K, 0% used [0x00000000fb380000,0x00000000fb380000,0x00000000fbb80000)
 ParOldGen       total 87040K, used 10856K [0x00000000e0000000, 0x00000000e5500000, 0x00000000f5580000)
  object space 87040K, 12% used [0x00000000e0000000,0x00000000e0a9a0b0,0x00000000e5500000)
 Metaspace       used 35429K, capacity 36618K, committed 36864K, reserved 1081344K
  class space    used 5009K, capacity 5273K, committed 5376K, reserved 1048576K
Event: 21.112 GC heap after
Heap after GC invocations=13 (full 2):
 PSYoungGen      total 104448K, used 962K [0x00000000f5580000, 0x00000000fd800000, 0x0000000100000000)
  eden space 96256K, 0% used [0x00000000f5580000,0x00000000f5580000,0x00000000fb380000)
  from space 8192K, 11% used [0x00000000fb380000,0x00000000fb4708e8,0x00000000fbb80000)
  to   space 8704K, 0% used [0x00000000fcf80000,0x00000000fcf80000,0x00000000fd800000)
 ParOldGen       total 87040K, used 10864K [0x00000000e0000000, 0x00000000e5500000, 0x00000000f5580000)
  object space 87040K, 12% used [0x00000000e0000000,0x00000000e0a9c0b0,0x00000000e5500000)
 Metaspace       used 35429K, capacity 36618K, committed 36864K, reserved 1081344K
  class space    used 5009K, capacity 5273K, committed 5376K, reserved 1048576K
}
Event: 22.856 GC heap before
{Heap before GC invocations=14 (full 2):
 PSYoungGen      total 104448K, used 97218K [0x00000000f5580000, 0x00000000fd800000, 0x0000000100000000)
  eden space 96256K, 100% used [0x00000000f5580000,0x00000000fb380000,0x00000000fb380000)
  from space 8192K, 11% used [0x00000000fb380000,0x00000000fb4708e8,0x00000000fbb80000)
  to   space 8704K, 0% used [0x00000000fcf80000,0x00000000fcf80000,0x00000000fd800000)
 ParOldGen       total 87040K, used 10864K [0x00000000e0000000, 0x00000000e5500000, 0x00000000f5580000)
  object space 87040K, 12% used [0x00000000e0000000,0x00000000e0a9c0b0,0x00000000e5500000)
 Metaspace       used 36002K, capacity 37190K, committed 37504K, reserved 1081344K
  class space    used 5081K, capacity 5381K, committed 5504K, reserved 1048576K
Event: 22.859 GC heap after
Heap after GC invocations=14 (full 2):
 PSYoungGen      total 120832K, used 1877K [0x00000000f5580000, 0x00000000fd680000, 0x0000000100000000)
  eden space 113664K, 0% used [0x00000000f5580000,0x00000000f5580000,0x00000000fc480000)
  from space 7168K, 26% used [0x00000000fcf80000,0x00000000fd1556d8,0x00000000fd680000)
  to   space 9216K, 0% used [0x00000000fc480000,0x00000000fc480000,0x00000000fcd80000)
 ParOldGen       total 87040K, used 10872K [0x00000000e0000000, 0x00000000e5500000, 0x00000000f5580000)
  object space 87040K, 12% used [0x00000000e0000000,0x00000000e0a9e0b0,0x00000000e5500000)
 Metaspace       used 36002K, capacity 37190K, committed 37504K, reserved 1081344K
  class space    used 5081K, capacity 5381K, committed 5504K, reserved 1048576K
}
Event: 24.274 GC heap before
{Heap before GC invocations=15 (full 2):
 PSYoungGen      total 120832K, used 115541K [0x00000000f5580000, 0x00000000fd680000, 0x0000000100000000)
  eden space 113664K, 100% used [0x00000000f5580000,0x00000000fc480000,0x00000000fc480000)
  from space 7168K, 26% used [0x00000000fcf80000,0x00000000fd1556d8,0x00000000fd680000)
  to   space 9216K, 0% used [0x00000000fc480000,0x00000000fc480000,0x00000000fcd80000)
 ParOldGen       total 87040K, used 10872K [0x00000000e0000000, 0x00000000e5500000, 0x00000000f5580000)
  object space 87040K, 12% used [0x00000000e0000000,0x00000000e0a9e0b0,0x00000000e5500000)
 Metaspace       used 36043K, capacity 37262K, committed 37504K, reserved 1081344K
  class space    used 5081K, capacity 5381K, committed 5504K, reserved 1048576K
Event: 24.280 GC heap after
Heap after GC invocations=15 (full 2):
 PSYoungGen      total 122880K, used 7880K [0x00000000f5580000, 0x00000000fd680000, 0x0000000100000000)
  eden space 113664K, 0% used [0x00000000f5580000,0x00000000f5580000,0x00000000fc480000)
  from space 9216K, 85% used [0x00000000fc480000,0x00000000fcc320a0,0x00000000fcd80000)
  to   space 7168K, 0% used [0x00000000fcf80000,0x00000000fcf80000,0x00000000fd680000)
 ParOldGen       total 87040K, used 10880K [0x00000000e0000000, 0x00000000e5500000, 0x00000000f5580000)
  object space 87040K, 12% used [0x00000000e0000000,0x00000000e0aa00b0,0x00000000e5500000)
 Metaspace       used 36043K, capacity 37262K, committed 37504K, reserved 1081344K
  class space    used 5081K, capacity 5381K, committed 5504K, reserved 1048576K
}

Deoptimization events (10 events):
Event: 21.146 Thread 0x00000000168f8800 Uncommon trap: reason=class_check action=maybe_recompile pc=0x0000000002f910b8 method=java.lang.AbstractStringBuilder.append(Ljava/lang/CharSequence;)Ljava/lang/AbstractStringBuilder; @ 26
Event: 21.146 Thread 0x00000000168f8800 Uncommon trap: reason=class_check action=maybe_recompile pc=0x0000000002c3b470 method=java.lang.AbstractStringBuilder.append(Ljava/lang/CharSequence;II)Ljava/lang/AbstractStringBuilder; @ 18
Event: 21.148 Thread 0x00000000168f8800 Uncommon trap: reason=class_check action=maybe_recompile pc=0x0000000002f910b8 method=java.lang.AbstractStringBuilder.append(Ljava/lang/CharSequence;)Ljava/lang/AbstractStringBuilder; @ 26
Event: 21.148 Thread 0x00000000168f8800 Uncommon trap: reason=class_check action=maybe_recompile pc=0x0000000002c3b470 method=java.lang.AbstractStringBuilder.append(Ljava/lang/CharSequence;II)Ljava/lang/AbstractStringBuilder; @ 18
Event: 21.151 Thread 0x00000000168f8800 Uncommon trap: reason=unstable_if action=reinterpret pc=0x00000000026caa58 method=sun.nio.cs.UTF_8$Encoder.encode([CII[B)I @ 33
Event: 22.772 Thread 0x00000000168f8800 Uncommon trap: reason=unstable_if action=reinterpret pc=0x000000000284b8a8 method=java.util.Base64$Decoder.outLength([BII)I @ 97
Event: 22.777 Thread 0x00000000168f8800 Uncommon trap: reason=unstable_if action=reinterpret pc=0x00000000026c90f8 method=java.util.Base64$Decoder.decode0([BII[B)I @ 53
Event: 23.239 Thread 0x00000000168f8800 Uncommon trap: reason=class_check action=maybe_recompile pc=0x0000000002f910b8 method=java.lang.AbstractStringBuilder.append(Ljava/lang/CharSequence;)Ljava/lang/AbstractStringBuilder; @ 26
Event: 23.240 Thread 0x00000000168f8800 Uncommon trap: reason=class_check action=maybe_recompile pc=0x0000000002c3b470 method=java.lang.AbstractStringBuilder.append(Ljava/lang/CharSequence;II)Ljava/lang/AbstractStringBuilder; @ 18
Event: 24.313 Thread 0x00000000168f8800 Uncommon trap: reason=unstable_if action=reinterpret pc=0x000000000266ede4 method=java.util.Base64$Decoder.outLength([BII)I @ 97

Classes redefined (0 events):
No events

Internal exceptions (10 events):
Event: 21.147 Thread 0x00000000168f8800 Exception <a 'java/lang/NoSuchMethodError': java.lang.Object.of(Ljava/lang/Object;)Ljava/util/stream/Stream;> (0x00000000f56b63a0) thrown at [C:\re\workspace\8-2-build-windows-amd64-cygwin\jdk8u231\13620\hotspot\src\share\vm\interpreter\linkResolver.cpp, 
Event: 21.156 Thread 0x00000000168f8800 Exception <a 'java/net/SocketTimeoutException': Read timed out> (0x00000000f56e22e8) thrown at [C:\re\workspace\8-2-build-windows-amd64-cygwin\jdk8u231\13620\hotspot\src\share\vm\prims\jni.cpp, line 736]
Event: 21.278 Thread 0x00000000168f8800 Exception <a 'java/net/SocketTimeoutException': Read timed out> (0x00000000f5ae03f0) thrown at [C:\re\workspace\8-2-build-windows-amd64-cygwin\jdk8u231\13620\hotspot\src\share\vm\prims\jni.cpp, line 736]
Event: 21.400 Thread 0x00000000168f8800 Exception <a 'java/net/SocketTimeoutException': Read timed out> (0x00000000f5edda18) thrown at [C:\re\workspace\8-2-build-windows-amd64-cygwin\jdk8u231\13620\hotspot\src\share\vm\prims\jni.cpp, line 736]
Event: 22.919 Thread 0x00000000168f8800 Exception <a 'java/net/SocketTimeoutException': Read timed out> (0x00000000f5f8c2e0) thrown at [C:\re\workspace\8-2-build-windows-amd64-cygwin\jdk8u231\13620\hotspot\src\share\vm\prims\jni.cpp, line 736]
Event: 23.225 Thread 0x00000000168f8800 Exception <a 'java/net/SocketTimeoutException': Read timed out> (0x00000000f82f6cd0) thrown at [C:\re\workspace\8-2-build-windows-amd64-cygwin\jdk8u231\13620\hotspot\src\share\vm\prims\jni.cpp, line 736]
Event: 23.256 Thread 0x00000000168f8800 Exception <a 'java/net/SocketTimeoutException': Read timed out> (0x00000000f8316c80) thrown at [C:\re\workspace\8-2-build-windows-amd64-cygwin\jdk8u231\13620\hotspot\src\share\vm\prims\jni.cpp, line 736]
Event: 23.362 Thread 0x00000000168f8800 Exception <a 'java/net/SocketTimeoutException': Read timed out> (0x00000000f870fcb8) thrown at [C:\re\workspace\8-2-build-windows-amd64-cygwin\jdk8u231\13620\hotspot\src\share\vm\prims\jni.cpp, line 736]
Event: 23.437 Thread 0x00000000168f8800 Exception <a 'java/net/SocketTimeoutException': Read timed out> (0x00000000f8b0d2f0) thrown at [C:\re\workspace\8-2-build-windows-amd64-cygwin\jdk8u231\13620\hotspot\src\share\vm\prims\jni.cpp, line 736]
Event: 24.476 Thread 0x00000000168f8800 Exception <a 'java/net/SocketTimeoutException': Read timed out> (0x00000000f76595e0) thrown at [C:\re\workspace\8-2-build-windows-amd64-cygwin\jdk8u231\13620\hotspot\src\share\vm\prims\jni.cpp, line 736]

Events (10 events):
Event: 24.710 loading class org/gradle/internal/concurrent/ExecutorPolicy$CatchAndRecordFailures
Event: 24.710 loading class org/gradle/internal/concurrent/ExecutorPolicy$CatchAndRecordFailures done
Event: 24.710 loading class org/gradle/internal/concurrent/ManagedExecutorImpl$1
Event: 24.710 loading class org/gradle/internal/concurrent/ManagedExecutorImpl$1 done
Event: 24.711 loading class org/gradle/internal/concurrent/ManagedExecutorImpl$1
Event: 24.711 loading class org/gradle/internal/concurrent/ManagedExecutorImpl$1 done
Event: 24.712 loading class org/gradle/internal/concurrent/ThreadFactoryImpl$ManagedThreadRunnable
Event: 24.712 loading class org/gradle/internal/concurrent/ThreadFactoryImpl$ManagedThreadRunnable done
Event: 24.712 loading class org/gradle/internal/concurrent/ThreadFactoryImpl$ManagedThreadRunnable
Event: 24.712 loading class org/gradle/internal/concurrent/ThreadFactoryImpl$ManagedThreadRunnable done


Dynamic libraries:
0x00007ff7df710000 - 0x00007ff7df747000 	C:\Program Files\Java\jdk1.8.0_231\bin\java.exe
0x00007ff906cd0000 - 0x00007ff906ec6000 	C:\WINDOWS\SYSTEM32\ntdll.dll
0x00007ff905a00000 - 0x00007ff905abd000 	C:\WINDOWS\System32\KERNEL32.DLL
0x00007ff9048d0000 - 0x00007ff904b99000 	C:\WINDOWS\System32\KERNELBASE.dll
0x00007ff905ac0000 - 0x00007ff905b6c000 	C:\WINDOWS\System32\ADVAPI32.dll
0x00007ff906080000 - 0x00007ff90611e000 	C:\WINDOWS\System32\msvcrt.dll
0x00007ff906180000 - 0x00007ff90621c000 	C:\WINDOWS\System32\sechost.dll
0x00007ff905c10000 - 0x00007ff905d3b000 	C:\WINDOWS\System32\RPCRT4.dll
0x00007ff904db0000 - 0x00007ff904f50000 	C:\WINDOWS\System32\USER32.dll
0x00007ff904cd0000 - 0x00007ff904cf2000 	C:\WINDOWS\System32\win32u.dll
0x00007ff906050000 - 0x00007ff90607a000 	C:\WINDOWS\System32\GDI32.dll
0x00007ff9045c0000 - 0x00007ff9046c9000 	C:\WINDOWS\System32\gdi32full.dll
0x00007ff9046d0000 - 0x00007ff90476d000 	C:\WINDOWS\System32\msvcp_win.dll
0x00007ff9043e0000 - 0x00007ff9044e0000 	C:\WINDOWS\System32\ucrtbase.dll
0x00007ff8fac90000 - 0x00007ff8faf2b000 	C:\WINDOWS\WinSxS\amd64_microsoft.windows.common-controls_6595b64144ccf1df_6.0.19041.488_none_ca04af081b815d21\COMCTL32.dll
0x00007ff9068e0000 - 0x00007ff906910000 	C:\WINDOWS\System32\IMM32.DLL
0x0000000074330000 - 0x0000000074402000 	C:\Program Files\Java\jdk1.8.0_231\jre\bin\msvcr100.dll
0x0000000073a80000 - 0x0000000074326000 	C:\Program Files\Java\jdk1.8.0_231\jre\bin\server\jvm.dll
0x00007ff9063d0000 - 0x00007ff9063d8000 	C:\WINDOWS\System32\PSAPI.DLL
0x00007ff8fc520000 - 0x00007ff8fc547000 	C:\WINDOWS\SYSTEM32\WINMM.dll
0x00007ff902bb0000 - 0x00007ff902bb9000 	C:\WINDOWS\SYSTEM32\WSOCK32.dll
0x00007ff8f8390000 - 0x00007ff8f839a000 	C:\WINDOWS\SYSTEM32\VERSION.dll
0x00007ff906350000 - 0x00007ff9063bb000 	C:\WINDOWS\System32\WS2_32.dll
0x00007ff8fab20000 - 0x00007ff8fab2f000 	C:\Program Files\Java\jdk1.8.0_231\jre\bin\verify.dll
0x00007ff8e39d0000 - 0x00007ff8e39f9000 	C:\Program Files\Java\jdk1.8.0_231\jre\bin\java.dll
0x00007ff8e9600000 - 0x00007ff8e9616000 	C:\Program Files\Java\jdk1.8.0_231\jre\bin\zip.dll
0x00007ff9052b0000 - 0x00007ff9059f2000 	C:\WINDOWS\System32\SHELL32.dll
0x00007ff9021f0000 - 0x00007ff902985000 	C:\WINDOWS\SYSTEM32\windows.storage.dll
0x00007ff904f50000 - 0x00007ff9052a6000 	C:\WINDOWS\System32\combase.dll
0x00007ff903de0000 - 0x00007ff903e0c000 	C:\WINDOWS\SYSTEM32\Wldp.dll
0x00007ff904d00000 - 0x00007ff904dae000 	C:\WINDOWS\System32\SHCORE.dll
0x00007ff906220000 - 0x00007ff906275000 	C:\WINDOWS\System32\shlwapi.dll
0x00007ff904310000 - 0x00007ff904336000 	C:\WINDOWS\SYSTEM32\profapi.dll
0x00007ff8e9520000 - 0x00007ff8e953a000 	C:\Program Files\Java\jdk1.8.0_231\jre\bin\net.dll
0x00007ff903b00000 - 0x00007ff903b6a000 	C:\WINDOWS\system32\mswsock.dll
0x00007ff8e93d0000 - 0x00007ff8e93e2000 	C:\Program Files\Java\jdk1.8.0_231\jre\bin\nio.dll
0x00007ff903cd0000 - 0x00007ff903ce8000 	C:\WINDOWS\SYSTEM32\CRYPTSP.dll
0x00007ff903490000 - 0x00007ff9034c4000 	C:\WINDOWS\system32\rsaenh.dll
0x00007ff904590000 - 0x00007ff9045b7000 	C:\WINDOWS\System32\bcrypt.dll
0x00007ff9042d0000 - 0x00007ff9042fe000 	C:\WINDOWS\SYSTEM32\USERENV.dll
0x00007ff904ba0000 - 0x00007ff904c20000 	C:\WINDOWS\System32\bcryptprimitives.dll
0x00007ff903cf0000 - 0x00007ff903cfc000 	C:\WINDOWS\SYSTEM32\CRYPTBASE.dll
0x00007ff9037f0000 - 0x00007ff90382b000 	C:\WINDOWS\SYSTEM32\IPHLPAPI.DLL
0x00007ff906c50000 - 0x00007ff906c58000 	C:\WINDOWS\System32\NSI.dll
0x00007ff8fef50000 - 0x00007ff8fef67000 	C:\WINDOWS\SYSTEM32\dhcpcsvc6.DLL
0x00007ff8fef30000 - 0x00007ff8fef4d000 	C:\WINDOWS\SYSTEM32\dhcpcsvc.DLL
0x00007ff903830000 - 0x00007ff9038fb000 	C:\WINDOWS\SYSTEM32\DNSAPI.dll
0x00007ff8fc510000 - 0x00007ff8fc51a000 	C:\Windows\System32\rasadhlp.dll
0x00007ff8fc2b0000 - 0x00007ff8fc32f000 	C:\WINDOWS\System32\fwpuclnt.dll
0x00007ff8e36e0000 - 0x00007ff8e3704000 	C:\Program Files\Java\jdk1.8.0_231\jre\bin\sunec.dll
0x00007ff8fd1a0000 - 0x00007ff8fd1ab000 	C:\Program Files\Java\jdk1.8.0_231\jre\bin\sunmscapi.dll
0x00007ff904770000 - 0x00007ff9048cd000 	C:\WINDOWS\System32\CRYPT32.dll

VM Arguments:
jvm_args: -Djava.security.manager=worker.org.gradle.process.internal.worker.child.BootstrapSecurityManager -Dorg.gradle.native=false -Xmx512m -Dfile.encoding=windows-1252 -Duser.country=CO -Duser.language=es -Duser.variant -ea 
java_command: worker.org.gradle.process.internal.worker.GradleWorkerMain 'Gradle Test Executor 7'
java_class_path (initial): C:\Users\Usuario\.gradle\caches\6.7\workerMain\gradle-worker.jar
Launcher Type: SUN_STANDARD

Environment Variables:
JAVA_HOME=C:\Program Files\Java\jdk1.8.0_231
PATH=C:\WINDOWS\system32;C:\WINDOWS;C:\WINDOWS\System32\Wbem;C:\WINDOWS\System32\WindowsPowerShell\v1.0\;C:\Program Files\PuTTY\;C:\WINDOWS\System32\OpenSSH\;C:\Program Files\dotnet\;C:\Program Files\Microsoft SQL Server\130\Tools\Binn\;C:\Program Files\Microsoft SQL Server\Client SDK\ODBC\170\Tools\Binn\;C:\Program Files (x86)\Microsoft SQL Server\150\Tools\Binn\;C:\Program Files\Microsoft SQL Server\150\Tools\Binn\;C:\Program Files\Microsoft SQL Server\150\DTS\Binn\;C:\Program Files (x86)\Microsoft SQL Server\150\DTS\Binn\;C:\Program Files\Azure Data Studio\bin;C:\Program Files\Java\jdk1.8.0_231\bin;C:\GRADLE\gradle-6.7\bin;C:\Program Files\Git\cmd;C:\Program Files\MySQL\MySQL Shell 8.0\bin\;C:\Users\Usuario\AppData\Local\Microsoft\WindowsApps;C:\Users\Usuario\AppData\Local\Programs\Microsoft VS Code\bin;C:\Program Files\Azure Data Studio\bin;
USERNAME=Usuario
OS=Windows_NT
PROCESSOR_IDENTIFIER=Intel64 Family 6 Model 61 Stepping 4, GenuineIntel



---------------  S Y S T E M  ---------------

OS: Windows 10.0 , 64 bit Build 19041 (10.0.19041.662)

CPU:total 4 (initial active 4) (2 cores per cpu, 2 threads per core) family 6 model 61 stepping 4, cmov, cx8, fxsr, mmx, sse, sse2, sse3, ssse3, sse4.1, sse4.2, popcnt, avx, avx2, aes, clmul, erms, 3dnowpref, lzcnt, ht, tsc, tscinvbit, bmi1, bmi2, adx

Memory: 4k page, physical 8301580k(1139608k free), swap 8301580k(5240k free)

vm_info: Java HotSpot(TM) 64-Bit Server VM (25.231-b11) for windows-amd64 JRE (1.8.0_231-b11), built on Oct  5 2019 03:11:30 by "java_re" with MS VC++ 10.0 (VS2010)

time: Wed Jan 06 12:03:03 2021
timezone: Hora est. Pacífico, Sudamérica
elapsed time: 24 seconds (0d 0h 0m 24s)

