#
# There is insufficient memory for the Java Runtime Environment to continue.
# Native memory allocation (malloc) failed to allocate 1032096 bytes for Chunk::new
# Possible reasons:
#   The system is out of physical RAM or swap space
#   The process is running with CompressedOops enabled, and the Java Heap may be blocking the growth of the native heap
# Possible solutions:
#   Reduce memory load on the system
#   Increase physical memory or swap space
#   Check if swap backing store is full
#   Decrease Java heap size (-Xmx/-Xms)
#   Decrease number of Java threads
#   Decrease Java thread stack sizes (-Xss)
#   Set larger code cache with -XX:ReservedCodeCacheSize=
#   JVM is running with Unscaled Compressed Oops mode in which the Java heap is
#     placed in the first 4GB address space. The Java Heap base address is the
#     maximum limit for the native heap growth. Please use -XX:HeapBaseMinAddress
#     to set the Java Heap base and to place the Java Heap above 4GB virtual address.
# This output file may be truncated or incomplete.
#
#  Out of Memory Error (allocation.cpp:389), pid=2824, tid=0x0000000000003044
#
# JRE version: Java(TM) SE Runtime Environment (8.0_231-b11) (build 1.8.0_231-b11)
# Java VM: Java HotSpot(TM) 64-Bit Server VM (25.231-b11 mixed mode windows-amd64 compressed oops)
# Failed to write core dump. Minidumps are not enabled by default on client versions of Windows
#

---------------  T H R E A D  ---------------

Current thread (0x00000000145fb000):  JavaThread "C2 CompilerThread1" daemon [_thread_in_native, id=12356, stack(0x00000000162a0000,0x00000000163a0000)]

Stack: [0x00000000162a0000,0x00000000163a0000]
[error occurred during error reporting (printing stack bounds), id 0xc0000005]

Native frames: (J=compiled Java code, j=interpreted, Vv=VM code, C=native code)


Current CompileTask:
C2:  24023 3767       4       java.net.URLClassLoader$1::run (5 bytes)


---------------  P R O C E S S  ---------------

Java Threads: ( => current thread )
  0x0000000018956800 JavaThread "Darkroom Processing Line" daemon [_thread_blocked, id=8980, stack(0x000000001a090000,0x000000001a190000)]
  0x0000000018955000 JavaThread "Okio Watchdog" daemon [_thread_blocked, id=11440, stack(0x000000001d630000,0x000000001d730000)]
  0x0000000018954000 JavaThread "OkHttp ConnectionPool" daemon [_thread_blocked, id=10396, stack(0x000000001d430000,0x000000001d530000)]
  0x0000000018953800 JavaThread "Exec Stream Pumper" daemon [_thread_in_native, id=3256, stack(0x000000001cf30000,0x000000001d030000)]
  0x0000000018952800 JavaThread "Exec Stream Pumper" daemon [_thread_in_native, id=18192, stack(0x000000001b9c0000,0x000000001bac0000)]
  0x0000000018950800 JavaThread "UrlChecker-2" daemon [_thread_blocked, id=12708, stack(0x000000001a890000,0x000000001a990000)]
  0x0000000018957000 JavaThread "Exec Default Executor" daemon [_thread_in_native, id=10408, stack(0x00000000187b0000,0x00000000188b0000)]
  0x00000000174be800 JavaThread "/127.0.0.1:5199 to /127.0.0.1:5198 workers Thread 3" [_thread_in_native, id=15436, stack(0x00000000184b0000,0x00000000185b0000)]
  0x00000000171d1800 JavaThread "/127.0.0.1:5199 to /127.0.0.1:5198 workers Thread 2" [_thread_blocked, id=9796, stack(0x00000000183b0000,0x00000000184b0000)]
  0x0000000016fbb000 JavaThread "Forwarding sendKeysToElement on session b1eef9aa1bbdf774289c68cea46133ed to remote" [_thread_in_native, id=10992, stack(0x0000000017f70000,0x0000000018070000)]
  0x0000000015ad4800 JavaThread "Service Thread" daemon [_thread_blocked, id=14460, stack(0x00000000164a0000,0x00000000165a0000)]
  0x00000000145fe800 JavaThread "C1 CompilerThread2" daemon [_thread_blocked, id=6812, stack(0x00000000163a0000,0x00000000164a0000)]
=>0x00000000145fb000 JavaThread "C2 CompilerThread1" daemon [_thread_in_native, id=12356, stack(0x00000000162a0000,0x00000000163a0000)]
  0x00000000145f5000 JavaThread "C2 CompilerThread0" daemon [_thread_in_native, id=17704, stack(0x00000000161a0000,0x00000000162a0000)]
  0x00000000145f2800 JavaThread "Attach Listener" daemon [_thread_blocked, id=4864, stack(0x00000000160a0000,0x00000000161a0000)]
  0x00000000145f2000 JavaThread "Signal Dispatcher" daemon [_thread_blocked, id=2420, stack(0x0000000015fa0000,0x00000000160a0000)]
  0x000000000319d000 JavaThread "Finalizer" daemon [_thread_blocked, id=17644, stack(0x0000000015810000,0x0000000015910000)]
  0x0000000003194000 JavaThread "Reference Handler" daemon [_thread_blocked, id=19360, stack(0x0000000015710000,0x0000000015810000)]
  0x00000000030a2800 JavaThread "main" [_thread_blocked, id=2104, stack(0x0000000002f30000,0x0000000003030000)]

Other Threads:
  0x0000000014588000 VMThread [stack: 0x0000000015610000,0x0000000015710000] [id=14564]
  0x0000000015b1d000 WatcherThread [stack: 0x00000000165a0000,0x00000000166a0000] [id=15044]

VM state:not at safepoint (normal execution)

VM Mutex/Monitor currently owned by a thread: None

heap address: 0x00000000e0000000, size: 512 MB, Compressed Oops mode: 32-bit
Narrow klass base: 0x0000000000000000, Narrow klass shift: 3
Compressed class space size: 1073741824 Address: 0x0000000100000000

Heap:
 PSYoungGen      total 147456K, used 20558K [0x00000000f5580000, 0x0000000100000000, 0x0000000100000000)
  eden space 138240K, 13% used [0x00000000f5580000,0x00000000f6813070,0x00000000fdc80000)
  from space 9216K, 16% used [0x00000000fdc80000,0x00000000fde008e8,0x00000000fe580000)
  to   space 9216K, 0% used [0x00000000ff700000,0x00000000ff700000,0x0000000100000000)
 ParOldGen       total 79360K, used 10620K [0x00000000e0000000, 0x00000000e4d80000, 0x00000000f5580000)
  object space 79360K, 13% used [0x00000000e0000000,0x00000000e0a5f260,0x00000000e4d80000)
 Metaspace       used 36059K, capacity 37266K, committed 37424K, reserved 1081344K
  class space    used 5082K, capacity 5381K, committed 5424K, reserved 1048576K

Card table byte_map: [0x0000000012560000,0x0000000012670000] byte_map_base: 0x0000000011e60000

Marking Bits: (ParMarkBitMap*) 0x00000000742a6d90
 Begin Bits: [0x0000000012b20000, 0x0000000013320000)
 End Bits:   [0x0000000013320000, 0x0000000013b20000)

Polling page: 0x0000000001650000

CodeCache: size=245760Kb used=9896Kb max_used=10507Kb free=235863Kb
 bounds [0x00000000031a0000, 0x0000000003bf0000, 0x00000000121a0000]
 total_blobs=3746 nmethods=3266 adapters=391
 compilation: enabled

Compilation events (10 events):
Event: 24.012 Thread 0x00000000145fe800 3776       3       com.google.common.collect.CollectSpliterators$1::lambda$forEachRemaining$1 (14 bytes)
Event: 24.012 Thread 0x00000000145fe800 nmethod 3776 0x000000000337d650 code [0x000000000337d7c0, 0x000000000337da98]
Event: 24.012 Thread 0x00000000145fe800 3777       3       com.google.common.collect.AbstractMapBasedMultimap$$Lambda$354/1136931370::apply (9 bytes)
Event: 24.013 Thread 0x00000000145fe800 nmethod 3777 0x000000000337ced0 code [0x000000000337d060, 0x000000000337d410]
Event: 24.013 Thread 0x00000000145fe800 3778       3       com.google.common.collect.AbstractMapBasedMultimap::lambda$null$0 (6 bytes)
Event: 24.013 Thread 0x00000000145fe800 nmethod 3778 0x000000000337c890 code [0x000000000337ca00, 0x000000000337cd30]
Event: 24.013 Thread 0x00000000145fe800 3779       3       org.openqa.selenium.remote.http.HttpMessage$$Lambda$350/1128125925::test (8 bytes)
Event: 24.013 Thread 0x00000000145fe800 nmethod 3779 0x000000000337c190 code [0x000000000337c320, 0x000000000337c748]
Event: 24.013 Thread 0x00000000145fe800 3780       3       org.openqa.selenium.remote.http.HttpMessage::lambda$getHeaders$0 (10 bytes)
Event: 24.014 Thread 0x00000000145fe800 nmethod 3780 0x000000000337bc90 code [0x000000000337be00, 0x000000000337c0a8]

GC Heap History (10 events):
Event: 16.853 GC heap before
{Heap before GC invocations=11 (full 2):
 PSYoungGen      total 96256K, used 4516K [0x00000000f5580000, 0x00000000fd500000, 0x0000000100000000)
  eden space 88064K, 0% used [0x00000000f5580000,0x00000000f5580000,0x00000000fab80000)
  from space 8192K, 55% used [0x00000000fab80000,0x00000000fafe92c8,0x00000000fb380000)
  to   space 8192K, 0% used [0x00000000fcd00000,0x00000000fcd00000,0x00000000fd500000)
 ParOldGen       total 53248K, used 6845K [0x00000000e0000000, 0x00000000e3400000, 0x00000000f5580000)
  object space 53248K, 12% used [0x00000000e0000000,0x00000000e06af758,0x00000000e3400000)
 Metaspace       used 34296K, capacity 35416K, committed 35496K, reserved 1079296K
  class space    used 4861K, capacity 5118K, committed 5168K, reserved 1048576K
Event: 16.956 GC heap after
Heap after GC invocations=11 (full 2):
 PSYoungGen      total 96256K, used 0K [0x00000000f5580000, 0x00000000fd500000, 0x0000000100000000)
  eden space 88064K, 0% used [0x00000000f5580000,0x00000000f5580000,0x00000000fab80000)
  from space 8192K, 0% used [0x00000000fab80000,0x00000000fab80000,0x00000000fb380000)
  to   space 8192K, 0% used [0x00000000fcd00000,0x00000000fcd00000,0x00000000fd500000)
 ParOldGen       total 79360K, used 10588K [0x00000000e0000000, 0x00000000e4d80000, 0x00000000f5580000)
  object space 79360K, 13% used [0x00000000e0000000,0x00000000e0a57260,0x00000000e4d80000)
 Metaspace       used 34296K, capacity 35416K, committed 35496K, reserved 1079296K
  class space    used 4861K, capacity 5118K, committed 5168K, reserved 1048576K
}
Event: 18.081 GC heap before
{Heap before GC invocations=12 (full 2):
 PSYoungGen      total 96256K, used 88064K [0x00000000f5580000, 0x00000000fd500000, 0x0000000100000000)
  eden space 88064K, 100% used [0x00000000f5580000,0x00000000fab80000,0x00000000fab80000)
  from space 8192K, 0% used [0x00000000fab80000,0x00000000fab80000,0x00000000fb380000)
  to   space 8192K, 0% used [0x00000000fcd00000,0x00000000fcd00000,0x00000000fd500000)
 ParOldGen       total 79360K, used 10588K [0x00000000e0000000, 0x00000000e4d80000, 0x00000000f5580000)
  object space 79360K, 13% used [0x00000000e0000000,0x00000000e0a57260,0x00000000e4d80000)
 Metaspace       used 35352K, capacity 36532K, committed 36784K, reserved 1081344K
  class space    used 5004K, capacity 5268K, committed 5296K, reserved 1048576K
Event: 18.084 GC heap after
Heap after GC invocations=12 (full 2):
 PSYoungGen      total 121344K, used 1677K [0x00000000f5580000, 0x00000000fd500000, 0x0000000100000000)
  eden space 113152K, 0% used [0x00000000f5580000,0x00000000f5580000,0x00000000fc400000)
  from space 8192K, 20% used [0x00000000fcd00000,0x00000000fcea3560,0x00000000fd500000)
  to   space 8704K, 0% used [0x00000000fc400000,0x00000000fc400000,0x00000000fcc80000)
 ParOldGen       total 79360K, used 10596K [0x00000000e0000000, 0x00000000e4d80000, 0x00000000f5580000)
  object space 79360K, 13% used [0x00000000e0000000,0x00000000e0a59260,0x00000000e4d80000)
 Metaspace       used 35352K, capacity 36532K, committed 36784K, reserved 1081344K
  class space    used 5004K, capacity 5268K, committed 5296K, reserved 1048576K
}
Event: 20.552 GC heap before
{Heap before GC invocations=13 (full 2):
 PSYoungGen      total 121344K, used 114829K [0x00000000f5580000, 0x00000000fd500000, 0x0000000100000000)
  eden space 113152K, 100% used [0x00000000f5580000,0x00000000fc400000,0x00000000fc400000)
  from space 8192K, 20% used [0x00000000fcd00000,0x00000000fcea3560,0x00000000fd500000)
  to   space 8704K, 0% used [0x00000000fc400000,0x00000000fc400000,0x00000000fcc80000)
 ParOldGen       total 79360K, used 10596K [0x00000000e0000000, 0x00000000e4d80000, 0x00000000f5580000)
  object space 79360K, 13% used [0x00000000e0000000,0x00000000e0a59260,0x00000000e4d80000)
 Metaspace       used 35747K, capacity 36966K, committed 37168K, reserved 1081344K
  class space    used 5054K, capacity 5349K, committed 5424K, reserved 1048576K
Event: 20.557 GC heap after
Heap after GC invocations=13 (full 2):
 PSYoungGen      total 121856K, used 1173K [0x00000000f5580000, 0x00000000ff200000, 0x0000000100000000)
  eden space 113152K, 0% used [0x00000000f5580000,0x00000000f5580000,0x00000000fc400000)
  from space 8704K, 13% used [0x00000000fc400000,0x00000000fc5256d8,0x00000000fcc80000)
  to   space 9216K, 0% used [0x00000000fe900000,0x00000000fe900000,0x00000000ff200000)
 ParOldGen       total 79360K, used 10604K [0x00000000e0000000, 0x00000000e4d80000, 0x00000000f5580000)
  object space 79360K, 13% used [0x00000000e0000000,0x00000000e0a5b260,0x00000000e4d80000)
 Metaspace       used 35747K, capacity 36966K, committed 37168K, reserved 1081344K
  class space    used 5054K, capacity 5349K, committed 5424K, reserved 1048576K
}
Event: 22.255 GC heap before
{Heap before GC invocations=14 (full 2):
 PSYoungGen      total 121856K, used 114325K [0x00000000f5580000, 0x00000000ff200000, 0x0000000100000000)
  eden space 113152K, 100% used [0x00000000f5580000,0x00000000fc400000,0x00000000fc400000)
  from space 8704K, 13% used [0x00000000fc400000,0x00000000fc5256d8,0x00000000fcc80000)
  to   space 9216K, 0% used [0x00000000fe900000,0x00000000fe900000,0x00000000ff200000)
 ParOldGen       total 79360K, used 10604K [0x00000000e0000000, 0x00000000e4d80000, 0x00000000f5580000)
  object space 79360K, 13% used [0x00000000e0000000,0x00000000e0a5b260,0x00000000e4d80000)
 Metaspace       used 36006K, capacity 37190K, committed 37424K, reserved 1081344K
  class space    used 5082K, capacity 5381K, committed 5424K, reserved 1048576K
Event: 22.257 GC heap after
Heap after GC invocations=14 (full 2):
 PSYoungGen      total 143872K, used 1730K [0x00000000f5580000, 0x00000000fee80000, 0x0000000100000000)
  eden space 138240K, 0% used [0x00000000f5580000,0x00000000f5580000,0x00000000fdc80000)
  from space 5632K, 30% used [0x00000000fe900000,0x00000000feab08e8,0x00000000fee80000)
  to   space 9216K, 0% used [0x00000000fdc80000,0x00000000fdc80000,0x00000000fe580000)
 ParOldGen       total 79360K, used 10612K [0x00000000e0000000, 0x00000000e4d80000, 0x00000000f5580000)
  object space 79360K, 13% used [0x00000000e0000000,0x00000000e0a5d260,0x00000000e4d80000)
 Metaspace       used 36006K, capacity 37190K, committed 37424K, reserved 1081344K
  class space    used 5082K, capacity 5381K, committed 5424K, reserved 1048576K
}
Event: 23.791 GC heap before
{Heap before GC invocations=15 (full 2):
 PSYoungGen      total 143872K, used 139970K [0x00000000f5580000, 0x00000000fee80000, 0x0000000100000000)
  eden space 138240K, 100% used [0x00000000f5580000,0x00000000fdc80000,0x00000000fdc80000)
  from space 5632K, 30% used [0x00000000fe900000,0x00000000feab08e8,0x00000000fee80000)
  to   space 9216K, 0% used [0x00000000fdc80000,0x00000000fdc80000,0x00000000fe580000)
 ParOldGen       total 79360K, used 10612K [0x00000000e0000000, 0x00000000e4d80000, 0x00000000f5580000)
  object space 79360K, 13% used [0x00000000e0000000,0x00000000e0a5d260,0x00000000e4d80000)
 Metaspace       used 36047K, capacity 37262K, committed 37424K, reserved 1081344K
  class space    used 5082K, capacity 5381K, committed 5424K, reserved 1048576K
Event: 23.793 GC heap after
Heap after GC invocations=15 (full 2):
 PSYoungGen      total 147456K, used 1538K [0x00000000f5580000, 0x0000000100000000, 0x0000000100000000)
  eden space 138240K, 0% used [0x00000000f5580000,0x00000000f5580000,0x00000000fdc80000)
  from space 9216K, 16% used [0x00000000fdc80000,0x00000000fde008e8,0x00000000fe580000)
  to   space 9216K, 0% used [0x00000000ff700000,0x00000000ff700000,0x0000000100000000)
 ParOldGen       total 79360K, used 10620K [0x00000000e0000000, 0x00000000e4d80000, 0x00000000f5580000)
  object space 79360K, 13% used [0x00000000e0000000,0x00000000e0a5f260,0x00000000e4d80000)
 Metaspace       used 36047K, capacity 37262K, committed 37424K, reserved 1081344K
  class space    used 5082K, capacity 5381K, committed 5424K, reserved 1048576K
}

Deoptimization events (10 events):
Event: 20.100 Thread 0x0000000016fbb000 Uncommon trap: reason=class_check action=maybe_recompile pc=0x000000000388ffd8 method=java.lang.AbstractStringBuilder.append(Ljava/lang/CharSequence;II)Ljava/lang/AbstractStringBuilder; @ 18
Event: 20.102 Thread 0x0000000016fbb000 Uncommon trap: reason=class_check action=maybe_recompile pc=0x0000000003bdb9c0 method=java.lang.AbstractStringBuilder.append(Ljava/lang/CharSequence;)Ljava/lang/AbstractStringBuilder; @ 26
Event: 20.102 Thread 0x0000000016fbb000 Uncommon trap: reason=class_check action=maybe_recompile pc=0x000000000388ffd8 method=java.lang.AbstractStringBuilder.append(Ljava/lang/CharSequence;II)Ljava/lang/AbstractStringBuilder; @ 18
Event: 20.104 Thread 0x0000000016fbb000 Uncommon trap: reason=unstable_if action=reinterpret pc=0x0000000003339198 method=sun.nio.cs.UTF_8$Encoder.encode([CII[B)I @ 33
Event: 22.130 Thread 0x0000000016fbb000 Uncommon trap: reason=class_check action=maybe_recompile pc=0x0000000003438bcc method=java.util.stream.AbstractPipeline.wrapAndCopyInto(Ljava/util/stream/Sink;Ljava/util/Spliterator;)Ljava/util/stream/Sink; @ 6
Event: 22.131 Thread 0x0000000016fbb000 Uncommon trap: reason=class_check action=maybe_recompile pc=0x0000000003438bcc method=java.util.stream.AbstractPipeline.wrapAndCopyInto(Ljava/util/stream/Sink;Ljava/util/Spliterator;)Ljava/util/stream/Sink; @ 6
Event: 22.131 Thread 0x0000000016fbb000 Uncommon trap: reason=class_check action=maybe_recompile pc=0x0000000003438bcc method=java.util.stream.AbstractPipeline.wrapAndCopyInto(Ljava/util/stream/Sink;Ljava/util/Spliterator;)Ljava/util/stream/Sink; @ 6
Event: 22.131 Thread 0x0000000016fbb000 Uncommon trap: reason=class_check action=maybe_recompile pc=0x0000000003438bcc method=java.util.stream.AbstractPipeline.wrapAndCopyInto(Ljava/util/stream/Sink;Ljava/util/Spliterator;)Ljava/util/stream/Sink; @ 6
Event: 22.424 Thread 0x0000000016fbb000 Uncommon trap: reason=class_check action=maybe_recompile pc=0x0000000003bdb9c0 method=java.lang.AbstractStringBuilder.append(Ljava/lang/CharSequence;)Ljava/lang/AbstractStringBuilder; @ 26
Event: 22.424 Thread 0x0000000016fbb000 Uncommon trap: reason=class_check action=maybe_recompile pc=0x000000000388ffd8 method=java.lang.AbstractStringBuilder.append(Ljava/lang/CharSequence;II)Ljava/lang/AbstractStringBuilder; @ 18

Classes redefined (0 events):
No events

Internal exceptions (10 events):
Event: 20.241 Thread 0x0000000016fbb000 Exception <a 'java/net/SocketTimeoutException': Read timed out> (0x00000000fbdba5f8) thrown at [C:\re\workspace\8-2-build-windows-amd64-cygwin\jdk8u231\13620\hotspot\src\share\vm\prims\jni.cpp, line 736]
Event: 20.357 Thread 0x0000000016fbb000 Exception <a 'java/net/SocketTimeoutException': Read timed out> (0x00000000fc1b7bc0) thrown at [C:\re\workspace\8-2-build-windows-amd64-cygwin\jdk8u231\13620\hotspot\src\share\vm\prims\jni.cpp, line 736]
Event: 22.102 Thread 0x0000000016fbb000 Exception <a 'java/net/SocketTimeoutException': Read timed out> (0x00000000fb1f0790) thrown at [C:\re\workspace\8-2-build-windows-amd64-cygwin\jdk8u231\13620\hotspot\src\share\vm\prims\jni.cpp, line 736]
Event: 22.409 Thread 0x0000000016fbb000 Exception <a 'java/net/SocketTimeoutException': Read timed out> (0x00000000f6915998) thrown at [C:\re\workspace\8-2-build-windows-amd64-cygwin\jdk8u231\13620\hotspot\src\share\vm\prims\jni.cpp, line 736]
Event: 22.439 Thread 0x0000000016fbb000 Exception <a 'java/net/SocketTimeoutException': Read timed out> (0x00000000f6935948) thrown at [C:\re\workspace\8-2-build-windows-amd64-cygwin\jdk8u231\13620\hotspot\src\share\vm\prims\jni.cpp, line 736]
Event: 22.549 Thread 0x0000000016fbb000 Exception <a 'java/net/SocketTimeoutException': Read timed out> (0x00000000f6d2e938) thrown at [C:\re\workspace\8-2-build-windows-amd64-cygwin\jdk8u231\13620\hotspot\src\share\vm\prims\jni.cpp, line 736]
Event: 22.643 Thread 0x0000000016fbb000 Exception <a 'java/net/SocketTimeoutException': Read timed out> (0x00000000f712ce78) thrown at [C:\re\workspace\8-2-build-windows-amd64-cygwin\jdk8u231\13620\hotspot\src\share\vm\prims\jni.cpp, line 736]
Event: 23.659 Thread 0x0000000016fbb000 Exception <a 'java/net/SocketTimeoutException': Read timed out> (0x00000000fcb76160) thrown at [C:\re\workspace\8-2-build-windows-amd64-cygwin\jdk8u231\13620\hotspot\src\share\vm\prims\jni.cpp, line 736]
Event: 23.982 Thread 0x0000000016fbb000 Exception <a 'java/net/SocketTimeoutException': Read timed out> (0x00000000f67d9bd8) thrown at [C:\re\workspace\8-2-build-windows-amd64-cygwin\jdk8u231\13620\hotspot\src\share\vm\prims\jni.cpp, line 736]
Event: 24.013 Thread 0x0000000016fbb000 Exception <a 'java/net/SocketTimeoutException': Read timed out> (0x00000000f67f9b88) thrown at [C:\re\workspace\8-2-build-windows-amd64-cygwin\jdk8u231\13620\hotspot\src\share\vm\prims\jni.cpp, line 736]

Events (10 events):
Event: 23.966 loading class org/gradle/internal/concurrent/ExecutorPolicy$CatchAndRecordFailures
Event: 23.966 loading class org/gradle/internal/concurrent/ExecutorPolicy$CatchAndRecordFailures done
Event: 23.966 loading class org/gradle/internal/concurrent/ManagedExecutorImpl$1
Event: 23.966 loading class org/gradle/internal/concurrent/ManagedExecutorImpl$1 done
Event: 23.968 loading class org/gradle/internal/concurrent/ManagedExecutorImpl$1
Event: 23.968 loading class org/gradle/internal/concurrent/ManagedExecutorImpl$1 done
Event: 23.969 loading class org/gradle/internal/concurrent/ThreadFactoryImpl$ManagedThreadRunnable
Event: 23.969 loading class org/gradle/internal/concurrent/ThreadFactoryImpl$ManagedThreadRunnable done
Event: 23.970 loading class org/gradle/internal/concurrent/ThreadFactoryImpl$ManagedThreadRunnable
Event: 23.970 loading class org/gradle/internal/concurrent/ThreadFactoryImpl$ManagedThreadRunnable done


Dynamic libraries:
0x00007ff7df710000 - 0x00007ff7df747000 	C:\Program Files\Java\jdk1.8.0_231\bin\java.exe
0x00007ff906cd0000 - 0x00007ff906ec6000 	C:\WINDOWS\SYSTEM32\ntdll.dll
0x00007ff905a00000 - 0x00007ff905abd000 	C:\WINDOWS\System32\KERNEL32.DLL
0x00007ff9048d0000 - 0x00007ff904b99000 	C:\WINDOWS\System32\KERNELBASE.dll
0x00007ff905ac0000 - 0x00007ff905b6c000 	C:\WINDOWS\System32\ADVAPI32.dll
0x00007ff906080000 - 0x00007ff90611e000 	C:\WINDOWS\System32\msvcrt.dll
0x00007ff906180000 - 0x00007ff90621c000 	C:\WINDOWS\System32\sechost.dll
0x00007ff905c10000 - 0x00007ff905d3b000 	C:\WINDOWS\System32\RPCRT4.dll
0x00007ff904db0000 - 0x00007ff904f50000 	C:\WINDOWS\System32\USER32.dll
0x00007ff904cd0000 - 0x00007ff904cf2000 	C:\WINDOWS\System32\win32u.dll
0x00007ff906050000 - 0x00007ff90607a000 	C:\WINDOWS\System32\GDI32.dll
0x00007ff9045c0000 - 0x00007ff9046c9000 	C:\WINDOWS\System32\gdi32full.dll
0x00007ff9046d0000 - 0x00007ff90476d000 	C:\WINDOWS\System32\msvcp_win.dll
0x00007ff9043e0000 - 0x00007ff9044e0000 	C:\WINDOWS\System32\ucrtbase.dll
0x00007ff8fac90000 - 0x00007ff8faf2b000 	C:\WINDOWS\WinSxS\amd64_microsoft.windows.common-controls_6595b64144ccf1df_6.0.19041.488_none_ca04af081b815d21\COMCTL32.dll
0x00007ff9068e0000 - 0x00007ff906910000 	C:\WINDOWS\System32\IMM32.DLL
0x0000000074330000 - 0x0000000074402000 	C:\Program Files\Java\jdk1.8.0_231\jre\bin\msvcr100.dll
0x0000000073a80000 - 0x0000000074326000 	C:\Program Files\Java\jdk1.8.0_231\jre\bin\server\jvm.dll
0x00007ff9063d0000 - 0x00007ff9063d8000 	C:\WINDOWS\System32\PSAPI.DLL
0x00007ff8fc520000 - 0x00007ff8fc547000 	C:\WINDOWS\SYSTEM32\WINMM.dll
0x00007ff8f8390000 - 0x00007ff8f839a000 	C:\WINDOWS\SYSTEM32\VERSION.dll
0x00007ff902bb0000 - 0x00007ff902bb9000 	C:\WINDOWS\SYSTEM32\WSOCK32.dll
0x00007ff906350000 - 0x00007ff9063bb000 	C:\WINDOWS\System32\WS2_32.dll
0x00007ff8fab20000 - 0x00007ff8fab2f000 	C:\Program Files\Java\jdk1.8.0_231\jre\bin\verify.dll
0x00007ff8e39d0000 - 0x00007ff8e39f9000 	C:\Program Files\Java\jdk1.8.0_231\jre\bin\java.dll
0x00007ff8e9600000 - 0x00007ff8e9616000 	C:\Program Files\Java\jdk1.8.0_231\jre\bin\zip.dll
0x00007ff9052b0000 - 0x00007ff9059f2000 	C:\WINDOWS\System32\SHELL32.dll
0x00007ff9021f0000 - 0x00007ff902985000 	C:\WINDOWS\SYSTEM32\windows.storage.dll
0x00007ff904f50000 - 0x00007ff9052a6000 	C:\WINDOWS\System32\combase.dll
0x00007ff903de0000 - 0x00007ff903e0c000 	C:\WINDOWS\SYSTEM32\Wldp.dll
0x00007ff904d00000 - 0x00007ff904dae000 	C:\WINDOWS\System32\SHCORE.dll
0x00007ff906220000 - 0x00007ff906275000 	C:\WINDOWS\System32\shlwapi.dll
0x00007ff904310000 - 0x00007ff904336000 	C:\WINDOWS\SYSTEM32\profapi.dll
0x00007ff8e9520000 - 0x00007ff8e953a000 	C:\Program Files\Java\jdk1.8.0_231\jre\bin\net.dll
0x00007ff903b00000 - 0x00007ff903b6a000 	C:\WINDOWS\system32\mswsock.dll
0x00007ff8e93d0000 - 0x00007ff8e93e2000 	C:\Program Files\Java\jdk1.8.0_231\jre\bin\nio.dll
0x00007ff903cd0000 - 0x00007ff903ce8000 	C:\WINDOWS\SYSTEM32\CRYPTSP.dll
0x00007ff903490000 - 0x00007ff9034c4000 	C:\WINDOWS\system32\rsaenh.dll
0x00007ff904590000 - 0x00007ff9045b7000 	C:\WINDOWS\System32\bcrypt.dll
0x00007ff9042d0000 - 0x00007ff9042fe000 	C:\WINDOWS\SYSTEM32\USERENV.dll
0x00007ff904ba0000 - 0x00007ff904c20000 	C:\WINDOWS\System32\bcryptprimitives.dll
0x00007ff903cf0000 - 0x00007ff903cfc000 	C:\WINDOWS\SYSTEM32\CRYPTBASE.dll
0x00007ff9037f0000 - 0x00007ff90382b000 	C:\WINDOWS\SYSTEM32\IPHLPAPI.DLL
0x00007ff906c50000 - 0x00007ff906c58000 	C:\WINDOWS\System32\NSI.dll
0x00007ff8fef50000 - 0x00007ff8fef67000 	C:\WINDOWS\SYSTEM32\dhcpcsvc6.DLL
0x00007ff8fef30000 - 0x00007ff8fef4d000 	C:\WINDOWS\SYSTEM32\dhcpcsvc.DLL
0x00007ff903830000 - 0x00007ff9038fb000 	C:\WINDOWS\SYSTEM32\DNSAPI.dll
0x00007ff8fc510000 - 0x00007ff8fc51a000 	C:\Windows\System32\rasadhlp.dll
0x00007ff8fc2b0000 - 0x00007ff8fc32f000 	C:\WINDOWS\System32\fwpuclnt.dll
0x00007ff8e9620000 - 0x00007ff8e9644000 	C:\Program Files\Java\jdk1.8.0_231\jre\bin\sunec.dll
0x00007ff8f9bb0000 - 0x00007ff8f9bbb000 	C:\Program Files\Java\jdk1.8.0_231\jre\bin\sunmscapi.dll
0x00007ff904770000 - 0x00007ff9048cd000 	C:\WINDOWS\System32\CRYPT32.dll

VM Arguments:
jvm_args: -Djava.security.manager=worker.org.gradle.process.internal.worker.child.BootstrapSecurityManager -Dorg.gradle.native=false -Xmx512m -Dfile.encoding=windows-1252 -Duser.country=CO -Duser.language=es -Duser.variant -ea 
java_command: worker.org.gradle.process.internal.worker.GradleWorkerMain 'Gradle Test Executor 14'
java_class_path (initial): C:\Users\Usuario\.gradle\caches\6.7\workerMain\gradle-worker.jar
Launcher Type: SUN_STANDARD

Environment Variables:
JAVA_HOME=C:\Program Files\Java\jdk1.8.0_231
PATH=C:\WINDOWS\system32;C:\WINDOWS;C:\WINDOWS\System32\Wbem;C:\WINDOWS\System32\WindowsPowerShell\v1.0\;C:\Program Files\PuTTY\;C:\WINDOWS\System32\OpenSSH\;C:\Program Files\dotnet\;C:\Program Files\Microsoft SQL Server\130\Tools\Binn\;C:\Program Files\Microsoft SQL Server\Client SDK\ODBC\170\Tools\Binn\;C:\Program Files (x86)\Microsoft SQL Server\150\Tools\Binn\;C:\Program Files\Microsoft SQL Server\150\Tools\Binn\;C:\Program Files\Microsoft SQL Server\150\DTS\Binn\;C:\Program Files (x86)\Microsoft SQL Server\150\DTS\Binn\;C:\Program Files\Azure Data Studio\bin;C:\Program Files\Java\jdk1.8.0_231\bin;C:\GRADLE\gradle-6.7\bin;C:\Program Files\Git\cmd;C:\Program Files\MySQL\MySQL Shell 8.0\bin\;C:\Users\Usuario\AppData\Local\Microsoft\WindowsApps;C:\Users\Usuario\AppData\Local\Programs\Microsoft VS Code\bin;C:\Program Files\Azure Data Studio\bin;
USERNAME=Usuario
OS=Windows_NT
PROCESSOR_IDENTIFIER=Intel64 Family 6 Model 61 Stepping 4, GenuineIntel



---------------  S Y S T E M  ---------------

OS: Windows 10.0 , 64 bit Build 19041 (10.0.19041.662)

CPU:total 4 (initial active 4) (2 cores per cpu, 2 threads per core) family 6 model 61 stepping 4, cmov, cx8, fxsr, mmx, sse, sse2, sse3, ssse3, sse4.1, sse4.2, popcnt, avx, avx2, aes, clmul, erms, 3dnowpref, lzcnt, ht, tsc, tscinvbit, bmi1, bmi2, adx

Memory: 4k page, physical 8301580k(1018356k free), swap 8301580k(9368k free)

vm_info: Java HotSpot(TM) 64-Bit Server VM (25.231-b11) for windows-amd64 JRE (1.8.0_231-b11), built on Oct  5 2019 03:11:30 by "java_re" with MS VC++ 10.0 (VS2010)

time: Wed Jan 06 13:10:33 2021
timezone: Hora est. Pacífico, Sudamérica
elapsed time: 24 seconds (0d 0h 0m 24s)

